2026-01-06 21:19:55,199 [INFO] Activator:176 - 


2026-01-06 21:19:55,205 [INFO] Activator:177 - !SESSION log4j initialized
2026-01-06 21:20:02,291 [INFO] LogOutputStream:77 - [STDOUT_REDIRECT] 
2026-01-06 21:20:04,135 [INFO] ApplicationProperties:184 - Using Application install path: C:\ST\STM32CubeIDE_1.18.1\STM32CubeIDE\plugins\com.st.stm32cube.common.mx_6.15.0.202507011659
2026-01-06 21:20:04,155 [INFO] DbMcusXml:78 - Set database path to: C:\ST\STM32CubeIDE_1.18.1\STM32CubeIDE\plugins\com.st.stm32cube.common.mx_6.15.0.202507011659\\db\/mcu/
2026-01-06 21:20:04,155 [INFO] ApiDb:274 - Set plugin database path to: C:\ST\STM32CubeIDE_1.18.1\STM32CubeIDE\plugins\com.st.stm32cube.common.mx_6.15.0.202507011659\\db\/plugins/boardmanager/
2026-01-06 21:20:04,165 [WARN] ApiDb:259 - Overriding images path with different value:  => C:\ST\STM32CubeIDE_1.18.1\STM32CubeIDE\plugins\com.st.stm32cube.common.mx_6.15.0.202507011659\\db\/plugins/mcufinder/images/
2026-01-06 21:20:04,175 [INFO] ApiDb:250 - Set database path to: C:\Users\dinhh\.stmcufinder\plugins\mcufinder//mcu/
2026-01-06 21:20:04,177 [INFO] DbMcusAds:125 - Set database path to: C:\Users\dinhh\.stmcufinder\plugins\mcufinder//mcu/
2026-01-06 21:20:04,180 [INFO] CrossReferenceDbSqlite:203 - Set database path to: C:\Users\dinhh\.stmcufinder\plugins\mcufinder//mcu/cs/
2026-01-06 21:20:04,301 [INFO] RulesReader:64 - Compatibility file has been processed (317 Rules)
2026-01-06 21:20:04,390 [INFO] DbMcusXml:78 - Set database path to: C:\ST\STM32CubeIDE_1.18.1\STM32CubeIDE\plugins\com.st.stm32cube.common.mx_6.15.0.202507011659\\db\/mcu/
2026-01-06 21:20:04,390 [INFO] ApiDb:274 - Set plugin database path to: C:\ST\STM32CubeIDE_1.18.1\STM32CubeIDE\plugins\com.st.stm32cube.common.mx_6.15.0.202507011659\\db\/plugins/boardmanager/
2026-01-06 21:20:04,390 [INFO] ApiDb:261 - Set plugin images path to: C:\ST\STM32CubeIDE_1.18.1\STM32CubeIDE\plugins\com.st.stm32cube.common.mx_6.15.0.202507011659\\db\/plugins/mcufinder/images/
2026-01-06 21:20:04,390 [WARN] DbFile:41 - Overriding database path with different value: C:\Users\dinhh\.stmcufinder\plugins\mcufinder/ => C:\Users\dinhh\.stmcufinder\plugins\mcufinder
2026-01-06 21:20:04,391 [INFO] ApiDb:250 - Set database path to: C:\Users\dinhh\.stmcufinder\plugins\mcufinder//mcu/
2026-01-06 21:20:04,391 [WARN] DbFile:41 - Overriding database path with different value: C:\Users\dinhh\.stmcufinder\plugins\mcufinder/ => C:\Users\dinhh\.stmcufinder\plugins\mcufinder
2026-01-06 21:20:04,391 [INFO] DbMcusAds:125 - Set database path to: C:\Users\dinhh\.stmcufinder\plugins\mcufinder//mcu/
2026-01-06 21:20:04,391 [WARN] DbFile:41 - Overriding database path with different value: C:\Users\dinhh\.stmcufinder\plugins\mcufinder/ => C:\Users\dinhh\.stmcufinder\plugins\mcufinder
2026-01-06 21:20:04,391 [WARN] DbFile:41 - Overriding database path with different value: C:\Users\dinhh\.stmcufinder\plugins\mcufinder/ => C:\Users\dinhh\.stmcufinder\plugins\mcufinder
2026-01-06 21:20:04,391 [INFO] CrossReferenceDbSqlite:203 - Set database path to: C:\Users\dinhh\.stmcufinder\plugins\mcufinder//mcu/cs/
2026-01-06 21:20:04,482 [INFO] MainPanel:274 - HeapMemory: 268435456
2026-01-06 21:20:04,611 [INFO] DbMcusXml:78 - Set database path to: C:\ST\STM32CubeIDE_1.18.1\STM32CubeIDE\plugins\com.st.stm32cube.common.mx_6.15.0.202507011659\\db\/mcu/
2026-01-06 21:20:04,612 [INFO] ApiDb:274 - Set plugin database path to: C:\ST\STM32CubeIDE_1.18.1\STM32CubeIDE\plugins\com.st.stm32cube.common.mx_6.15.0.202507011659\\db\/plugins/boardmanager/
2026-01-06 21:20:04,612 [INFO] ApiDb:261 - Set plugin images path to: C:\ST\STM32CubeIDE_1.18.1\STM32CubeIDE\plugins\com.st.stm32cube.common.mx_6.15.0.202507011659\\db\/plugins/mcufinder/images/
2026-01-06 21:20:04,612 [WARN] DbFile:41 - Overriding database path with different value: C:\Users\dinhh\.stmcufinder\plugins\mcufinder/ => C:\Users\dinhh\.stmcufinder\plugins\mcufinder
2026-01-06 21:20:04,612 [INFO] ApiDb:250 - Set database path to: C:\Users\dinhh\.stmcufinder\plugins\mcufinder//mcu/
2026-01-06 21:20:04,612 [WARN] DbFile:41 - Overriding database path with different value: C:\Users\dinhh\.stmcufinder\plugins\mcufinder/ => C:\Users\dinhh\.stmcufinder\plugins\mcufinder
2026-01-06 21:20:04,612 [INFO] DbMcusAds:125 - Set database path to: C:\Users\dinhh\.stmcufinder\plugins\mcufinder//mcu/
2026-01-06 21:20:04,612 [WARN] DbFile:41 - Overriding database path with different value: C:\Users\dinhh\.stmcufinder\plugins\mcufinder/ => C:\Users\dinhh\.stmcufinder\plugins\mcufinder
2026-01-06 21:20:04,612 [WARN] DbFile:41 - Overriding database path with different value: C:\Users\dinhh\.stmcufinder\plugins\mcufinder/ => C:\Users\dinhh\.stmcufinder\plugins\mcufinder
2026-01-06 21:20:04,612 [INFO] CrossReferenceDbSqlite:203 - Set database path to: C:\Users\dinhh\.stmcufinder\plugins\mcufinder//mcu/cs/
2026-01-06 21:20:04,633 [INFO] ApplicationProperties:184 - Using Application install path: C:\ST\STM32CubeIDE_1.18.1\STM32CubeIDE\plugins\com.st.stm32cube.common.mx_6.15.0.202507011659
2026-01-06 21:20:04,634 [INFO] PluginManage:196 - Search for loadable plugins [exclusion list=, ]
2026-01-06 21:20:04,636 [INFO] PluginManage:310 - Check plugin analytics
2026-01-06 21:20:04,810 [INFO] AnalyticsPlugin:253 - Accepted Software Licenses: 
2026-01-06 21:20:04,810 [INFO] AnalyticsPlugin:255 - Accepted CMSIS Pack Licenses: 
2026-01-06 21:20:04,810 [INFO] AnalyticsPlugin:257 - Accepted Firmware Licenses: 
2026-01-06 21:20:04,813 [INFO] PluginManage:359 - Loaded plugin analytics (category:tool,tabindex:-1)
2026-01-06 21:20:04,813 [INFO] PluginManage:310 - Check plugin cadmodel
2026-01-06 21:20:04,820 [INFO] CADModel:105 - Init CAD model plugin
2026-01-06 21:20:04,820 [INFO] PluginManage:359 - Loaded plugin cadmodel (category:power,tabindex:5)
2026-01-06 21:20:04,820 [INFO] PluginManage:310 - Check plugin clock
2026-01-06 21:20:04,830 [INFO] PluginManage:359 - Loaded plugin clock (category:base,tabindex:2)
2026-01-06 21:20:04,831 [INFO] PluginManage:310 - Check plugin ddr
2026-01-06 21:20:04,833 [INFO] PluginManage:359 - Loaded plugin ddr (category:tool,tabindex:6)
2026-01-06 21:20:04,833 [INFO] PluginManage:310 - Check plugin filemanager
2026-01-06 21:20:05,013 [INFO] PluginManage:359 - Loaded plugin filemanager (category:base,tabindex:10)
2026-01-06 21:20:05,014 [INFO] PluginManage:310 - Check plugin ipmanager
2026-01-06 21:20:05,024 [INFO] PluginManage:359 - Loaded plugin ipmanager (category:base,tabindex:5)
2026-01-06 21:20:05,024 [INFO] PluginManage:310 - Check plugin lpbam
2026-01-06 21:20:05,035 [INFO] PluginManage:359 - Loaded plugin lpbam (category:base,tabindex:0)
2026-01-06 21:20:05,035 [INFO] PluginManage:310 - Check plugin memorymap
2026-01-06 21:20:05,052 [INFO] PluginManage:359 - Loaded plugin memorymap (category:base,tabindex:4)
2026-01-06 21:20:05,052 [INFO] PluginManage:310 - Check plugin pinoutandconfiguration
2026-01-06 21:20:05,062 [INFO] PluginManage:359 - Loaded plugin pinoutandconfiguration (category:base,tabindex:1)
2026-01-06 21:20:05,062 [INFO] PluginManage:310 - Check plugin pinoutconfig
2026-01-06 21:20:05,151 [WARN] SupportedApi:132 - Cannot load RTOS API schema: s4s-elt-must-match.1: The content of 'definitions' must match (annotation?, (simpleType | complexType)?, (unique | key | keyref)*)). A problem was found starting at: attribute.
2026-01-06 21:20:05,293 [INFO] PluginManage:359 - Loaded plugin pinoutconfig (category:base,tabindex:0)
2026-01-06 21:20:05,293 [INFO] PluginManage:310 - Check plugin power
2026-01-06 21:20:05,304 [INFO] PluginManage:359 - Loaded plugin power (category:power,tabindex:4)
2026-01-06 21:20:05,305 [INFO] PluginManage:310 - Check plugin projectmanager
2026-01-06 21:20:05,323 [INFO] PluginManage:359 - Loaded plugin projectmanager (category:projectmanager,tabindex:4)
2026-01-06 21:20:05,323 [INFO] PluginManage:310 - Check plugin rif
2026-01-06 21:20:05,334 [INFO] PluginManage:359 - Loaded plugin rif (category:base,tabindex:3)
2026-01-06 21:20:05,334 [INFO] PluginManage:310 - Check plugin thirdparty
2026-01-06 21:20:05,496 [INFO] PluginManage:359 - Loaded plugin thirdparty (category:base,tabindex:-1)
2026-01-06 21:20:05,496 [WARN] IntegrityCheckThread:84 - waiting for thirdparty lock release [integrity check]
2026-01-06 21:20:05,496 [INFO] PluginManage:310 - Check plugin tools
2026-01-06 21:20:05,496 [INFO] IntegrityCheckThread:86 - entering critical section [integrity check]
2026-01-06 21:20:05,496 [INFO] ThirdPartyUpdaterWithRetryManager:70 - Updater plugin not ready yet. [1/15]
2026-01-06 21:20:05,499 [INFO] PluginManage:359 - Loaded plugin tools (category:base,tabindex:7)
2026-01-06 21:20:05,500 [INFO] PluginManage:310 - Check plugin tutovideos
2026-01-06 21:20:05,751 [INFO] PluginManage:359 - Loaded plugin tutovideos (category:base,tabindex:-1)
2026-01-06 21:20:05,752 [INFO] PluginManage:310 - Check plugin updater
2026-01-06 21:20:05,778 [INFO] PluginManage:359 - Loaded plugin updater (category:base,tabindex:12)
2026-01-06 21:20:05,779 [INFO] PluginManage:310 - Check plugin userauth
2026-01-06 21:20:05,784 [INFO] UserAuth:118 - Init User Auth plugin
2026-01-06 21:20:05,784 [INFO] PluginManage:359 - Loaded plugin userauth (category:base,tabindex:14)
2026-01-06 21:20:05,785 [INFO] PluginManage:283 - PluginManage : Loaded plugins [18]
2026-01-06 21:20:06,022 [INFO] PinOutPanel:1589 - setPackage(No Configuration,No Configuration)
2026-01-06 21:20:06,119 [INFO] CADModel:165 - CPN selected for project level
2026-01-06 21:20:06,119 [INFO] CADModel:114 - Register for checkConnection events
2026-01-06 21:20:06,144 [INFO] IPUIPlugin:80 - create IPUIPlugin
2026-01-06 21:20:06,144 [INFO] PluginManager:220 - loadIPPluginJar : add adc
2026-01-06 21:20:06,149 [INFO] IPUIPlugin:80 - create IPUIPlugin
2026-01-06 21:20:06,149 [INFO] PluginManager:220 - loadIPPluginJar : add aes
2026-01-06 21:20:06,153 [INFO] IPUIPlugin:80 - create IPUIPlugin
2026-01-06 21:20:06,154 [INFO] PluginManager:220 - loadIPPluginJar : add can
2026-01-06 21:20:06,156 [INFO] IPUIPlugin:80 - create IPUIPlugin
2026-01-06 21:20:06,156 [INFO] PluginManager:220 - loadIPPluginJar : add comp
2026-01-06 21:20:06,160 [INFO] IPUIPlugin:80 - create IPUIPlugin
2026-01-06 21:20:06,161 [INFO] PluginManager:220 - loadIPPluginJar : add cryp
2026-01-06 21:20:06,166 [INFO] IPUIPlugin:80 - create IPUIPlugin
2026-01-06 21:20:06,166 [INFO] PluginManager:220 - loadIPPluginJar : add ddr_ctrl_phy
2026-01-06 21:20:06,171 [INFO] IPUIPlugin:80 - create IPUIPlugin
2026-01-06 21:20:06,171 [INFO] PluginManager:220 - loadIPPluginJar : add dfsdm
2026-01-06 21:20:06,179 [INFO] IPUIPlugin:80 - create IPUIPlugin
2026-01-06 21:20:06,181 [INFO] PluginManager:220 - loadIPPluginJar : add dma
2026-01-06 21:20:06,186 [INFO] IPUIPlugin:80 - create IPUIPlugin
2026-01-06 21:20:06,187 [INFO] PluginManager:220 - loadIPPluginJar : add dma3
2026-01-06 21:20:06,191 [INFO] IPUIPlugin:80 - create IPUIPlugin
2026-01-06 21:20:06,191 [INFO] PluginManager:220 - loadIPPluginJar : add extmemmanager
2026-01-06 21:20:06,194 [INFO] IPUIPlugin:80 - create IPUIPlugin
2026-01-06 21:20:06,194 [INFO] PluginManager:220 - loadIPPluginJar : add fatfs
2026-01-06 21:20:06,201 [INFO] IPUIPlugin:80 - create IPUIPlugin
2026-01-06 21:20:06,201 [INFO] PluginManager:220 - loadIPPluginJar : add fmc
2026-01-06 21:20:06,210 [INFO] IPUIPlugin:80 - create IPUIPlugin
2026-01-06 21:20:06,211 [INFO] PluginManager:220 - loadIPPluginJar : add freertos
2026-01-06 21:20:06,213 [INFO] IPUIPlugin:80 - create IPUIPlugin
2026-01-06 21:20:06,213 [INFO] PluginManager:220 - loadIPPluginJar : add genericplugin
2026-01-06 21:20:06,216 [INFO] IPUIPlugin:80 - create IPUIPlugin
2026-01-06 21:20:06,216 [INFO] PluginManager:220 - loadIPPluginJar : add gfxmmu
2026-01-06 21:20:06,222 [INFO] IPUIPlugin:80 - create IPUIPlugin
2026-01-06 21:20:06,222 [INFO] PluginManager:220 - loadIPPluginJar : add gic
2026-01-06 21:20:06,227 [INFO] IPUIPlugin:80 - create IPUIPlugin
2026-01-06 21:20:06,228 [INFO] PluginManager:220 - loadIPPluginJar : add gpio
2026-01-06 21:20:06,232 [INFO] IPUIPlugin:80 - create IPUIPlugin
2026-01-06 21:20:06,232 [INFO] PluginManager:220 - loadIPPluginJar : add gtzc
2026-01-06 21:20:06,235 [INFO] IPUIPlugin:80 - create IPUIPlugin
2026-01-06 21:20:06,235 [INFO] PluginManager:220 - loadIPPluginJar : add hash
2026-01-06 21:20:06,240 [INFO] IPUIPlugin:80 - create IPUIPlugin
2026-01-06 21:20:06,240 [INFO] PluginManager:220 - loadIPPluginJar : add i2c
2026-01-06 21:20:06,244 [INFO] IPUIPlugin:80 - create IPUIPlugin
2026-01-06 21:20:06,244 [INFO] PluginManager:220 - loadIPPluginJar : add i2s
2026-01-06 21:20:06,248 [INFO] IPUIPlugin:80 - create IPUIPlugin
2026-01-06 21:20:06,248 [INFO] PluginManager:220 - loadIPPluginJar : add i3c
2026-01-06 21:20:06,252 [INFO] IPUIPlugin:80 - create IPUIPlugin
2026-01-06 21:20:06,252 [INFO] PluginManager:220 - loadIPPluginJar : add ipddr
2026-01-06 21:20:06,261 [INFO] IPUIPlugin:80 - create IPUIPlugin
2026-01-06 21:20:06,261 [INFO] PluginManager:220 - loadIPPluginJar : add linkedlist
2026-01-06 21:20:06,265 [INFO] IPUIPlugin:80 - create IPUIPlugin
2026-01-06 21:20:06,267 [INFO] PluginManager:220 - loadIPPluginJar : add lorawan
2026-01-06 21:20:06,270 [INFO] IPUIPlugin:80 - create IPUIPlugin
2026-01-06 21:20:06,270 [INFO] PluginManager:220 - loadIPPluginJar : add ltdc
2026-01-06 21:20:06,277 [INFO] IPUIPlugin:80 - create IPUIPlugin
2026-01-06 21:20:06,277 [INFO] PluginManager:220 - loadIPPluginJar : add mdma
2026-01-06 21:20:06,283 [INFO] IPUIPlugin:80 - create IPUIPlugin
2026-01-06 21:20:06,283 [INFO] PluginManager:220 - loadIPPluginJar : add nvic
2026-01-06 21:20:06,287 [INFO] IPUIPlugin:80 - create IPUIPlugin
2026-01-06 21:20:06,287 [INFO] PluginManager:220 - loadIPPluginJar : add opamp
2026-01-06 21:20:06,292 [INFO] IPUIPlugin:80 - create IPUIPlugin
2026-01-06 21:20:06,293 [INFO] PluginManager:220 - loadIPPluginJar : add openamp
2026-01-06 21:20:06,297 [INFO] IPUIPlugin:80 - create IPUIPlugin
2026-01-06 21:20:06,297 [INFO] PluginManager:220 - loadIPPluginJar : add pdm2pcm
2026-01-06 21:20:06,307 [INFO] IPUIPlugin:80 - create IPUIPlugin
2026-01-06 21:20:06,309 [INFO] PluginManager:220 - loadIPPluginJar : add plateformsettings
2026-01-06 21:20:06,311 [INFO] IPUIPlugin:80 - create IPUIPlugin
2026-01-06 21:20:06,311 [INFO] PluginManager:220 - loadIPPluginJar : add quadspi
2026-01-06 21:20:06,314 [INFO] IPUIPlugin:80 - create IPUIPlugin
2026-01-06 21:20:06,315 [INFO] PluginManager:220 - loadIPPluginJar : add radio
2026-01-06 21:20:06,321 [INFO] IPUIPlugin:80 - create IPUIPlugin
2026-01-06 21:20:06,321 [INFO] PluginManager:220 - loadIPPluginJar : add resmgrutility
2026-01-06 21:20:06,325 [INFO] IPUIPlugin:80 - create IPUIPlugin
2026-01-06 21:20:06,325 [INFO] PluginManager:220 - loadIPPluginJar : add sai
2026-01-06 21:20:06,330 [INFO] IPUIPlugin:80 - create IPUIPlugin
2026-01-06 21:20:06,330 [INFO] PluginManager:220 - loadIPPluginJar : add spi
2026-01-06 21:20:06,339 [INFO] IPUIPlugin:80 - create IPUIPlugin
2026-01-06 21:20:06,339 [INFO] PluginManager:220 - loadIPPluginJar : add stm32_wpan
2026-01-06 21:20:06,341 [INFO] IPUIPlugin:80 - create IPUIPlugin
2026-01-06 21:20:06,342 [INFO] PluginManager:220 - loadIPPluginJar : add tim
2026-01-06 21:20:06,347 [INFO] IPUIPlugin:80 - create IPUIPlugin
2026-01-06 21:20:06,347 [INFO] PluginManager:220 - loadIPPluginJar : add touchsensing
2026-01-06 21:20:06,350 [INFO] IPUIPlugin:80 - create IPUIPlugin
2026-01-06 21:20:06,350 [INFO] PluginManager:220 - loadIPPluginJar : add tracer_emb
2026-01-06 21:20:06,353 [INFO] IPUIPlugin:80 - create IPUIPlugin
2026-01-06 21:20:06,353 [INFO] PluginManager:220 - loadIPPluginJar : add ts
2026-01-06 21:20:06,356 [INFO] IPUIPlugin:80 - create IPUIPlugin
2026-01-06 21:20:06,357 [INFO] PluginManager:220 - loadIPPluginJar : add tsc
2026-01-06 21:20:06,359 [INFO] IPUIPlugin:80 - create IPUIPlugin
2026-01-06 21:20:06,359 [INFO] PluginManager:220 - loadIPPluginJar : add ucpd
2026-01-06 21:20:06,364 [INFO] IPUIPlugin:80 - create IPUIPlugin
2026-01-06 21:20:06,364 [INFO] PluginManager:220 - loadIPPluginJar : add usart
2026-01-06 21:20:06,367 [INFO] IPUIPlugin:80 - create IPUIPlugin
2026-01-06 21:20:06,369 [INFO] PluginManager:220 - loadIPPluginJar : add usbx
2026-01-06 21:20:06,504 [FATAL] Updater:351 - Updater called before beeing initialized
2026-01-06 21:20:06,533 [INFO] RulesReader:64 - Compatibility file has been processed (317 Rules)
2026-01-06 21:20:06,545 [INFO] RulesReader:64 - Compatibility file has been processed (317 Rules)
2026-01-06 21:20:06,554 [INFO] CADModel:165 - CPN selected for project level
2026-01-06 21:20:06,554 [INFO] CADModel:114 - Register for checkConnection events
2026-01-06 21:20:06,554 [FATAL] Updater:351 - Updater called before beeing initialized
2026-01-06 21:20:06,554 [ERROR] CADModel:125 - Updater not yet initialized, retry later 
2026-01-06 21:20:06,720 [FATAL] Updater:351 - Updater called before beeing initialized
2026-01-06 21:20:06,722 [INFO] CADModel:165 - CPN selected for project level
2026-01-06 21:20:06,722 [INFO] CADModel:114 - Register for checkConnection events
2026-01-06 21:20:06,722 [FATAL] Updater:351 - Updater called before beeing initialized
2026-01-06 21:20:06,722 [ERROR] CADModel:125 - Updater not yet initialized, retry later 
2026-01-06 21:20:06,727 [FATAL] Updater:351 - Updater called before beeing initialized
2026-01-06 21:20:06,859 [FATAL] Updater:351 - Updater called before beeing initialized
2026-01-06 21:20:06,864 [INFO] DbMcusAds:53 - JSON generation date=Mon Dec 08 21:28:09 ICT 2025 (1765204089858)
2026-01-06 21:20:06,864 [FATAL] Updater:351 - Updater called before beeing initialized
2026-01-06 21:20:06,903 [WARN] DetailPanel:346 - Failed to get advertising image, set to default
2026-01-06 21:20:07,027 [FATAL] Updater:351 - Updater called before beeing initialized
2026-01-06 21:20:07,029 [FATAL] Updater:351 - Updater called before beeing initialized
2026-01-06 21:20:07,030 [FATAL] Updater:351 - Updater called before beeing initialized
2026-01-06 21:20:07,030 [WARN] DetailPanel:346 - Failed to get advertising image, set to default
2026-01-06 21:20:07,032 [FATAL] Updater:351 - Updater called before beeing initialized
2026-01-06 21:20:07,095 [ERROR] Updater:1198 - MainUpdater not yet initialized. External WinMGr cannot be set.
2026-01-06 21:20:07,098 [INFO] Updater:1134 - Updater Version found : 6.15.0
2026-01-06 21:20:07,117 [INFO] ApplicationProperties:184 - Using Application install path: C:\ST\STM32CubeIDE_1.18.1\STM32CubeIDE\plugins\com.st.stm32cube.common.mx_6.15.0.202507011659
2026-01-06 21:20:08,498 [INFO] ThirdPartyUpdaterWithRetryManager:70 - Updater plugin not ready yet. [2/15]
2026-01-06 21:20:08,692 [ERROR] LogOutputStream:75 - [STDERR_REDIRECT] Jan 06, 2026 9:20:08 PM java.util.prefs.WindowsPreferences <init>
2026-01-06 21:20:08,693 [ERROR] LogOutputStream:75 - [STDERR_REDIRECT] WARNING: Could not open/create prefs root node Software\JavaSoft\Prefs at root 0xffffffff80000002. Windows RegCreateKeyEx(...) returned error code 5.
2026-01-06 21:20:08,693 [ERROR] LogOutputStream:75 - [STDERR_REDIRECT] 
2026-01-06 21:20:09,358 [INFO] MainUpdater:2872 - connection check result : 10
2026-01-06 21:20:09,359 [INFO] MainUpdater:3604 - Updater definition file requires update
2026-01-06 21:20:09,360 [INFO] MainUpdater:289 - Updater Check For Update Now.
2026-01-06 21:20:09,360 [INFO] MicroXplorer:498 - Change Database Version : DB.6.0.150
2026-01-06 21:20:09,368 [INFO] McuFinderGlobals:63 - Set McuFinder mode to 2 (CubeIDE integrated)
2026-01-06 21:20:09,369 [INFO] UserAuth:487 - Internet connection configuration mode: 1
2026-01-06 21:20:09,387 [INFO] JxBrowserEngine:152 - Initiate JxBrowser Engine with user profile folder
2026-01-06 21:20:09,777 [INFO] ServerAccessManage:452 - Complete download http(s) 200
2026-01-06 21:20:09,778 [INFO] ServerAccessManage:509 - Download File updaters.zip
2026-01-06 21:20:10,135 [INFO] FileExtend:248 - Unzip File : updaters.zip
2026-01-06 21:20:10,135 [INFO] FileExtend:263 - Standard Zip Deflate
2026-01-06 21:20:10,521 [INFO] WebApp:169 - Instantiating new browser for Auth
2026-01-06 21:20:10,882 [INFO] ServerAccessManage:452 - Complete download http(s) 200
2026-01-06 21:20:10,882 [INFO] ServerAccessManage:509 - Download File PacksControlFlags.xml
2026-01-06 21:20:11,084 [INFO] ServerAccessManage:452 - Complete download http(s) 200
2026-01-06 21:20:11,085 [INFO] ServerAccessManage:509 - Download File cubemx.pidx
2026-01-06 21:20:11,226 [INFO] LoadServerUpdatesThread:375 - End of LoadServerUpdate Thread
2026-01-06 21:20:11,411 [INFO] CheckServerUpdateThread:120 - End of CheckServer Thread
2026-01-06 21:20:12,026 [WARN] PackLoader:240 - Cannot read IP mode file for STMicroelectronics.FP-SNS-MOTENVWB1.1.4.0
2026-01-06 21:20:12,040 [WARN] PackLoader:240 - Cannot read IP mode file for STMicroelectronics.FP-ATR-ASTRA1.2.0.2
2026-01-06 21:20:12,053 [WARN] PackLoader:240 - Cannot read IP mode file for STMicroelectronics.X-CUBE-SMBUS.2.1.0
2026-01-06 21:20:12,061 [WARN] PackLoader:240 - Cannot read IP mode file for STMicroelectronics.X-CUBE-ST60.1.0.0
2026-01-06 21:20:12,065 [INFO] WebApp:463 - Apply proxy settings
2026-01-06 21:20:12,065 [INFO] WebApp:548 - Chromium requires no authentication
2026-01-06 21:20:12,093 [INFO] WebApp:491 - Direct internet connection detected
2026-01-06 21:20:12,112 [WARN] PackLoader:240 - Cannot read IP mode file for STMicroelectronics.X-CUBE-AZRTOS-F7.1.1.0
2026-01-06 21:20:12,130 [WARN] PackLoader:240 - Cannot read IP mode file for STMicroelectronics.FP-SNS-MOTENV1.5.1.0
2026-01-06 21:20:12,171 [INFO] WebApp:900 - Register for checkConnection events
2026-01-06 21:20:12,172 [INFO] WebApp:463 - Apply proxy settings
2026-01-06 21:20:12,172 [INFO] WebApp:548 - Chromium requires no authentication
2026-01-06 21:20:12,173 [INFO] WebApp:491 - Direct internet connection detected
2026-01-06 21:20:12,184 [WARN] PackLoader:240 - Cannot read IP mode file for Infineon.AIROC-Wi-Fi-Bluetooth-STM32.1.7.0
2026-01-06 21:20:12,219 [WARN] PackLoader:240 - Cannot read IP mode file for STMicroelectronics.X-CUBE-AZRTOS-H7.3.4.0
2026-01-06 21:20:12,234 [WARN] PackLoader:240 - Cannot read IP mode file for STMicroelectronics.X-CUBE-DISPLAY.3.0.0
2026-01-06 21:20:12,251 [WARN] PackLoader:240 - Cannot read IP mode file for STMicroelectronics.X-CUBE-NFC10.1.0.0
2026-01-06 21:20:12,265 [WARN] PackLoader:240 - Cannot read IP mode file for STMicroelectronics.X-CUBE-BLEMGR.4.0.0
2026-01-06 21:20:12,273 [WARN] PackLoader:240 - Cannot read IP mode file for STMicroelectronics.X-CUBE-ST60.1.1.0
2026-01-06 21:20:12,282 [WARN] PackLoader:240 - Cannot read IP mode file for emotas.I-CUBE-CANOPEN.1.3.0
2026-01-06 21:20:12,291 [WARN] PackLoader:240 - Cannot read IP mode file for STMicroelectronics.X-CUBE-GNSS1.7.1.0
2026-01-06 21:20:12,299 [WARN] ConditionMgr:438 - getConditionDescription Invalid condition id : Cortex-A Device cause : null
2026-01-06 21:20:12,315 [WARN] ConditionMgr:1044 - genDependencies : Invalid condition id : Cortex-A Device cause : null
2026-01-06 21:20:12,315 [WARN] ConditionMgr:1044 - genDependencies : Invalid condition id : Cortex-A Device cause : null
2026-01-06 21:20:12,316 [WARN] ConditionMgr:1044 - genDependencies : Invalid condition id : Cortex-A Device cause : null
2026-01-06 21:20:12,321 [WARN] PackLoader:240 - Cannot read IP mode file for STMicroelectronics.X-CUBE-AI.10.0.0
2026-01-06 21:20:12,352 [WARN] PackLoader:240 - Cannot read IP mode file for STMicroelectronics.FP-SNS-STBOX1.2.1.0
2026-01-06 21:20:12,367 [WARN] PackLoader:240 - Cannot read IP mode file for STMicroelectronics.FP-SNS-SMARTAG2.1.2.0
2026-01-06 21:20:12,380 [WARN] PackLoader:240 - Cannot read IP mode file for STMicroelectronics.FP-SNS-FLIGHT1.5.1.0
2026-01-06 21:20:12,404 [INFO] LogOutputStream:77 - [STDOUT_REDIRECT] 1 : Invalid condition id : UX_CORESTACK_Condition cause : null
2026-01-06 21:20:12,405 [INFO] LogOutputStream:77 - [STDOUT_REDIRECT] 1 : Invalid condition id : UX_CORESTACK_Condition cause : null
2026-01-06 21:20:12,408 [INFO] LogOutputStream:77 - [STDOUT_REDIRECT] 1 : Invalid condition id : UX_CORESTACK_Condition cause : null
2026-01-06 21:20:12,410 [INFO] LogOutputStream:77 - [STDOUT_REDIRECT] 1 : Invalid condition id : UX_CORESTACK_Condition cause : null
2026-01-06 21:20:12,411 [INFO] LogOutputStream:77 - [STDOUT_REDIRECT] 1 : Invalid condition id : UX_CORESTACK_Condition cause : null
2026-01-06 21:20:12,414 [WARN] PackLoader:240 - Cannot read IP mode file for STMicroelectronics.X-CUBE-AZRTOS-WL.2.0.0
2026-01-06 21:20:12,421 [WARN] PackLoader:240 - Cannot read IP mode file for STMicroelectronics.FP-SNS-MOTENV1.5.0.0
2026-01-06 21:20:12,452 [WARN] PackLoader:240 - Cannot read IP mode file for STMicroelectronics.X-CUBE-AZRTOS-H7RS.1.2.0
2026-01-06 21:20:12,469 [WARN] PackLoader:240 - Cannot read IP mode file for WES.I-CUBE-Cesium.1.3.0
2026-01-06 21:20:12,476 [WARN] PackLoader:240 - Cannot read IP mode file for STMicroelectronics.X-CUBE-BLE2.3.3.0
2026-01-06 21:20:12,499 [WARN] PackLoader:240 - Cannot read IP mode file for STMicroelectronics.X-CUBE-NFC9.1.0.0
2026-01-06 21:20:12,508 [WARN] PackLoader:240 - Cannot read IP mode file for STMicroelectronics.X-CUBE-BLE1.7.1.0
2026-01-06 21:20:12,515 [WARN] PackLoader:240 - Cannot read IP mode file for wolfSSL.I-CUBE-wolfMQTT.1.19.2
2026-01-06 21:20:12,524 [WARN] PackLoader:240 - Cannot read IP mode file for STMicroelectronics.X-CUBE-FREERTOS.1.4.0
2026-01-06 21:20:12,531 [WARN] PackLoader:240 - Cannot read IP mode file for STMicroelectronics.X-CUBE-EEPRMA1.5.2.0
2026-01-06 21:20:12,541 [WARN] PackLoader:240 - Cannot read IP mode file for STMicroelectronics.X-CUBE-ST67W61.1.1.0
2026-01-06 21:20:12,547 [WARN] PackLoader:240 - Cannot read IP mode file for STMicroelectronics.X-CUBE-AI.10.1.0
2026-01-06 21:20:12,591 [WARN] PackLoader:240 - Cannot read IP mode file for STMicroelectronics.X-CUBE-MEMS1.12.0.0
2026-01-06 21:20:12,699 [INFO] WebApp:225 - Starting web application
2026-01-06 21:20:12,700 [INFO] WebApp:593 - Web application path used C:\ST\STM32CubeIDE_1.18.1\STM32CubeIDE\plugins\com.st.stm32cube.common.mx_6.15.0.202507011659\db\plugins\mcufinder\reactClient1\index.html
2026-01-06 21:20:12,760 [WARN] PackLoader:240 - Cannot read IP mode file for STMicroelectronics.X-CUBE-MEMS1.11.2.0
2026-01-06 21:20:12,764 [INFO] WebApp:191 - Connection restablished
2026-01-06 21:20:12,919 [WARN] PackLoader:240 - Cannot read IP mode file for STMicroelectronics.X-CUBE-AZRTOS-G0.1.1.0
2026-01-06 21:20:12,930 [WARN] PackLoader:240 - Cannot read IP mode file for STMicroelectronics.X-CUBE-SAFEA1.1.2.2
2026-01-06 21:20:12,941 [WARN] PackLoader:240 - Cannot read IP mode file for STMicroelectronics.X-CUBE-NFC4.3.0.0
2026-01-06 21:20:12,954 [WARN] PackLoader:240 - Cannot read IP mode file for EmbeddedOffice.I-CUBE-FS-RTOS.1.0.1
2026-01-06 21:20:12,966 [WARN] PackLoader:240 - Cannot read IP mode file for STMicroelectronics.X-CUBE-WB05N.2.0.0
2026-01-06 21:20:12,974 [WARN] PackLoader:240 - Cannot read IP mode file for wolfSSL.I-CUBE-wolfTPM.3.8.0
2026-01-06 21:20:12,984 [WARN] PackLoader:240 - Cannot read IP mode file for STMicroelectronics.X-CUBE-TCPP.4.2.0
2026-01-06 21:20:12,995 [WARN] PackLoader:240 - Cannot read IP mode file for RealThread.X-CUBE-RT-Thread_Nano.4.1.1
2026-01-06 21:20:13,018 [WARN] PackLoader:240 - Cannot read IP mode file for STMicroelectronics.FP-ATR-SIGFOX1.3.2.0
2026-01-06 21:20:13,038 [WARN] PackLoader:240 - Cannot read IP mode file for STMicroelectronics.X-CUBE-EEPRMA1.5.1.0
2026-01-06 21:20:13,048 [WARN] PackLoader:240 - Cannot read IP mode file for wolfSSL.I-CUBE-wolfSSL.5.7.6
2026-01-06 21:20:13,058 [WARN] PackLoader:240 - Cannot read IP mode file for ITTIA_DB.I-CUBE-ITTIADB.8.9.0
2026-01-06 21:20:13,065 [WARN] PackLoader:240 - Cannot read IP mode file for STMicroelectronics.X-CUBE-ST67W61.1.0.0
2026-01-06 21:20:13,072 [WARN] PackLoader:240 - Cannot read IP mode file for STMicroelectronics.X-CUBE-AI.10.2.0
2026-01-06 21:20:13,077 [INFO] UserAuth:487 - Internet connection configuration mode: 1
2026-01-06 21:20:13,101 [WARN] PackLoader:240 - Cannot read IP mode file for SEGGER.I-CUBE-embOS.1.3.1
2026-01-06 21:20:13,185 [WARN] PackLoader:240 - Cannot read IP mode file for STMicroelectronics.X-CUBE-ALGOBUILD.1.4.0
2026-01-06 21:20:13,260 [WARN] PackLoader:240 - Cannot read IP mode file for STMicroelectronics.X-CUBE-MEMS1.11.3.0
2026-01-06 21:20:13,374 [WARN] PackLoader:240 - Cannot read IP mode file for STMicroelectronics.X-CUBE-PM33A1.1.0.0
2026-01-06 21:20:13,394 [WARN] PackLoader:240 - Cannot read IP mode file for STMicroelectronics.X-CUBE-AZRTOS-F4.1.1.0
2026-01-06 21:20:13,403 [WARN] PackLoader:240 - Cannot read IP mode file for Avnet-IotConnect.X-CUBE-IoTC-DA16k-PMOD.1.0.0
2026-01-06 21:20:13,410 [WARN] PackLoader:240 - Cannot read IP mode file for STMicroelectronics.X-CUBE-ISPU.2.1.0
2026-01-06 21:20:13,425 [WARN] PackLoader:240 - Cannot read IP mode file for STMicroelectronics.X-CUBE-IPS.3.2.0
2026-01-06 21:20:13,440 [WARN] PackLoader:240 - Cannot read IP mode file for STMicroelectronics.X-CUBE-NFC12.1.0.0
2026-01-06 21:20:13,464 [WARN] PackLoader:240 - Cannot read IP mode file for STMicroelectronics.X-CUBE-AZRTOS-L5.2.0.0
2026-01-06 21:20:13,478 [WARN] PackLoader:240 - Cannot read IP mode file for STMicroelectronics.X-CUBE-NFC6.3.1.0
2026-01-06 21:20:13,488 [WARN] PackLoader:240 - Cannot read IP mode file for STMicroelectronics.X-CUBE-FREERTOS.1.3.1
2026-01-06 21:20:13,496 [WARN] PackLoader:240 - Cannot read IP mode file for STMicroelectronics.X-CUBE-FREERTOS.1.3.0
2026-01-06 21:20:13,503 [WARN] PackLoader:240 - Cannot read IP mode file for STMicroelectronics.X-CUBE-NFC7.1.0.1
2026-01-06 21:20:13,511 [WARN] PackLoader:240 - Cannot read IP mode file for STMicroelectronics.X-CUBE-TOUCHGFX.4.26.0
2026-01-06 21:20:13,519 [WARN] PackLoader:240 - Cannot read IP mode file for STMicroelectronics.FP-SNS-STAIOTCFT.1.0.0
2026-01-06 21:20:13,529 [WARN] PackLoader:240 - Cannot read IP mode file for STMicroelectronics.X-CUBE-DPower.1.3.0
2026-01-06 21:20:13,548 [WARN] ConditionMgr:438 - getConditionDescription Invalid condition id : LAN8742 Phy interface Condition cause : null
2026-01-06 21:20:13,549 [WARN] PackLoader:240 - Cannot read IP mode file for STMicroelectronics.X-CUBE-AZRTOS-L4.2.0.0
2026-01-06 21:20:13,550 [WARN] ConditionMgr:1044 - genDependencies : Invalid condition id : LAN8742 Phy interface Condition cause : null
2026-01-06 21:20:13,551 [WARN] ConditionMgr:1044 - genDependencies : Invalid condition id : LAN8742 Phy interface Condition cause : null
2026-01-06 21:20:13,551 [WARN] ConditionMgr:1044 - genDependencies : Invalid condition id : LAN8742 Phy interface Condition cause : null
2026-01-06 21:20:13,563 [WARN] PackLoader:240 - Cannot read IP mode file for STMicroelectronics.X-CUBE-SFXS2LP1.4.0.0
2026-01-06 21:20:13,583 [WARN] PackLoader:240 - Cannot read IP mode file for STMicroelectronics.X-CUBE-AZRTOS-H7.3.3.0
2026-01-06 21:20:13,608 [WARN] PackLoader:240 - Cannot read IP mode file for STMicroelectronics.X-CUBE-BLEMGR.4.1.0
2026-01-06 21:20:13,624 [WARN] ConditionMgr:438 - getConditionDescription Invalid condition id : UX DEVICE CLASS RTOS Condition cause : null
2026-01-06 21:20:13,625 [WARN] ConditionMgr:438 - getConditionDescription Invalid condition id : UX DEVICE CLASS RTOS Condition cause : null
2026-01-06 21:20:13,627 [WARN] PackLoader:240 - Cannot read IP mode file for STMicroelectronics.X-CUBE-AZRTOS-WB.2.0.0
2026-01-06 21:20:13,628 [WARN] ConditionMgr:1044 - genDependencies : Invalid condition id : UX DEVICE CLASS RTOS Condition cause : null
2026-01-06 21:20:13,628 [WARN] ConditionMgr:1044 - genDependencies : Invalid condition id : UX DEVICE CLASS RTOS Condition cause : null
2026-01-06 21:20:13,629 [WARN] ConditionMgr:1044 - genDependencies : Invalid condition id : UX DEVICE CLASS RTOS Condition cause : null
2026-01-06 21:20:13,629 [WARN] ConditionMgr:1044 - genDependencies : Invalid condition id : UX DEVICE CLASS RTOS Condition cause : null
2026-01-06 21:20:13,629 [WARN] ConditionMgr:1044 - genDependencies : Invalid condition id : UX DEVICE CLASS RTOS Condition cause : null
2026-01-06 21:20:13,637 [WARN] PackLoader:240 - Cannot read IP mode file for STMicroelectronics.X-CUBE-GNSS1.7.0.1
2026-01-06 21:20:13,643 [WARN] PackLoader:240 - Cannot read IP mode file for STMicroelectronics.X-CUBE-TOUCHGFX.4.25.0
2026-01-06 21:20:13,652 [WARN] PackLoader:240 - Cannot read IP mode file for STMicroelectronics.FP-SNS-STBOX1.2.0.0
2026-01-06 21:20:13,671 [WARN] PackLoader:240 - Cannot read IP mode file for STMicroelectronics.X-CUBE-SUBG2.5.0.0
2026-01-06 21:20:13,701 [WARN] PackLoader:240 - Cannot read IP mode file for STMicroelectronics.X-CUBE-AZRTOS-H7RS.1.1.0
2026-01-06 21:20:13,767 [WARN] PackLoader:240 - Cannot read IP mode file for Cesanta.I-CUBE-Mongoose.7.13.0
2026-01-06 21:20:13,830 [WARN] PackLoader:240 - Cannot read IP mode file for STMicroelectronics.X-CUBE-AZRTOS-G4.2.0.0
2026-01-06 21:20:13,839 [WARN] PackLoader:240 - Cannot read IP mode file for wolfSSL.I-CUBE-wolfSSH.1.4.20
2026-01-06 21:20:13,844 [WARN] PackLoader:240 - Cannot read IP mode file for STMicroelectronics.X-CUBE-NFC7.2.0.0
2026-01-06 21:20:13,863 [WARN] PackLoader:240 - Cannot read IP mode file for STMicroelectronics.X-CUBE-IPS.3.1.0
2026-01-06 21:20:13,877 [WARN] PackLoader:240 - Cannot read IP mode file for STMicroelectronics.X-CUBE-ALS.1.0.2
2026-01-06 21:20:13,887 [WARN] PackLoader:240 - Cannot read IP mode file for STMicroelectronics.X-CUBE-STSE01.1.0.0
2026-01-06 21:20:13,899 [WARN] PackLoader:240 - Cannot read IP mode file for portGmbH.I-Cube-SoM-uGOAL.1.1.0
2026-01-06 21:20:13,914 [WARN] PackLoader:240 - Cannot read IP mode file for STMicroelectronics.X-CUBE-TOF1.3.4.3
2026-01-06 21:20:13,925 [INFO] ThirdParty:978 - Integrity check success = true
2026-01-06 21:20:13,925 [INFO] IntegrityCheckThread:100 - exiting critical section [integrity check]
2026-01-06 21:20:13,925 [INFO] IntegrityCheckThread:103 - End integrity checks thread
2026-01-06 21:47:32,147 [ERROR] LogOutputStream:75 - [STDERR_REDIRECT] 
