2025-11-18 17:54:26,502 [INFO] Activator:176 - 


2025-11-18 17:54:26,506 [INFO] Activator:177 - !SESSION log4j initialized
2025-11-18 17:54:31,991 [INFO] LogOutputStream:77 - [STDOUT_REDIRECT] 
2025-11-18 17:54:35,284 [INFO] ApplicationProperties:184 - Using Application install path: C:\ST\STM32CubeIDE_1.18.1\STM32CubeIDE\plugins\com.st.stm32cube.common.mx_6.15.0.202507011659
2025-11-18 17:54:35,305 [INFO] DbMcusXml:78 - Set database path to: C:\ST\STM32CubeIDE_1.18.1\STM32CubeIDE\plugins\com.st.stm32cube.common.mx_6.15.0.202507011659\\db\/mcu/
2025-11-18 17:54:35,306 [INFO] ApiDb:274 - Set plugin database path to: C:\ST\STM32CubeIDE_1.18.1\STM32CubeIDE\plugins\com.st.stm32cube.common.mx_6.15.0.202507011659\\db\/plugins/boardmanager/
2025-11-18 17:54:35,306 [WARN] ApiDb:259 - Overriding images path with different value:  => C:\ST\STM32CubeIDE_1.18.1\STM32CubeIDE\plugins\com.st.stm32cube.common.mx_6.15.0.202507011659\\db\/plugins/mcufinder/images/
2025-11-18 17:54:35,318 [INFO] ApiDb:250 - Set database path to: C:\Users\dinhh\.stmcufinder\plugins\mcufinder//mcu/
2025-11-18 17:54:35,319 [INFO] DbMcusAds:125 - Set database path to: C:\Users\dinhh\.stmcufinder\plugins\mcufinder//mcu/
2025-11-18 17:54:35,322 [INFO] CrossReferenceDbSqlite:203 - Set database path to: C:\Users\dinhh\.stmcufinder\plugins\mcufinder//mcu/cs/
2025-11-18 17:54:35,483 [INFO] RulesReader:64 - Compatibility file has been processed (317 Rules)
2025-11-18 17:54:35,570 [INFO] DbMcusXml:78 - Set database path to: C:\ST\STM32CubeIDE_1.18.1\STM32CubeIDE\plugins\com.st.stm32cube.common.mx_6.15.0.202507011659\\db\/mcu/
2025-11-18 17:54:35,570 [INFO] ApiDb:274 - Set plugin database path to: C:\ST\STM32CubeIDE_1.18.1\STM32CubeIDE\plugins\com.st.stm32cube.common.mx_6.15.0.202507011659\\db\/plugins/boardmanager/
2025-11-18 17:54:35,570 [INFO] ApiDb:261 - Set plugin images path to: C:\ST\STM32CubeIDE_1.18.1\STM32CubeIDE\plugins\com.st.stm32cube.common.mx_6.15.0.202507011659\\db\/plugins/mcufinder/images/
2025-11-18 17:54:35,570 [WARN] DbFile:41 - Overriding database path with different value: C:\Users\dinhh\.stmcufinder\plugins\mcufinder/ => C:\Users\dinhh\.stmcufinder\plugins\mcufinder
2025-11-18 17:54:35,571 [INFO] ApiDb:250 - Set database path to: C:\Users\dinhh\.stmcufinder\plugins\mcufinder//mcu/
2025-11-18 17:54:35,571 [WARN] DbFile:41 - Overriding database path with different value: C:\Users\dinhh\.stmcufinder\plugins\mcufinder/ => C:\Users\dinhh\.stmcufinder\plugins\mcufinder
2025-11-18 17:54:35,571 [INFO] DbMcusAds:125 - Set database path to: C:\Users\dinhh\.stmcufinder\plugins\mcufinder//mcu/
2025-11-18 17:54:35,571 [WARN] DbFile:41 - Overriding database path with different value: C:\Users\dinhh\.stmcufinder\plugins\mcufinder/ => C:\Users\dinhh\.stmcufinder\plugins\mcufinder
2025-11-18 17:54:35,571 [WARN] DbFile:41 - Overriding database path with different value: C:\Users\dinhh\.stmcufinder\plugins\mcufinder/ => C:\Users\dinhh\.stmcufinder\plugins\mcufinder
2025-11-18 17:54:35,571 [INFO] CrossReferenceDbSqlite:203 - Set database path to: C:\Users\dinhh\.stmcufinder\plugins\mcufinder//mcu/cs/
2025-11-18 17:54:35,652 [INFO] MainPanel:274 - HeapMemory: 282066944
2025-11-18 17:54:35,789 [INFO] DbMcusXml:78 - Set database path to: C:\ST\STM32CubeIDE_1.18.1\STM32CubeIDE\plugins\com.st.stm32cube.common.mx_6.15.0.202507011659\\db\/mcu/
2025-11-18 17:54:35,789 [INFO] ApiDb:274 - Set plugin database path to: C:\ST\STM32CubeIDE_1.18.1\STM32CubeIDE\plugins\com.st.stm32cube.common.mx_6.15.0.202507011659\\db\/plugins/boardmanager/
2025-11-18 17:54:35,789 [INFO] ApiDb:261 - Set plugin images path to: C:\ST\STM32CubeIDE_1.18.1\STM32CubeIDE\plugins\com.st.stm32cube.common.mx_6.15.0.202507011659\\db\/plugins/mcufinder/images/
2025-11-18 17:54:35,789 [WARN] DbFile:41 - Overriding database path with different value: C:\Users\dinhh\.stmcufinder\plugins\mcufinder/ => C:\Users\dinhh\.stmcufinder\plugins\mcufinder
2025-11-18 17:54:35,789 [INFO] ApiDb:250 - Set database path to: C:\Users\dinhh\.stmcufinder\plugins\mcufinder//mcu/
2025-11-18 17:54:35,789 [WARN] DbFile:41 - Overriding database path with different value: C:\Users\dinhh\.stmcufinder\plugins\mcufinder/ => C:\Users\dinhh\.stmcufinder\plugins\mcufinder
2025-11-18 17:54:35,789 [INFO] DbMcusAds:125 - Set database path to: C:\Users\dinhh\.stmcufinder\plugins\mcufinder//mcu/
2025-11-18 17:54:35,790 [WARN] DbFile:41 - Overriding database path with different value: C:\Users\dinhh\.stmcufinder\plugins\mcufinder/ => C:\Users\dinhh\.stmcufinder\plugins\mcufinder
2025-11-18 17:54:35,790 [WARN] DbFile:41 - Overriding database path with different value: C:\Users\dinhh\.stmcufinder\plugins\mcufinder/ => C:\Users\dinhh\.stmcufinder\plugins\mcufinder
2025-11-18 17:54:35,790 [INFO] CrossReferenceDbSqlite:203 - Set database path to: C:\Users\dinhh\.stmcufinder\plugins\mcufinder//mcu/cs/
2025-11-18 17:54:35,808 [INFO] ApplicationProperties:184 - Using Application install path: C:\ST\STM32CubeIDE_1.18.1\STM32CubeIDE\plugins\com.st.stm32cube.common.mx_6.15.0.202507011659
2025-11-18 17:54:35,809 [INFO] PluginManage:196 - Search for loadable plugins [exclusion list=, ]
2025-11-18 17:54:35,810 [INFO] PluginManage:310 - Check plugin analytics
2025-11-18 17:54:35,979 [INFO] AnalyticsPlugin:253 - Accepted Software Licenses: 
2025-11-18 17:54:35,979 [INFO] AnalyticsPlugin:255 - Accepted CMSIS Pack Licenses: 
2025-11-18 17:54:35,979 [INFO] AnalyticsPlugin:257 - Accepted Firmware Licenses: 
2025-11-18 17:54:35,982 [INFO] PluginManage:359 - Loaded plugin analytics (category:tool,tabindex:-1)
2025-11-18 17:54:35,982 [INFO] PluginManage:310 - Check plugin cadmodel
2025-11-18 17:54:35,988 [INFO] CADModel:105 - Init CAD model plugin
2025-11-18 17:54:35,988 [INFO] PluginManage:359 - Loaded plugin cadmodel (category:power,tabindex:5)
2025-11-18 17:54:35,988 [INFO] PluginManage:310 - Check plugin clock
2025-11-18 17:54:36,000 [INFO] PluginManage:359 - Loaded plugin clock (category:base,tabindex:2)
2025-11-18 17:54:36,000 [INFO] PluginManage:310 - Check plugin ddr
2025-11-18 17:54:36,002 [INFO] PluginManage:359 - Loaded plugin ddr (category:tool,tabindex:6)
2025-11-18 17:54:36,002 [INFO] PluginManage:310 - Check plugin filemanager
2025-11-18 17:54:36,145 [INFO] PluginManage:359 - Loaded plugin filemanager (category:base,tabindex:10)
2025-11-18 17:54:36,146 [INFO] PluginManage:310 - Check plugin ipmanager
2025-11-18 17:54:36,153 [INFO] PluginManage:359 - Loaded plugin ipmanager (category:base,tabindex:5)
2025-11-18 17:54:36,153 [INFO] PluginManage:310 - Check plugin lpbam
2025-11-18 17:54:36,160 [INFO] PluginManage:359 - Loaded plugin lpbam (category:base,tabindex:0)
2025-11-18 17:54:36,161 [INFO] PluginManage:310 - Check plugin memorymap
2025-11-18 17:54:36,175 [INFO] PluginManage:359 - Loaded plugin memorymap (category:base,tabindex:4)
2025-11-18 17:54:36,175 [INFO] PluginManage:310 - Check plugin pinoutandconfiguration
2025-11-18 17:54:36,185 [INFO] PluginManage:359 - Loaded plugin pinoutandconfiguration (category:base,tabindex:1)
2025-11-18 17:54:36,185 [INFO] PluginManage:310 - Check plugin pinoutconfig
2025-11-18 17:54:36,275 [WARN] SupportedApi:132 - Cannot load RTOS API schema: s4s-elt-must-match.1: The content of 'definitions' must match (annotation?, (simpleType | complexType)?, (unique | key | keyref)*)). A problem was found starting at: attribute.
2025-11-18 17:54:36,405 [INFO] PluginManage:359 - Loaded plugin pinoutconfig (category:base,tabindex:0)
2025-11-18 17:54:36,405 [INFO] PluginManage:310 - Check plugin power
2025-11-18 17:54:36,415 [INFO] PluginManage:359 - Loaded plugin power (category:power,tabindex:4)
2025-11-18 17:54:36,415 [INFO] PluginManage:310 - Check plugin projectmanager
2025-11-18 17:54:36,430 [INFO] PluginManage:359 - Loaded plugin projectmanager (category:projectmanager,tabindex:4)
2025-11-18 17:54:36,430 [INFO] PluginManage:310 - Check plugin rif
2025-11-18 17:54:36,439 [INFO] PluginManage:359 - Loaded plugin rif (category:base,tabindex:3)
2025-11-18 17:54:36,439 [INFO] PluginManage:310 - Check plugin thirdparty
2025-11-18 17:54:36,585 [INFO] PluginManage:359 - Loaded plugin thirdparty (category:base,tabindex:-1)
2025-11-18 17:54:36,585 [WARN] IntegrityCheckThread:84 - waiting for thirdparty lock release [integrity check]
2025-11-18 17:54:36,586 [INFO] PluginManage:310 - Check plugin tools
2025-11-18 17:54:36,586 [INFO] IntegrityCheckThread:86 - entering critical section [integrity check]
2025-11-18 17:54:36,586 [INFO] ThirdPartyUpdaterWithRetryManager:70 - Updater plugin not ready yet. [1/15]
2025-11-18 17:54:36,589 [INFO] PluginManage:359 - Loaded plugin tools (category:base,tabindex:7)
2025-11-18 17:54:36,589 [INFO] PluginManage:310 - Check plugin tutovideos
2025-11-18 17:54:36,806 [INFO] PluginManage:359 - Loaded plugin tutovideos (category:base,tabindex:-1)
2025-11-18 17:54:36,807 [INFO] PluginManage:310 - Check plugin updater
2025-11-18 17:54:36,825 [INFO] PluginManage:359 - Loaded plugin updater (category:base,tabindex:12)
2025-11-18 17:54:36,825 [INFO] PluginManage:310 - Check plugin userauth
2025-11-18 17:54:36,828 [INFO] UserAuth:118 - Init User Auth plugin
2025-11-18 17:54:36,829 [INFO] PluginManage:359 - Loaded plugin userauth (category:base,tabindex:14)
2025-11-18 17:54:36,830 [INFO] PluginManage:283 - PluginManage : Loaded plugins [18]
2025-11-18 17:54:37,012 [INFO] PinOutPanel:1589 - setPackage(No Configuration,No Configuration)
2025-11-18 17:54:37,086 [INFO] CADModel:165 - CPN selected for project level
2025-11-18 17:54:37,086 [INFO] CADModel:114 - Register for checkConnection events
2025-11-18 17:54:37,100 [INFO] IPUIPlugin:80 - create IPUIPlugin
2025-11-18 17:54:37,102 [INFO] PluginManager:220 - loadIPPluginJar : add adc
2025-11-18 17:54:37,104 [INFO] IPUIPlugin:80 - create IPUIPlugin
2025-11-18 17:54:37,104 [INFO] PluginManager:220 - loadIPPluginJar : add aes
2025-11-18 17:54:37,107 [INFO] IPUIPlugin:80 - create IPUIPlugin
2025-11-18 17:54:37,107 [INFO] PluginManager:220 - loadIPPluginJar : add can
2025-11-18 17:54:37,108 [INFO] IPUIPlugin:80 - create IPUIPlugin
2025-11-18 17:54:37,108 [INFO] PluginManager:220 - loadIPPluginJar : add comp
2025-11-18 17:54:37,110 [INFO] IPUIPlugin:80 - create IPUIPlugin
2025-11-18 17:54:37,110 [INFO] PluginManager:220 - loadIPPluginJar : add cryp
2025-11-18 17:54:37,113 [INFO] IPUIPlugin:80 - create IPUIPlugin
2025-11-18 17:54:37,113 [INFO] PluginManager:220 - loadIPPluginJar : add ddr_ctrl_phy
2025-11-18 17:54:37,115 [INFO] IPUIPlugin:80 - create IPUIPlugin
2025-11-18 17:54:37,116 [INFO] PluginManager:220 - loadIPPluginJar : add dfsdm
2025-11-18 17:54:37,120 [INFO] IPUIPlugin:80 - create IPUIPlugin
2025-11-18 17:54:37,121 [INFO] PluginManager:220 - loadIPPluginJar : add dma
2025-11-18 17:54:37,123 [INFO] IPUIPlugin:80 - create IPUIPlugin
2025-11-18 17:54:37,123 [INFO] PluginManager:220 - loadIPPluginJar : add dma3
2025-11-18 17:54:37,127 [INFO] IPUIPlugin:80 - create IPUIPlugin
2025-11-18 17:54:37,127 [INFO] PluginManager:220 - loadIPPluginJar : add extmemmanager
2025-11-18 17:54:37,128 [INFO] IPUIPlugin:80 - create IPUIPlugin
2025-11-18 17:54:37,128 [INFO] PluginManager:220 - loadIPPluginJar : add fatfs
2025-11-18 17:54:37,131 [INFO] IPUIPlugin:80 - create IPUIPlugin
2025-11-18 17:54:37,132 [INFO] PluginManager:220 - loadIPPluginJar : add fmc
2025-11-18 17:54:37,136 [INFO] IPUIPlugin:80 - create IPUIPlugin
2025-11-18 17:54:37,137 [INFO] PluginManager:220 - loadIPPluginJar : add freertos
2025-11-18 17:54:37,139 [INFO] IPUIPlugin:80 - create IPUIPlugin
2025-11-18 17:54:37,139 [INFO] PluginManager:220 - loadIPPluginJar : add genericplugin
2025-11-18 17:54:37,141 [INFO] IPUIPlugin:80 - create IPUIPlugin
2025-11-18 17:54:37,141 [INFO] PluginManager:220 - loadIPPluginJar : add gfxmmu
2025-11-18 17:54:37,144 [INFO] IPUIPlugin:80 - create IPUIPlugin
2025-11-18 17:54:37,145 [INFO] PluginManager:220 - loadIPPluginJar : add gic
2025-11-18 17:54:37,148 [INFO] IPUIPlugin:80 - create IPUIPlugin
2025-11-18 17:54:37,148 [INFO] PluginManager:220 - loadIPPluginJar : add gpio
2025-11-18 17:54:37,150 [INFO] IPUIPlugin:80 - create IPUIPlugin
2025-11-18 17:54:37,150 [INFO] PluginManager:220 - loadIPPluginJar : add gtzc
2025-11-18 17:54:37,153 [INFO] IPUIPlugin:80 - create IPUIPlugin
2025-11-18 17:54:37,153 [INFO] PluginManager:220 - loadIPPluginJar : add hash
2025-11-18 17:54:37,155 [INFO] IPUIPlugin:80 - create IPUIPlugin
2025-11-18 17:54:37,155 [INFO] PluginManager:220 - loadIPPluginJar : add i2c
2025-11-18 17:54:37,157 [INFO] IPUIPlugin:80 - create IPUIPlugin
2025-11-18 17:54:37,157 [INFO] PluginManager:220 - loadIPPluginJar : add i2s
2025-11-18 17:54:37,160 [INFO] IPUIPlugin:80 - create IPUIPlugin
2025-11-18 17:54:37,160 [INFO] PluginManager:220 - loadIPPluginJar : add i3c
2025-11-18 17:54:37,162 [INFO] IPUIPlugin:80 - create IPUIPlugin
2025-11-18 17:54:37,162 [INFO] PluginManager:220 - loadIPPluginJar : add ipddr
2025-11-18 17:54:37,167 [INFO] IPUIPlugin:80 - create IPUIPlugin
2025-11-18 17:54:37,167 [INFO] PluginManager:220 - loadIPPluginJar : add linkedlist
2025-11-18 17:54:37,170 [INFO] IPUIPlugin:80 - create IPUIPlugin
2025-11-18 17:54:37,170 [INFO] PluginManager:220 - loadIPPluginJar : add lorawan
2025-11-18 17:54:37,172 [INFO] IPUIPlugin:80 - create IPUIPlugin
2025-11-18 17:54:37,172 [INFO] PluginManager:220 - loadIPPluginJar : add ltdc
2025-11-18 17:54:37,176 [INFO] IPUIPlugin:80 - create IPUIPlugin
2025-11-18 17:54:37,176 [INFO] PluginManager:220 - loadIPPluginJar : add mdma
2025-11-18 17:54:37,178 [INFO] IPUIPlugin:80 - create IPUIPlugin
2025-11-18 17:54:37,179 [INFO] PluginManager:220 - loadIPPluginJar : add nvic
2025-11-18 17:54:37,182 [INFO] IPUIPlugin:80 - create IPUIPlugin
2025-11-18 17:54:37,182 [INFO] PluginManager:220 - loadIPPluginJar : add opamp
2025-11-18 17:54:37,185 [INFO] IPUIPlugin:80 - create IPUIPlugin
2025-11-18 17:54:37,185 [INFO] PluginManager:220 - loadIPPluginJar : add openamp
2025-11-18 17:54:37,187 [INFO] IPUIPlugin:80 - create IPUIPlugin
2025-11-18 17:54:37,187 [INFO] PluginManager:220 - loadIPPluginJar : add pdm2pcm
2025-11-18 17:54:37,191 [INFO] IPUIPlugin:80 - create IPUIPlugin
2025-11-18 17:54:37,194 [INFO] PluginManager:220 - loadIPPluginJar : add plateformsettings
2025-11-18 17:54:37,195 [INFO] IPUIPlugin:80 - create IPUIPlugin
2025-11-18 17:54:37,196 [INFO] PluginManager:220 - loadIPPluginJar : add quadspi
2025-11-18 17:54:37,197 [INFO] IPUIPlugin:80 - create IPUIPlugin
2025-11-18 17:54:37,197 [INFO] PluginManager:220 - loadIPPluginJar : add radio
2025-11-18 17:54:37,200 [INFO] IPUIPlugin:80 - create IPUIPlugin
2025-11-18 17:54:37,200 [INFO] PluginManager:220 - loadIPPluginJar : add resmgrutility
2025-11-18 17:54:37,203 [INFO] IPUIPlugin:80 - create IPUIPlugin
2025-11-18 17:54:37,203 [INFO] PluginManager:220 - loadIPPluginJar : add sai
2025-11-18 17:54:37,205 [INFO] IPUIPlugin:80 - create IPUIPlugin
2025-11-18 17:54:37,206 [INFO] PluginManager:220 - loadIPPluginJar : add spi
2025-11-18 17:54:37,211 [INFO] IPUIPlugin:80 - create IPUIPlugin
2025-11-18 17:54:37,211 [INFO] PluginManager:220 - loadIPPluginJar : add stm32_wpan
2025-11-18 17:54:37,213 [INFO] IPUIPlugin:80 - create IPUIPlugin
2025-11-18 17:54:37,213 [INFO] PluginManager:220 - loadIPPluginJar : add tim
2025-11-18 17:54:37,216 [INFO] IPUIPlugin:80 - create IPUIPlugin
2025-11-18 17:54:37,216 [INFO] PluginManager:220 - loadIPPluginJar : add touchsensing
2025-11-18 17:54:37,219 [INFO] IPUIPlugin:80 - create IPUIPlugin
2025-11-18 17:54:37,219 [INFO] PluginManager:220 - loadIPPluginJar : add tracer_emb
2025-11-18 17:54:37,222 [INFO] IPUIPlugin:80 - create IPUIPlugin
2025-11-18 17:54:37,222 [INFO] PluginManager:220 - loadIPPluginJar : add ts
2025-11-18 17:54:37,224 [INFO] IPUIPlugin:80 - create IPUIPlugin
2025-11-18 17:54:37,224 [INFO] PluginManager:220 - loadIPPluginJar : add tsc
2025-11-18 17:54:37,225 [INFO] IPUIPlugin:80 - create IPUIPlugin
2025-11-18 17:54:37,225 [INFO] PluginManager:220 - loadIPPluginJar : add ucpd
2025-11-18 17:54:37,228 [INFO] IPUIPlugin:80 - create IPUIPlugin
2025-11-18 17:54:37,228 [INFO] PluginManager:220 - loadIPPluginJar : add usart
2025-11-18 17:54:37,231 [INFO] IPUIPlugin:80 - create IPUIPlugin
2025-11-18 17:54:37,231 [INFO] PluginManager:220 - loadIPPluginJar : add usbx
2025-11-18 17:54:37,355 [FATAL] Updater:351 - Updater called before beeing initialized
2025-11-18 17:54:37,387 [INFO] RulesReader:64 - Compatibility file has been processed (317 Rules)
2025-11-18 17:54:37,399 [INFO] RulesReader:64 - Compatibility file has been processed (317 Rules)
2025-11-18 17:54:37,405 [INFO] CADModel:165 - CPN selected for project level
2025-11-18 17:54:37,405 [INFO] CADModel:114 - Register for checkConnection events
2025-11-18 17:54:37,405 [FATAL] Updater:351 - Updater called before beeing initialized
2025-11-18 17:54:37,405 [ERROR] CADModel:125 - Updater not yet initialized, retry later 
2025-11-18 17:54:37,527 [FATAL] Updater:351 - Updater called before beeing initialized
2025-11-18 17:54:37,529 [INFO] CADModel:165 - CPN selected for project level
2025-11-18 17:54:37,529 [INFO] CADModel:114 - Register for checkConnection events
2025-11-18 17:54:37,529 [FATAL] Updater:351 - Updater called before beeing initialized
2025-11-18 17:54:37,529 [ERROR] CADModel:125 - Updater not yet initialized, retry later 
2025-11-18 17:54:37,533 [FATAL] Updater:351 - Updater called before beeing initialized
2025-11-18 17:54:37,624 [FATAL] Updater:351 - Updater called before beeing initialized
2025-11-18 17:54:37,627 [INFO] DbMcusAds:53 - JSON generation date=Thu Oct 02 16:36:05 ICT 2025 (1759397765645)
2025-11-18 17:54:37,627 [FATAL] Updater:351 - Updater called before beeing initialized
2025-11-18 17:54:37,657 [WARN] DetailPanel:346 - Failed to get advertising image, set to default
2025-11-18 17:54:37,726 [FATAL] Updater:351 - Updater called before beeing initialized
2025-11-18 17:54:37,727 [FATAL] Updater:351 - Updater called before beeing initialized
2025-11-18 17:54:37,727 [FATAL] Updater:351 - Updater called before beeing initialized
2025-11-18 17:54:37,727 [WARN] DetailPanel:346 - Failed to get advertising image, set to default
2025-11-18 17:54:37,728 [FATAL] Updater:351 - Updater called before beeing initialized
2025-11-18 17:54:37,765 [ERROR] Updater:1198 - MainUpdater not yet initialized. External WinMGr cannot be set.
2025-11-18 17:54:37,767 [INFO] Updater:1134 - Updater Version found : 6.15.0
2025-11-18 17:54:37,779 [INFO] ApplicationProperties:184 - Using Application install path: C:\ST\STM32CubeIDE_1.18.1\STM32CubeIDE\plugins\com.st.stm32cube.common.mx_6.15.0.202507011659
2025-11-18 17:54:39,347 [ERROR] LogOutputStream:75 - [STDERR_REDIRECT] Nov 18, 2025 5:54:39 PM java.util.prefs.WindowsPreferences <init>
2025-11-18 17:54:39,348 [ERROR] LogOutputStream:75 - [STDERR_REDIRECT] WARNING: Could not open/create prefs root node Software\JavaSoft\Prefs at root 0xffffffff80000002. Windows RegCreateKeyEx(...) returned error code 5.
2025-11-18 17:54:39,348 [ERROR] LogOutputStream:75 - [STDERR_REDIRECT] 
2025-11-18 17:54:39,521 [INFO] MainUpdater:2872 - connection check result : 22
2025-11-18 17:54:39,521 [INFO] MainUpdater:289 - Updater Check For Update Now.
2025-11-18 17:54:39,522 [INFO] MicroXplorer:498 - Change Database Version : DB.6.0.150
2025-11-18 17:54:39,526 [INFO] McuFinderGlobals:63 - Set McuFinder mode to 2 (CubeIDE integrated)
2025-11-18 17:54:39,527 [INFO] UserAuth:487 - Internet connection configuration mode: 2
2025-11-18 17:54:39,533 [INFO] UserAuth:487 - Internet connection configuration mode: 2
2025-11-18 17:54:39,587 [WARN] MainUpdater:1193 - Updater busy. Cannot search thirdparties
2025-11-18 17:54:39,590 [INFO] ThirdPartyUpdaterWithRetryManager:96 - Updater plugin is busy. [1/15]
2025-11-18 17:54:39,681 [INFO] CheckServerUpdateThread:120 - End of CheckServer Thread
2025-11-18 17:54:42,809 [WARN] PackLoader:240 - Cannot read IP mode file for STMicroelectronics.FP-SNS-MOTENVWB1.1.4.0
2025-11-18 17:54:42,816 [WARN] PackLoader:240 - Cannot read IP mode file for STMicroelectronics.FP-ATR-ASTRA1.2.0.2
2025-11-18 17:54:42,823 [WARN] PackLoader:240 - Cannot read IP mode file for STMicroelectronics.X-CUBE-SMBUS.2.1.0
2025-11-18 17:54:42,827 [WARN] PackLoader:240 - Cannot read IP mode file for STMicroelectronics.X-CUBE-ST60.1.0.0
2025-11-18 17:54:42,864 [WARN] PackLoader:240 - Cannot read IP mode file for STMicroelectronics.X-CUBE-AZRTOS-F7.1.1.0
2025-11-18 17:54:42,872 [WARN] PackLoader:240 - Cannot read IP mode file for STMicroelectronics.FP-SNS-MOTENV1.5.1.0
2025-11-18 17:54:42,889 [WARN] PackLoader:240 - Cannot read IP mode file for Infineon.AIROC-Wi-Fi-Bluetooth-STM32.1.7.0
2025-11-18 17:54:42,911 [WARN] PackLoader:240 - Cannot read IP mode file for STMicroelectronics.X-CUBE-AZRTOS-H7.3.4.0
2025-11-18 17:54:42,920 [WARN] PackLoader:240 - Cannot read IP mode file for STMicroelectronics.X-CUBE-DISPLAY.3.0.0
2025-11-18 17:54:42,929 [WARN] PackLoader:240 - Cannot read IP mode file for STMicroelectronics.X-CUBE-NFC10.1.0.0
2025-11-18 17:54:42,938 [WARN] PackLoader:240 - Cannot read IP mode file for STMicroelectronics.X-CUBE-BLEMGR.4.0.0
2025-11-18 17:54:42,943 [WARN] PackLoader:240 - Cannot read IP mode file for STMicroelectronics.X-CUBE-ST60.1.1.0
2025-11-18 17:54:42,949 [WARN] PackLoader:240 - Cannot read IP mode file for emotas.I-CUBE-CANOPEN.1.3.0
2025-11-18 17:54:42,955 [WARN] PackLoader:240 - Cannot read IP mode file for STMicroelectronics.X-CUBE-GNSS1.7.1.0
2025-11-18 17:54:42,961 [WARN] ConditionMgr:438 - getConditionDescription Invalid condition id : Cortex-A Device cause : null
2025-11-18 17:54:42,972 [WARN] ConditionMgr:1044 - genDependencies : Invalid condition id : Cortex-A Device cause : null
2025-11-18 17:54:42,972 [WARN] ConditionMgr:1044 - genDependencies : Invalid condition id : Cortex-A Device cause : null
2025-11-18 17:54:42,972 [WARN] ConditionMgr:1044 - genDependencies : Invalid condition id : Cortex-A Device cause : null
2025-11-18 17:54:42,977 [WARN] PackLoader:240 - Cannot read IP mode file for STMicroelectronics.X-CUBE-AI.10.0.0
2025-11-18 17:54:42,983 [WARN] PackLoader:240 - Cannot read IP mode file for STMicroelectronics.FP-SNS-STBOX1.2.1.0
2025-11-18 17:54:42,988 [WARN] PackLoader:240 - Cannot read IP mode file for STMicroelectronics.FP-SNS-SMARTAG2.1.2.0
2025-11-18 17:54:42,991 [WARN] PackLoader:240 - Cannot read IP mode file for STMicroelectronics.FP-SNS-FLIGHT1.5.1.0
2025-11-18 17:54:42,998 [INFO] LogOutputStream:77 - [STDOUT_REDIRECT] 1 : Invalid condition id : UX_CORESTACK_Condition cause : null
2025-11-18 17:54:42,998 [INFO] LogOutputStream:77 - [STDOUT_REDIRECT] 1 : Invalid condition id : UX_CORESTACK_Condition cause : null
2025-11-18 17:54:42,999 [INFO] LogOutputStream:77 - [STDOUT_REDIRECT] 1 : Invalid condition id : UX_CORESTACK_Condition cause : null
2025-11-18 17:54:42,999 [INFO] LogOutputStream:77 - [STDOUT_REDIRECT] 1 : Invalid condition id : UX_CORESTACK_Condition cause : null
2025-11-18 17:54:43,000 [INFO] LogOutputStream:77 - [STDOUT_REDIRECT] 1 : Invalid condition id : UX_CORESTACK_Condition cause : null
2025-11-18 17:54:43,002 [WARN] PackLoader:240 - Cannot read IP mode file for STMicroelectronics.X-CUBE-AZRTOS-WL.2.0.0
2025-11-18 17:54:43,005 [WARN] PackLoader:240 - Cannot read IP mode file for STMicroelectronics.FP-SNS-MOTENV1.5.0.0
2025-11-18 17:54:43,012 [WARN] PackLoader:240 - Cannot read IP mode file for WES.I-CUBE-Cesium.1.3.0
2025-11-18 17:54:43,016 [WARN] PackLoader:240 - Cannot read IP mode file for STMicroelectronics.X-CUBE-BLE2.3.3.0
2025-11-18 17:54:43,020 [WARN] PackLoader:240 - Cannot read IP mode file for STMicroelectronics.X-CUBE-NFC9.1.0.0
2025-11-18 17:54:43,025 [WARN] PackLoader:240 - Cannot read IP mode file for STMicroelectronics.X-CUBE-BLE1.7.1.0
2025-11-18 17:54:43,030 [WARN] PackLoader:240 - Cannot read IP mode file for wolfSSL.I-CUBE-wolfMQTT.1.19.2
2025-11-18 17:54:43,035 [WARN] PackLoader:240 - Cannot read IP mode file for STMicroelectronics.X-CUBE-EEPRMA1.5.2.0
2025-11-18 17:54:43,040 [WARN] PackLoader:240 - Cannot read IP mode file for STMicroelectronics.X-CUBE-ST67W61.1.1.0
2025-11-18 17:54:43,043 [WARN] PackLoader:240 - Cannot read IP mode file for STMicroelectronics.X-CUBE-AI.10.1.0
2025-11-18 17:54:43,073 [WARN] PackLoader:240 - Cannot read IP mode file for STMicroelectronics.X-CUBE-MEMS1.11.2.0
2025-11-18 17:54:43,168 [WARN] PackLoader:240 - Cannot read IP mode file for STMicroelectronics.X-CUBE-AZRTOS-G0.1.1.0
2025-11-18 17:54:43,176 [WARN] PackLoader:240 - Cannot read IP mode file for STMicroelectronics.X-CUBE-SAFEA1.1.2.2
2025-11-18 17:54:43,182 [WARN] PackLoader:240 - Cannot read IP mode file for STMicroelectronics.X-CUBE-NFC4.3.0.0
2025-11-18 17:54:43,191 [WARN] PackLoader:240 - Cannot read IP mode file for EmbeddedOffice.I-CUBE-FS-RTOS.1.0.1
2025-11-18 17:54:43,197 [WARN] PackLoader:240 - Cannot read IP mode file for STMicroelectronics.X-CUBE-WB05N.2.0.0
2025-11-18 17:54:43,201 [WARN] PackLoader:240 - Cannot read IP mode file for wolfSSL.I-CUBE-wolfTPM.3.8.0
2025-11-18 17:54:43,206 [WARN] PackLoader:240 - Cannot read IP mode file for STMicroelectronics.X-CUBE-TCPP.4.2.0
2025-11-18 17:54:43,213 [WARN] PackLoader:240 - Cannot read IP mode file for RealThread.X-CUBE-RT-Thread_Nano.4.1.1
2025-11-18 17:54:43,217 [WARN] PackLoader:240 - Cannot read IP mode file for STMicroelectronics.FP-ATR-SIGFOX1.3.2.0
2025-11-18 17:54:43,221 [WARN] PackLoader:240 - Cannot read IP mode file for STMicroelectronics.X-CUBE-EEPRMA1.5.1.0
2025-11-18 17:54:43,226 [WARN] PackLoader:240 - Cannot read IP mode file for wolfSSL.I-CUBE-wolfSSL.5.7.6
2025-11-18 17:54:43,233 [WARN] PackLoader:240 - Cannot read IP mode file for ITTIA_DB.I-CUBE-ITTIADB.8.9.0
2025-11-18 17:54:43,238 [WARN] PackLoader:240 - Cannot read IP mode file for STMicroelectronics.X-CUBE-ST67W61.1.0.0
2025-11-18 17:54:43,244 [WARN] PackLoader:240 - Cannot read IP mode file for STMicroelectronics.X-CUBE-AI.10.2.0
2025-11-18 17:54:43,266 [WARN] PackLoader:240 - Cannot read IP mode file for SEGGER.I-CUBE-embOS.1.3.1
2025-11-18 17:54:43,317 [WARN] PackLoader:240 - Cannot read IP mode file for STMicroelectronics.X-CUBE-ALGOBUILD.1.4.0
2025-11-18 17:54:43,377 [WARN] PackLoader:240 - Cannot read IP mode file for STMicroelectronics.X-CUBE-MEMS1.11.3.0
2025-11-18 17:54:43,447 [WARN] PackLoader:240 - Cannot read IP mode file for STMicroelectronics.X-CUBE-PM33A1.1.0.0
2025-11-18 17:54:43,458 [WARN] PackLoader:240 - Cannot read IP mode file for STMicroelectronics.X-CUBE-AZRTOS-F4.1.1.0
2025-11-18 17:54:43,463 [WARN] PackLoader:240 - Cannot read IP mode file for Avnet-IotConnect.X-CUBE-IoTC-DA16k-PMOD.1.0.0
2025-11-18 17:54:43,466 [WARN] PackLoader:240 - Cannot read IP mode file for STMicroelectronics.X-CUBE-ISPU.2.1.0
2025-11-18 17:54:43,475 [WARN] PackLoader:240 - Cannot read IP mode file for STMicroelectronics.X-CUBE-IPS.3.2.0
2025-11-18 17:54:43,481 [WARN] PackLoader:240 - Cannot read IP mode file for STMicroelectronics.X-CUBE-NFC12.1.0.0
2025-11-18 17:54:43,490 [WARN] PackLoader:240 - Cannot read IP mode file for STMicroelectronics.X-CUBE-AZRTOS-L5.2.0.0
2025-11-18 17:54:43,496 [WARN] PackLoader:240 - Cannot read IP mode file for STMicroelectronics.X-CUBE-NFC6.3.1.0
2025-11-18 17:54:43,501 [WARN] PackLoader:240 - Cannot read IP mode file for STMicroelectronics.X-CUBE-FREERTOS.1.3.1
2025-11-18 17:54:43,504 [WARN] PackLoader:240 - Cannot read IP mode file for STMicroelectronics.X-CUBE-FREERTOS.1.3.0
2025-11-18 17:54:43,508 [WARN] PackLoader:240 - Cannot read IP mode file for STMicroelectronics.X-CUBE-NFC7.1.0.1
2025-11-18 17:54:43,512 [WARN] PackLoader:240 - Cannot read IP mode file for STMicroelectronics.X-CUBE-TOUCHGFX.4.26.0
2025-11-18 17:54:43,515 [WARN] PackLoader:240 - Cannot read IP mode file for STMicroelectronics.FP-SNS-STAIOTCFT.1.0.0
2025-11-18 17:54:43,519 [WARN] PackLoader:240 - Cannot read IP mode file for STMicroelectronics.X-CUBE-DPower.1.3.0
2025-11-18 17:54:43,528 [WARN] ConditionMgr:438 - getConditionDescription Invalid condition id : LAN8742 Phy interface Condition cause : null
2025-11-18 17:54:43,528 [WARN] PackLoader:240 - Cannot read IP mode file for STMicroelectronics.X-CUBE-AZRTOS-L4.2.0.0
2025-11-18 17:54:43,529 [WARN] ConditionMgr:1044 - genDependencies : Invalid condition id : LAN8742 Phy interface Condition cause : null
2025-11-18 17:54:43,529 [WARN] ConditionMgr:1044 - genDependencies : Invalid condition id : LAN8742 Phy interface Condition cause : null
2025-11-18 17:54:43,529 [WARN] ConditionMgr:1044 - genDependencies : Invalid condition id : LAN8742 Phy interface Condition cause : null
2025-11-18 17:54:43,535 [WARN] PackLoader:240 - Cannot read IP mode file for STMicroelectronics.X-CUBE-SFXS2LP1.4.0.0
2025-11-18 17:54:43,545 [WARN] PackLoader:240 - Cannot read IP mode file for STMicroelectronics.X-CUBE-AZRTOS-H7.3.3.0
2025-11-18 17:54:43,552 [WARN] PackLoader:240 - Cannot read IP mode file for STMicroelectronics.X-CUBE-BLEMGR.4.1.0
2025-11-18 17:54:43,560 [WARN] ConditionMgr:438 - getConditionDescription Invalid condition id : UX DEVICE CLASS RTOS Condition cause : null
2025-11-18 17:54:43,560 [WARN] ConditionMgr:438 - getConditionDescription Invalid condition id : UX DEVICE CLASS RTOS Condition cause : null
2025-11-18 17:54:43,561 [WARN] PackLoader:240 - Cannot read IP mode file for STMicroelectronics.X-CUBE-AZRTOS-WB.2.0.0
2025-11-18 17:54:43,561 [WARN] ConditionMgr:1044 - genDependencies : Invalid condition id : UX DEVICE CLASS RTOS Condition cause : null
2025-11-18 17:54:43,561 [WARN] ConditionMgr:1044 - genDependencies : Invalid condition id : UX DEVICE CLASS RTOS Condition cause : null
2025-11-18 17:54:43,561 [WARN] ConditionMgr:1044 - genDependencies : Invalid condition id : UX DEVICE CLASS RTOS Condition cause : null
2025-11-18 17:54:43,562 [WARN] ConditionMgr:1044 - genDependencies : Invalid condition id : UX DEVICE CLASS RTOS Condition cause : null
2025-11-18 17:54:43,562 [WARN] ConditionMgr:1044 - genDependencies : Invalid condition id : UX DEVICE CLASS RTOS Condition cause : null
2025-11-18 17:54:43,568 [WARN] PackLoader:240 - Cannot read IP mode file for STMicroelectronics.X-CUBE-GNSS1.7.0.1
2025-11-18 17:54:43,571 [WARN] PackLoader:240 - Cannot read IP mode file for STMicroelectronics.X-CUBE-TOUCHGFX.4.25.0
2025-11-18 17:54:43,577 [WARN] PackLoader:240 - Cannot read IP mode file for STMicroelectronics.FP-SNS-STBOX1.2.0.0
2025-11-18 17:54:43,589 [WARN] PackLoader:240 - Cannot read IP mode file for STMicroelectronics.X-CUBE-SUBG2.5.0.0
2025-11-18 17:54:43,602 [WARN] PackLoader:240 - Cannot read IP mode file for STMicroelectronics.X-CUBE-AZRTOS-H7RS.1.1.0
2025-11-18 17:54:43,607 [WARN] PackLoader:240 - Cannot read IP mode file for Cesanta.I-CUBE-Mongoose.7.13.0
2025-11-18 17:54:43,616 [WARN] PackLoader:240 - Cannot read IP mode file for STMicroelectronics.X-CUBE-AZRTOS-G4.2.0.0
2025-11-18 17:54:43,620 [WARN] PackLoader:240 - Cannot read IP mode file for wolfSSL.I-CUBE-wolfSSH.1.4.20
2025-11-18 17:54:43,623 [WARN] PackLoader:240 - Cannot read IP mode file for STMicroelectronics.X-CUBE-NFC7.2.0.0
2025-11-18 17:54:43,633 [WARN] PackLoader:240 - Cannot read IP mode file for STMicroelectronics.X-CUBE-IPS.3.1.0
2025-11-18 17:54:43,640 [WARN] PackLoader:240 - Cannot read IP mode file for STMicroelectronics.X-CUBE-ALS.1.0.2
2025-11-18 17:54:43,644 [WARN] PackLoader:240 - Cannot read IP mode file for STMicroelectronics.X-CUBE-STSE01.1.0.0
2025-11-18 17:54:43,649 [WARN] PackLoader:240 - Cannot read IP mode file for portGmbH.I-Cube-SoM-uGOAL.1.1.0
2025-11-18 17:54:43,656 [WARN] PackLoader:240 - Cannot read IP mode file for STMicroelectronics.X-CUBE-TOF1.3.4.3
2025-11-18 17:54:43,669 [INFO] ThirdParty:978 - Integrity check success = true
2025-11-18 17:54:43,669 [INFO] IntegrityCheckThread:100 - exiting critical section [integrity check]
2025-11-18 17:54:43,670 [INFO] IntegrityCheckThread:103 - End integrity checks thread
2025-11-18 22:17:00,812 [ERROR] LogOutputStream:75 - [STDERR_REDIRECT] 
