2025-09-18 09:09:13,859 [INFO] Activator:176 - 


2025-09-18 09:09:13,864 [INFO] Activator:177 - !SESSION log4j initialized
2025-09-18 09:09:20,285 [INFO] LogOutputStream:77 - [STDOUT_REDIRECT] 
2025-09-18 09:09:22,109 [INFO] ApplicationProperties:184 - Using Application install path: C:\ST\STM32CubeIDE_1.18.1\STM32CubeIDE\plugins\com.st.stm32cube.common.mx_6.15.0.202507011659
2025-09-18 09:09:22,132 [INFO] DbMcusXml:78 - Set database path to: C:\ST\STM32CubeIDE_1.18.1\STM32CubeIDE\plugins\com.st.stm32cube.common.mx_6.15.0.202507011659\\db\/mcu/
2025-09-18 09:09:22,132 [INFO] ApiDb:274 - Set plugin database path to: C:\ST\STM32CubeIDE_1.18.1\STM32CubeIDE\plugins\com.st.stm32cube.common.mx_6.15.0.202507011659\\db\/plugins/boardmanager/
2025-09-18 09:09:22,141 [WARN] ApiDb:259 - Overriding images path with different value:  => C:\ST\STM32CubeIDE_1.18.1\STM32CubeIDE\plugins\com.st.stm32cube.common.mx_6.15.0.202507011659\\db\/plugins/mcufinder/images/
2025-09-18 09:09:22,151 [INFO] ApiDb:250 - Set database path to: C:\Users\dinhh\.stmcufinder\plugins\mcufinder//mcu/
2025-09-18 09:09:22,152 [INFO] DbMcusAds:125 - Set database path to: C:\Users\dinhh\.stmcufinder\plugins\mcufinder//mcu/
2025-09-18 09:09:22,155 [INFO] CrossReferenceDbSqlite:203 - Set database path to: C:\Users\dinhh\.stmcufinder\plugins\mcufinder//mcu/cs/
2025-09-18 09:09:22,259 [INFO] RulesReader:64 - Compatibility file has been processed (317 Rules)
2025-09-18 09:09:22,355 [INFO] DbMcusXml:78 - Set database path to: C:\ST\STM32CubeIDE_1.18.1\STM32CubeIDE\plugins\com.st.stm32cube.common.mx_6.15.0.202507011659\\db\/mcu/
2025-09-18 09:09:22,363 [INFO] ApiDb:274 - Set plugin database path to: C:\ST\STM32CubeIDE_1.18.1\STM32CubeIDE\plugins\com.st.stm32cube.common.mx_6.15.0.202507011659\\db\/plugins/boardmanager/
2025-09-18 09:09:22,363 [INFO] ApiDb:261 - Set plugin images path to: C:\ST\STM32CubeIDE_1.18.1\STM32CubeIDE\plugins\com.st.stm32cube.common.mx_6.15.0.202507011659\\db\/plugins/mcufinder/images/
2025-09-18 09:09:22,364 [WARN] DbFile:41 - Overriding database path with different value: C:\Users\dinhh\.stmcufinder\plugins\mcufinder/ => C:\Users\dinhh\.stmcufinder\plugins\mcufinder
2025-09-18 09:09:22,364 [INFO] ApiDb:250 - Set database path to: C:\Users\dinhh\.stmcufinder\plugins\mcufinder//mcu/
2025-09-18 09:09:22,364 [WARN] DbFile:41 - Overriding database path with different value: C:\Users\dinhh\.stmcufinder\plugins\mcufinder/ => C:\Users\dinhh\.stmcufinder\plugins\mcufinder
2025-09-18 09:09:22,364 [INFO] DbMcusAds:125 - Set database path to: C:\Users\dinhh\.stmcufinder\plugins\mcufinder//mcu/
2025-09-18 09:09:22,364 [WARN] DbFile:41 - Overriding database path with different value: C:\Users\dinhh\.stmcufinder\plugins\mcufinder/ => C:\Users\dinhh\.stmcufinder\plugins\mcufinder
2025-09-18 09:09:22,364 [WARN] DbFile:41 - Overriding database path with different value: C:\Users\dinhh\.stmcufinder\plugins\mcufinder/ => C:\Users\dinhh\.stmcufinder\plugins\mcufinder
2025-09-18 09:09:22,364 [INFO] CrossReferenceDbSqlite:203 - Set database path to: C:\Users\dinhh\.stmcufinder\plugins\mcufinder//mcu/cs/
2025-09-18 09:09:22,463 [INFO] MainPanel:274 - HeapMemory: 268435456
2025-09-18 09:09:22,597 [INFO] DbMcusXml:78 - Set database path to: C:\ST\STM32CubeIDE_1.18.1\STM32CubeIDE\plugins\com.st.stm32cube.common.mx_6.15.0.202507011659\\db\/mcu/
2025-09-18 09:09:22,597 [INFO] ApiDb:274 - Set plugin database path to: C:\ST\STM32CubeIDE_1.18.1\STM32CubeIDE\plugins\com.st.stm32cube.common.mx_6.15.0.202507011659\\db\/plugins/boardmanager/
2025-09-18 09:09:22,597 [INFO] ApiDb:261 - Set plugin images path to: C:\ST\STM32CubeIDE_1.18.1\STM32CubeIDE\plugins\com.st.stm32cube.common.mx_6.15.0.202507011659\\db\/plugins/mcufinder/images/
2025-09-18 09:09:22,598 [WARN] DbFile:41 - Overriding database path with different value: C:\Users\dinhh\.stmcufinder\plugins\mcufinder/ => C:\Users\dinhh\.stmcufinder\plugins\mcufinder
2025-09-18 09:09:22,598 [INFO] ApiDb:250 - Set database path to: C:\Users\dinhh\.stmcufinder\plugins\mcufinder//mcu/
2025-09-18 09:09:22,598 [WARN] DbFile:41 - Overriding database path with different value: C:\Users\dinhh\.stmcufinder\plugins\mcufinder/ => C:\Users\dinhh\.stmcufinder\plugins\mcufinder
2025-09-18 09:09:22,598 [INFO] DbMcusAds:125 - Set database path to: C:\Users\dinhh\.stmcufinder\plugins\mcufinder//mcu/
2025-09-18 09:09:22,600 [WARN] DbFile:41 - Overriding database path with different value: C:\Users\dinhh\.stmcufinder\plugins\mcufinder/ => C:\Users\dinhh\.stmcufinder\plugins\mcufinder
2025-09-18 09:09:22,600 [WARN] DbFile:41 - Overriding database path with different value: C:\Users\dinhh\.stmcufinder\plugins\mcufinder/ => C:\Users\dinhh\.stmcufinder\plugins\mcufinder
2025-09-18 09:09:22,600 [INFO] CrossReferenceDbSqlite:203 - Set database path to: C:\Users\dinhh\.stmcufinder\plugins\mcufinder//mcu/cs/
2025-09-18 09:09:22,621 [INFO] ApplicationProperties:184 - Using Application install path: C:\ST\STM32CubeIDE_1.18.1\STM32CubeIDE\plugins\com.st.stm32cube.common.mx_6.15.0.202507011659
2025-09-18 09:09:22,622 [INFO] PluginManage:196 - Search for loadable plugins [exclusion list=, ]
2025-09-18 09:09:22,624 [INFO] PluginManage:310 - Check plugin analytics
2025-09-18 09:09:22,775 [INFO] AnalyticsPlugin:253 - Accepted Software Licenses: 
2025-09-18 09:09:22,775 [INFO] AnalyticsPlugin:255 - Accepted CMSIS Pack Licenses: 
2025-09-18 09:09:22,775 [INFO] AnalyticsPlugin:257 - Accepted Firmware Licenses: 
2025-09-18 09:09:22,777 [INFO] PluginManage:359 - Loaded plugin analytics (category:tool,tabindex:-1)
2025-09-18 09:09:22,778 [INFO] PluginManage:310 - Check plugin cadmodel
2025-09-18 09:09:22,785 [INFO] CADModel:105 - Init CAD model plugin
2025-09-18 09:09:22,785 [INFO] PluginManage:359 - Loaded plugin cadmodel (category:power,tabindex:5)
2025-09-18 09:09:22,785 [INFO] PluginManage:310 - Check plugin clock
2025-09-18 09:09:22,795 [INFO] PluginManage:359 - Loaded plugin clock (category:base,tabindex:2)
2025-09-18 09:09:22,795 [INFO] PluginManage:310 - Check plugin ddr
2025-09-18 09:09:22,797 [INFO] PluginManage:359 - Loaded plugin ddr (category:tool,tabindex:6)
2025-09-18 09:09:22,797 [INFO] PluginManage:310 - Check plugin filemanager
2025-09-18 09:09:22,944 [INFO] PluginManage:359 - Loaded plugin filemanager (category:base,tabindex:10)
2025-09-18 09:09:22,944 [INFO] PluginManage:310 - Check plugin ipmanager
2025-09-18 09:09:22,950 [INFO] PluginManage:359 - Loaded plugin ipmanager (category:base,tabindex:5)
2025-09-18 09:09:22,950 [INFO] PluginManage:310 - Check plugin lpbam
2025-09-18 09:09:22,957 [INFO] PluginManage:359 - Loaded plugin lpbam (category:base,tabindex:0)
2025-09-18 09:09:22,957 [INFO] PluginManage:310 - Check plugin memorymap
2025-09-18 09:09:22,970 [INFO] PluginManage:359 - Loaded plugin memorymap (category:base,tabindex:4)
2025-09-18 09:09:22,970 [INFO] PluginManage:310 - Check plugin pinoutandconfiguration
2025-09-18 09:09:22,979 [INFO] PluginManage:359 - Loaded plugin pinoutandconfiguration (category:base,tabindex:1)
2025-09-18 09:09:22,979 [INFO] PluginManage:310 - Check plugin pinoutconfig
2025-09-18 09:09:23,056 [WARN] SupportedApi:132 - Cannot load RTOS API schema: s4s-elt-must-match.1: The content of 'definitions' must match (annotation?, (simpleType | complexType)?, (unique | key | keyref)*)). A problem was found starting at: attribute.
2025-09-18 09:09:23,175 [INFO] PluginManage:359 - Loaded plugin pinoutconfig (category:base,tabindex:0)
2025-09-18 09:09:23,175 [INFO] PluginManage:310 - Check plugin power
2025-09-18 09:09:23,184 [INFO] PluginManage:359 - Loaded plugin power (category:power,tabindex:4)
2025-09-18 09:09:23,184 [INFO] PluginManage:310 - Check plugin projectmanager
2025-09-18 09:09:23,197 [INFO] PluginManage:359 - Loaded plugin projectmanager (category:projectmanager,tabindex:4)
2025-09-18 09:09:23,197 [INFO] PluginManage:310 - Check plugin rif
2025-09-18 09:09:23,206 [INFO] PluginManage:359 - Loaded plugin rif (category:base,tabindex:3)
2025-09-18 09:09:23,206 [INFO] PluginManage:310 - Check plugin thirdparty
2025-09-18 09:09:23,324 [INFO] PluginManage:359 - Loaded plugin thirdparty (category:base,tabindex:-1)
2025-09-18 09:09:23,324 [WARN] IntegrityCheckThread:84 - waiting for thirdparty lock release [integrity check]
2025-09-18 09:09:23,325 [INFO] PluginManage:310 - Check plugin tools
2025-09-18 09:09:23,325 [INFO] IntegrityCheckThread:86 - entering critical section [integrity check]
2025-09-18 09:09:23,325 [INFO] ThirdPartyUpdaterWithRetryManager:70 - Updater plugin not ready yet. [1/15]
2025-09-18 09:09:23,328 [INFO] PluginManage:359 - Loaded plugin tools (category:base,tabindex:7)
2025-09-18 09:09:23,328 [INFO] PluginManage:310 - Check plugin tutovideos
2025-09-18 09:09:23,528 [INFO] PluginManage:359 - Loaded plugin tutovideos (category:base,tabindex:-1)
2025-09-18 09:09:23,528 [INFO] PluginManage:310 - Check plugin updater
2025-09-18 09:09:23,547 [INFO] PluginManage:359 - Loaded plugin updater (category:base,tabindex:12)
2025-09-18 09:09:23,547 [INFO] PluginManage:310 - Check plugin userauth
2025-09-18 09:09:23,551 [INFO] UserAuth:118 - Init User Auth plugin
2025-09-18 09:09:23,552 [INFO] PluginManage:359 - Loaded plugin userauth (category:base,tabindex:14)
2025-09-18 09:09:23,552 [INFO] PluginManage:283 - PluginManage : Loaded plugins [18]
2025-09-18 09:09:23,740 [INFO] PinOutPanel:1589 - setPackage(No Configuration,No Configuration)
2025-09-18 09:09:23,816 [INFO] CADModel:165 - CPN selected for project level
2025-09-18 09:09:23,816 [INFO] CADModel:114 - Register for checkConnection events
2025-09-18 09:09:23,833 [INFO] IPUIPlugin:80 - create IPUIPlugin
2025-09-18 09:09:23,833 [INFO] PluginManager:220 - loadIPPluginJar : add adc
2025-09-18 09:09:23,836 [INFO] IPUIPlugin:80 - create IPUIPlugin
2025-09-18 09:09:23,836 [INFO] PluginManager:220 - loadIPPluginJar : add aes
2025-09-18 09:09:23,839 [INFO] IPUIPlugin:80 - create IPUIPlugin
2025-09-18 09:09:23,839 [INFO] PluginManager:220 - loadIPPluginJar : add can
2025-09-18 09:09:23,841 [INFO] IPUIPlugin:80 - create IPUIPlugin
2025-09-18 09:09:23,841 [INFO] PluginManager:220 - loadIPPluginJar : add comp
2025-09-18 09:09:23,842 [INFO] IPUIPlugin:80 - create IPUIPlugin
2025-09-18 09:09:23,842 [INFO] PluginManager:220 - loadIPPluginJar : add cryp
2025-09-18 09:09:23,845 [INFO] IPUIPlugin:80 - create IPUIPlugin
2025-09-18 09:09:23,845 [INFO] PluginManager:220 - loadIPPluginJar : add ddr_ctrl_phy
2025-09-18 09:09:23,849 [INFO] IPUIPlugin:80 - create IPUIPlugin
2025-09-18 09:09:23,849 [INFO] PluginManager:220 - loadIPPluginJar : add dfsdm
2025-09-18 09:09:23,855 [INFO] IPUIPlugin:80 - create IPUIPlugin
2025-09-18 09:09:23,855 [INFO] PluginManager:220 - loadIPPluginJar : add dma
2025-09-18 09:09:23,859 [INFO] IPUIPlugin:80 - create IPUIPlugin
2025-09-18 09:09:23,860 [INFO] PluginManager:220 - loadIPPluginJar : add dma3
2025-09-18 09:09:23,865 [INFO] IPUIPlugin:80 - create IPUIPlugin
2025-09-18 09:09:23,865 [INFO] PluginManager:220 - loadIPPluginJar : add extmemmanager
2025-09-18 09:09:23,867 [INFO] IPUIPlugin:80 - create IPUIPlugin
2025-09-18 09:09:23,867 [INFO] PluginManager:220 - loadIPPluginJar : add fatfs
2025-09-18 09:09:23,871 [INFO] IPUIPlugin:80 - create IPUIPlugin
2025-09-18 09:09:23,871 [INFO] PluginManager:220 - loadIPPluginJar : add fmc
2025-09-18 09:09:23,876 [INFO] IPUIPlugin:80 - create IPUIPlugin
2025-09-18 09:09:23,877 [INFO] PluginManager:220 - loadIPPluginJar : add freertos
2025-09-18 09:09:23,879 [INFO] IPUIPlugin:80 - create IPUIPlugin
2025-09-18 09:09:23,879 [INFO] PluginManager:220 - loadIPPluginJar : add genericplugin
2025-09-18 09:09:23,880 [INFO] IPUIPlugin:80 - create IPUIPlugin
2025-09-18 09:09:23,880 [INFO] PluginManager:220 - loadIPPluginJar : add gfxmmu
2025-09-18 09:09:23,885 [INFO] IPUIPlugin:80 - create IPUIPlugin
2025-09-18 09:09:23,885 [INFO] PluginManager:220 - loadIPPluginJar : add gic
2025-09-18 09:09:23,889 [INFO] IPUIPlugin:80 - create IPUIPlugin
2025-09-18 09:09:23,889 [INFO] PluginManager:220 - loadIPPluginJar : add gpio
2025-09-18 09:09:23,891 [INFO] IPUIPlugin:80 - create IPUIPlugin
2025-09-18 09:09:23,891 [INFO] PluginManager:220 - loadIPPluginJar : add gtzc
2025-09-18 09:09:23,894 [INFO] IPUIPlugin:80 - create IPUIPlugin
2025-09-18 09:09:23,894 [INFO] PluginManager:220 - loadIPPluginJar : add hash
2025-09-18 09:09:23,896 [INFO] IPUIPlugin:80 - create IPUIPlugin
2025-09-18 09:09:23,897 [INFO] PluginManager:220 - loadIPPluginJar : add i2c
2025-09-18 09:09:23,899 [INFO] IPUIPlugin:80 - create IPUIPlugin
2025-09-18 09:09:23,899 [INFO] PluginManager:220 - loadIPPluginJar : add i2s
2025-09-18 09:09:23,902 [INFO] IPUIPlugin:80 - create IPUIPlugin
2025-09-18 09:09:23,903 [INFO] PluginManager:220 - loadIPPluginJar : add i3c
2025-09-18 09:09:23,904 [INFO] IPUIPlugin:80 - create IPUIPlugin
2025-09-18 09:09:23,906 [INFO] PluginManager:220 - loadIPPluginJar : add ipddr
2025-09-18 09:09:23,911 [INFO] IPUIPlugin:80 - create IPUIPlugin
2025-09-18 09:09:23,911 [INFO] PluginManager:220 - loadIPPluginJar : add linkedlist
2025-09-18 09:09:23,914 [INFO] IPUIPlugin:80 - create IPUIPlugin
2025-09-18 09:09:23,914 [INFO] PluginManager:220 - loadIPPluginJar : add lorawan
2025-09-18 09:09:23,916 [INFO] IPUIPlugin:80 - create IPUIPlugin
2025-09-18 09:09:23,916 [INFO] PluginManager:220 - loadIPPluginJar : add ltdc
2025-09-18 09:09:23,921 [INFO] IPUIPlugin:80 - create IPUIPlugin
2025-09-18 09:09:23,921 [INFO] PluginManager:220 - loadIPPluginJar : add mdma
2025-09-18 09:09:23,926 [INFO] IPUIPlugin:80 - create IPUIPlugin
2025-09-18 09:09:23,926 [INFO] PluginManager:220 - loadIPPluginJar : add nvic
2025-09-18 09:09:23,928 [INFO] IPUIPlugin:80 - create IPUIPlugin
2025-09-18 09:09:23,928 [INFO] PluginManager:220 - loadIPPluginJar : add opamp
2025-09-18 09:09:23,930 [INFO] IPUIPlugin:80 - create IPUIPlugin
2025-09-18 09:09:23,930 [INFO] PluginManager:220 - loadIPPluginJar : add openamp
2025-09-18 09:09:23,934 [INFO] IPUIPlugin:80 - create IPUIPlugin
2025-09-18 09:09:23,934 [INFO] PluginManager:220 - loadIPPluginJar : add pdm2pcm
2025-09-18 09:09:23,940 [INFO] IPUIPlugin:80 - create IPUIPlugin
2025-09-18 09:09:23,942 [INFO] PluginManager:220 - loadIPPluginJar : add plateformsettings
2025-09-18 09:09:23,944 [INFO] IPUIPlugin:80 - create IPUIPlugin
2025-09-18 09:09:23,944 [INFO] PluginManager:220 - loadIPPluginJar : add quadspi
2025-09-18 09:09:23,945 [INFO] IPUIPlugin:80 - create IPUIPlugin
2025-09-18 09:09:23,947 [INFO] PluginManager:220 - loadIPPluginJar : add radio
2025-09-18 09:09:23,949 [INFO] IPUIPlugin:80 - create IPUIPlugin
2025-09-18 09:09:23,950 [INFO] PluginManager:220 - loadIPPluginJar : add resmgrutility
2025-09-18 09:09:23,953 [INFO] IPUIPlugin:80 - create IPUIPlugin
2025-09-18 09:09:23,953 [INFO] PluginManager:220 - loadIPPluginJar : add sai
2025-09-18 09:09:23,955 [INFO] IPUIPlugin:80 - create IPUIPlugin
2025-09-18 09:09:23,955 [INFO] PluginManager:220 - loadIPPluginJar : add spi
2025-09-18 09:09:23,960 [INFO] IPUIPlugin:80 - create IPUIPlugin
2025-09-18 09:09:23,960 [INFO] PluginManager:220 - loadIPPluginJar : add stm32_wpan
2025-09-18 09:09:23,961 [INFO] IPUIPlugin:80 - create IPUIPlugin
2025-09-18 09:09:23,961 [INFO] PluginManager:220 - loadIPPluginJar : add tim
2025-09-18 09:09:23,965 [INFO] IPUIPlugin:80 - create IPUIPlugin
2025-09-18 09:09:23,965 [INFO] PluginManager:220 - loadIPPluginJar : add touchsensing
2025-09-18 09:09:23,968 [INFO] IPUIPlugin:80 - create IPUIPlugin
2025-09-18 09:09:23,968 [INFO] PluginManager:220 - loadIPPluginJar : add tracer_emb
2025-09-18 09:09:23,970 [INFO] IPUIPlugin:80 - create IPUIPlugin
2025-09-18 09:09:23,970 [INFO] PluginManager:220 - loadIPPluginJar : add ts
2025-09-18 09:09:23,972 [INFO] IPUIPlugin:80 - create IPUIPlugin
2025-09-18 09:09:23,972 [INFO] PluginManager:220 - loadIPPluginJar : add tsc
2025-09-18 09:09:23,974 [INFO] IPUIPlugin:80 - create IPUIPlugin
2025-09-18 09:09:23,974 [INFO] PluginManager:220 - loadIPPluginJar : add ucpd
2025-09-18 09:09:23,976 [INFO] IPUIPlugin:80 - create IPUIPlugin
2025-09-18 09:09:23,976 [INFO] PluginManager:220 - loadIPPluginJar : add usart
2025-09-18 09:09:23,978 [INFO] IPUIPlugin:80 - create IPUIPlugin
2025-09-18 09:09:23,978 [INFO] PluginManager:220 - loadIPPluginJar : add usbx
2025-09-18 09:09:24,102 [FATAL] Updater:351 - Updater called before beeing initialized
2025-09-18 09:09:24,124 [INFO] RulesReader:64 - Compatibility file has been processed (317 Rules)
2025-09-18 09:09:24,134 [INFO] RulesReader:64 - Compatibility file has been processed (317 Rules)
2025-09-18 09:09:24,140 [INFO] CADModel:165 - CPN selected for project level
2025-09-18 09:09:24,140 [INFO] CADModel:114 - Register for checkConnection events
2025-09-18 09:09:24,140 [FATAL] Updater:351 - Updater called before beeing initialized
2025-09-18 09:09:24,140 [ERROR] CADModel:125 - Updater not yet initialized, retry later 
2025-09-18 09:09:24,271 [FATAL] Updater:351 - Updater called before beeing initialized
2025-09-18 09:09:24,274 [INFO] CADModel:165 - CPN selected for project level
2025-09-18 09:09:24,274 [INFO] CADModel:114 - Register for checkConnection events
2025-09-18 09:09:24,274 [FATAL] Updater:351 - Updater called before beeing initialized
2025-09-18 09:09:24,274 [ERROR] CADModel:125 - Updater not yet initialized, retry later 
2025-09-18 09:09:24,276 [FATAL] Updater:351 - Updater called before beeing initialized
2025-09-18 09:09:24,397 [FATAL] Updater:351 - Updater called before beeing initialized
2025-09-18 09:09:24,400 [INFO] DbMcusAds:53 - JSON generation date=Tue Jul 08 15:14:23 ICT 2025 (1751962463593)
2025-09-18 09:09:24,400 [FATAL] Updater:351 - Updater called before beeing initialized
2025-09-18 09:09:24,433 [WARN] DetailPanel:346 - Failed to get advertising image, set to default
2025-09-18 09:09:24,502 [FATAL] Updater:351 - Updater called before beeing initialized
2025-09-18 09:09:24,503 [FATAL] Updater:351 - Updater called before beeing initialized
2025-09-18 09:09:24,503 [FATAL] Updater:351 - Updater called before beeing initialized
2025-09-18 09:09:24,504 [WARN] DetailPanel:346 - Failed to get advertising image, set to default
2025-09-18 09:09:24,504 [FATAL] Updater:351 - Updater called before beeing initialized
2025-09-18 09:09:24,545 [ERROR] Updater:1198 - MainUpdater not yet initialized. External WinMGr cannot be set.
2025-09-18 09:09:24,546 [INFO] Updater:1134 - Updater Version found : 6.15.0
2025-09-18 09:09:24,563 [INFO] ApplicationProperties:184 - Using Application install path: C:\ST\STM32CubeIDE_1.18.1\STM32CubeIDE\plugins\com.st.stm32cube.common.mx_6.15.0.202507011659
2025-09-18 09:09:26,141 [ERROR] LogOutputStream:75 - [STDERR_REDIRECT] Sep 18, 2025 9:09:26 AM java.util.prefs.WindowsPreferences <init>
2025-09-18 09:09:26,142 [ERROR] LogOutputStream:75 - [STDERR_REDIRECT] WARNING: Could not open/create prefs root node Software\JavaSoft\Prefs at root 0xffffffff80000002. Windows RegCreateKeyEx(...) returned error code 5.
2025-09-18 09:09:26,142 [ERROR] LogOutputStream:75 - [STDERR_REDIRECT] 
2025-09-18 09:09:26,173 [INFO] MainUpdater:525 - Copy updater definitions from MX database
2025-09-18 09:09:26,326 [INFO] ThirdPartyUpdaterWithRetryManager:70 - Updater plugin not ready yet. [2/15]
2025-09-18 09:09:26,600 [INFO] MainUpdater:2872 - connection check result : 10
2025-09-18 09:09:26,600 [INFO] MainUpdater:3604 - Updater definition file requires update
2025-09-18 09:09:26,601 [INFO] MainUpdater:289 - Updater Check For Update Now.
2025-09-18 09:09:26,601 [INFO] MicroXplorer:498 - Change Database Version : DB.6.0.150
2025-09-18 09:09:26,606 [INFO] McuFinderGlobals:63 - Set McuFinder mode to 2 (CubeIDE integrated)
2025-09-18 09:09:26,606 [INFO] UserAuth:487 - Internet connection configuration mode: 1
2025-09-18 09:09:26,620 [INFO] JxBrowserEngine:152 - Initiate JxBrowser Engine with user profile folder
2025-09-18 09:09:26,798 [INFO] ServerAccessManage:452 - Complete download http(s) 200
2025-09-18 09:09:26,799 [INFO] ServerAccessManage:509 - Download File updaters.zip
2025-09-18 09:09:27,010 [INFO] FileExtend:248 - Unzip File : updaters.zip
2025-09-18 09:09:27,010 [INFO] FileExtend:263 - Standard Zip Deflate
2025-09-18 09:09:27,455 [INFO] ServerAccessManage:452 - Complete download http(s) 200
2025-09-18 09:09:27,455 [INFO] ServerAccessManage:509 - Download File PacksControlFlags.xml
2025-09-18 09:09:27,539 [INFO] ServerAccessManage:452 - Complete download http(s) 200
2025-09-18 09:09:27,539 [INFO] ServerAccessManage:509 - Download File cubemx.pidx
2025-09-18 09:09:27,603 [INFO] WebApp:169 - Instantiating new browser for Auth
2025-09-18 09:09:27,668 [INFO] LoadServerUpdatesThread:375 - End of LoadServerUpdate Thread
2025-09-18 09:09:27,867 [INFO] CheckServerUpdateThread:120 - End of CheckServer Thread
2025-09-18 09:09:28,548 [INFO] WebApp:463 - Apply proxy settings
2025-09-18 09:09:28,549 [INFO] WebApp:548 - Chromium requires no authentication
2025-09-18 09:09:28,563 [INFO] WebApp:491 - Direct internet connection detected
2025-09-18 09:09:28,593 [INFO] WebApp:900 - Register for checkConnection events
2025-09-18 09:09:28,593 [INFO] WebApp:463 - Apply proxy settings
2025-09-18 09:09:28,593 [INFO] WebApp:548 - Chromium requires no authentication
2025-09-18 09:09:28,594 [INFO] WebApp:491 - Direct internet connection detected
2025-09-18 09:09:28,762 [INFO] WebApp:225 - Starting web application
2025-09-18 09:09:28,762 [INFO] WebApp:593 - Web application path used C:\ST\STM32CubeIDE_1.18.1\STM32CubeIDE\plugins\com.st.stm32cube.common.mx_6.15.0.202507011659\db\plugins\mcufinder\reactClient1\index.html
2025-09-18 09:09:28,908 [INFO] UserAuth:487 - Internet connection configuration mode: 1
2025-09-18 09:09:29,538 [WARN] PackLoader:240 - Cannot read IP mode file for STMicroelectronics.FP-SNS-MOTENVWB1.1.4.0
2025-09-18 09:09:29,548 [WARN] PackLoader:240 - Cannot read IP mode file for STMicroelectronics.FP-ATR-ASTRA1.2.0.2
2025-09-18 09:09:29,557 [WARN] PackLoader:240 - Cannot read IP mode file for STMicroelectronics.X-CUBE-SMBUS.2.1.0
2025-09-18 09:09:29,562 [WARN] PackLoader:240 - Cannot read IP mode file for STMicroelectronics.X-CUBE-ST60.1.0.0
2025-09-18 09:09:29,586 [WARN] PackLoader:240 - Cannot read IP mode file for STMicroelectronics.X-CUBE-AZRTOS-F7.1.1.0
2025-09-18 09:09:29,612 [WARN] PackLoader:240 - Cannot read IP mode file for Infineon.AIROC-Wi-Fi-Bluetooth-STM32.1.7.0
2025-09-18 09:09:29,634 [WARN] PackLoader:240 - Cannot read IP mode file for STMicroelectronics.X-CUBE-AZRTOS-H7.3.4.0
2025-09-18 09:09:29,645 [WARN] PackLoader:240 - Cannot read IP mode file for STMicroelectronics.X-CUBE-DISPLAY.3.0.0
2025-09-18 09:09:29,656 [WARN] PackLoader:240 - Cannot read IP mode file for STMicroelectronics.X-CUBE-NFC10.1.0.0
2025-09-18 09:09:29,667 [WARN] PackLoader:240 - Cannot read IP mode file for STMicroelectronics.X-CUBE-BLEMGR.4.0.0
2025-09-18 09:09:29,675 [WARN] PackLoader:240 - Cannot read IP mode file for emotas.I-CUBE-CANOPEN.1.3.0
2025-09-18 09:09:29,680 [WARN] ConditionMgr:438 - getConditionDescription Invalid condition id : Cortex-A Device cause : null
2025-09-18 09:09:29,689 [WARN] ConditionMgr:1044 - genDependencies : Invalid condition id : Cortex-A Device cause : null
2025-09-18 09:09:29,690 [WARN] ConditionMgr:1044 - genDependencies : Invalid condition id : Cortex-A Device cause : null
2025-09-18 09:09:29,690 [WARN] ConditionMgr:1044 - genDependencies : Invalid condition id : Cortex-A Device cause : null
2025-09-18 09:09:29,693 [WARN] PackLoader:240 - Cannot read IP mode file for STMicroelectronics.X-CUBE-AI.10.0.0
2025-09-18 09:09:29,699 [WARN] PackLoader:240 - Cannot read IP mode file for STMicroelectronics.FP-SNS-STBOX1.2.1.0
2025-09-18 09:09:29,705 [WARN] PackLoader:240 - Cannot read IP mode file for STMicroelectronics.FP-SNS-SMARTAG2.1.2.0
2025-09-18 09:09:29,711 [WARN] PackLoader:240 - Cannot read IP mode file for STMicroelectronics.FP-SNS-FLIGHT1.5.1.0
2025-09-18 09:09:29,718 [INFO] LogOutputStream:77 - [STDOUT_REDIRECT] 1 : Invalid condition id : UX_CORESTACK_Condition cause : null
2025-09-18 09:09:29,718 [INFO] LogOutputStream:77 - [STDOUT_REDIRECT] 1 : Invalid condition id : UX_CORESTACK_Condition cause : null
2025-09-18 09:09:29,718 [INFO] LogOutputStream:77 - [STDOUT_REDIRECT] 1 : Invalid condition id : UX_CORESTACK_Condition cause : null
2025-09-18 09:09:29,719 [INFO] LogOutputStream:77 - [STDOUT_REDIRECT] 1 : Invalid condition id : UX_CORESTACK_Condition cause : null
2025-09-18 09:09:29,719 [INFO] LogOutputStream:77 - [STDOUT_REDIRECT] 1 : Invalid condition id : UX_CORESTACK_Condition cause : null
2025-09-18 09:09:29,724 [WARN] PackLoader:240 - Cannot read IP mode file for STMicroelectronics.X-CUBE-AZRTOS-WL.2.0.0
2025-09-18 09:09:29,728 [WARN] PackLoader:240 - Cannot read IP mode file for STMicroelectronics.FP-SNS-MOTENV1.5.0.0
2025-09-18 09:09:29,737 [WARN] PackLoader:240 - Cannot read IP mode file for WES.I-CUBE-Cesium.1.3.0
2025-09-18 09:09:29,741 [WARN] PackLoader:240 - Cannot read IP mode file for STMicroelectronics.X-CUBE-BLE2.3.3.0
2025-09-18 09:09:29,746 [WARN] PackLoader:240 - Cannot read IP mode file for STMicroelectronics.X-CUBE-NFC9.1.0.0
2025-09-18 09:09:29,753 [WARN] PackLoader:240 - Cannot read IP mode file for STMicroelectronics.X-CUBE-BLE1.7.1.0
2025-09-18 09:09:29,757 [WARN] PackLoader:240 - Cannot read IP mode file for wolfSSL.I-CUBE-wolfMQTT.1.19.2
2025-09-18 09:09:29,762 [WARN] PackLoader:240 - Cannot read IP mode file for STMicroelectronics.X-CUBE-EEPRMA1.5.2.0
2025-09-18 09:09:29,766 [WARN] PackLoader:240 - Cannot read IP mode file for STMicroelectronics.X-CUBE-AI.10.1.0
2025-09-18 09:09:29,811 [WARN] PackLoader:240 - Cannot read IP mode file for STMicroelectronics.X-CUBE-MEMS1.11.2.0
2025-09-18 09:09:29,886 [INFO] WebApp:191 - Connection restablished
2025-09-18 09:09:29,954 [WARN] PackLoader:240 - Cannot read IP mode file for STMicroelectronics.X-CUBE-AZRTOS-G0.1.1.0
2025-09-18 09:09:29,964 [WARN] PackLoader:240 - Cannot read IP mode file for STMicroelectronics.X-CUBE-SAFEA1.1.2.2
2025-09-18 09:09:29,973 [WARN] PackLoader:240 - Cannot read IP mode file for STMicroelectronics.X-CUBE-NFC4.3.0.0
2025-09-18 09:09:29,984 [WARN] PackLoader:240 - Cannot read IP mode file for EmbeddedOffice.I-CUBE-FS-RTOS.1.0.1
2025-09-18 09:09:29,990 [WARN] PackLoader:240 - Cannot read IP mode file for STMicroelectronics.X-CUBE-WB05N.2.0.0
2025-09-18 09:09:29,995 [WARN] PackLoader:240 - Cannot read IP mode file for wolfSSL.I-CUBE-wolfTPM.3.8.0
2025-09-18 09:09:30,002 [WARN] PackLoader:240 - Cannot read IP mode file for STMicroelectronics.X-CUBE-TCPP.4.2.0
2025-09-18 09:09:30,034 [WARN] PackLoader:240 - Cannot read IP mode file for RealThread.X-CUBE-RT-Thread_Nano.4.1.1
2025-09-18 09:09:30,039 [WARN] PackLoader:240 - Cannot read IP mode file for STMicroelectronics.FP-ATR-SIGFOX1.3.2.0
2025-09-18 09:09:30,049 [WARN] PackLoader:240 - Cannot read IP mode file for STMicroelectronics.X-CUBE-EEPRMA1.5.1.0
2025-09-18 09:09:30,059 [WARN] PackLoader:240 - Cannot read IP mode file for wolfSSL.I-CUBE-wolfSSL.5.7.6
2025-09-18 09:09:30,068 [WARN] PackLoader:240 - Cannot read IP mode file for ITTIA_DB.I-CUBE-ITTIADB.8.9.0
2025-09-18 09:09:30,075 [WARN] PackLoader:240 - Cannot read IP mode file for STMicroelectronics.X-CUBE-ST67W61.1.0.0
2025-09-18 09:09:30,079 [WARN] PackLoader:240 - Cannot read IP mode file for STMicroelectronics.X-CUBE-AI.10.2.0
2025-09-18 09:09:30,102 [WARN] PackLoader:240 - Cannot read IP mode file for SEGGER.I-CUBE-embOS.1.3.1
2025-09-18 09:09:30,142 [WARN] PackLoader:240 - Cannot read IP mode file for STMicroelectronics.X-CUBE-ALGOBUILD.1.4.0
2025-09-18 09:09:30,186 [WARN] PackLoader:240 - Cannot read IP mode file for STMicroelectronics.X-CUBE-MEMS1.11.3.0
2025-09-18 09:09:30,256 [WARN] PackLoader:240 - Cannot read IP mode file for STMicroelectronics.X-CUBE-PM33A1.1.0.0
2025-09-18 09:09:30,268 [WARN] PackLoader:240 - Cannot read IP mode file for STMicroelectronics.X-CUBE-AZRTOS-F4.1.1.0
2025-09-18 09:09:30,274 [WARN] PackLoader:240 - Cannot read IP mode file for Avnet-IotConnect.X-CUBE-IoTC-DA16k-PMOD.1.0.0
2025-09-18 09:09:30,278 [WARN] PackLoader:240 - Cannot read IP mode file for STMicroelectronics.X-CUBE-ISPU.2.1.0
2025-09-18 09:09:30,285 [WARN] PackLoader:240 - Cannot read IP mode file for STMicroelectronics.X-CUBE-NFC12.1.0.0
2025-09-18 09:09:30,296 [WARN] PackLoader:240 - Cannot read IP mode file for STMicroelectronics.X-CUBE-AZRTOS-L5.2.0.0
2025-09-18 09:09:30,303 [WARN] PackLoader:240 - Cannot read IP mode file for STMicroelectronics.X-CUBE-NFC6.3.1.0
2025-09-18 09:09:30,312 [WARN] PackLoader:240 - Cannot read IP mode file for STMicroelectronics.X-CUBE-FREERTOS.1.3.1
2025-09-18 09:09:30,317 [WARN] PackLoader:240 - Cannot read IP mode file for STMicroelectronics.X-CUBE-FREERTOS.1.3.0
2025-09-18 09:09:30,324 [WARN] PackLoader:240 - Cannot read IP mode file for STMicroelectronics.X-CUBE-NFC7.1.0.1
2025-09-18 09:09:30,328 [WARN] PackLoader:240 - Cannot read IP mode file for STMicroelectronics.FP-SNS-STAIOTCFT.1.0.0
2025-09-18 09:09:30,334 [WARN] PackLoader:240 - Cannot read IP mode file for STMicroelectronics.X-CUBE-DPower.1.3.0
2025-09-18 09:09:30,344 [WARN] ConditionMgr:438 - getConditionDescription Invalid condition id : LAN8742 Phy interface Condition cause : null
2025-09-18 09:09:30,346 [WARN] PackLoader:240 - Cannot read IP mode file for STMicroelectronics.X-CUBE-AZRTOS-L4.2.0.0
2025-09-18 09:09:30,346 [WARN] ConditionMgr:1044 - genDependencies : Invalid condition id : LAN8742 Phy interface Condition cause : null
2025-09-18 09:09:30,346 [WARN] ConditionMgr:1044 - genDependencies : Invalid condition id : LAN8742 Phy interface Condition cause : null
2025-09-18 09:09:30,347 [WARN] ConditionMgr:1044 - genDependencies : Invalid condition id : LAN8742 Phy interface Condition cause : null
2025-09-18 09:09:30,351 [WARN] PackLoader:240 - Cannot read IP mode file for STMicroelectronics.X-CUBE-SFXS2LP1.4.0.0
2025-09-18 09:09:30,365 [WARN] PackLoader:240 - Cannot read IP mode file for STMicroelectronics.X-CUBE-AZRTOS-H7.3.3.0
2025-09-18 09:09:30,373 [WARN] PackLoader:240 - Cannot read IP mode file for STMicroelectronics.X-CUBE-BLEMGR.4.1.0
2025-09-18 09:09:30,387 [WARN] ConditionMgr:438 - getConditionDescription Invalid condition id : UX DEVICE CLASS RTOS Condition cause : null
2025-09-18 09:09:30,400 [WARN] ConditionMgr:438 - getConditionDescription Invalid condition id : UX DEVICE CLASS RTOS Condition cause : null
2025-09-18 09:09:30,402 [WARN] PackLoader:240 - Cannot read IP mode file for STMicroelectronics.X-CUBE-AZRTOS-WB.2.0.0
2025-09-18 09:09:30,404 [WARN] ConditionMgr:1044 - genDependencies : Invalid condition id : UX DEVICE CLASS RTOS Condition cause : null
2025-09-18 09:09:30,404 [WARN] ConditionMgr:1044 - genDependencies : Invalid condition id : UX DEVICE CLASS RTOS Condition cause : null
2025-09-18 09:09:30,404 [WARN] ConditionMgr:1044 - genDependencies : Invalid condition id : UX DEVICE CLASS RTOS Condition cause : null
2025-09-18 09:09:30,404 [WARN] ConditionMgr:1044 - genDependencies : Invalid condition id : UX DEVICE CLASS RTOS Condition cause : null
2025-09-18 09:09:30,405 [WARN] ConditionMgr:1044 - genDependencies : Invalid condition id : UX DEVICE CLASS RTOS Condition cause : null
2025-09-18 09:09:30,411 [WARN] PackLoader:240 - Cannot read IP mode file for STMicroelectronics.X-CUBE-GNSS1.7.0.1
2025-09-18 09:09:30,416 [WARN] PackLoader:240 - Cannot read IP mode file for STMicroelectronics.X-CUBE-TOUCHGFX.4.25.0
2025-09-18 09:09:30,421 [WARN] PackLoader:240 - Cannot read IP mode file for STMicroelectronics.FP-SNS-STBOX1.2.0.0
2025-09-18 09:09:30,430 [WARN] PackLoader:240 - Cannot read IP mode file for STMicroelectronics.X-CUBE-SUBG2.5.0.0
2025-09-18 09:09:30,445 [WARN] PackLoader:240 - Cannot read IP mode file for STMicroelectronics.X-CUBE-AZRTOS-H7RS.1.1.0
2025-09-18 09:09:30,450 [WARN] PackLoader:240 - Cannot read IP mode file for Cesanta.I-CUBE-Mongoose.7.13.0
2025-09-18 09:09:30,459 [WARN] PackLoader:240 - Cannot read IP mode file for STMicroelectronics.X-CUBE-AZRTOS-G4.2.0.0
2025-09-18 09:09:30,463 [WARN] PackLoader:240 - Cannot read IP mode file for wolfSSL.I-CUBE-wolfSSH.1.4.20
2025-09-18 09:09:30,467 [WARN] PackLoader:240 - Cannot read IP mode file for STMicroelectronics.X-CUBE-NFC7.2.0.0
2025-09-18 09:09:30,480 [WARN] PackLoader:240 - Cannot read IP mode file for STMicroelectronics.X-CUBE-IPS.3.1.0
2025-09-18 09:09:30,489 [WARN] PackLoader:240 - Cannot read IP mode file for STMicroelectronics.X-CUBE-ALS.1.0.2
2025-09-18 09:09:30,495 [WARN] PackLoader:240 - Cannot read IP mode file for STMicroelectronics.X-CUBE-STSE01.1.0.0
2025-09-18 09:09:30,501 [WARN] PackLoader:240 - Cannot read IP mode file for portGmbH.I-Cube-SoM-uGOAL.1.1.0
2025-09-18 09:09:30,510 [WARN] PackLoader:240 - Cannot read IP mode file for STMicroelectronics.X-CUBE-TOF1.3.4.3
2025-09-18 09:09:30,521 [INFO] ThirdParty:978 - Integrity check success = true
2025-09-18 09:09:30,521 [INFO] IntegrityCheckThread:100 - exiting critical section [integrity check]
2025-09-18 09:09:30,521 [INFO] IntegrityCheckThread:103 - End integrity checks thread
2025-09-18 09:24:19,927 [INFO] WebApp:194 - Connection lost
2025-09-18 09:24:20,495 [INFO] WebApp:191 - Connection restablished
2025-09-18 09:24:28,033 [INFO] WebApp:194 - Connection lost
2025-09-18 09:24:28,362 [INFO] WebApp:191 - Connection restablished
2025-09-18 09:59:24,905 [INFO] WebApp:194 - Connection lost
2025-09-18 09:59:25,156 [INFO] WebApp:191 - Connection restablished
2025-09-18 10:14:44,118 [INFO] WebApp:194 - Connection lost
2025-09-18 10:14:46,111 [INFO] WebApp:191 - Connection restablished
2025-09-18 10:14:46,250 [INFO] WebApp:194 - Connection lost
2025-09-18 10:14:46,704 [INFO] WebApp:191 - Connection restablished
2025-09-18 10:14:49,401 [INFO] WebApp:194 - Connection lost
2025-09-18 10:14:49,934 [INFO] WebApp:191 - Connection restablished
2025-09-18 10:21:52,399 [INFO] WebApp:194 - Connection lost
2025-09-18 10:21:53,839 [INFO] WebApp:191 - Connection restablished
2025-09-18 10:57:47,137 [INFO] WebApp:194 - Connection lost
2025-09-18 10:57:47,375 [INFO] WebApp:191 - Connection restablished
2025-09-18 10:57:50,391 [INFO] WebApp:194 - Connection lost
2025-09-18 10:57:50,532 [INFO] WebApp:191 - Connection restablished
2025-09-18 12:09:27,265 [INFO] WebApp:194 - Connection lost
2025-09-18 12:09:42,810 [INFO] WebApp:191 - Connection restablished
2025-09-18 12:09:43,127 [INFO] WebApp:194 - Connection lost
2025-09-18 12:09:43,146 [INFO] WebApp:191 - Connection restablished
2025-09-18 12:09:46,502 [INFO] WebApp:194 - Connection lost
2025-09-18 12:09:47,047 [INFO] WebApp:191 - Connection restablished
2025-09-18 12:48:46,355 [INFO] WebApp:194 - Connection lost
2025-09-18 12:48:46,715 [INFO] WebApp:191 - Connection restablished
2025-09-18 13:43:56,398 [INFO] WebApp:194 - Connection lost
2025-09-18 13:43:58,786 [INFO] WebApp:191 - Connection restablished
2025-09-18 15:45:54,599 [INFO] WebApp:194 - Connection lost
2025-09-18 15:46:09,257 [INFO] WebApp:191 - Connection restablished
2025-09-18 15:46:10,406 [INFO] WebApp:194 - Connection lost
2025-09-18 15:46:12,515 [INFO] WebApp:191 - Connection restablished
2025-09-18 15:46:19,892 [INFO] WebApp:194 - Connection lost
2025-09-18 15:46:20,052 [INFO] WebApp:191 - Connection restablished
2025-09-18 19:32:41,271 [INFO] WebApp:194 - Connection lost
2025-09-18 19:32:50,987 [INFO] WebApp:191 - Connection restablished
2025-09-18 19:32:52,875 [INFO] WebApp:194 - Connection lost
2025-09-18 19:32:53,044 [INFO] WebApp:191 - Connection restablished
2025-09-18 19:32:55,937 [INFO] WebApp:194 - Connection lost
2025-09-18 19:32:56,084 [INFO] WebApp:191 - Connection restablished
2025-09-18 23:15:07,085 [INFO] WebApp:194 - Connection lost
2025-09-18 23:15:07,398 [INFO] WebApp:191 - Connection restablished
2025-09-18 23:15:15,665 [INFO] WebApp:194 - Connection lost
2025-09-18 23:15:15,813 [INFO] WebApp:191 - Connection restablished
2025-09-18 23:15:18,727 [INFO] WebApp:194 - Connection lost
2025-09-18 23:15:18,860 [INFO] WebApp:191 - Connection restablished
2025-09-18 23:15:24,308 [ERROR] LogOutputStream:75 - [STDERR_REDIRECT] 
