2025-10-15 13:19:56,915 [INFO] Activator:176 - 


2025-10-15 13:19:56,920 [INFO] Activator:177 - !SESSION log4j initialized
2025-10-15 13:20:03,780 [INFO] LogOutputStream:77 - [STDOUT_REDIRECT] 
2025-10-15 13:20:11,549 [INFO] ApplicationProperties:184 - Using Application install path: C:\ST\STM32CubeIDE_1.18.1\STM32CubeIDE\plugins\com.st.stm32cube.common.mx_6.15.0.202507011659
2025-10-15 13:20:11,570 [INFO] DbMcusXml:78 - Set database path to: C:\ST\STM32CubeIDE_1.18.1\STM32CubeIDE\plugins\com.st.stm32cube.common.mx_6.15.0.202507011659\\db\/mcu/
2025-10-15 13:20:11,570 [INFO] ApiDb:274 - Set plugin database path to: C:\ST\STM32CubeIDE_1.18.1\STM32CubeIDE\plugins\com.st.stm32cube.common.mx_6.15.0.202507011659\\db\/plugins/boardmanager/
2025-10-15 13:20:11,580 [WARN] ApiDb:259 - Overriding images path with different value:  => C:\ST\STM32CubeIDE_1.18.1\STM32CubeIDE\plugins\com.st.stm32cube.common.mx_6.15.0.202507011659\\db\/plugins/mcufinder/images/
2025-10-15 13:20:11,588 [INFO] ApiDb:250 - Set database path to: C:\Users\dinhh\.stmcufinder\plugins\mcufinder//mcu/
2025-10-15 13:20:11,589 [INFO] DbMcusAds:125 - Set database path to: C:\Users\dinhh\.stmcufinder\plugins\mcufinder//mcu/
2025-10-15 13:20:11,591 [INFO] CrossReferenceDbSqlite:203 - Set database path to: C:\Users\dinhh\.stmcufinder\plugins\mcufinder//mcu/cs/
2025-10-15 13:20:11,712 [INFO] RulesReader:64 - Compatibility file has been processed (317 Rules)
2025-10-15 13:20:11,803 [INFO] DbMcusXml:78 - Set database path to: C:\ST\STM32CubeIDE_1.18.1\STM32CubeIDE\plugins\com.st.stm32cube.common.mx_6.15.0.202507011659\\db\/mcu/
2025-10-15 13:20:11,803 [INFO] ApiDb:274 - Set plugin database path to: C:\ST\STM32CubeIDE_1.18.1\STM32CubeIDE\plugins\com.st.stm32cube.common.mx_6.15.0.202507011659\\db\/plugins/boardmanager/
2025-10-15 13:20:11,804 [INFO] ApiDb:261 - Set plugin images path to: C:\ST\STM32CubeIDE_1.18.1\STM32CubeIDE\plugins\com.st.stm32cube.common.mx_6.15.0.202507011659\\db\/plugins/mcufinder/images/
2025-10-15 13:20:11,804 [WARN] DbFile:41 - Overriding database path with different value: C:\Users\dinhh\.stmcufinder\plugins\mcufinder/ => C:\Users\dinhh\.stmcufinder\plugins\mcufinder
2025-10-15 13:20:11,804 [INFO] ApiDb:250 - Set database path to: C:\Users\dinhh\.stmcufinder\plugins\mcufinder//mcu/
2025-10-15 13:20:11,804 [WARN] DbFile:41 - Overriding database path with different value: C:\Users\dinhh\.stmcufinder\plugins\mcufinder/ => C:\Users\dinhh\.stmcufinder\plugins\mcufinder
2025-10-15 13:20:11,804 [INFO] DbMcusAds:125 - Set database path to: C:\Users\dinhh\.stmcufinder\plugins\mcufinder//mcu/
2025-10-15 13:20:11,804 [WARN] DbFile:41 - Overriding database path with different value: C:\Users\dinhh\.stmcufinder\plugins\mcufinder/ => C:\Users\dinhh\.stmcufinder\plugins\mcufinder
2025-10-15 13:20:11,804 [WARN] DbFile:41 - Overriding database path with different value: C:\Users\dinhh\.stmcufinder\plugins\mcufinder/ => C:\Users\dinhh\.stmcufinder\plugins\mcufinder
2025-10-15 13:20:11,804 [INFO] CrossReferenceDbSqlite:203 - Set database path to: C:\Users\dinhh\.stmcufinder\plugins\mcufinder//mcu/cs/
2025-10-15 13:20:11,890 [INFO] MainPanel:274 - HeapMemory: 268435456
2025-10-15 13:20:12,006 [INFO] DbMcusXml:78 - Set database path to: C:\ST\STM32CubeIDE_1.18.1\STM32CubeIDE\plugins\com.st.stm32cube.common.mx_6.15.0.202507011659\\db\/mcu/
2025-10-15 13:20:12,006 [INFO] ApiDb:274 - Set plugin database path to: C:\ST\STM32CubeIDE_1.18.1\STM32CubeIDE\plugins\com.st.stm32cube.common.mx_6.15.0.202507011659\\db\/plugins/boardmanager/
2025-10-15 13:20:12,006 [INFO] ApiDb:261 - Set plugin images path to: C:\ST\STM32CubeIDE_1.18.1\STM32CubeIDE\plugins\com.st.stm32cube.common.mx_6.15.0.202507011659\\db\/plugins/mcufinder/images/
2025-10-15 13:20:12,007 [WARN] DbFile:41 - Overriding database path with different value: C:\Users\dinhh\.stmcufinder\plugins\mcufinder/ => C:\Users\dinhh\.stmcufinder\plugins\mcufinder
2025-10-15 13:20:12,007 [INFO] ApiDb:250 - Set database path to: C:\Users\dinhh\.stmcufinder\plugins\mcufinder//mcu/
2025-10-15 13:20:12,007 [WARN] DbFile:41 - Overriding database path with different value: C:\Users\dinhh\.stmcufinder\plugins\mcufinder/ => C:\Users\dinhh\.stmcufinder\plugins\mcufinder
2025-10-15 13:20:12,007 [INFO] DbMcusAds:125 - Set database path to: C:\Users\dinhh\.stmcufinder\plugins\mcufinder//mcu/
2025-10-15 13:20:12,007 [WARN] DbFile:41 - Overriding database path with different value: C:\Users\dinhh\.stmcufinder\plugins\mcufinder/ => C:\Users\dinhh\.stmcufinder\plugins\mcufinder
2025-10-15 13:20:12,007 [WARN] DbFile:41 - Overriding database path with different value: C:\Users\dinhh\.stmcufinder\plugins\mcufinder/ => C:\Users\dinhh\.stmcufinder\plugins\mcufinder
2025-10-15 13:20:12,007 [INFO] CrossReferenceDbSqlite:203 - Set database path to: C:\Users\dinhh\.stmcufinder\plugins\mcufinder//mcu/cs/
2025-10-15 13:20:12,027 [INFO] ApplicationProperties:184 - Using Application install path: C:\ST\STM32CubeIDE_1.18.1\STM32CubeIDE\plugins\com.st.stm32cube.common.mx_6.15.0.202507011659
2025-10-15 13:20:12,028 [INFO] PluginManage:196 - Search for loadable plugins [exclusion list=, ]
2025-10-15 13:20:12,029 [INFO] PluginManage:310 - Check plugin analytics
2025-10-15 13:20:17,157 [INFO] AnalyticsPlugin:253 - Accepted Software Licenses: 
2025-10-15 13:20:17,157 [INFO] AnalyticsPlugin:255 - Accepted CMSIS Pack Licenses: 
2025-10-15 13:20:17,158 [INFO] AnalyticsPlugin:257 - Accepted Firmware Licenses: 
2025-10-15 13:20:17,160 [INFO] PluginManage:359 - Loaded plugin analytics (category:tool,tabindex:-1)
2025-10-15 13:20:17,160 [INFO] PluginManage:310 - Check plugin cadmodel
2025-10-15 13:20:17,169 [INFO] CADModel:105 - Init CAD model plugin
2025-10-15 13:20:17,170 [INFO] PluginManage:359 - Loaded plugin cadmodel (category:power,tabindex:5)
2025-10-15 13:20:17,170 [INFO] PluginManage:310 - Check plugin clock
2025-10-15 13:20:17,180 [INFO] PluginManage:359 - Loaded plugin clock (category:base,tabindex:2)
2025-10-15 13:20:17,181 [INFO] PluginManage:310 - Check plugin ddr
2025-10-15 13:20:17,183 [INFO] PluginManage:359 - Loaded plugin ddr (category:tool,tabindex:6)
2025-10-15 13:20:17,183 [INFO] PluginManage:310 - Check plugin filemanager
2025-10-15 13:20:17,330 [INFO] PluginManage:359 - Loaded plugin filemanager (category:base,tabindex:10)
2025-10-15 13:20:17,330 [INFO] PluginManage:310 - Check plugin ipmanager
2025-10-15 13:20:17,341 [INFO] PluginManage:359 - Loaded plugin ipmanager (category:base,tabindex:5)
2025-10-15 13:20:17,341 [INFO] PluginManage:310 - Check plugin lpbam
2025-10-15 13:20:17,350 [INFO] PluginManage:359 - Loaded plugin lpbam (category:base,tabindex:0)
2025-10-15 13:20:17,350 [INFO] PluginManage:310 - Check plugin memorymap
2025-10-15 13:20:17,365 [INFO] PluginManage:359 - Loaded plugin memorymap (category:base,tabindex:4)
2025-10-15 13:20:17,365 [INFO] PluginManage:310 - Check plugin pinoutandconfiguration
2025-10-15 13:20:17,374 [INFO] PluginManage:359 - Loaded plugin pinoutandconfiguration (category:base,tabindex:1)
2025-10-15 13:20:17,374 [INFO] PluginManage:310 - Check plugin pinoutconfig
2025-10-15 13:20:17,457 [WARN] SupportedApi:132 - Cannot load RTOS API schema: s4s-elt-must-match.1: The content of 'definitions' must match (annotation?, (simpleType | complexType)?, (unique | key | keyref)*)). A problem was found starting at: attribute.
2025-10-15 13:20:17,589 [INFO] PluginManage:359 - Loaded plugin pinoutconfig (category:base,tabindex:0)
2025-10-15 13:20:17,589 [INFO] PluginManage:310 - Check plugin power
2025-10-15 13:20:17,600 [INFO] PluginManage:359 - Loaded plugin power (category:power,tabindex:4)
2025-10-15 13:20:17,600 [INFO] PluginManage:310 - Check plugin projectmanager
2025-10-15 13:20:17,615 [INFO] PluginManage:359 - Loaded plugin projectmanager (category:projectmanager,tabindex:4)
2025-10-15 13:20:17,615 [INFO] PluginManage:310 - Check plugin rif
2025-10-15 13:20:17,626 [INFO] PluginManage:359 - Loaded plugin rif (category:base,tabindex:3)
2025-10-15 13:20:17,626 [INFO] PluginManage:310 - Check plugin thirdparty
2025-10-15 13:20:17,759 [INFO] PluginManage:359 - Loaded plugin thirdparty (category:base,tabindex:-1)
2025-10-15 13:20:17,760 [WARN] IntegrityCheckThread:84 - waiting for thirdparty lock release [integrity check]
2025-10-15 13:20:17,760 [INFO] PluginManage:310 - Check plugin tools
2025-10-15 13:20:17,760 [INFO] IntegrityCheckThread:86 - entering critical section [integrity check]
2025-10-15 13:20:17,760 [INFO] ThirdPartyUpdaterWithRetryManager:70 - Updater plugin not ready yet. [1/15]
2025-10-15 13:20:17,762 [INFO] PluginManage:359 - Loaded plugin tools (category:base,tabindex:7)
2025-10-15 13:20:17,762 [INFO] PluginManage:310 - Check plugin tutovideos
2025-10-15 13:20:17,960 [INFO] PluginManage:359 - Loaded plugin tutovideos (category:base,tabindex:-1)
2025-10-15 13:20:17,960 [INFO] PluginManage:310 - Check plugin updater
2025-10-15 13:20:17,984 [INFO] PluginManage:359 - Loaded plugin updater (category:base,tabindex:12)
2025-10-15 13:20:17,985 [INFO] PluginManage:310 - Check plugin userauth
2025-10-15 13:20:17,989 [INFO] UserAuth:118 - Init User Auth plugin
2025-10-15 13:20:17,990 [INFO] PluginManage:359 - Loaded plugin userauth (category:base,tabindex:14)
2025-10-15 13:20:17,990 [INFO] PluginManage:283 - PluginManage : Loaded plugins [18]
2025-10-15 13:20:18,194 [INFO] PinOutPanel:1589 - setPackage(No Configuration,No Configuration)
2025-10-15 13:20:18,289 [INFO] CADModel:165 - CPN selected for project level
2025-10-15 13:20:18,289 [INFO] CADModel:114 - Register for checkConnection events
2025-10-15 13:20:18,310 [INFO] IPUIPlugin:80 - create IPUIPlugin
2025-10-15 13:20:18,310 [INFO] PluginManager:220 - loadIPPluginJar : add adc
2025-10-15 13:20:18,313 [INFO] IPUIPlugin:80 - create IPUIPlugin
2025-10-15 13:20:18,313 [INFO] PluginManager:220 - loadIPPluginJar : add aes
2025-10-15 13:20:18,316 [INFO] IPUIPlugin:80 - create IPUIPlugin
2025-10-15 13:20:18,316 [INFO] PluginManager:220 - loadIPPluginJar : add can
2025-10-15 13:20:18,318 [INFO] IPUIPlugin:80 - create IPUIPlugin
2025-10-15 13:20:18,318 [INFO] PluginManager:220 - loadIPPluginJar : add comp
2025-10-15 13:20:18,319 [INFO] IPUIPlugin:80 - create IPUIPlugin
2025-10-15 13:20:18,319 [INFO] PluginManager:220 - loadIPPluginJar : add cryp
2025-10-15 13:20:18,323 [INFO] IPUIPlugin:80 - create IPUIPlugin
2025-10-15 13:20:18,324 [INFO] PluginManager:220 - loadIPPluginJar : add ddr_ctrl_phy
2025-10-15 13:20:18,327 [INFO] IPUIPlugin:80 - create IPUIPlugin
2025-10-15 13:20:18,327 [INFO] PluginManager:220 - loadIPPluginJar : add dfsdm
2025-10-15 13:20:18,332 [INFO] IPUIPlugin:80 - create IPUIPlugin
2025-10-15 13:20:18,332 [INFO] PluginManager:220 - loadIPPluginJar : add dma
2025-10-15 13:20:18,335 [INFO] IPUIPlugin:80 - create IPUIPlugin
2025-10-15 13:20:18,335 [INFO] PluginManager:220 - loadIPPluginJar : add dma3
2025-10-15 13:20:18,338 [INFO] IPUIPlugin:80 - create IPUIPlugin
2025-10-15 13:20:18,338 [INFO] PluginManager:220 - loadIPPluginJar : add extmemmanager
2025-10-15 13:20:18,340 [INFO] IPUIPlugin:80 - create IPUIPlugin
2025-10-15 13:20:18,340 [INFO] PluginManager:220 - loadIPPluginJar : add fatfs
2025-10-15 13:20:18,345 [INFO] IPUIPlugin:80 - create IPUIPlugin
2025-10-15 13:20:18,345 [INFO] PluginManager:220 - loadIPPluginJar : add fmc
2025-10-15 13:20:18,351 [INFO] IPUIPlugin:80 - create IPUIPlugin
2025-10-15 13:20:18,351 [INFO] PluginManager:220 - loadIPPluginJar : add freertos
2025-10-15 13:20:18,353 [INFO] IPUIPlugin:80 - create IPUIPlugin
2025-10-15 13:20:18,354 [INFO] PluginManager:220 - loadIPPluginJar : add genericplugin
2025-10-15 13:20:18,355 [INFO] IPUIPlugin:80 - create IPUIPlugin
2025-10-15 13:20:18,355 [INFO] PluginManager:220 - loadIPPluginJar : add gfxmmu
2025-10-15 13:20:18,360 [INFO] IPUIPlugin:80 - create IPUIPlugin
2025-10-15 13:20:18,360 [INFO] PluginManager:220 - loadIPPluginJar : add gic
2025-10-15 13:20:18,365 [INFO] IPUIPlugin:80 - create IPUIPlugin
2025-10-15 13:20:18,365 [INFO] PluginManager:220 - loadIPPluginJar : add gpio
2025-10-15 13:20:18,368 [INFO] IPUIPlugin:80 - create IPUIPlugin
2025-10-15 13:20:18,368 [INFO] PluginManager:220 - loadIPPluginJar : add gtzc
2025-10-15 13:20:18,371 [INFO] IPUIPlugin:80 - create IPUIPlugin
2025-10-15 13:20:18,371 [INFO] PluginManager:220 - loadIPPluginJar : add hash
2025-10-15 13:20:18,375 [INFO] IPUIPlugin:80 - create IPUIPlugin
2025-10-15 13:20:18,375 [INFO] PluginManager:220 - loadIPPluginJar : add i2c
2025-10-15 13:20:18,377 [INFO] IPUIPlugin:80 - create IPUIPlugin
2025-10-15 13:20:18,377 [INFO] PluginManager:220 - loadIPPluginJar : add i2s
2025-10-15 13:20:18,380 [INFO] IPUIPlugin:80 - create IPUIPlugin
2025-10-15 13:20:18,380 [INFO] PluginManager:220 - loadIPPluginJar : add i3c
2025-10-15 13:20:18,384 [INFO] IPUIPlugin:80 - create IPUIPlugin
2025-10-15 13:20:18,384 [INFO] PluginManager:220 - loadIPPluginJar : add ipddr
2025-10-15 13:20:18,391 [INFO] IPUIPlugin:80 - create IPUIPlugin
2025-10-15 13:20:18,391 [INFO] PluginManager:220 - loadIPPluginJar : add linkedlist
2025-10-15 13:20:18,394 [INFO] IPUIPlugin:80 - create IPUIPlugin
2025-10-15 13:20:18,394 [INFO] PluginManager:220 - loadIPPluginJar : add lorawan
2025-10-15 13:20:18,396 [INFO] IPUIPlugin:80 - create IPUIPlugin
2025-10-15 13:20:18,396 [INFO] PluginManager:220 - loadIPPluginJar : add ltdc
2025-10-15 13:20:18,402 [INFO] IPUIPlugin:80 - create IPUIPlugin
2025-10-15 13:20:18,402 [INFO] PluginManager:220 - loadIPPluginJar : add mdma
2025-10-15 13:20:18,405 [INFO] IPUIPlugin:80 - create IPUIPlugin
2025-10-15 13:20:18,405 [INFO] PluginManager:220 - loadIPPluginJar : add nvic
2025-10-15 13:20:18,409 [INFO] IPUIPlugin:80 - create IPUIPlugin
2025-10-15 13:20:18,409 [INFO] PluginManager:220 - loadIPPluginJar : add opamp
2025-10-15 13:20:18,412 [INFO] IPUIPlugin:80 - create IPUIPlugin
2025-10-15 13:20:18,412 [INFO] PluginManager:220 - loadIPPluginJar : add openamp
2025-10-15 13:20:18,415 [INFO] IPUIPlugin:80 - create IPUIPlugin
2025-10-15 13:20:18,415 [INFO] PluginManager:220 - loadIPPluginJar : add pdm2pcm
2025-10-15 13:20:18,421 [INFO] IPUIPlugin:80 - create IPUIPlugin
2025-10-15 13:20:18,424 [INFO] PluginManager:220 - loadIPPluginJar : add plateformsettings
2025-10-15 13:20:18,426 [INFO] IPUIPlugin:80 - create IPUIPlugin
2025-10-15 13:20:18,426 [INFO] PluginManager:220 - loadIPPluginJar : add quadspi
2025-10-15 13:20:18,428 [INFO] IPUIPlugin:80 - create IPUIPlugin
2025-10-15 13:20:18,428 [INFO] PluginManager:220 - loadIPPluginJar : add radio
2025-10-15 13:20:18,432 [INFO] IPUIPlugin:80 - create IPUIPlugin
2025-10-15 13:20:18,432 [INFO] PluginManager:220 - loadIPPluginJar : add resmgrutility
2025-10-15 13:20:18,435 [INFO] IPUIPlugin:80 - create IPUIPlugin
2025-10-15 13:20:18,435 [INFO] PluginManager:220 - loadIPPluginJar : add sai
2025-10-15 13:20:18,437 [INFO] IPUIPlugin:80 - create IPUIPlugin
2025-10-15 13:20:18,437 [INFO] PluginManager:220 - loadIPPluginJar : add spi
2025-10-15 13:20:18,441 [INFO] IPUIPlugin:80 - create IPUIPlugin
2025-10-15 13:20:18,443 [INFO] PluginManager:220 - loadIPPluginJar : add stm32_wpan
2025-10-15 13:20:18,444 [INFO] IPUIPlugin:80 - create IPUIPlugin
2025-10-15 13:20:18,444 [INFO] PluginManager:220 - loadIPPluginJar : add tim
2025-10-15 13:20:18,447 [INFO] IPUIPlugin:80 - create IPUIPlugin
2025-10-15 13:20:18,447 [INFO] PluginManager:220 - loadIPPluginJar : add touchsensing
2025-10-15 13:20:18,449 [INFO] IPUIPlugin:80 - create IPUIPlugin
2025-10-15 13:20:18,449 [INFO] PluginManager:220 - loadIPPluginJar : add tracer_emb
2025-10-15 13:20:18,451 [INFO] IPUIPlugin:80 - create IPUIPlugin
2025-10-15 13:20:18,451 [INFO] PluginManager:220 - loadIPPluginJar : add ts
2025-10-15 13:20:18,452 [INFO] IPUIPlugin:80 - create IPUIPlugin
2025-10-15 13:20:18,452 [INFO] PluginManager:220 - loadIPPluginJar : add tsc
2025-10-15 13:20:18,455 [INFO] IPUIPlugin:80 - create IPUIPlugin
2025-10-15 13:20:18,456 [INFO] PluginManager:220 - loadIPPluginJar : add ucpd
2025-10-15 13:20:18,457 [INFO] IPUIPlugin:80 - create IPUIPlugin
2025-10-15 13:20:18,457 [INFO] PluginManager:220 - loadIPPluginJar : add usart
2025-10-15 13:20:18,461 [INFO] IPUIPlugin:80 - create IPUIPlugin
2025-10-15 13:20:18,461 [INFO] PluginManager:220 - loadIPPluginJar : add usbx
2025-10-15 13:20:18,590 [FATAL] Updater:351 - Updater called before beeing initialized
2025-10-15 13:20:18,619 [INFO] RulesReader:64 - Compatibility file has been processed (317 Rules)
2025-10-15 13:20:18,631 [INFO] RulesReader:64 - Compatibility file has been processed (317 Rules)
2025-10-15 13:20:18,638 [INFO] CADModel:165 - CPN selected for project level
2025-10-15 13:20:18,638 [INFO] CADModel:114 - Register for checkConnection events
2025-10-15 13:20:18,638 [FATAL] Updater:351 - Updater called before beeing initialized
2025-10-15 13:20:18,638 [ERROR] CADModel:125 - Updater not yet initialized, retry later 
2025-10-15 13:20:18,795 [FATAL] Updater:351 - Updater called before beeing initialized
2025-10-15 13:20:18,798 [INFO] CADModel:165 - CPN selected for project level
2025-10-15 13:20:18,798 [INFO] CADModel:114 - Register for checkConnection events
2025-10-15 13:20:18,798 [FATAL] Updater:351 - Updater called before beeing initialized
2025-10-15 13:20:18,798 [ERROR] CADModel:125 - Updater not yet initialized, retry later 
2025-10-15 13:20:18,801 [FATAL] Updater:351 - Updater called before beeing initialized
2025-10-15 13:20:18,936 [FATAL] Updater:351 - Updater called before beeing initialized
2025-10-15 13:20:18,940 [INFO] DbMcusAds:53 - JSON generation date=Thu Oct 02 16:36:05 ICT 2025 (1759397765645)
2025-10-15 13:20:18,940 [FATAL] Updater:351 - Updater called before beeing initialized
2025-10-15 13:20:18,977 [WARN] DetailPanel:346 - Failed to get advertising image, set to default
2025-10-15 13:20:19,057 [FATAL] Updater:351 - Updater called before beeing initialized
2025-10-15 13:20:19,058 [FATAL] Updater:351 - Updater called before beeing initialized
2025-10-15 13:20:19,058 [FATAL] Updater:351 - Updater called before beeing initialized
2025-10-15 13:20:19,058 [WARN] DetailPanel:346 - Failed to get advertising image, set to default
2025-10-15 13:20:19,059 [FATAL] Updater:351 - Updater called before beeing initialized
2025-10-15 13:20:19,104 [ERROR] Updater:1198 - MainUpdater not yet initialized. External WinMGr cannot be set.
2025-10-15 13:20:19,106 [INFO] Updater:1134 - Updater Version found : 6.15.0
2025-10-15 13:20:19,121 [INFO] ApplicationProperties:184 - Using Application install path: C:\ST\STM32CubeIDE_1.18.1\STM32CubeIDE\plugins\com.st.stm32cube.common.mx_6.15.0.202507011659
2025-10-15 13:20:20,696 [ERROR] LogOutputStream:75 - [STDERR_REDIRECT] Oct 15, 2025 1:20:20 PM java.util.prefs.WindowsPreferences <init>
2025-10-15 13:20:20,698 [ERROR] LogOutputStream:75 - [STDERR_REDIRECT] WARNING: Could not open/create prefs root node Software\JavaSoft\Prefs at root 0xffffffff80000002. Windows RegCreateKeyEx(...) returned error code 5.
2025-10-15 13:20:20,698 [ERROR] LogOutputStream:75 - [STDERR_REDIRECT] 
2025-10-15 13:20:20,738 [INFO] MainUpdater:525 - Copy updater definitions from MX database
2025-10-15 13:20:20,762 [INFO] ThirdPartyUpdaterWithRetryManager:70 - Updater plugin not ready yet. [2/15]
2025-10-15 13:20:21,048 [INFO] MainUpdater:2872 - connection check result : 10
2025-10-15 13:20:21,049 [INFO] MainUpdater:3604 - Updater definition file requires update
2025-10-15 13:20:21,050 [INFO] MainUpdater:289 - Updater Check For Update Now.
2025-10-15 13:20:21,050 [INFO] MicroXplorer:498 - Change Database Version : DB.6.0.150
2025-10-15 13:20:21,055 [INFO] McuFinderGlobals:63 - Set McuFinder mode to 2 (CubeIDE integrated)
2025-10-15 13:20:21,055 [INFO] UserAuth:487 - Internet connection configuration mode: 1
2025-10-15 13:20:21,072 [INFO] JxBrowserEngine:152 - Initiate JxBrowser Engine with user profile folder
2025-10-15 13:20:21,190 [INFO] ServerAccessManage:452 - Complete download http(s) 200
2025-10-15 13:20:21,191 [INFO] ServerAccessManage:509 - Download File updaters.zip
2025-10-15 13:20:21,312 [INFO] FileExtend:248 - Unzip File : updaters.zip
2025-10-15 13:20:21,312 [INFO] FileExtend:263 - Standard Zip Deflate
2025-10-15 13:20:21,844 [INFO] ServerAccessManage:452 - Complete download http(s) 200
2025-10-15 13:20:21,844 [INFO] ServerAccessManage:509 - Download File PacksControlFlags.xml
2025-10-15 13:20:21,929 [INFO] ServerAccessManage:452 - Complete download http(s) 200
2025-10-15 13:20:21,930 [INFO] ServerAccessManage:509 - Download File cubemx.pidx
2025-10-15 13:20:22,066 [INFO] WebApp:169 - Instantiating new browser for Auth
2025-10-15 13:20:22,075 [INFO] LoadServerUpdatesThread:375 - End of LoadServerUpdate Thread
2025-10-15 13:20:22,340 [INFO] CheckServerUpdateThread:120 - End of CheckServer Thread
2025-10-15 13:20:23,024 [INFO] WebApp:463 - Apply proxy settings
2025-10-15 13:20:23,025 [INFO] WebApp:548 - Chromium requires no authentication
2025-10-15 13:20:23,040 [INFO] WebApp:491 - Direct internet connection detected
2025-10-15 13:20:23,077 [INFO] WebApp:900 - Register for checkConnection events
2025-10-15 13:20:23,077 [INFO] WebApp:463 - Apply proxy settings
2025-10-15 13:20:23,077 [INFO] WebApp:548 - Chromium requires no authentication
2025-10-15 13:20:23,077 [INFO] WebApp:491 - Direct internet connection detected
2025-10-15 13:20:23,266 [INFO] WebApp:191 - Connection restablished
2025-10-15 13:20:23,321 [INFO] WebApp:225 - Starting web application
2025-10-15 13:20:23,322 [INFO] WebApp:593 - Web application path used C:\ST\STM32CubeIDE_1.18.1\STM32CubeIDE\plugins\com.st.stm32cube.common.mx_6.15.0.202507011659\db\plugins\mcufinder\reactClient1\index.html
2025-10-15 13:20:23,479 [INFO] UserAuth:487 - Internet connection configuration mode: 1
2025-10-15 13:20:24,089 [WARN] PackLoader:240 - Cannot read IP mode file for STMicroelectronics.FP-SNS-MOTENVWB1.1.4.0
2025-10-15 13:20:24,098 [WARN] PackLoader:240 - Cannot read IP mode file for STMicroelectronics.FP-ATR-ASTRA1.2.0.2
2025-10-15 13:20:24,108 [WARN] PackLoader:240 - Cannot read IP mode file for STMicroelectronics.X-CUBE-SMBUS.2.1.0
2025-10-15 13:20:24,116 [WARN] PackLoader:240 - Cannot read IP mode file for STMicroelectronics.X-CUBE-ST60.1.0.0
2025-10-15 13:20:24,157 [WARN] PackLoader:240 - Cannot read IP mode file for STMicroelectronics.X-CUBE-AZRTOS-F7.1.1.0
2025-10-15 13:20:24,195 [WARN] PackLoader:240 - Cannot read IP mode file for Infineon.AIROC-Wi-Fi-Bluetooth-STM32.1.7.0
2025-10-15 13:20:24,228 [WARN] PackLoader:240 - Cannot read IP mode file for STMicroelectronics.X-CUBE-AZRTOS-H7.3.4.0
2025-10-15 13:20:24,243 [WARN] PackLoader:240 - Cannot read IP mode file for STMicroelectronics.X-CUBE-DISPLAY.3.0.0
2025-10-15 13:20:24,258 [WARN] PackLoader:240 - Cannot read IP mode file for STMicroelectronics.X-CUBE-NFC10.1.0.0
2025-10-15 13:20:24,272 [WARN] PackLoader:240 - Cannot read IP mode file for STMicroelectronics.X-CUBE-BLEMGR.4.0.0
2025-10-15 13:20:24,283 [WARN] PackLoader:240 - Cannot read IP mode file for emotas.I-CUBE-CANOPEN.1.3.0
2025-10-15 13:20:24,289 [WARN] ConditionMgr:438 - getConditionDescription Invalid condition id : Cortex-A Device cause : null
2025-10-15 13:20:24,302 [WARN] ConditionMgr:1044 - genDependencies : Invalid condition id : Cortex-A Device cause : null
2025-10-15 13:20:24,302 [WARN] ConditionMgr:1044 - genDependencies : Invalid condition id : Cortex-A Device cause : null
2025-10-15 13:20:24,302 [WARN] ConditionMgr:1044 - genDependencies : Invalid condition id : Cortex-A Device cause : null
2025-10-15 13:20:24,307 [WARN] PackLoader:240 - Cannot read IP mode file for STMicroelectronics.X-CUBE-AI.10.0.0
2025-10-15 13:20:24,315 [WARN] PackLoader:240 - Cannot read IP mode file for STMicroelectronics.FP-SNS-STBOX1.2.1.0
2025-10-15 13:20:24,322 [WARN] PackLoader:240 - Cannot read IP mode file for STMicroelectronics.FP-SNS-SMARTAG2.1.2.0
2025-10-15 13:20:24,328 [WARN] PackLoader:240 - Cannot read IP mode file for STMicroelectronics.FP-SNS-FLIGHT1.5.1.0
2025-10-15 13:20:24,339 [INFO] LogOutputStream:77 - [STDOUT_REDIRECT] 1 : Invalid condition id : UX_CORESTACK_Condition cause : null
2025-10-15 13:20:24,339 [INFO] LogOutputStream:77 - [STDOUT_REDIRECT] 1 : Invalid condition id : UX_CORESTACK_Condition cause : null
2025-10-15 13:20:24,340 [INFO] LogOutputStream:77 - [STDOUT_REDIRECT] 1 : Invalid condition id : UX_CORESTACK_Condition cause : null
2025-10-15 13:20:24,341 [INFO] LogOutputStream:77 - [STDOUT_REDIRECT] 1 : Invalid condition id : UX_CORESTACK_Condition cause : null
2025-10-15 13:20:24,344 [INFO] LogOutputStream:77 - [STDOUT_REDIRECT] 1 : Invalid condition id : UX_CORESTACK_Condition cause : null
2025-10-15 13:20:24,346 [WARN] PackLoader:240 - Cannot read IP mode file for STMicroelectronics.X-CUBE-AZRTOS-WL.2.0.0
2025-10-15 13:20:24,354 [WARN] PackLoader:240 - Cannot read IP mode file for STMicroelectronics.FP-SNS-MOTENV1.5.0.0
2025-10-15 13:20:24,366 [WARN] PackLoader:240 - Cannot read IP mode file for WES.I-CUBE-Cesium.1.3.0
2025-10-15 13:20:24,372 [WARN] PackLoader:240 - Cannot read IP mode file for STMicroelectronics.X-CUBE-BLE2.3.3.0
2025-10-15 13:20:24,380 [WARN] PackLoader:240 - Cannot read IP mode file for STMicroelectronics.X-CUBE-NFC9.1.0.0
2025-10-15 13:20:24,388 [WARN] PackLoader:240 - Cannot read IP mode file for STMicroelectronics.X-CUBE-BLE1.7.1.0
2025-10-15 13:20:24,394 [WARN] PackLoader:240 - Cannot read IP mode file for wolfSSL.I-CUBE-wolfMQTT.1.19.2
2025-10-15 13:20:24,401 [WARN] PackLoader:240 - Cannot read IP mode file for STMicroelectronics.X-CUBE-EEPRMA1.5.2.0
2025-10-15 13:20:24,410 [WARN] PackLoader:240 - Cannot read IP mode file for STMicroelectronics.X-CUBE-ST67W61.1.1.0
2025-10-15 13:20:24,416 [WARN] PackLoader:240 - Cannot read IP mode file for STMicroelectronics.X-CUBE-AI.10.1.0
2025-10-15 13:20:24,458 [WARN] PackLoader:240 - Cannot read IP mode file for STMicroelectronics.X-CUBE-MEMS1.11.2.0
2025-10-15 13:20:24,615 [WARN] PackLoader:240 - Cannot read IP mode file for STMicroelectronics.X-CUBE-AZRTOS-G0.1.1.0
2025-10-15 13:20:24,649 [WARN] PackLoader:240 - Cannot read IP mode file for STMicroelectronics.X-CUBE-SAFEA1.1.2.2
2025-10-15 13:20:24,660 [WARN] PackLoader:240 - Cannot read IP mode file for STMicroelectronics.X-CUBE-NFC4.3.0.0
2025-10-15 13:20:24,671 [WARN] PackLoader:240 - Cannot read IP mode file for EmbeddedOffice.I-CUBE-FS-RTOS.1.0.1
2025-10-15 13:20:24,679 [WARN] PackLoader:240 - Cannot read IP mode file for STMicroelectronics.X-CUBE-WB05N.2.0.0
2025-10-15 13:20:24,684 [WARN] PackLoader:240 - Cannot read IP mode file for wolfSSL.I-CUBE-wolfTPM.3.8.0
2025-10-15 13:20:24,692 [WARN] PackLoader:240 - Cannot read IP mode file for STMicroelectronics.X-CUBE-TCPP.4.2.0
2025-10-15 13:20:24,699 [WARN] PackLoader:240 - Cannot read IP mode file for RealThread.X-CUBE-RT-Thread_Nano.4.1.1
2025-10-15 13:20:24,705 [WARN] PackLoader:240 - Cannot read IP mode file for STMicroelectronics.FP-ATR-SIGFOX1.3.2.0
2025-10-15 13:20:24,712 [WARN] PackLoader:240 - Cannot read IP mode file for STMicroelectronics.X-CUBE-EEPRMA1.5.1.0
2025-10-15 13:20:24,717 [WARN] PackLoader:240 - Cannot read IP mode file for wolfSSL.I-CUBE-wolfSSL.5.7.6
2025-10-15 13:20:24,725 [WARN] PackLoader:240 - Cannot read IP mode file for ITTIA_DB.I-CUBE-ITTIADB.8.9.0
2025-10-15 13:20:24,730 [WARN] PackLoader:240 - Cannot read IP mode file for STMicroelectronics.X-CUBE-ST67W61.1.0.0
2025-10-15 13:20:24,735 [WARN] PackLoader:240 - Cannot read IP mode file for STMicroelectronics.X-CUBE-AI.10.2.0
2025-10-15 13:20:24,761 [WARN] PackLoader:240 - Cannot read IP mode file for SEGGER.I-CUBE-embOS.1.3.1
2025-10-15 13:20:24,798 [WARN] PackLoader:240 - Cannot read IP mode file for STMicroelectronics.X-CUBE-ALGOBUILD.1.4.0
2025-10-15 13:20:24,840 [WARN] PackLoader:240 - Cannot read IP mode file for STMicroelectronics.X-CUBE-MEMS1.11.3.0
2025-10-15 13:20:24,929 [WARN] PackLoader:240 - Cannot read IP mode file for STMicroelectronics.X-CUBE-PM33A1.1.0.0
2025-10-15 13:20:24,944 [WARN] PackLoader:240 - Cannot read IP mode file for STMicroelectronics.X-CUBE-AZRTOS-F4.1.1.0
2025-10-15 13:20:24,955 [WARN] PackLoader:240 - Cannot read IP mode file for Avnet-IotConnect.X-CUBE-IoTC-DA16k-PMOD.1.0.0
2025-10-15 13:20:24,962 [WARN] PackLoader:240 - Cannot read IP mode file for STMicroelectronics.X-CUBE-ISPU.2.1.0
2025-10-15 13:20:24,977 [WARN] PackLoader:240 - Cannot read IP mode file for STMicroelectronics.X-CUBE-IPS.3.2.0
2025-10-15 13:20:24,988 [WARN] PackLoader:240 - Cannot read IP mode file for STMicroelectronics.X-CUBE-NFC12.1.0.0
2025-10-15 13:20:25,005 [WARN] PackLoader:240 - Cannot read IP mode file for STMicroelectronics.X-CUBE-AZRTOS-L5.2.0.0
2025-10-15 13:20:25,016 [WARN] PackLoader:240 - Cannot read IP mode file for STMicroelectronics.X-CUBE-NFC6.3.1.0
2025-10-15 13:20:25,024 [WARN] PackLoader:240 - Cannot read IP mode file for STMicroelectronics.X-CUBE-FREERTOS.1.3.1
2025-10-15 13:20:25,031 [WARN] PackLoader:240 - Cannot read IP mode file for STMicroelectronics.X-CUBE-FREERTOS.1.3.0
2025-10-15 13:20:25,041 [WARN] PackLoader:240 - Cannot read IP mode file for STMicroelectronics.X-CUBE-NFC7.1.0.1
2025-10-15 13:20:25,048 [WARN] PackLoader:240 - Cannot read IP mode file for STMicroelectronics.X-CUBE-TOUCHGFX.4.26.0
2025-10-15 13:20:25,054 [WARN] PackLoader:240 - Cannot read IP mode file for STMicroelectronics.FP-SNS-STAIOTCFT.1.0.0
2025-10-15 13:20:25,060 [WARN] PackLoader:240 - Cannot read IP mode file for STMicroelectronics.X-CUBE-DPower.1.3.0
2025-10-15 13:20:25,081 [WARN] ConditionMgr:438 - getConditionDescription Invalid condition id : LAN8742 Phy interface Condition cause : null
2025-10-15 13:20:25,082 [WARN] PackLoader:240 - Cannot read IP mode file for STMicroelectronics.X-CUBE-AZRTOS-L4.2.0.0
2025-10-15 13:20:25,083 [WARN] ConditionMgr:1044 - genDependencies : Invalid condition id : LAN8742 Phy interface Condition cause : null
2025-10-15 13:20:25,083 [WARN] ConditionMgr:1044 - genDependencies : Invalid condition id : LAN8742 Phy interface Condition cause : null
2025-10-15 13:20:25,084 [WARN] ConditionMgr:1044 - genDependencies : Invalid condition id : LAN8742 Phy interface Condition cause : null
2025-10-15 13:20:25,095 [WARN] PackLoader:240 - Cannot read IP mode file for STMicroelectronics.X-CUBE-SFXS2LP1.4.0.0
2025-10-15 13:20:25,111 [WARN] PackLoader:240 - Cannot read IP mode file for STMicroelectronics.X-CUBE-AZRTOS-H7.3.3.0
2025-10-15 13:20:25,125 [WARN] PackLoader:240 - Cannot read IP mode file for STMicroelectronics.X-CUBE-BLEMGR.4.1.0
2025-10-15 13:20:25,143 [WARN] ConditionMgr:438 - getConditionDescription Invalid condition id : UX DEVICE CLASS RTOS Condition cause : null
2025-10-15 13:20:25,143 [WARN] ConditionMgr:438 - getConditionDescription Invalid condition id : UX DEVICE CLASS RTOS Condition cause : null
2025-10-15 13:20:25,145 [WARN] PackLoader:240 - Cannot read IP mode file for STMicroelectronics.X-CUBE-AZRTOS-WB.2.0.0
2025-10-15 13:20:25,146 [WARN] ConditionMgr:1044 - genDependencies : Invalid condition id : UX DEVICE CLASS RTOS Condition cause : null
2025-10-15 13:20:25,146 [WARN] ConditionMgr:1044 - genDependencies : Invalid condition id : UX DEVICE CLASS RTOS Condition cause : null
2025-10-15 13:20:25,146 [WARN] ConditionMgr:1044 - genDependencies : Invalid condition id : UX DEVICE CLASS RTOS Condition cause : null
2025-10-15 13:20:25,147 [WARN] ConditionMgr:1044 - genDependencies : Invalid condition id : UX DEVICE CLASS RTOS Condition cause : null
2025-10-15 13:20:25,147 [WARN] ConditionMgr:1044 - genDependencies : Invalid condition id : UX DEVICE CLASS RTOS Condition cause : null
2025-10-15 13:20:25,158 [WARN] PackLoader:240 - Cannot read IP mode file for STMicroelectronics.X-CUBE-GNSS1.7.0.1
2025-10-15 13:20:25,165 [WARN] PackLoader:240 - Cannot read IP mode file for STMicroelectronics.X-CUBE-TOUCHGFX.4.25.0
2025-10-15 13:20:25,172 [WARN] PackLoader:240 - Cannot read IP mode file for STMicroelectronics.FP-SNS-STBOX1.2.0.0
2025-10-15 13:20:25,195 [WARN] PackLoader:240 - Cannot read IP mode file for STMicroelectronics.X-CUBE-SUBG2.5.0.0
2025-10-15 13:20:25,221 [WARN] PackLoader:240 - Cannot read IP mode file for STMicroelectronics.X-CUBE-AZRTOS-H7RS.1.1.0
2025-10-15 13:20:25,233 [WARN] PackLoader:240 - Cannot read IP mode file for Cesanta.I-CUBE-Mongoose.7.13.0
2025-10-15 13:20:25,249 [WARN] PackLoader:240 - Cannot read IP mode file for STMicroelectronics.X-CUBE-AZRTOS-G4.2.0.0
2025-10-15 13:20:25,257 [WARN] PackLoader:240 - Cannot read IP mode file for wolfSSL.I-CUBE-wolfSSH.1.4.20
2025-10-15 13:20:25,263 [WARN] PackLoader:240 - Cannot read IP mode file for STMicroelectronics.X-CUBE-NFC7.2.0.0
2025-10-15 13:20:25,290 [WARN] PackLoader:240 - Cannot read IP mode file for STMicroelectronics.X-CUBE-IPS.3.1.0
2025-10-15 13:20:25,320 [WARN] PackLoader:240 - Cannot read IP mode file for STMicroelectronics.X-CUBE-ALS.1.0.2
2025-10-15 13:20:25,338 [WARN] PackLoader:240 - Cannot read IP mode file for STMicroelectronics.X-CUBE-STSE01.1.0.0
2025-10-15 13:20:25,350 [WARN] PackLoader:240 - Cannot read IP mode file for portGmbH.I-Cube-SoM-uGOAL.1.1.0
2025-10-15 13:20:25,366 [WARN] PackLoader:240 - Cannot read IP mode file for STMicroelectronics.X-CUBE-TOF1.3.4.3
2025-10-15 13:20:25,376 [INFO] ThirdParty:978 - Integrity check success = true
2025-10-15 13:20:25,377 [INFO] IntegrityCheckThread:100 - exiting critical section [integrity check]
2025-10-15 13:20:25,377 [INFO] IntegrityCheckThread:103 - End integrity checks thread
2025-10-15 14:05:14,900 [INFO] WebApp:194 - Connection lost
2025-10-15 14:05:15,598 [INFO] WebApp:191 - Connection restablished
2025-10-15 14:15:24,549 [INFO] WebApp:403 - JxBrowser engine has been closed 
2025-10-15 14:17:12,410 [ERROR] LogOutputStream:75 - [STDERR_REDIRECT] 
2025-10-15 14:17:12,411 [ERROR] LogOutputStream:75 - [STDERR_REDIRECT] 
2025-10-15 14:17:24,742 [INFO] Activator:176 - 


2025-10-15 14:17:24,744 [INFO] Activator:177 - !SESSION log4j initialized
2025-10-15 14:17:31,013 [INFO] LogOutputStream:77 - [STDOUT_REDIRECT] 
2025-10-15 14:17:37,446 [INFO] ApplicationProperties:184 - Using Application install path: C:\ST\STM32CubeIDE_1.18.1\STM32CubeIDE\plugins\com.st.stm32cube.common.mx_6.15.0.202507011659
2025-10-15 14:17:37,462 [INFO] DbMcusXml:78 - Set database path to: C:\ST\STM32CubeIDE_1.18.1\STM32CubeIDE\plugins\com.st.stm32cube.common.mx_6.15.0.202507011659\\db\/mcu/
2025-10-15 14:17:37,462 [INFO] ApiDb:274 - Set plugin database path to: C:\ST\STM32CubeIDE_1.18.1\STM32CubeIDE\plugins\com.st.stm32cube.common.mx_6.15.0.202507011659\\db\/plugins/boardmanager/
2025-10-15 14:17:37,462 [WARN] ApiDb:259 - Overriding images path with different value:  => C:\ST\STM32CubeIDE_1.18.1\STM32CubeIDE\plugins\com.st.stm32cube.common.mx_6.15.0.202507011659\\db\/plugins/mcufinder/images/
2025-10-15 14:17:37,466 [INFO] ApiDb:250 - Set database path to: C:\Users\dinhh\.stmcufinder\plugins\mcufinder//mcu/
2025-10-15 14:17:37,467 [INFO] DbMcusAds:125 - Set database path to: C:\Users\dinhh\.stmcufinder\plugins\mcufinder//mcu/
2025-10-15 14:17:37,469 [INFO] CrossReferenceDbSqlite:203 - Set database path to: C:\Users\dinhh\.stmcufinder\plugins\mcufinder//mcu/cs/
2025-10-15 14:17:37,568 [INFO] RulesReader:64 - Compatibility file has been processed (317 Rules)
2025-10-15 14:17:37,638 [INFO] DbMcusXml:78 - Set database path to: C:\ST\STM32CubeIDE_1.18.1\STM32CubeIDE\plugins\com.st.stm32cube.common.mx_6.15.0.202507011659\\db\/mcu/
2025-10-15 14:17:37,638 [INFO] ApiDb:274 - Set plugin database path to: C:\ST\STM32CubeIDE_1.18.1\STM32CubeIDE\plugins\com.st.stm32cube.common.mx_6.15.0.202507011659\\db\/plugins/boardmanager/
2025-10-15 14:17:37,639 [INFO] ApiDb:261 - Set plugin images path to: C:\ST\STM32CubeIDE_1.18.1\STM32CubeIDE\plugins\com.st.stm32cube.common.mx_6.15.0.202507011659\\db\/plugins/mcufinder/images/
2025-10-15 14:17:37,639 [WARN] DbFile:41 - Overriding database path with different value: C:\Users\dinhh\.stmcufinder\plugins\mcufinder/ => C:\Users\dinhh\.stmcufinder\plugins\mcufinder
2025-10-15 14:17:37,639 [INFO] ApiDb:250 - Set database path to: C:\Users\dinhh\.stmcufinder\plugins\mcufinder//mcu/
2025-10-15 14:17:37,639 [WARN] DbFile:41 - Overriding database path with different value: C:\Users\dinhh\.stmcufinder\plugins\mcufinder/ => C:\Users\dinhh\.stmcufinder\plugins\mcufinder
2025-10-15 14:17:37,639 [INFO] DbMcusAds:125 - Set database path to: C:\Users\dinhh\.stmcufinder\plugins\mcufinder//mcu/
2025-10-15 14:17:37,639 [WARN] DbFile:41 - Overriding database path with different value: C:\Users\dinhh\.stmcufinder\plugins\mcufinder/ => C:\Users\dinhh\.stmcufinder\plugins\mcufinder
2025-10-15 14:17:37,639 [WARN] DbFile:41 - Overriding database path with different value: C:\Users\dinhh\.stmcufinder\plugins\mcufinder/ => C:\Users\dinhh\.stmcufinder\plugins\mcufinder
2025-10-15 14:17:37,639 [INFO] CrossReferenceDbSqlite:203 - Set database path to: C:\Users\dinhh\.stmcufinder\plugins\mcufinder//mcu/cs/
2025-10-15 14:17:37,701 [INFO] MainPanel:274 - HeapMemory: 268435456
2025-10-15 14:17:37,762 [INFO] DbMcusXml:78 - Set database path to: C:\ST\STM32CubeIDE_1.18.1\STM32CubeIDE\plugins\com.st.stm32cube.common.mx_6.15.0.202507011659\\db\/mcu/
2025-10-15 14:17:37,762 [INFO] ApiDb:274 - Set plugin database path to: C:\ST\STM32CubeIDE_1.18.1\STM32CubeIDE\plugins\com.st.stm32cube.common.mx_6.15.0.202507011659\\db\/plugins/boardmanager/
2025-10-15 14:17:37,762 [INFO] ApiDb:261 - Set plugin images path to: C:\ST\STM32CubeIDE_1.18.1\STM32CubeIDE\plugins\com.st.stm32cube.common.mx_6.15.0.202507011659\\db\/plugins/mcufinder/images/
2025-10-15 14:17:37,763 [WARN] DbFile:41 - Overriding database path with different value: C:\Users\dinhh\.stmcufinder\plugins\mcufinder/ => C:\Users\dinhh\.stmcufinder\plugins\mcufinder
2025-10-15 14:17:37,763 [INFO] ApiDb:250 - Set database path to: C:\Users\dinhh\.stmcufinder\plugins\mcufinder//mcu/
2025-10-15 14:17:37,763 [WARN] DbFile:41 - Overriding database path with different value: C:\Users\dinhh\.stmcufinder\plugins\mcufinder/ => C:\Users\dinhh\.stmcufinder\plugins\mcufinder
2025-10-15 14:17:37,763 [INFO] DbMcusAds:125 - Set database path to: C:\Users\dinhh\.stmcufinder\plugins\mcufinder//mcu/
2025-10-15 14:17:37,763 [WARN] DbFile:41 - Overriding database path with different value: C:\Users\dinhh\.stmcufinder\plugins\mcufinder/ => C:\Users\dinhh\.stmcufinder\plugins\mcufinder
2025-10-15 14:17:37,763 [WARN] DbFile:41 - Overriding database path with different value: C:\Users\dinhh\.stmcufinder\plugins\mcufinder/ => C:\Users\dinhh\.stmcufinder\plugins\mcufinder
2025-10-15 14:17:37,763 [INFO] CrossReferenceDbSqlite:203 - Set database path to: C:\Users\dinhh\.stmcufinder\plugins\mcufinder//mcu/cs/
2025-10-15 14:17:37,776 [INFO] ApplicationProperties:184 - Using Application install path: C:\ST\STM32CubeIDE_1.18.1\STM32CubeIDE\plugins\com.st.stm32cube.common.mx_6.15.0.202507011659
2025-10-15 14:17:37,777 [INFO] PluginManage:196 - Search for loadable plugins [exclusion list=, ]
2025-10-15 14:17:37,778 [INFO] PluginManage:310 - Check plugin analytics
2025-10-15 14:17:42,895 [INFO] AnalyticsPlugin:253 - Accepted Software Licenses: 
2025-10-15 14:17:42,896 [INFO] AnalyticsPlugin:255 - Accepted CMSIS Pack Licenses: 
2025-10-15 14:17:42,896 [INFO] AnalyticsPlugin:257 - Accepted Firmware Licenses: 
2025-10-15 14:17:42,898 [INFO] PluginManage:359 - Loaded plugin analytics (category:tool,tabindex:-1)
2025-10-15 14:17:42,898 [INFO] PluginManage:310 - Check plugin cadmodel
2025-10-15 14:17:42,901 [INFO] CADModel:105 - Init CAD model plugin
2025-10-15 14:17:42,901 [INFO] PluginManage:359 - Loaded plugin cadmodel (category:power,tabindex:5)
2025-10-15 14:17:42,901 [INFO] PluginManage:310 - Check plugin clock
2025-10-15 14:17:42,907 [INFO] PluginManage:359 - Loaded plugin clock (category:base,tabindex:2)
2025-10-15 14:17:42,907 [INFO] PluginManage:310 - Check plugin ddr
2025-10-15 14:17:42,909 [INFO] PluginManage:359 - Loaded plugin ddr (category:tool,tabindex:6)
2025-10-15 14:17:42,909 [INFO] PluginManage:310 - Check plugin filemanager
2025-10-15 14:17:43,006 [INFO] PluginManage:359 - Loaded plugin filemanager (category:base,tabindex:10)
2025-10-15 14:17:43,006 [INFO] PluginManage:310 - Check plugin ipmanager
2025-10-15 14:17:43,013 [INFO] PluginManage:359 - Loaded plugin ipmanager (category:base,tabindex:5)
2025-10-15 14:17:43,013 [INFO] PluginManage:310 - Check plugin lpbam
2025-10-15 14:17:43,017 [INFO] PluginManage:359 - Loaded plugin lpbam (category:base,tabindex:0)
2025-10-15 14:17:43,017 [INFO] PluginManage:310 - Check plugin memorymap
2025-10-15 14:17:43,026 [INFO] PluginManage:359 - Loaded plugin memorymap (category:base,tabindex:4)
2025-10-15 14:17:43,026 [INFO] PluginManage:310 - Check plugin pinoutandconfiguration
2025-10-15 14:17:43,031 [INFO] PluginManage:359 - Loaded plugin pinoutandconfiguration (category:base,tabindex:1)
2025-10-15 14:17:43,031 [INFO] PluginManage:310 - Check plugin pinoutconfig
2025-10-15 14:17:43,093 [WARN] SupportedApi:132 - Cannot load RTOS API schema: s4s-elt-must-match.1: The content of 'definitions' must match (annotation?, (simpleType | complexType)?, (unique | key | keyref)*)). A problem was found starting at: attribute.
2025-10-15 14:17:43,180 [INFO] PluginManage:359 - Loaded plugin pinoutconfig (category:base,tabindex:0)
2025-10-15 14:17:43,180 [INFO] PluginManage:310 - Check plugin power
2025-10-15 14:17:43,186 [INFO] PluginManage:359 - Loaded plugin power (category:power,tabindex:4)
2025-10-15 14:17:43,186 [INFO] PluginManage:310 - Check plugin projectmanager
2025-10-15 14:17:43,198 [INFO] PluginManage:359 - Loaded plugin projectmanager (category:projectmanager,tabindex:4)
2025-10-15 14:17:43,198 [INFO] PluginManage:310 - Check plugin rif
2025-10-15 14:17:43,204 [INFO] PluginManage:359 - Loaded plugin rif (category:base,tabindex:3)
2025-10-15 14:17:43,204 [INFO] PluginManage:310 - Check plugin thirdparty
2025-10-15 14:17:43,292 [INFO] PluginManage:359 - Loaded plugin thirdparty (category:base,tabindex:-1)
2025-10-15 14:17:43,292 [INFO] PluginManage:310 - Check plugin tools
2025-10-15 14:17:43,292 [WARN] IntegrityCheckThread:84 - waiting for thirdparty lock release [integrity check]
2025-10-15 14:17:43,292 [INFO] IntegrityCheckThread:86 - entering critical section [integrity check]
2025-10-15 14:17:43,292 [INFO] ThirdPartyUpdaterWithRetryManager:70 - Updater plugin not ready yet. [1/15]
2025-10-15 14:17:43,293 [INFO] PluginManage:359 - Loaded plugin tools (category:base,tabindex:7)
2025-10-15 14:17:43,294 [INFO] PluginManage:310 - Check plugin tutovideos
2025-10-15 14:17:43,428 [INFO] PluginManage:359 - Loaded plugin tutovideos (category:base,tabindex:-1)
2025-10-15 14:17:43,429 [INFO] PluginManage:310 - Check plugin updater
2025-10-15 14:17:43,445 [INFO] PluginManage:359 - Loaded plugin updater (category:base,tabindex:12)
2025-10-15 14:17:43,446 [INFO] PluginManage:310 - Check plugin userauth
2025-10-15 14:17:43,449 [INFO] UserAuth:118 - Init User Auth plugin
2025-10-15 14:17:43,449 [INFO] PluginManage:359 - Loaded plugin userauth (category:base,tabindex:14)
2025-10-15 14:17:43,449 [INFO] PluginManage:283 - PluginManage : Loaded plugins [18]
2025-10-15 14:17:43,594 [INFO] PinOutPanel:1589 - setPackage(No Configuration,No Configuration)
2025-10-15 14:17:43,660 [INFO] CADModel:165 - CPN selected for project level
2025-10-15 14:17:43,661 [INFO] CADModel:114 - Register for checkConnection events
2025-10-15 14:17:43,671 [INFO] IPUIPlugin:80 - create IPUIPlugin
2025-10-15 14:17:43,671 [INFO] PluginManager:220 - loadIPPluginJar : add adc
2025-10-15 14:17:43,673 [INFO] IPUIPlugin:80 - create IPUIPlugin
2025-10-15 14:17:43,673 [INFO] PluginManager:220 - loadIPPluginJar : add aes
2025-10-15 14:17:43,676 [INFO] IPUIPlugin:80 - create IPUIPlugin
2025-10-15 14:17:43,676 [INFO] PluginManager:220 - loadIPPluginJar : add can
2025-10-15 14:17:43,677 [INFO] IPUIPlugin:80 - create IPUIPlugin
2025-10-15 14:17:43,677 [INFO] PluginManager:220 - loadIPPluginJar : add comp
2025-10-15 14:17:43,678 [INFO] IPUIPlugin:80 - create IPUIPlugin
2025-10-15 14:17:43,678 [INFO] PluginManager:220 - loadIPPluginJar : add cryp
2025-10-15 14:17:43,680 [INFO] IPUIPlugin:80 - create IPUIPlugin
2025-10-15 14:17:43,680 [INFO] PluginManager:220 - loadIPPluginJar : add ddr_ctrl_phy
2025-10-15 14:17:43,682 [INFO] IPUIPlugin:80 - create IPUIPlugin
2025-10-15 14:17:43,682 [INFO] PluginManager:220 - loadIPPluginJar : add dfsdm
2025-10-15 14:17:43,685 [INFO] IPUIPlugin:80 - create IPUIPlugin
2025-10-15 14:17:43,686 [INFO] PluginManager:220 - loadIPPluginJar : add dma
2025-10-15 14:17:43,687 [INFO] IPUIPlugin:80 - create IPUIPlugin
2025-10-15 14:17:43,688 [INFO] PluginManager:220 - loadIPPluginJar : add dma3
2025-10-15 14:17:43,690 [INFO] IPUIPlugin:80 - create IPUIPlugin
2025-10-15 14:17:43,690 [INFO] PluginManager:220 - loadIPPluginJar : add extmemmanager
2025-10-15 14:17:43,691 [INFO] IPUIPlugin:80 - create IPUIPlugin
2025-10-15 14:17:43,691 [INFO] PluginManager:220 - loadIPPluginJar : add fatfs
2025-10-15 14:17:43,694 [INFO] IPUIPlugin:80 - create IPUIPlugin
2025-10-15 14:17:43,694 [INFO] PluginManager:220 - loadIPPluginJar : add fmc
2025-10-15 14:17:43,699 [INFO] IPUIPlugin:80 - create IPUIPlugin
2025-10-15 14:17:43,699 [INFO] PluginManager:220 - loadIPPluginJar : add freertos
2025-10-15 14:17:43,700 [INFO] IPUIPlugin:80 - create IPUIPlugin
2025-10-15 14:17:43,701 [INFO] PluginManager:220 - loadIPPluginJar : add genericplugin
2025-10-15 14:17:43,702 [INFO] IPUIPlugin:80 - create IPUIPlugin
2025-10-15 14:17:43,702 [INFO] PluginManager:220 - loadIPPluginJar : add gfxmmu
2025-10-15 14:17:43,705 [INFO] IPUIPlugin:80 - create IPUIPlugin
2025-10-15 14:17:43,712 [INFO] PluginManager:220 - loadIPPluginJar : add gic
2025-10-15 14:17:43,715 [INFO] IPUIPlugin:80 - create IPUIPlugin
2025-10-15 14:17:43,716 [INFO] PluginManager:220 - loadIPPluginJar : add gpio
2025-10-15 14:17:43,718 [INFO] IPUIPlugin:80 - create IPUIPlugin
2025-10-15 14:17:43,718 [INFO] PluginManager:220 - loadIPPluginJar : add gtzc
2025-10-15 14:17:43,720 [INFO] IPUIPlugin:80 - create IPUIPlugin
2025-10-15 14:17:43,720 [INFO] PluginManager:220 - loadIPPluginJar : add hash
2025-10-15 14:17:43,722 [INFO] IPUIPlugin:80 - create IPUIPlugin
2025-10-15 14:17:43,722 [INFO] PluginManager:220 - loadIPPluginJar : add i2c
2025-10-15 14:17:43,723 [INFO] IPUIPlugin:80 - create IPUIPlugin
2025-10-15 14:17:43,723 [INFO] PluginManager:220 - loadIPPluginJar : add i2s
2025-10-15 14:17:43,727 [INFO] IPUIPlugin:80 - create IPUIPlugin
2025-10-15 14:17:43,727 [INFO] PluginManager:220 - loadIPPluginJar : add i3c
2025-10-15 14:17:43,729 [INFO] IPUIPlugin:80 - create IPUIPlugin
2025-10-15 14:17:43,729 [INFO] PluginManager:220 - loadIPPluginJar : add ipddr
2025-10-15 14:17:43,733 [INFO] IPUIPlugin:80 - create IPUIPlugin
2025-10-15 14:17:43,733 [INFO] PluginManager:220 - loadIPPluginJar : add linkedlist
2025-10-15 14:17:43,735 [INFO] IPUIPlugin:80 - create IPUIPlugin
2025-10-15 14:17:43,735 [INFO] PluginManager:220 - loadIPPluginJar : add lorawan
2025-10-15 14:17:43,736 [INFO] IPUIPlugin:80 - create IPUIPlugin
2025-10-15 14:17:43,736 [INFO] PluginManager:220 - loadIPPluginJar : add ltdc
2025-10-15 14:17:43,739 [INFO] IPUIPlugin:80 - create IPUIPlugin
2025-10-15 14:17:43,739 [INFO] PluginManager:220 - loadIPPluginJar : add mdma
2025-10-15 14:17:43,741 [INFO] IPUIPlugin:80 - create IPUIPlugin
2025-10-15 14:17:43,741 [INFO] PluginManager:220 - loadIPPluginJar : add nvic
2025-10-15 14:17:43,743 [INFO] IPUIPlugin:80 - create IPUIPlugin
2025-10-15 14:17:43,743 [INFO] PluginManager:220 - loadIPPluginJar : add opamp
2025-10-15 14:17:43,745 [INFO] IPUIPlugin:80 - create IPUIPlugin
2025-10-15 14:17:43,745 [INFO] PluginManager:220 - loadIPPluginJar : add openamp
2025-10-15 14:17:43,747 [INFO] IPUIPlugin:80 - create IPUIPlugin
2025-10-15 14:17:43,747 [INFO] PluginManager:220 - loadIPPluginJar : add pdm2pcm
2025-10-15 14:17:43,752 [INFO] IPUIPlugin:80 - create IPUIPlugin
2025-10-15 14:17:43,754 [INFO] PluginManager:220 - loadIPPluginJar : add plateformsettings
2025-10-15 14:17:43,754 [INFO] IPUIPlugin:80 - create IPUIPlugin
2025-10-15 14:17:43,754 [INFO] PluginManager:220 - loadIPPluginJar : add quadspi
2025-10-15 14:17:43,756 [INFO] IPUIPlugin:80 - create IPUIPlugin
2025-10-15 14:17:43,757 [INFO] PluginManager:220 - loadIPPluginJar : add radio
2025-10-15 14:17:43,759 [INFO] IPUIPlugin:80 - create IPUIPlugin
2025-10-15 14:17:43,759 [INFO] PluginManager:220 - loadIPPluginJar : add resmgrutility
2025-10-15 14:17:43,761 [INFO] IPUIPlugin:80 - create IPUIPlugin
2025-10-15 14:17:43,761 [INFO] PluginManager:220 - loadIPPluginJar : add sai
2025-10-15 14:17:43,762 [INFO] IPUIPlugin:80 - create IPUIPlugin
2025-10-15 14:17:43,762 [INFO] PluginManager:220 - loadIPPluginJar : add spi
2025-10-15 14:17:43,768 [INFO] IPUIPlugin:80 - create IPUIPlugin
2025-10-15 14:17:43,768 [INFO] PluginManager:220 - loadIPPluginJar : add stm32_wpan
2025-10-15 14:17:43,769 [INFO] IPUIPlugin:80 - create IPUIPlugin
2025-10-15 14:17:43,769 [INFO] PluginManager:220 - loadIPPluginJar : add tim
2025-10-15 14:17:43,771 [INFO] IPUIPlugin:80 - create IPUIPlugin
2025-10-15 14:17:43,771 [INFO] PluginManager:220 - loadIPPluginJar : add touchsensing
2025-10-15 14:17:43,772 [INFO] IPUIPlugin:80 - create IPUIPlugin
2025-10-15 14:17:43,772 [INFO] PluginManager:220 - loadIPPluginJar : add tracer_emb
2025-10-15 14:17:43,773 [INFO] IPUIPlugin:80 - create IPUIPlugin
2025-10-15 14:17:43,773 [INFO] PluginManager:220 - loadIPPluginJar : add ts
2025-10-15 14:17:43,774 [INFO] IPUIPlugin:80 - create IPUIPlugin
2025-10-15 14:17:43,774 [INFO] PluginManager:220 - loadIPPluginJar : add tsc
2025-10-15 14:17:43,777 [INFO] IPUIPlugin:80 - create IPUIPlugin
2025-10-15 14:17:43,777 [INFO] PluginManager:220 - loadIPPluginJar : add ucpd
2025-10-15 14:17:43,778 [INFO] IPUIPlugin:80 - create IPUIPlugin
2025-10-15 14:17:43,778 [INFO] PluginManager:220 - loadIPPluginJar : add usart
2025-10-15 14:17:43,780 [INFO] IPUIPlugin:80 - create IPUIPlugin
2025-10-15 14:17:43,780 [INFO] PluginManager:220 - loadIPPluginJar : add usbx
2025-10-15 14:17:43,904 [FATAL] Updater:351 - Updater called before beeing initialized
2025-10-15 14:17:43,923 [INFO] RulesReader:64 - Compatibility file has been processed (317 Rules)
2025-10-15 14:17:43,932 [INFO] RulesReader:64 - Compatibility file has been processed (317 Rules)
2025-10-15 14:17:43,938 [INFO] CADModel:165 - CPN selected for project level
2025-10-15 14:17:43,938 [INFO] CADModel:114 - Register for checkConnection events
2025-10-15 14:17:43,939 [FATAL] Updater:351 - Updater called before beeing initialized
2025-10-15 14:17:43,939 [ERROR] CADModel:125 - Updater not yet initialized, retry later 
2025-10-15 14:17:44,039 [FATAL] Updater:351 - Updater called before beeing initialized
2025-10-15 14:17:44,040 [INFO] CADModel:165 - CPN selected for project level
2025-10-15 14:17:44,040 [INFO] CADModel:114 - Register for checkConnection events
2025-10-15 14:17:44,040 [FATAL] Updater:351 - Updater called before beeing initialized
2025-10-15 14:17:44,040 [ERROR] CADModel:125 - Updater not yet initialized, retry later 
2025-10-15 14:17:44,042 [FATAL] Updater:351 - Updater called before beeing initialized
2025-10-15 14:17:44,135 [FATAL] Updater:351 - Updater called before beeing initialized
2025-10-15 14:17:44,138 [INFO] DbMcusAds:53 - JSON generation date=Thu Oct 02 16:36:05 ICT 2025 (1759397765645)
2025-10-15 14:17:44,138 [FATAL] Updater:351 - Updater called before beeing initialized
2025-10-15 14:17:44,164 [WARN] DetailPanel:346 - Failed to get advertising image, set to default
2025-10-15 14:17:44,247 [FATAL] Updater:351 - Updater called before beeing initialized
2025-10-15 14:17:44,249 [FATAL] Updater:351 - Updater called before beeing initialized
2025-10-15 14:17:44,249 [FATAL] Updater:351 - Updater called before beeing initialized
2025-10-15 14:17:44,249 [WARN] DetailPanel:346 - Failed to get advertising image, set to default
2025-10-15 14:17:44,249 [FATAL] Updater:351 - Updater called before beeing initialized
2025-10-15 14:17:44,285 [ERROR] Updater:1198 - MainUpdater not yet initialized. External WinMGr cannot be set.
2025-10-15 14:17:44,287 [INFO] Updater:1134 - Updater Version found : 6.15.0
2025-10-15 14:17:44,298 [INFO] ApplicationProperties:184 - Using Application install path: C:\ST\STM32CubeIDE_1.18.1\STM32CubeIDE\plugins\com.st.stm32cube.common.mx_6.15.0.202507011659
2025-10-15 14:17:45,865 [ERROR] LogOutputStream:75 - [STDERR_REDIRECT] Oct 15, 2025 2:17:45 PM java.util.prefs.WindowsPreferences <init>
2025-10-15 14:17:45,866 [ERROR] LogOutputStream:75 - [STDERR_REDIRECT] WARNING: Could not open/create prefs root node Software\JavaSoft\Prefs at root 0xffffffff80000002. Windows RegCreateKeyEx(...) returned error code 5.
2025-10-15 14:17:45,866 [ERROR] LogOutputStream:75 - [STDERR_REDIRECT] 
2025-10-15 14:17:46,144 [INFO] MainUpdater:2872 - connection check result : 10
2025-10-15 14:17:46,145 [INFO] MainUpdater:289 - Updater Check For Update Now.
2025-10-15 14:17:46,145 [INFO] MicroXplorer:498 - Change Database Version : DB.6.0.150
2025-10-15 14:17:46,148 [INFO] McuFinderGlobals:63 - Set McuFinder mode to 2 (CubeIDE integrated)
2025-10-15 14:17:46,150 [INFO] UserAuth:487 - Internet connection configuration mode: 1
2025-10-15 14:17:46,162 [INFO] JxBrowserEngine:152 - Initiate JxBrowser Engine with user profile folder
2025-10-15 14:17:46,294 [WARN] MainUpdater:1193 - Updater busy. Cannot search thirdparties
2025-10-15 14:17:46,294 [INFO] ThirdPartyUpdaterWithRetryManager:96 - Updater plugin is busy. [1/15]
2025-10-15 14:17:46,305 [INFO] CheckServerUpdateThread:120 - End of CheckServer Thread
2025-10-15 14:17:46,667 [INFO] WebApp:169 - Instantiating new browser for Auth
2025-10-15 14:17:47,281 [INFO] WebApp:463 - Apply proxy settings
2025-10-15 14:17:47,281 [INFO] WebApp:548 - Chromium requires no authentication
2025-10-15 14:17:47,289 [INFO] WebApp:491 - Direct internet connection detected
2025-10-15 14:17:47,309 [INFO] WebApp:900 - Register for checkConnection events
2025-10-15 14:17:47,310 [INFO] WebApp:463 - Apply proxy settings
2025-10-15 14:17:47,310 [INFO] WebApp:548 - Chromium requires no authentication
2025-10-15 14:17:47,310 [INFO] WebApp:491 - Direct internet connection detected
2025-10-15 14:17:47,455 [INFO] WebApp:225 - Starting web application
2025-10-15 14:17:47,455 [INFO] WebApp:593 - Web application path used C:\ST\STM32CubeIDE_1.18.1\STM32CubeIDE\plugins\com.st.stm32cube.common.mx_6.15.0.202507011659\db\plugins\mcufinder\reactClient1\index.html
2025-10-15 14:17:47,530 [INFO] UserAuth:487 - Internet connection configuration mode: 1
2025-10-15 14:17:47,589 [INFO] WebApp:191 - Connection restablished
2025-10-15 14:17:49,529 [WARN] PackLoader:240 - Cannot read IP mode file for STMicroelectronics.FP-SNS-MOTENVWB1.1.4.0
2025-10-15 14:17:49,536 [WARN] PackLoader:240 - Cannot read IP mode file for STMicroelectronics.FP-ATR-ASTRA1.2.0.2
2025-10-15 14:17:49,544 [WARN] PackLoader:240 - Cannot read IP mode file for STMicroelectronics.X-CUBE-SMBUS.2.1.0
2025-10-15 14:17:49,550 [WARN] PackLoader:240 - Cannot read IP mode file for STMicroelectronics.X-CUBE-ST60.1.0.0
2025-10-15 14:17:49,576 [WARN] PackLoader:240 - Cannot read IP mode file for STMicroelectronics.X-CUBE-AZRTOS-F7.1.1.0
2025-10-15 14:17:49,606 [WARN] PackLoader:240 - Cannot read IP mode file for Infineon.AIROC-Wi-Fi-Bluetooth-STM32.1.7.0
2025-10-15 14:17:49,636 [WARN] PackLoader:240 - Cannot read IP mode file for STMicroelectronics.X-CUBE-AZRTOS-H7.3.4.0
2025-10-15 14:17:49,648 [WARN] PackLoader:240 - Cannot read IP mode file for STMicroelectronics.X-CUBE-DISPLAY.3.0.0
2025-10-15 14:17:49,661 [WARN] PackLoader:240 - Cannot read IP mode file for STMicroelectronics.X-CUBE-NFC10.1.0.0
2025-10-15 14:17:49,671 [WARN] PackLoader:240 - Cannot read IP mode file for STMicroelectronics.X-CUBE-BLEMGR.4.0.0
2025-10-15 14:17:49,679 [WARN] PackLoader:240 - Cannot read IP mode file for emotas.I-CUBE-CANOPEN.1.3.0
2025-10-15 14:17:49,684 [WARN] ConditionMgr:438 - getConditionDescription Invalid condition id : Cortex-A Device cause : null
2025-10-15 14:17:49,697 [WARN] ConditionMgr:1044 - genDependencies : Invalid condition id : Cortex-A Device cause : null
2025-10-15 14:17:49,697 [WARN] ConditionMgr:1044 - genDependencies : Invalid condition id : Cortex-A Device cause : null
2025-10-15 14:17:49,697 [WARN] ConditionMgr:1044 - genDependencies : Invalid condition id : Cortex-A Device cause : null
2025-10-15 14:17:49,701 [WARN] PackLoader:240 - Cannot read IP mode file for STMicroelectronics.X-CUBE-AI.10.0.0
2025-10-15 14:17:49,719 [WARN] PackLoader:240 - Cannot read IP mode file for STMicroelectronics.FP-SNS-STBOX1.2.1.0
2025-10-15 14:17:49,729 [WARN] PackLoader:240 - Cannot read IP mode file for STMicroelectronics.FP-SNS-SMARTAG2.1.2.0
2025-10-15 14:17:49,734 [WARN] PackLoader:240 - Cannot read IP mode file for STMicroelectronics.FP-SNS-FLIGHT1.5.1.0
2025-10-15 14:17:49,746 [INFO] LogOutputStream:77 - [STDOUT_REDIRECT] 1 : Invalid condition id : UX_CORESTACK_Condition cause : null
2025-10-15 14:17:49,746 [INFO] LogOutputStream:77 - [STDOUT_REDIRECT] 1 : Invalid condition id : UX_CORESTACK_Condition cause : null
2025-10-15 14:17:49,747 [INFO] LogOutputStream:77 - [STDOUT_REDIRECT] 1 : Invalid condition id : UX_CORESTACK_Condition cause : null
2025-10-15 14:17:49,748 [INFO] LogOutputStream:77 - [STDOUT_REDIRECT] 1 : Invalid condition id : UX_CORESTACK_Condition cause : null
2025-10-15 14:17:49,749 [INFO] LogOutputStream:77 - [STDOUT_REDIRECT] 1 : Invalid condition id : UX_CORESTACK_Condition cause : null
2025-10-15 14:17:49,752 [WARN] PackLoader:240 - Cannot read IP mode file for STMicroelectronics.X-CUBE-AZRTOS-WL.2.0.0
2025-10-15 14:17:49,759 [WARN] PackLoader:240 - Cannot read IP mode file for STMicroelectronics.FP-SNS-MOTENV1.5.0.0
2025-10-15 14:17:49,768 [WARN] PackLoader:240 - Cannot read IP mode file for WES.I-CUBE-Cesium.1.3.0
2025-10-15 14:17:49,793 [WARN] PackLoader:240 - Cannot read IP mode file for STMicroelectronics.X-CUBE-BLE2.3.3.0
2025-10-15 14:17:49,800 [WARN] PackLoader:240 - Cannot read IP mode file for STMicroelectronics.X-CUBE-NFC9.1.0.0
2025-10-15 14:17:49,807 [WARN] PackLoader:240 - Cannot read IP mode file for STMicroelectronics.X-CUBE-BLE1.7.1.0
2025-10-15 14:17:49,813 [WARN] PackLoader:240 - Cannot read IP mode file for wolfSSL.I-CUBE-wolfMQTT.1.19.2
2025-10-15 14:17:49,821 [WARN] PackLoader:240 - Cannot read IP mode file for STMicroelectronics.X-CUBE-EEPRMA1.5.2.0
2025-10-15 14:17:49,828 [WARN] PackLoader:240 - Cannot read IP mode file for STMicroelectronics.X-CUBE-ST67W61.1.1.0
2025-10-15 14:17:49,832 [WARN] PackLoader:240 - Cannot read IP mode file for STMicroelectronics.X-CUBE-AI.10.1.0
2025-10-15 14:17:49,861 [WARN] PackLoader:240 - Cannot read IP mode file for STMicroelectronics.X-CUBE-MEMS1.11.2.0
2025-10-15 14:17:49,965 [WARN] PackLoader:240 - Cannot read IP mode file for STMicroelectronics.X-CUBE-AZRTOS-G0.1.1.0
2025-10-15 14:17:49,970 [WARN] PackLoader:240 - Cannot read IP mode file for STMicroelectronics.X-CUBE-SAFEA1.1.2.2
2025-10-15 14:17:49,976 [WARN] PackLoader:240 - Cannot read IP mode file for STMicroelectronics.X-CUBE-NFC4.3.0.0
2025-10-15 14:17:49,982 [WARN] PackLoader:240 - Cannot read IP mode file for EmbeddedOffice.I-CUBE-FS-RTOS.1.0.1
2025-10-15 14:17:49,987 [WARN] PackLoader:240 - Cannot read IP mode file for STMicroelectronics.X-CUBE-WB05N.2.0.0
2025-10-15 14:17:49,991 [WARN] PackLoader:240 - Cannot read IP mode file for wolfSSL.I-CUBE-wolfTPM.3.8.0
2025-10-15 14:17:49,994 [WARN] PackLoader:240 - Cannot read IP mode file for STMicroelectronics.X-CUBE-TCPP.4.2.0
2025-10-15 14:17:49,999 [WARN] PackLoader:240 - Cannot read IP mode file for RealThread.X-CUBE-RT-Thread_Nano.4.1.1
2025-10-15 14:17:50,003 [WARN] PackLoader:240 - Cannot read IP mode file for STMicroelectronics.FP-ATR-SIGFOX1.3.2.0
2025-10-15 14:17:50,007 [WARN] PackLoader:240 - Cannot read IP mode file for STMicroelectronics.X-CUBE-EEPRMA1.5.1.0
2025-10-15 14:17:50,011 [WARN] PackLoader:240 - Cannot read IP mode file for wolfSSL.I-CUBE-wolfSSL.5.7.6
2025-10-15 14:17:50,017 [WARN] PackLoader:240 - Cannot read IP mode file for ITTIA_DB.I-CUBE-ITTIADB.8.9.0
2025-10-15 14:17:50,021 [WARN] PackLoader:240 - Cannot read IP mode file for STMicroelectronics.X-CUBE-ST67W61.1.0.0
2025-10-15 14:17:50,023 [WARN] PackLoader:240 - Cannot read IP mode file for STMicroelectronics.X-CUBE-AI.10.2.0
2025-10-15 14:17:50,040 [WARN] PackLoader:240 - Cannot read IP mode file for SEGGER.I-CUBE-embOS.1.3.1
2025-10-15 14:17:50,074 [WARN] PackLoader:240 - Cannot read IP mode file for STMicroelectronics.X-CUBE-ALGOBUILD.1.4.0
2025-10-15 14:17:50,099 [WARN] PackLoader:240 - Cannot read IP mode file for STMicroelectronics.X-CUBE-MEMS1.11.3.0
2025-10-15 14:17:50,187 [WARN] PackLoader:240 - Cannot read IP mode file for STMicroelectronics.X-CUBE-PM33A1.1.0.0
2025-10-15 14:17:50,203 [WARN] PackLoader:240 - Cannot read IP mode file for STMicroelectronics.X-CUBE-AZRTOS-F4.1.1.0
2025-10-15 14:17:50,211 [WARN] PackLoader:240 - Cannot read IP mode file for Avnet-IotConnect.X-CUBE-IoTC-DA16k-PMOD.1.0.0
2025-10-15 14:17:50,215 [WARN] PackLoader:240 - Cannot read IP mode file for STMicroelectronics.X-CUBE-ISPU.2.1.0
2025-10-15 14:17:50,225 [WARN] PackLoader:240 - Cannot read IP mode file for STMicroelectronics.X-CUBE-IPS.3.2.0
2025-10-15 14:17:50,246 [WARN] PackLoader:240 - Cannot read IP mode file for STMicroelectronics.X-CUBE-NFC12.1.0.0
2025-10-15 14:17:50,261 [WARN] PackLoader:240 - Cannot read IP mode file for STMicroelectronics.X-CUBE-AZRTOS-L5.2.0.0
2025-10-15 14:17:50,269 [WARN] PackLoader:240 - Cannot read IP mode file for STMicroelectronics.X-CUBE-NFC6.3.1.0
2025-10-15 14:17:50,275 [WARN] PackLoader:240 - Cannot read IP mode file for STMicroelectronics.X-CUBE-FREERTOS.1.3.1
2025-10-15 14:17:50,280 [WARN] PackLoader:240 - Cannot read IP mode file for STMicroelectronics.X-CUBE-FREERTOS.1.3.0
2025-10-15 14:17:50,284 [WARN] PackLoader:240 - Cannot read IP mode file for STMicroelectronics.X-CUBE-NFC7.1.0.1
2025-10-15 14:17:50,289 [WARN] PackLoader:240 - Cannot read IP mode file for STMicroelectronics.X-CUBE-TOUCHGFX.4.26.0
2025-10-15 14:17:50,293 [WARN] PackLoader:240 - Cannot read IP mode file for STMicroelectronics.FP-SNS-STAIOTCFT.1.0.0
2025-10-15 14:17:50,297 [WARN] PackLoader:240 - Cannot read IP mode file for STMicroelectronics.X-CUBE-DPower.1.3.0
2025-10-15 14:17:50,310 [WARN] ConditionMgr:438 - getConditionDescription Invalid condition id : LAN8742 Phy interface Condition cause : null
2025-10-15 14:17:50,310 [WARN] PackLoader:240 - Cannot read IP mode file for STMicroelectronics.X-CUBE-AZRTOS-L4.2.0.0
2025-10-15 14:17:50,311 [WARN] ConditionMgr:1044 - genDependencies : Invalid condition id : LAN8742 Phy interface Condition cause : null
2025-10-15 14:17:50,311 [WARN] ConditionMgr:1044 - genDependencies : Invalid condition id : LAN8742 Phy interface Condition cause : null
2025-10-15 14:17:50,312 [WARN] ConditionMgr:1044 - genDependencies : Invalid condition id : LAN8742 Phy interface Condition cause : null
2025-10-15 14:17:50,322 [WARN] PackLoader:240 - Cannot read IP mode file for STMicroelectronics.X-CUBE-SFXS2LP1.4.0.0
2025-10-15 14:17:50,336 [WARN] PackLoader:240 - Cannot read IP mode file for STMicroelectronics.X-CUBE-AZRTOS-H7.3.3.0
2025-10-15 14:17:50,343 [WARN] PackLoader:240 - Cannot read IP mode file for STMicroelectronics.X-CUBE-BLEMGR.4.1.0
2025-10-15 14:17:50,353 [WARN] ConditionMgr:438 - getConditionDescription Invalid condition id : UX DEVICE CLASS RTOS Condition cause : null
2025-10-15 14:17:50,353 [WARN] ConditionMgr:438 - getConditionDescription Invalid condition id : UX DEVICE CLASS RTOS Condition cause : null
2025-10-15 14:17:50,354 [WARN] PackLoader:240 - Cannot read IP mode file for STMicroelectronics.X-CUBE-AZRTOS-WB.2.0.0
2025-10-15 14:17:50,355 [WARN] ConditionMgr:1044 - genDependencies : Invalid condition id : UX DEVICE CLASS RTOS Condition cause : null
2025-10-15 14:17:50,355 [WARN] ConditionMgr:1044 - genDependencies : Invalid condition id : UX DEVICE CLASS RTOS Condition cause : null
2025-10-15 14:17:50,355 [WARN] ConditionMgr:1044 - genDependencies : Invalid condition id : UX DEVICE CLASS RTOS Condition cause : null
2025-10-15 14:17:50,355 [WARN] ConditionMgr:1044 - genDependencies : Invalid condition id : UX DEVICE CLASS RTOS Condition cause : null
2025-10-15 14:17:50,355 [WARN] ConditionMgr:1044 - genDependencies : Invalid condition id : UX DEVICE CLASS RTOS Condition cause : null
2025-10-15 14:17:50,360 [WARN] PackLoader:240 - Cannot read IP mode file for STMicroelectronics.X-CUBE-GNSS1.7.0.1
2025-10-15 14:17:50,363 [WARN] PackLoader:240 - Cannot read IP mode file for STMicroelectronics.X-CUBE-TOUCHGFX.4.25.0
2025-10-15 14:17:50,367 [WARN] PackLoader:240 - Cannot read IP mode file for STMicroelectronics.FP-SNS-STBOX1.2.0.0
2025-10-15 14:17:50,375 [WARN] PackLoader:240 - Cannot read IP mode file for STMicroelectronics.X-CUBE-SUBG2.5.0.0
2025-10-15 14:17:50,391 [WARN] PackLoader:240 - Cannot read IP mode file for STMicroelectronics.X-CUBE-AZRTOS-H7RS.1.1.0
2025-10-15 14:17:50,397 [WARN] PackLoader:240 - Cannot read IP mode file for Cesanta.I-CUBE-Mongoose.7.13.0
2025-10-15 14:17:50,405 [WARN] PackLoader:240 - Cannot read IP mode file for STMicroelectronics.X-CUBE-AZRTOS-G4.2.0.0
2025-10-15 14:17:50,410 [WARN] PackLoader:240 - Cannot read IP mode file for wolfSSL.I-CUBE-wolfSSH.1.4.20
2025-10-15 14:17:50,414 [WARN] PackLoader:240 - Cannot read IP mode file for STMicroelectronics.X-CUBE-NFC7.2.0.0
2025-10-15 14:17:50,421 [WARN] PackLoader:240 - Cannot read IP mode file for STMicroelectronics.X-CUBE-IPS.3.1.0
2025-10-15 14:17:50,430 [WARN] PackLoader:240 - Cannot read IP mode file for STMicroelectronics.X-CUBE-ALS.1.0.2
2025-10-15 14:17:50,435 [WARN] PackLoader:240 - Cannot read IP mode file for STMicroelectronics.X-CUBE-STSE01.1.0.0
2025-10-15 14:17:50,442 [WARN] PackLoader:240 - Cannot read IP mode file for portGmbH.I-Cube-SoM-uGOAL.1.1.0
2025-10-15 14:17:50,449 [WARN] PackLoader:240 - Cannot read IP mode file for STMicroelectronics.X-CUBE-TOF1.3.4.3
2025-10-15 14:17:50,455 [INFO] ThirdParty:978 - Integrity check success = true
2025-10-15 14:17:50,455 [INFO] IntegrityCheckThread:100 - exiting critical section [integrity check]
2025-10-15 14:17:50,455 [INFO] IntegrityCheckThread:103 - End integrity checks thread
2025-10-15 14:20:10,777 [INFO] WebApp:194 - Connection lost
2025-10-15 14:20:10,912 [INFO] WebApp:191 - Connection restablished
2025-10-15 14:20:12,898 [INFO] WebApp:194 - Connection lost
2025-10-15 14:20:13,049 [INFO] WebApp:191 - Connection restablished
2025-10-15 14:21:05,392 [INFO] WebApp:194 - Connection lost
2025-10-15 14:21:05,596 [INFO] WebApp:191 - Connection restablished
2025-10-15 14:21:16,886 [INFO] WebApp:194 - Connection lost
2025-10-15 14:21:18,171 [INFO] WebApp:191 - Connection restablished
2025-10-15 14:23:24,889 [INFO] WebApp:194 - Connection lost
2025-10-15 14:23:25,153 [INFO] WebApp:191 - Connection restablished
2025-10-15 14:31:25,953 [INFO] WebApp:194 - Connection lost
2025-10-15 14:31:26,138 [INFO] WebApp:191 - Connection restablished
2025-10-15 14:31:28,414 [INFO] WebApp:194 - Connection lost
2025-10-15 14:31:28,597 [INFO] WebApp:191 - Connection restablished
2025-10-15 14:31:31,574 [INFO] WebApp:194 - Connection lost
2025-10-15 14:31:31,764 [INFO] WebApp:191 - Connection restablished
2025-10-15 14:36:26,572 [INFO] WebApp:194 - Connection lost
2025-10-15 14:36:26,764 [INFO] WebApp:191 - Connection restablished
2025-10-15 14:36:32,883 [INFO] WebApp:194 - Connection lost
2025-10-15 14:36:33,048 [INFO] WebApp:191 - Connection restablished
2025-10-15 14:49:57,892 [INFO] WebApp:194 - Connection lost
2025-10-15 14:49:58,077 [INFO] WebApp:191 - Connection restablished
2025-10-15 14:54:44,724 [INFO] WebApp:194 - Connection lost
2025-10-15 14:54:45,021 [INFO] WebApp:191 - Connection restablished
2025-10-15 14:54:47,912 [INFO] WebApp:194 - Connection lost
2025-10-15 14:54:48,111 [INFO] WebApp:191 - Connection restablished
2025-10-15 14:54:56,883 [INFO] WebApp:194 - Connection lost
2025-10-15 14:54:57,423 [INFO] WebApp:191 - Connection restablished
2025-10-15 14:55:08,392 [INFO] WebApp:194 - Connection lost
2025-10-15 14:55:08,632 [INFO] WebApp:191 - Connection restablished
2025-10-15 14:58:47,807 [INFO] WebApp:194 - Connection lost
2025-10-15 14:58:47,987 [INFO] WebApp:191 - Connection restablished
2025-10-15 14:58:53,880 [INFO] WebApp:194 - Connection lost
2025-10-15 14:58:54,004 [INFO] WebApp:191 - Connection restablished
2025-10-15 15:36:04,384 [INFO] WebApp:194 - Connection lost
2025-10-15 15:36:46,666 [INFO] WebApp:403 - JxBrowser engine has been closed 
2025-10-15 15:37:40,539 [ERROR] LogOutputStream:75 - [STDERR_REDIRECT] 
2025-10-15 15:37:40,540 [ERROR] LogOutputStream:75 - [STDERR_REDIRECT] 
2025-10-15 15:41:24,110 [INFO] Activator:176 - 


2025-10-15 15:41:24,112 [INFO] Activator:177 - !SESSION log4j initialized
2025-10-15 15:41:29,966 [INFO] LogOutputStream:77 - [STDOUT_REDIRECT] 
2025-10-15 15:41:49,793 [INFO] ApplicationProperties:184 - Using Application install path: C:\ST\STM32CubeIDE_1.18.1\STM32CubeIDE\plugins\com.st.stm32cube.common.mx_6.15.0.202507011659
2025-10-15 15:41:49,807 [INFO] DbMcusXml:78 - Set database path to: C:\ST\STM32CubeIDE_1.18.1\STM32CubeIDE\plugins\com.st.stm32cube.common.mx_6.15.0.202507011659\\db\/mcu/
2025-10-15 15:41:49,807 [INFO] ApiDb:274 - Set plugin database path to: C:\ST\STM32CubeIDE_1.18.1\STM32CubeIDE\plugins\com.st.stm32cube.common.mx_6.15.0.202507011659\\db\/plugins/boardmanager/
2025-10-15 15:41:49,807 [WARN] ApiDb:259 - Overriding images path with different value:  => C:\ST\STM32CubeIDE_1.18.1\STM32CubeIDE\plugins\com.st.stm32cube.common.mx_6.15.0.202507011659\\db\/plugins/mcufinder/images/
2025-10-15 15:41:49,816 [INFO] ApiDb:250 - Set database path to: C:\Users\dinhh\.stmcufinder\plugins\mcufinder//mcu/
2025-10-15 15:41:49,817 [INFO] DbMcusAds:125 - Set database path to: C:\Users\dinhh\.stmcufinder\plugins\mcufinder//mcu/
2025-10-15 15:41:49,825 [INFO] CrossReferenceDbSqlite:203 - Set database path to: C:\Users\dinhh\.stmcufinder\plugins\mcufinder//mcu/cs/
2025-10-15 15:41:49,913 [INFO] RulesReader:64 - Compatibility file has been processed (317 Rules)
2025-10-15 15:41:49,984 [INFO] DbMcusXml:78 - Set database path to: C:\ST\STM32CubeIDE_1.18.1\STM32CubeIDE\plugins\com.st.stm32cube.common.mx_6.15.0.202507011659\\db\/mcu/
2025-10-15 15:41:49,984 [INFO] ApiDb:274 - Set plugin database path to: C:\ST\STM32CubeIDE_1.18.1\STM32CubeIDE\plugins\com.st.stm32cube.common.mx_6.15.0.202507011659\\db\/plugins/boardmanager/
2025-10-15 15:41:49,984 [INFO] ApiDb:261 - Set plugin images path to: C:\ST\STM32CubeIDE_1.18.1\STM32CubeIDE\plugins\com.st.stm32cube.common.mx_6.15.0.202507011659\\db\/plugins/mcufinder/images/
2025-10-15 15:41:49,984 [WARN] DbFile:41 - Overriding database path with different value: C:\Users\dinhh\.stmcufinder\plugins\mcufinder/ => C:\Users\dinhh\.stmcufinder\plugins\mcufinder
2025-10-15 15:41:49,984 [INFO] ApiDb:250 - Set database path to: C:\Users\dinhh\.stmcufinder\plugins\mcufinder//mcu/
2025-10-15 15:41:49,984 [WARN] DbFile:41 - Overriding database path with different value: C:\Users\dinhh\.stmcufinder\plugins\mcufinder/ => C:\Users\dinhh\.stmcufinder\plugins\mcufinder
2025-10-15 15:41:49,984 [INFO] DbMcusAds:125 - Set database path to: C:\Users\dinhh\.stmcufinder\plugins\mcufinder//mcu/
2025-10-15 15:41:49,984 [WARN] DbFile:41 - Overriding database path with different value: C:\Users\dinhh\.stmcufinder\plugins\mcufinder/ => C:\Users\dinhh\.stmcufinder\plugins\mcufinder
2025-10-15 15:41:49,984 [WARN] DbFile:41 - Overriding database path with different value: C:\Users\dinhh\.stmcufinder\plugins\mcufinder/ => C:\Users\dinhh\.stmcufinder\plugins\mcufinder
2025-10-15 15:41:49,984 [INFO] CrossReferenceDbSqlite:203 - Set database path to: C:\Users\dinhh\.stmcufinder\plugins\mcufinder//mcu/cs/
2025-10-15 15:41:50,047 [INFO] MainPanel:274 - HeapMemory: 268435456
2025-10-15 15:41:50,135 [INFO] DbMcusXml:78 - Set database path to: C:\ST\STM32CubeIDE_1.18.1\STM32CubeIDE\plugins\com.st.stm32cube.common.mx_6.15.0.202507011659\\db\/mcu/
2025-10-15 15:41:50,135 [INFO] ApiDb:274 - Set plugin database path to: C:\ST\STM32CubeIDE_1.18.1\STM32CubeIDE\plugins\com.st.stm32cube.common.mx_6.15.0.202507011659\\db\/plugins/boardmanager/
2025-10-15 15:41:50,135 [INFO] ApiDb:261 - Set plugin images path to: C:\ST\STM32CubeIDE_1.18.1\STM32CubeIDE\plugins\com.st.stm32cube.common.mx_6.15.0.202507011659\\db\/plugins/mcufinder/images/
2025-10-15 15:41:50,135 [WARN] DbFile:41 - Overriding database path with different value: C:\Users\dinhh\.stmcufinder\plugins\mcufinder/ => C:\Users\dinhh\.stmcufinder\plugins\mcufinder
2025-10-15 15:41:50,135 [INFO] ApiDb:250 - Set database path to: C:\Users\dinhh\.stmcufinder\plugins\mcufinder//mcu/
2025-10-15 15:41:50,137 [WARN] DbFile:41 - Overriding database path with different value: C:\Users\dinhh\.stmcufinder\plugins\mcufinder/ => C:\Users\dinhh\.stmcufinder\plugins\mcufinder
2025-10-15 15:41:50,137 [INFO] DbMcusAds:125 - Set database path to: C:\Users\dinhh\.stmcufinder\plugins\mcufinder//mcu/
2025-10-15 15:41:50,137 [WARN] DbFile:41 - Overriding database path with different value: C:\Users\dinhh\.stmcufinder\plugins\mcufinder/ => C:\Users\dinhh\.stmcufinder\plugins\mcufinder
2025-10-15 15:41:50,137 [WARN] DbFile:41 - Overriding database path with different value: C:\Users\dinhh\.stmcufinder\plugins\mcufinder/ => C:\Users\dinhh\.stmcufinder\plugins\mcufinder
2025-10-15 15:41:50,137 [INFO] CrossReferenceDbSqlite:203 - Set database path to: C:\Users\dinhh\.stmcufinder\plugins\mcufinder//mcu/cs/
2025-10-15 15:41:50,152 [INFO] ApplicationProperties:184 - Using Application install path: C:\ST\STM32CubeIDE_1.18.1\STM32CubeIDE\plugins\com.st.stm32cube.common.mx_6.15.0.202507011659
2025-10-15 15:41:50,152 [INFO] PluginManage:196 - Search for loadable plugins [exclusion list=, ]
2025-10-15 15:41:50,154 [INFO] PluginManage:310 - Check plugin analytics
2025-10-15 15:42:07,259 [INFO] AnalyticsPlugin:253 - Accepted Software Licenses: 
2025-10-15 15:42:07,261 [INFO] AnalyticsPlugin:255 - Accepted CMSIS Pack Licenses: 
2025-10-15 15:42:07,261 [INFO] AnalyticsPlugin:257 - Accepted Firmware Licenses: 
2025-10-15 15:42:07,262 [INFO] PluginManage:359 - Loaded plugin analytics (category:tool,tabindex:-1)
2025-10-15 15:42:07,262 [INFO] PluginManage:310 - Check plugin cadmodel
2025-10-15 15:42:07,267 [INFO] CADModel:105 - Init CAD model plugin
2025-10-15 15:42:07,267 [INFO] PluginManage:359 - Loaded plugin cadmodel (category:power,tabindex:5)
2025-10-15 15:42:07,268 [INFO] PluginManage:310 - Check plugin clock
2025-10-15 15:42:07,276 [INFO] PluginManage:359 - Loaded plugin clock (category:base,tabindex:2)
2025-10-15 15:42:07,276 [INFO] PluginManage:310 - Check plugin ddr
2025-10-15 15:42:07,278 [INFO] PluginManage:359 - Loaded plugin ddr (category:tool,tabindex:6)
2025-10-15 15:42:07,278 [INFO] PluginManage:310 - Check plugin filemanager
2025-10-15 15:42:07,392 [INFO] PluginManage:359 - Loaded plugin filemanager (category:base,tabindex:10)
2025-10-15 15:42:07,393 [INFO] PluginManage:310 - Check plugin ipmanager
2025-10-15 15:42:07,399 [INFO] PluginManage:359 - Loaded plugin ipmanager (category:base,tabindex:5)
2025-10-15 15:42:07,399 [INFO] PluginManage:310 - Check plugin lpbam
2025-10-15 15:42:07,405 [INFO] PluginManage:359 - Loaded plugin lpbam (category:base,tabindex:0)
2025-10-15 15:42:07,406 [INFO] PluginManage:310 - Check plugin memorymap
2025-10-15 15:42:07,417 [INFO] PluginManage:359 - Loaded plugin memorymap (category:base,tabindex:4)
2025-10-15 15:42:07,417 [INFO] PluginManage:310 - Check plugin pinoutandconfiguration
2025-10-15 15:42:07,425 [INFO] PluginManage:359 - Loaded plugin pinoutandconfiguration (category:base,tabindex:1)
2025-10-15 15:42:07,425 [INFO] PluginManage:310 - Check plugin pinoutconfig
2025-10-15 15:42:07,494 [WARN] SupportedApi:132 - Cannot load RTOS API schema: s4s-elt-must-match.1: The content of 'definitions' must match (annotation?, (simpleType | complexType)?, (unique | key | keyref)*)). A problem was found starting at: attribute.
2025-10-15 15:42:07,605 [INFO] PluginManage:359 - Loaded plugin pinoutconfig (category:base,tabindex:0)
2025-10-15 15:42:07,605 [INFO] PluginManage:310 - Check plugin power
2025-10-15 15:42:07,614 [INFO] PluginManage:359 - Loaded plugin power (category:power,tabindex:4)
2025-10-15 15:42:07,614 [INFO] PluginManage:310 - Check plugin projectmanager
2025-10-15 15:42:07,628 [INFO] PluginManage:359 - Loaded plugin projectmanager (category:projectmanager,tabindex:4)
2025-10-15 15:42:07,628 [INFO] PluginManage:310 - Check plugin rif
2025-10-15 15:42:07,636 [INFO] PluginManage:359 - Loaded plugin rif (category:base,tabindex:3)
2025-10-15 15:42:07,636 [INFO] PluginManage:310 - Check plugin thirdparty
2025-10-15 15:42:07,745 [INFO] PluginManage:359 - Loaded plugin thirdparty (category:base,tabindex:-1)
2025-10-15 15:42:07,745 [WARN] IntegrityCheckThread:84 - waiting for thirdparty lock release [integrity check]
2025-10-15 15:42:07,745 [INFO] PluginManage:310 - Check plugin tools
2025-10-15 15:42:07,745 [INFO] IntegrityCheckThread:86 - entering critical section [integrity check]
2025-10-15 15:42:07,745 [INFO] ThirdPartyUpdaterWithRetryManager:70 - Updater plugin not ready yet. [1/15]
2025-10-15 15:42:07,747 [INFO] PluginManage:359 - Loaded plugin tools (category:base,tabindex:7)
2025-10-15 15:42:07,747 [INFO] PluginManage:310 - Check plugin tutovideos
2025-10-15 15:42:07,925 [INFO] PluginManage:359 - Loaded plugin tutovideos (category:base,tabindex:-1)
2025-10-15 15:42:07,925 [INFO] PluginManage:310 - Check plugin updater
2025-10-15 15:42:07,943 [INFO] PluginManage:359 - Loaded plugin updater (category:base,tabindex:12)
2025-10-15 15:42:07,943 [INFO] PluginManage:310 - Check plugin userauth
2025-10-15 15:42:07,947 [INFO] UserAuth:118 - Init User Auth plugin
2025-10-15 15:42:07,947 [INFO] PluginManage:359 - Loaded plugin userauth (category:base,tabindex:14)
2025-10-15 15:42:07,948 [INFO] PluginManage:283 - PluginManage : Loaded plugins [18]
2025-10-15 15:42:08,116 [INFO] PinOutPanel:1589 - setPackage(No Configuration,No Configuration)
2025-10-15 15:42:08,186 [INFO] CADModel:165 - CPN selected for project level
2025-10-15 15:42:08,193 [INFO] CADModel:114 - Register for checkConnection events
2025-10-15 15:42:08,208 [INFO] IPUIPlugin:80 - create IPUIPlugin
2025-10-15 15:42:08,208 [INFO] PluginManager:220 - loadIPPluginJar : add adc
2025-10-15 15:42:08,211 [INFO] IPUIPlugin:80 - create IPUIPlugin
2025-10-15 15:42:08,211 [INFO] PluginManager:220 - loadIPPluginJar : add aes
2025-10-15 15:42:08,214 [INFO] IPUIPlugin:80 - create IPUIPlugin
2025-10-15 15:42:08,214 [INFO] PluginManager:220 - loadIPPluginJar : add can
2025-10-15 15:42:08,215 [INFO] IPUIPlugin:80 - create IPUIPlugin
2025-10-15 15:42:08,216 [INFO] PluginManager:220 - loadIPPluginJar : add comp
2025-10-15 15:42:08,218 [INFO] IPUIPlugin:80 - create IPUIPlugin
2025-10-15 15:42:08,218 [INFO] PluginManager:220 - loadIPPluginJar : add cryp
2025-10-15 15:42:08,220 [INFO] IPUIPlugin:80 - create IPUIPlugin
2025-10-15 15:42:08,221 [INFO] PluginManager:220 - loadIPPluginJar : add ddr_ctrl_phy
2025-10-15 15:42:08,222 [INFO] IPUIPlugin:80 - create IPUIPlugin
2025-10-15 15:42:08,222 [INFO] PluginManager:220 - loadIPPluginJar : add dfsdm
2025-10-15 15:42:08,226 [INFO] IPUIPlugin:80 - create IPUIPlugin
2025-10-15 15:42:08,228 [INFO] PluginManager:220 - loadIPPluginJar : add dma
2025-10-15 15:42:08,230 [INFO] IPUIPlugin:80 - create IPUIPlugin
2025-10-15 15:42:08,230 [INFO] PluginManager:220 - loadIPPluginJar : add dma3
2025-10-15 15:42:08,233 [INFO] IPUIPlugin:80 - create IPUIPlugin
2025-10-15 15:42:08,233 [INFO] PluginManager:220 - loadIPPluginJar : add extmemmanager
2025-10-15 15:42:08,234 [INFO] IPUIPlugin:80 - create IPUIPlugin
2025-10-15 15:42:08,234 [INFO] PluginManager:220 - loadIPPluginJar : add fatfs
2025-10-15 15:42:08,237 [INFO] IPUIPlugin:80 - create IPUIPlugin
2025-10-15 15:42:08,238 [INFO] PluginManager:220 - loadIPPluginJar : add fmc
2025-10-15 15:42:08,243 [INFO] IPUIPlugin:80 - create IPUIPlugin
2025-10-15 15:42:08,243 [INFO] PluginManager:220 - loadIPPluginJar : add freertos
2025-10-15 15:42:08,245 [INFO] IPUIPlugin:80 - create IPUIPlugin
2025-10-15 15:42:08,245 [INFO] PluginManager:220 - loadIPPluginJar : add genericplugin
2025-10-15 15:42:08,247 [INFO] IPUIPlugin:80 - create IPUIPlugin
2025-10-15 15:42:08,247 [INFO] PluginManager:220 - loadIPPluginJar : add gfxmmu
2025-10-15 15:42:08,251 [INFO] IPUIPlugin:80 - create IPUIPlugin
2025-10-15 15:42:08,251 [INFO] PluginManager:220 - loadIPPluginJar : add gic
2025-10-15 15:42:08,254 [INFO] IPUIPlugin:80 - create IPUIPlugin
2025-10-15 15:42:08,254 [INFO] PluginManager:220 - loadIPPluginJar : add gpio
2025-10-15 15:42:08,257 [INFO] IPUIPlugin:80 - create IPUIPlugin
2025-10-15 15:42:08,257 [INFO] PluginManager:220 - loadIPPluginJar : add gtzc
2025-10-15 15:42:08,259 [INFO] IPUIPlugin:80 - create IPUIPlugin
2025-10-15 15:42:08,259 [INFO] PluginManager:220 - loadIPPluginJar : add hash
2025-10-15 15:42:08,261 [INFO] IPUIPlugin:80 - create IPUIPlugin
2025-10-15 15:42:08,262 [INFO] PluginManager:220 - loadIPPluginJar : add i2c
2025-10-15 15:42:08,263 [INFO] IPUIPlugin:80 - create IPUIPlugin
2025-10-15 15:42:08,264 [INFO] PluginManager:220 - loadIPPluginJar : add i2s
2025-10-15 15:42:08,267 [INFO] IPUIPlugin:80 - create IPUIPlugin
2025-10-15 15:42:08,267 [INFO] PluginManager:220 - loadIPPluginJar : add i3c
2025-10-15 15:42:08,270 [INFO] IPUIPlugin:80 - create IPUIPlugin
2025-10-15 15:42:08,270 [INFO] PluginManager:220 - loadIPPluginJar : add ipddr
2025-10-15 15:42:08,275 [INFO] IPUIPlugin:80 - create IPUIPlugin
2025-10-15 15:42:08,275 [INFO] PluginManager:220 - loadIPPluginJar : add linkedlist
2025-10-15 15:42:08,278 [INFO] IPUIPlugin:80 - create IPUIPlugin
2025-10-15 15:42:08,278 [INFO] PluginManager:220 - loadIPPluginJar : add lorawan
2025-10-15 15:42:08,280 [INFO] IPUIPlugin:80 - create IPUIPlugin
2025-10-15 15:42:08,280 [INFO] PluginManager:220 - loadIPPluginJar : add ltdc
2025-10-15 15:42:08,284 [INFO] IPUIPlugin:80 - create IPUIPlugin
2025-10-15 15:42:08,285 [INFO] PluginManager:220 - loadIPPluginJar : add mdma
2025-10-15 15:42:08,288 [INFO] IPUIPlugin:80 - create IPUIPlugin
2025-10-15 15:42:08,288 [INFO] PluginManager:220 - loadIPPluginJar : add nvic
2025-10-15 15:42:08,291 [INFO] IPUIPlugin:80 - create IPUIPlugin
2025-10-15 15:42:08,291 [INFO] PluginManager:220 - loadIPPluginJar : add opamp
2025-10-15 15:42:08,295 [INFO] IPUIPlugin:80 - create IPUIPlugin
2025-10-15 15:42:08,295 [INFO] PluginManager:220 - loadIPPluginJar : add openamp
2025-10-15 15:42:08,298 [INFO] IPUIPlugin:80 - create IPUIPlugin
2025-10-15 15:42:08,298 [INFO] PluginManager:220 - loadIPPluginJar : add pdm2pcm
2025-10-15 15:42:08,303 [INFO] IPUIPlugin:80 - create IPUIPlugin
2025-10-15 15:42:08,305 [INFO] PluginManager:220 - loadIPPluginJar : add plateformsettings
2025-10-15 15:42:08,307 [INFO] IPUIPlugin:80 - create IPUIPlugin
2025-10-15 15:42:08,307 [INFO] PluginManager:220 - loadIPPluginJar : add quadspi
2025-10-15 15:42:08,309 [INFO] IPUIPlugin:80 - create IPUIPlugin
2025-10-15 15:42:08,310 [INFO] PluginManager:220 - loadIPPluginJar : add radio
2025-10-15 15:42:08,314 [INFO] IPUIPlugin:80 - create IPUIPlugin
2025-10-15 15:42:08,315 [INFO] PluginManager:220 - loadIPPluginJar : add resmgrutility
2025-10-15 15:42:08,318 [INFO] IPUIPlugin:80 - create IPUIPlugin
2025-10-15 15:42:08,318 [INFO] PluginManager:220 - loadIPPluginJar : add sai
2025-10-15 15:42:08,320 [INFO] IPUIPlugin:80 - create IPUIPlugin
2025-10-15 15:42:08,320 [INFO] PluginManager:220 - loadIPPluginJar : add spi
2025-10-15 15:42:08,326 [INFO] IPUIPlugin:80 - create IPUIPlugin
2025-10-15 15:42:08,326 [INFO] PluginManager:220 - loadIPPluginJar : add stm32_wpan
2025-10-15 15:42:08,328 [INFO] IPUIPlugin:80 - create IPUIPlugin
2025-10-15 15:42:08,328 [INFO] PluginManager:220 - loadIPPluginJar : add tim
2025-10-15 15:42:08,332 [INFO] IPUIPlugin:80 - create IPUIPlugin
2025-10-15 15:42:08,332 [INFO] PluginManager:220 - loadIPPluginJar : add touchsensing
2025-10-15 15:42:08,334 [INFO] IPUIPlugin:80 - create IPUIPlugin
2025-10-15 15:42:08,335 [INFO] PluginManager:220 - loadIPPluginJar : add tracer_emb
2025-10-15 15:42:08,337 [INFO] IPUIPlugin:80 - create IPUIPlugin
2025-10-15 15:42:08,337 [INFO] PluginManager:220 - loadIPPluginJar : add ts
2025-10-15 15:42:08,339 [INFO] IPUIPlugin:80 - create IPUIPlugin
2025-10-15 15:42:08,339 [INFO] PluginManager:220 - loadIPPluginJar : add tsc
2025-10-15 15:42:08,342 [INFO] IPUIPlugin:80 - create IPUIPlugin
2025-10-15 15:42:08,342 [INFO] PluginManager:220 - loadIPPluginJar : add ucpd
2025-10-15 15:42:08,345 [INFO] IPUIPlugin:80 - create IPUIPlugin
2025-10-15 15:42:08,345 [INFO] PluginManager:220 - loadIPPluginJar : add usart
2025-10-15 15:42:08,349 [INFO] IPUIPlugin:80 - create IPUIPlugin
2025-10-15 15:42:08,349 [INFO] PluginManager:220 - loadIPPluginJar : add usbx
2025-10-15 15:42:08,469 [FATAL] Updater:351 - Updater called before beeing initialized
2025-10-15 15:42:08,491 [INFO] RulesReader:64 - Compatibility file has been processed (317 Rules)
2025-10-15 15:42:08,500 [INFO] RulesReader:64 - Compatibility file has been processed (317 Rules)
2025-10-15 15:42:08,506 [INFO] CADModel:165 - CPN selected for project level
2025-10-15 15:42:08,506 [INFO] CADModel:114 - Register for checkConnection events
2025-10-15 15:42:08,506 [FATAL] Updater:351 - Updater called before beeing initialized
2025-10-15 15:42:08,506 [ERROR] CADModel:125 - Updater not yet initialized, retry later 
2025-10-15 15:42:08,630 [FATAL] Updater:351 - Updater called before beeing initialized
2025-10-15 15:42:08,632 [INFO] CADModel:165 - CPN selected for project level
2025-10-15 15:42:08,633 [INFO] CADModel:114 - Register for checkConnection events
2025-10-15 15:42:08,633 [FATAL] Updater:351 - Updater called before beeing initialized
2025-10-15 15:42:08,633 [ERROR] CADModel:125 - Updater not yet initialized, retry later 
2025-10-15 15:42:08,635 [FATAL] Updater:351 - Updater called before beeing initialized
2025-10-15 15:42:08,758 [FATAL] Updater:351 - Updater called before beeing initialized
2025-10-15 15:42:08,760 [INFO] DbMcusAds:53 - JSON generation date=Thu Oct 02 16:36:05 ICT 2025 (1759397765645)
2025-10-15 15:42:08,760 [FATAL] Updater:351 - Updater called before beeing initialized
2025-10-15 15:42:08,793 [WARN] DetailPanel:346 - Failed to get advertising image, set to default
2025-10-15 15:42:08,862 [FATAL] Updater:351 - Updater called before beeing initialized
2025-10-15 15:42:08,863 [FATAL] Updater:351 - Updater called before beeing initialized
2025-10-15 15:42:08,864 [FATAL] Updater:351 - Updater called before beeing initialized
2025-10-15 15:42:08,864 [WARN] DetailPanel:346 - Failed to get advertising image, set to default
2025-10-15 15:42:08,864 [FATAL] Updater:351 - Updater called before beeing initialized
2025-10-15 15:42:08,902 [ERROR] Updater:1198 - MainUpdater not yet initialized. External WinMGr cannot be set.
2025-10-15 15:42:08,904 [INFO] Updater:1134 - Updater Version found : 6.15.0
2025-10-15 15:42:08,916 [INFO] ApplicationProperties:184 - Using Application install path: C:\ST\STM32CubeIDE_1.18.1\STM32CubeIDE\plugins\com.st.stm32cube.common.mx_6.15.0.202507011659
2025-10-15 15:42:10,490 [ERROR] LogOutputStream:75 - [STDERR_REDIRECT] Oct 15, 2025 3:42:10 PM java.util.prefs.WindowsPreferences <init>
2025-10-15 15:42:10,491 [ERROR] LogOutputStream:75 - [STDERR_REDIRECT] WARNING: Could not open/create prefs root node Software\JavaSoft\Prefs at root 0xffffffff80000002. Windows RegCreateKeyEx(...) returned error code 5.
2025-10-15 15:42:10,491 [ERROR] LogOutputStream:75 - [STDERR_REDIRECT] 
2025-10-15 15:42:10,746 [INFO] ThirdPartyUpdaterWithRetryManager:70 - Updater plugin not ready yet. [2/15]
2025-10-15 15:42:13,746 [FATAL] Updater:351 - Updater called before beeing initialized
2025-10-15 15:42:13,746 [ERROR] IntegrityCheckThread:130 - Cannot retrieve database content from updater: error 21
2025-10-15 15:42:13,746 [INFO] ThirdParty:978 - Integrity check success = false
2025-10-15 15:42:13,746 [INFO] IntegrityCheckThread:100 - exiting critical section [integrity check]
2025-10-15 15:42:13,747 [INFO] IntegrityCheckThread:103 - End integrity checks thread
2025-10-15 15:42:21,764 [INFO] MainUpdater:2872 - connection check result : 10
2025-10-15 15:42:21,764 [INFO] MainUpdater:289 - Updater Check For Update Now.
2025-10-15 15:42:21,764 [INFO] MicroXplorer:498 - Change Database Version : DB.6.0.150
2025-10-15 15:42:21,770 [INFO] McuFinderGlobals:63 - Set McuFinder mode to 2 (CubeIDE integrated)
2025-10-15 15:42:21,772 [INFO] UserAuth:487 - Internet connection configuration mode: 1
2025-10-15 15:42:21,789 [INFO] JxBrowserEngine:152 - Initiate JxBrowser Engine with user profile folder
2025-10-15 15:42:21,934 [INFO] CheckServerUpdateThread:120 - End of CheckServer Thread
2025-10-15 15:42:22,659 [INFO] WebApp:169 - Instantiating new browser for Auth
2025-10-15 15:42:23,504 [INFO] WebApp:463 - Apply proxy settings
2025-10-15 15:42:23,505 [INFO] WebApp:548 - Chromium requires no authentication
2025-10-15 15:42:23,527 [INFO] WebApp:491 - Direct internet connection detected
2025-10-15 15:42:23,589 [INFO] WebApp:900 - Register for checkConnection events
2025-10-15 15:42:23,590 [INFO] WebApp:463 - Apply proxy settings
2025-10-15 15:42:23,590 [INFO] WebApp:548 - Chromium requires no authentication
2025-10-15 15:42:23,591 [INFO] WebApp:491 - Direct internet connection detected
2025-10-15 15:42:23,858 [INFO] WebApp:225 - Starting web application
2025-10-15 15:42:23,859 [INFO] WebApp:593 - Web application path used C:\ST\STM32CubeIDE_1.18.1\STM32CubeIDE\plugins\com.st.stm32cube.common.mx_6.15.0.202507011659\db\plugins\mcufinder\reactClient1\index.html
2025-10-15 15:42:23,993 [INFO] UserAuth:487 - Internet connection configuration mode: 1
2025-10-15 15:42:24,202 [INFO] WebApp:191 - Connection restablished
2025-10-15 15:44:55,269 [INFO] WebApp:194 - Connection lost
2025-10-15 15:44:56,266 [INFO] WebApp:191 - Connection restablished
2025-10-15 15:45:00,397 [INFO] WebApp:194 - Connection lost
2025-10-15 15:45:00,842 [INFO] WebApp:191 - Connection restablished
2025-10-15 16:03:08,900 [INFO] WebApp:194 - Connection lost
2025-10-15 16:03:09,117 [INFO] WebApp:191 - Connection restablished
2025-10-15 20:01:18,047 [INFO] WebApp:194 - Connection lost
2025-10-15 20:01:21,222 [INFO] WebApp:191 - Connection restablished
2025-10-15 20:01:25,988 [INFO] WebApp:194 - Connection lost
2025-10-15 20:01:26,283 [INFO] WebApp:191 - Connection restablished
2025-10-15 20:01:32,287 [ERROR] LogOutputStream:75 - [STDERR_REDIRECT] 
