2026-01-15 10:43:29,969 [INFO] Activator:176 - 


2026-01-15 10:43:29,976 [INFO] Activator:177 - !SESSION log4j initialized
2026-01-15 10:43:35,732 [INFO] LogOutputStream:77 - [STDOUT_REDIRECT] 
2026-01-15 10:43:36,898 [INFO] ApplicationProperties:184 - Using Application install path: C:\ST\STM32CubeIDE_1.18.1\STM32CubeIDE\plugins\com.st.stm32cube.common.mx_6.15.0.202507011659
2026-01-15 10:43:36,917 [INFO] DbMcusXml:78 - Set database path to: C:\ST\STM32CubeIDE_1.18.1\STM32CubeIDE\plugins\com.st.stm32cube.common.mx_6.15.0.202507011659\\db\/mcu/
2026-01-15 10:43:36,917 [INFO] ApiDb:274 - Set plugin database path to: C:\ST\STM32CubeIDE_1.18.1\STM32CubeIDE\plugins\com.st.stm32cube.common.mx_6.15.0.202507011659\\db\/plugins/boardmanager/
2026-01-15 10:43:36,925 [WARN] ApiDb:259 - Overriding images path with different value:  => C:\ST\STM32CubeIDE_1.18.1\STM32CubeIDE\plugins\com.st.stm32cube.common.mx_6.15.0.202507011659\\db\/plugins/mcufinder/images/
2026-01-15 10:43:36,933 [INFO] ApiDb:250 - Set database path to: C:\Users\dinhh\.stmcufinder\plugins\mcufinder//mcu/
2026-01-15 10:43:36,935 [INFO] DbMcusAds:125 - Set database path to: C:\Users\dinhh\.stmcufinder\plugins\mcufinder//mcu/
2026-01-15 10:43:36,937 [INFO] CrossReferenceDbSqlite:203 - Set database path to: C:\Users\dinhh\.stmcufinder\plugins\mcufinder//mcu/cs/
2026-01-15 10:43:37,038 [INFO] RulesReader:64 - Compatibility file has been processed (317 Rules)
2026-01-15 10:43:37,122 [INFO] DbMcusXml:78 - Set database path to: C:\ST\STM32CubeIDE_1.18.1\STM32CubeIDE\plugins\com.st.stm32cube.common.mx_6.15.0.202507011659\\db\/mcu/
2026-01-15 10:43:37,122 [INFO] ApiDb:274 - Set plugin database path to: C:\ST\STM32CubeIDE_1.18.1\STM32CubeIDE\plugins\com.st.stm32cube.common.mx_6.15.0.202507011659\\db\/plugins/boardmanager/
2026-01-15 10:43:37,123 [INFO] ApiDb:261 - Set plugin images path to: C:\ST\STM32CubeIDE_1.18.1\STM32CubeIDE\plugins\com.st.stm32cube.common.mx_6.15.0.202507011659\\db\/plugins/mcufinder/images/
2026-01-15 10:43:37,123 [WARN] DbFile:41 - Overriding database path with different value: C:\Users\dinhh\.stmcufinder\plugins\mcufinder/ => C:\Users\dinhh\.stmcufinder\plugins\mcufinder
2026-01-15 10:43:37,123 [INFO] ApiDb:250 - Set database path to: C:\Users\dinhh\.stmcufinder\plugins\mcufinder//mcu/
2026-01-15 10:43:37,123 [WARN] DbFile:41 - Overriding database path with different value: C:\Users\dinhh\.stmcufinder\plugins\mcufinder/ => C:\Users\dinhh\.stmcufinder\plugins\mcufinder
2026-01-15 10:43:37,123 [INFO] DbMcusAds:125 - Set database path to: C:\Users\dinhh\.stmcufinder\plugins\mcufinder//mcu/
2026-01-15 10:43:37,123 [WARN] DbFile:41 - Overriding database path with different value: C:\Users\dinhh\.stmcufinder\plugins\mcufinder/ => C:\Users\dinhh\.stmcufinder\plugins\mcufinder
2026-01-15 10:43:37,123 [WARN] DbFile:41 - Overriding database path with different value: C:\Users\dinhh\.stmcufinder\plugins\mcufinder/ => C:\Users\dinhh\.stmcufinder\plugins\mcufinder
2026-01-15 10:43:37,123 [INFO] CrossReferenceDbSqlite:203 - Set database path to: C:\Users\dinhh\.stmcufinder\plugins\mcufinder//mcu/cs/
2026-01-15 10:43:37,198 [INFO] MainPanel:274 - HeapMemory: 268435456
2026-01-15 10:43:37,346 [INFO] DbMcusXml:78 - Set database path to: C:\ST\STM32CubeIDE_1.18.1\STM32CubeIDE\plugins\com.st.stm32cube.common.mx_6.15.0.202507011659\\db\/mcu/
2026-01-15 10:43:37,346 [INFO] ApiDb:274 - Set plugin database path to: C:\ST\STM32CubeIDE_1.18.1\STM32CubeIDE\plugins\com.st.stm32cube.common.mx_6.15.0.202507011659\\db\/plugins/boardmanager/
2026-01-15 10:43:37,347 [INFO] ApiDb:261 - Set plugin images path to: C:\ST\STM32CubeIDE_1.18.1\STM32CubeIDE\plugins\com.st.stm32cube.common.mx_6.15.0.202507011659\\db\/plugins/mcufinder/images/
2026-01-15 10:43:37,347 [WARN] DbFile:41 - Overriding database path with different value: C:\Users\dinhh\.stmcufinder\plugins\mcufinder/ => C:\Users\dinhh\.stmcufinder\plugins\mcufinder
2026-01-15 10:43:37,347 [INFO] ApiDb:250 - Set database path to: C:\Users\dinhh\.stmcufinder\plugins\mcufinder//mcu/
2026-01-15 10:43:37,347 [WARN] DbFile:41 - Overriding database path with different value: C:\Users\dinhh\.stmcufinder\plugins\mcufinder/ => C:\Users\dinhh\.stmcufinder\plugins\mcufinder
2026-01-15 10:43:37,347 [INFO] DbMcusAds:125 - Set database path to: C:\Users\dinhh\.stmcufinder\plugins\mcufinder//mcu/
2026-01-15 10:43:37,347 [WARN] DbFile:41 - Overriding database path with different value: C:\Users\dinhh\.stmcufinder\plugins\mcufinder/ => C:\Users\dinhh\.stmcufinder\plugins\mcufinder
2026-01-15 10:43:37,347 [WARN] DbFile:41 - Overriding database path with different value: C:\Users\dinhh\.stmcufinder\plugins\mcufinder/ => C:\Users\dinhh\.stmcufinder\plugins\mcufinder
2026-01-15 10:43:37,347 [INFO] CrossReferenceDbSqlite:203 - Set database path to: C:\Users\dinhh\.stmcufinder\plugins\mcufinder//mcu/cs/
2026-01-15 10:43:37,370 [INFO] ApplicationProperties:184 - Using Application install path: C:\ST\STM32CubeIDE_1.18.1\STM32CubeIDE\plugins\com.st.stm32cube.common.mx_6.15.0.202507011659
2026-01-15 10:43:37,371 [INFO] PluginManage:196 - Search for loadable plugins [exclusion list=, ]
2026-01-15 10:43:37,373 [INFO] PluginManage:310 - Check plugin analytics
2026-01-15 10:43:37,551 [INFO] AnalyticsPlugin:253 - Accepted Software Licenses: 
2026-01-15 10:43:37,552 [INFO] AnalyticsPlugin:255 - Accepted CMSIS Pack Licenses: 
2026-01-15 10:43:37,552 [INFO] AnalyticsPlugin:257 - Accepted Firmware Licenses: 
2026-01-15 10:43:37,554 [INFO] PluginManage:359 - Loaded plugin analytics (category:tool,tabindex:-1)
2026-01-15 10:43:37,555 [INFO] PluginManage:310 - Check plugin cadmodel
2026-01-15 10:43:37,561 [INFO] CADModel:105 - Init CAD model plugin
2026-01-15 10:43:37,561 [INFO] PluginManage:359 - Loaded plugin cadmodel (category:power,tabindex:5)
2026-01-15 10:43:37,561 [INFO] PluginManage:310 - Check plugin clock
2026-01-15 10:43:37,571 [INFO] PluginManage:359 - Loaded plugin clock (category:base,tabindex:2)
2026-01-15 10:43:37,572 [INFO] PluginManage:310 - Check plugin ddr
2026-01-15 10:43:37,574 [INFO] PluginManage:359 - Loaded plugin ddr (category:tool,tabindex:6)
2026-01-15 10:43:37,574 [INFO] PluginManage:310 - Check plugin filemanager
2026-01-15 10:43:37,730 [INFO] PluginManage:359 - Loaded plugin filemanager (category:base,tabindex:10)
2026-01-15 10:43:37,730 [INFO] PluginManage:310 - Check plugin ipmanager
2026-01-15 10:43:37,737 [INFO] PluginManage:359 - Loaded plugin ipmanager (category:base,tabindex:5)
2026-01-15 10:43:37,738 [INFO] PluginManage:310 - Check plugin lpbam
2026-01-15 10:43:37,747 [INFO] PluginManage:359 - Loaded plugin lpbam (category:base,tabindex:0)
2026-01-15 10:43:37,747 [INFO] PluginManage:310 - Check plugin memorymap
2026-01-15 10:43:37,761 [INFO] PluginManage:359 - Loaded plugin memorymap (category:base,tabindex:4)
2026-01-15 10:43:37,762 [INFO] PluginManage:310 - Check plugin pinoutandconfiguration
2026-01-15 10:43:37,773 [INFO] PluginManage:359 - Loaded plugin pinoutandconfiguration (category:base,tabindex:1)
2026-01-15 10:43:37,773 [INFO] PluginManage:310 - Check plugin pinoutconfig
2026-01-15 10:43:37,874 [WARN] SupportedApi:132 - Cannot load RTOS API schema: s4s-elt-must-match.1: The content of 'definitions' must match (annotation?, (simpleType | complexType)?, (unique | key | keyref)*)). A problem was found starting at: attribute.
2026-01-15 10:43:38,019 [INFO] PluginManage:359 - Loaded plugin pinoutconfig (category:base,tabindex:0)
2026-01-15 10:43:38,019 [INFO] PluginManage:310 - Check plugin power
2026-01-15 10:43:38,030 [INFO] PluginManage:359 - Loaded plugin power (category:power,tabindex:4)
2026-01-15 10:43:38,030 [INFO] PluginManage:310 - Check plugin projectmanager
2026-01-15 10:43:38,045 [INFO] PluginManage:359 - Loaded plugin projectmanager (category:projectmanager,tabindex:4)
2026-01-15 10:43:38,045 [INFO] PluginManage:310 - Check plugin rif
2026-01-15 10:43:38,055 [INFO] PluginManage:359 - Loaded plugin rif (category:base,tabindex:3)
2026-01-15 10:43:38,055 [INFO] PluginManage:310 - Check plugin thirdparty
2026-01-15 10:43:38,183 [INFO] PluginManage:359 - Loaded plugin thirdparty (category:base,tabindex:-1)
2026-01-15 10:43:38,183 [WARN] IntegrityCheckThread:84 - waiting for thirdparty lock release [integrity check]
2026-01-15 10:43:38,183 [INFO] PluginManage:310 - Check plugin tools
2026-01-15 10:43:38,183 [INFO] IntegrityCheckThread:86 - entering critical section [integrity check]
2026-01-15 10:43:38,184 [INFO] ThirdPartyUpdaterWithRetryManager:70 - Updater plugin not ready yet. [1/15]
2026-01-15 10:43:38,186 [INFO] PluginManage:359 - Loaded plugin tools (category:base,tabindex:7)
2026-01-15 10:43:38,187 [INFO] PluginManage:310 - Check plugin tutovideos
2026-01-15 10:43:38,411 [INFO] PluginManage:359 - Loaded plugin tutovideos (category:base,tabindex:-1)
2026-01-15 10:43:38,411 [INFO] PluginManage:310 - Check plugin updater
2026-01-15 10:43:38,433 [INFO] PluginManage:359 - Loaded plugin updater (category:base,tabindex:12)
2026-01-15 10:43:38,433 [INFO] PluginManage:310 - Check plugin userauth
2026-01-15 10:43:38,438 [INFO] UserAuth:118 - Init User Auth plugin
2026-01-15 10:43:38,439 [INFO] PluginManage:359 - Loaded plugin userauth (category:base,tabindex:14)
2026-01-15 10:43:38,440 [INFO] PluginManage:283 - PluginManage : Loaded plugins [18]
2026-01-15 10:43:38,634 [INFO] PinOutPanel:1589 - setPackage(No Configuration,No Configuration)
2026-01-15 10:43:38,716 [INFO] CADModel:165 - CPN selected for project level
2026-01-15 10:43:38,716 [INFO] CADModel:114 - Register for checkConnection events
2026-01-15 10:43:38,734 [INFO] IPUIPlugin:80 - create IPUIPlugin
2026-01-15 10:43:38,734 [INFO] PluginManager:220 - loadIPPluginJar : add adc
2026-01-15 10:43:38,738 [INFO] IPUIPlugin:80 - create IPUIPlugin
2026-01-15 10:43:38,738 [INFO] PluginManager:220 - loadIPPluginJar : add aes
2026-01-15 10:43:38,741 [INFO] IPUIPlugin:80 - create IPUIPlugin
2026-01-15 10:43:38,741 [INFO] PluginManager:220 - loadIPPluginJar : add can
2026-01-15 10:43:38,743 [INFO] IPUIPlugin:80 - create IPUIPlugin
2026-01-15 10:43:38,743 [INFO] PluginManager:220 - loadIPPluginJar : add comp
2026-01-15 10:43:38,745 [INFO] IPUIPlugin:80 - create IPUIPlugin
2026-01-15 10:43:38,745 [INFO] PluginManager:220 - loadIPPluginJar : add cryp
2026-01-15 10:43:38,748 [INFO] IPUIPlugin:80 - create IPUIPlugin
2026-01-15 10:43:38,748 [INFO] PluginManager:220 - loadIPPluginJar : add ddr_ctrl_phy
2026-01-15 10:43:38,751 [INFO] IPUIPlugin:80 - create IPUIPlugin
2026-01-15 10:43:38,751 [INFO] PluginManager:220 - loadIPPluginJar : add dfsdm
2026-01-15 10:43:38,756 [INFO] IPUIPlugin:80 - create IPUIPlugin
2026-01-15 10:43:38,757 [INFO] PluginManager:220 - loadIPPluginJar : add dma
2026-01-15 10:43:38,760 [INFO] IPUIPlugin:80 - create IPUIPlugin
2026-01-15 10:43:38,760 [INFO] PluginManager:220 - loadIPPluginJar : add dma3
2026-01-15 10:43:38,763 [INFO] IPUIPlugin:80 - create IPUIPlugin
2026-01-15 10:43:38,764 [INFO] PluginManager:220 - loadIPPluginJar : add extmemmanager
2026-01-15 10:43:38,765 [INFO] IPUIPlugin:80 - create IPUIPlugin
2026-01-15 10:43:38,765 [INFO] PluginManager:220 - loadIPPluginJar : add fatfs
2026-01-15 10:43:38,769 [INFO] IPUIPlugin:80 - create IPUIPlugin
2026-01-15 10:43:38,770 [INFO] PluginManager:220 - loadIPPluginJar : add fmc
2026-01-15 10:43:38,778 [INFO] IPUIPlugin:80 - create IPUIPlugin
2026-01-15 10:43:38,778 [INFO] PluginManager:220 - loadIPPluginJar : add freertos
2026-01-15 10:43:38,780 [INFO] IPUIPlugin:80 - create IPUIPlugin
2026-01-15 10:43:38,780 [INFO] PluginManager:220 - loadIPPluginJar : add genericplugin
2026-01-15 10:43:38,782 [INFO] IPUIPlugin:80 - create IPUIPlugin
2026-01-15 10:43:38,783 [INFO] PluginManager:220 - loadIPPluginJar : add gfxmmu
2026-01-15 10:43:38,787 [INFO] IPUIPlugin:80 - create IPUIPlugin
2026-01-15 10:43:38,787 [INFO] PluginManager:220 - loadIPPluginJar : add gic
2026-01-15 10:43:38,791 [INFO] IPUIPlugin:80 - create IPUIPlugin
2026-01-15 10:43:38,792 [INFO] PluginManager:220 - loadIPPluginJar : add gpio
2026-01-15 10:43:38,794 [INFO] IPUIPlugin:80 - create IPUIPlugin
2026-01-15 10:43:38,794 [INFO] PluginManager:220 - loadIPPluginJar : add gtzc
2026-01-15 10:43:38,796 [INFO] IPUIPlugin:80 - create IPUIPlugin
2026-01-15 10:43:38,796 [INFO] PluginManager:220 - loadIPPluginJar : add hash
2026-01-15 10:43:38,799 [INFO] IPUIPlugin:80 - create IPUIPlugin
2026-01-15 10:43:38,799 [INFO] PluginManager:220 - loadIPPluginJar : add i2c
2026-01-15 10:43:38,801 [INFO] IPUIPlugin:80 - create IPUIPlugin
2026-01-15 10:43:38,801 [INFO] PluginManager:220 - loadIPPluginJar : add i2s
2026-01-15 10:43:38,803 [INFO] IPUIPlugin:80 - create IPUIPlugin
2026-01-15 10:43:38,803 [INFO] PluginManager:220 - loadIPPluginJar : add i3c
2026-01-15 10:43:38,806 [INFO] IPUIPlugin:80 - create IPUIPlugin
2026-01-15 10:43:38,807 [INFO] PluginManager:220 - loadIPPluginJar : add ipddr
2026-01-15 10:43:38,812 [INFO] IPUIPlugin:80 - create IPUIPlugin
2026-01-15 10:43:38,813 [INFO] PluginManager:220 - loadIPPluginJar : add linkedlist
2026-01-15 10:43:38,815 [INFO] IPUIPlugin:80 - create IPUIPlugin
2026-01-15 10:43:38,815 [INFO] PluginManager:220 - loadIPPluginJar : add lorawan
2026-01-15 10:43:38,817 [INFO] IPUIPlugin:80 - create IPUIPlugin
2026-01-15 10:43:38,817 [INFO] PluginManager:220 - loadIPPluginJar : add ltdc
2026-01-15 10:43:38,822 [INFO] IPUIPlugin:80 - create IPUIPlugin
2026-01-15 10:43:38,822 [INFO] PluginManager:220 - loadIPPluginJar : add mdma
2026-01-15 10:43:38,826 [INFO] IPUIPlugin:80 - create IPUIPlugin
2026-01-15 10:43:38,827 [INFO] PluginManager:220 - loadIPPluginJar : add nvic
2026-01-15 10:43:38,829 [INFO] IPUIPlugin:80 - create IPUIPlugin
2026-01-15 10:43:38,829 [INFO] PluginManager:220 - loadIPPluginJar : add opamp
2026-01-15 10:43:38,832 [INFO] IPUIPlugin:80 - create IPUIPlugin
2026-01-15 10:43:38,832 [INFO] PluginManager:220 - loadIPPluginJar : add openamp
2026-01-15 10:43:38,835 [INFO] IPUIPlugin:80 - create IPUIPlugin
2026-01-15 10:43:38,835 [INFO] PluginManager:220 - loadIPPluginJar : add pdm2pcm
2026-01-15 10:43:38,841 [INFO] IPUIPlugin:80 - create IPUIPlugin
2026-01-15 10:43:38,843 [INFO] PluginManager:220 - loadIPPluginJar : add plateformsettings
2026-01-15 10:43:38,845 [INFO] IPUIPlugin:80 - create IPUIPlugin
2026-01-15 10:43:38,845 [INFO] PluginManager:220 - loadIPPluginJar : add quadspi
2026-01-15 10:43:38,847 [INFO] IPUIPlugin:80 - create IPUIPlugin
2026-01-15 10:43:38,848 [INFO] PluginManager:220 - loadIPPluginJar : add radio
2026-01-15 10:43:38,852 [INFO] IPUIPlugin:80 - create IPUIPlugin
2026-01-15 10:43:38,852 [INFO] PluginManager:220 - loadIPPluginJar : add resmgrutility
2026-01-15 10:43:38,856 [INFO] IPUIPlugin:80 - create IPUIPlugin
2026-01-15 10:43:38,856 [INFO] PluginManager:220 - loadIPPluginJar : add sai
2026-01-15 10:43:38,858 [INFO] IPUIPlugin:80 - create IPUIPlugin
2026-01-15 10:43:38,858 [INFO] PluginManager:220 - loadIPPluginJar : add spi
2026-01-15 10:43:38,861 [INFO] IPUIPlugin:80 - create IPUIPlugin
2026-01-15 10:43:38,861 [INFO] PluginManager:220 - loadIPPluginJar : add stm32_wpan
2026-01-15 10:43:38,861 [INFO] IPUIPlugin:80 - create IPUIPlugin
2026-01-15 10:43:38,861 [INFO] PluginManager:220 - loadIPPluginJar : add tim
2026-01-15 10:43:38,861 [INFO] IPUIPlugin:80 - create IPUIPlugin
2026-01-15 10:43:38,861 [INFO] PluginManager:220 - loadIPPluginJar : add touchsensing
2026-01-15 10:43:38,861 [INFO] IPUIPlugin:80 - create IPUIPlugin
2026-01-15 10:43:38,861 [INFO] PluginManager:220 - loadIPPluginJar : add tracer_emb
2026-01-15 10:43:38,874 [INFO] IPUIPlugin:80 - create IPUIPlugin
2026-01-15 10:43:38,874 [INFO] PluginManager:220 - loadIPPluginJar : add ts
2026-01-15 10:43:38,874 [INFO] IPUIPlugin:80 - create IPUIPlugin
2026-01-15 10:43:38,874 [INFO] PluginManager:220 - loadIPPluginJar : add tsc
2026-01-15 10:43:38,874 [INFO] IPUIPlugin:80 - create IPUIPlugin
2026-01-15 10:43:38,874 [INFO] PluginManager:220 - loadIPPluginJar : add ucpd
2026-01-15 10:43:38,874 [INFO] IPUIPlugin:80 - create IPUIPlugin
2026-01-15 10:43:38,874 [INFO] PluginManager:220 - loadIPPluginJar : add usart
2026-01-15 10:43:38,874 [INFO] IPUIPlugin:80 - create IPUIPlugin
2026-01-15 10:43:38,874 [INFO] PluginManager:220 - loadIPPluginJar : add usbx
2026-01-15 10:43:39,018 [FATAL] Updater:351 - Updater called before beeing initialized
2026-01-15 10:43:39,049 [INFO] RulesReader:64 - Compatibility file has been processed (317 Rules)
2026-01-15 10:43:39,056 [INFO] RulesReader:64 - Compatibility file has been processed (317 Rules)
2026-01-15 10:43:39,065 [INFO] CADModel:165 - CPN selected for project level
2026-01-15 10:43:39,065 [INFO] CADModel:114 - Register for checkConnection events
2026-01-15 10:43:39,065 [FATAL] Updater:351 - Updater called before beeing initialized
2026-01-15 10:43:39,065 [ERROR] CADModel:125 - Updater not yet initialized, retry later 
2026-01-15 10:43:39,216 [FATAL] Updater:351 - Updater called before beeing initialized
2026-01-15 10:43:39,216 [INFO] CADModel:165 - CPN selected for project level
2026-01-15 10:43:39,216 [INFO] CADModel:114 - Register for checkConnection events
2026-01-15 10:43:39,216 [FATAL] Updater:351 - Updater called before beeing initialized
2026-01-15 10:43:39,216 [ERROR] CADModel:125 - Updater not yet initialized, retry later 
2026-01-15 10:43:39,216 [FATAL] Updater:351 - Updater called before beeing initialized
2026-01-15 10:43:39,322 [FATAL] Updater:351 - Updater called before beeing initialized
2026-01-15 10:43:39,327 [INFO] DbMcusAds:53 - JSON generation date=Mon Dec 08 21:28:09 ICT 2025 (1765204089858)
2026-01-15 10:43:39,327 [FATAL] Updater:351 - Updater called before beeing initialized
2026-01-15 10:43:39,360 [WARN] DetailPanel:346 - Failed to get advertising image, set to default
2026-01-15 10:43:39,433 [FATAL] Updater:351 - Updater called before beeing initialized
2026-01-15 10:43:39,433 [FATAL] Updater:351 - Updater called before beeing initialized
2026-01-15 10:43:39,433 [FATAL] Updater:351 - Updater called before beeing initialized
2026-01-15 10:43:39,433 [WARN] DetailPanel:346 - Failed to get advertising image, set to default
2026-01-15 10:43:39,433 [FATAL] Updater:351 - Updater called before beeing initialized
2026-01-15 10:43:39,476 [ERROR] Updater:1198 - MainUpdater not yet initialized. External WinMGr cannot be set.
2026-01-15 10:43:39,486 [INFO] Updater:1134 - Updater Version found : 6.15.0
2026-01-15 10:43:39,493 [INFO] ApplicationProperties:184 - Using Application install path: C:\ST\STM32CubeIDE_1.18.1\STM32CubeIDE\plugins\com.st.stm32cube.common.mx_6.15.0.202507011659
2026-01-15 10:43:41,109 [ERROR] LogOutputStream:75 - [STDERR_REDIRECT] Jan 15, 2026 10:43:41 AM java.util.prefs.WindowsPreferences <init>
2026-01-15 10:43:41,112 [ERROR] LogOutputStream:75 - [STDERR_REDIRECT] WARNING: Could not open/create prefs root node Software\JavaSoft\Prefs at root 0xffffffff80000002. Windows RegCreateKeyEx(...) returned error code 5.
2026-01-15 10:43:41,112 [ERROR] LogOutputStream:75 - [STDERR_REDIRECT] 
2026-01-15 10:43:41,195 [INFO] ThirdPartyUpdaterWithRetryManager:70 - Updater plugin not ready yet. [2/15]
2026-01-15 10:43:41,591 [INFO] MainUpdater:2872 - connection check result : 10
2026-01-15 10:43:41,592 [INFO] MainUpdater:3604 - Updater definition file requires update
2026-01-15 10:43:41,592 [INFO] MainUpdater:289 - Updater Check For Update Now.
2026-01-15 10:43:41,593 [INFO] MicroXplorer:498 - Change Database Version : DB.6.0.150
2026-01-15 10:43:41,598 [INFO] McuFinderGlobals:63 - Set McuFinder mode to 2 (CubeIDE integrated)
2026-01-15 10:43:41,599 [INFO] UserAuth:487 - Internet connection configuration mode: 1
2026-01-15 10:43:41,619 [INFO] JxBrowserEngine:152 - Initiate JxBrowser Engine with user profile folder
2026-01-15 10:43:41,814 [INFO] ServerAccessManage:452 - Complete download http(s) 200
2026-01-15 10:43:41,814 [INFO] ServerAccessManage:509 - Download File updaters.zip
2026-01-15 10:43:42,017 [INFO] FileExtend:248 - Unzip File : updaters.zip
2026-01-15 10:43:42,017 [INFO] FileExtend:263 - Standard Zip Deflate
2026-01-15 10:43:42,566 [INFO] WebApp:169 - Instantiating new browser for Auth
2026-01-15 10:43:42,609 [INFO] ServerAccessManage:452 - Complete download http(s) 200
2026-01-15 10:43:42,610 [INFO] ServerAccessManage:509 - Download File PacksControlFlags.xml
2026-01-15 10:43:42,730 [INFO] ServerAccessManage:452 - Complete download http(s) 200
2026-01-15 10:43:42,731 [INFO] ServerAccessManage:509 - Download File cubemx.pidx
2026-01-15 10:43:43,635 [INFO] WebApp:463 - Apply proxy settings
2026-01-15 10:43:43,635 [INFO] WebApp:548 - Chromium requires no authentication
2026-01-15 10:43:43,647 [INFO] WebApp:491 - Direct internet connection detected
2026-01-15 10:43:43,685 [INFO] WebApp:900 - Register for checkConnection events
2026-01-15 10:43:43,685 [INFO] WebApp:463 - Apply proxy settings
2026-01-15 10:43:43,685 [INFO] WebApp:548 - Chromium requires no authentication
2026-01-15 10:43:43,686 [INFO] WebApp:491 - Direct internet connection detected
2026-01-15 10:43:43,768 [INFO] ServerAccessManage:452 - Complete download http(s) 200
2026-01-15 10:43:43,768 [INFO] ServerAccessManage:509 - Download File STMicroelectronics.X-CUBE-ST67W61.pdsc
2026-01-15 10:43:43,851 [INFO] WebApp:191 - Connection restablished
2026-01-15 10:43:43,980 [INFO] WebApp:225 - Starting web application
2026-01-15 10:43:43,980 [INFO] WebApp:593 - Web application path used C:\ST\STM32CubeIDE_1.18.1\STM32CubeIDE\plugins\com.st.stm32cube.common.mx_6.15.0.202507011659\db\plugins\mcufinder\reactClient1\index.html
2026-01-15 10:43:44,208 [WARN] MainUpdater:1193 - Updater busy. Cannot search thirdparties
2026-01-15 10:43:44,208 [INFO] ThirdPartyUpdaterWithRetryManager:96 - Updater plugin is busy. [1/15]
2026-01-15 10:43:44,208 [INFO] UserAuth:487 - Internet connection configuration mode: 1
2026-01-15 10:43:44,592 [WARN] PackLoader:240 - Cannot read IP mode file for STMicroelectronics.X-CUBE-ST67W61.1.2.0
2026-01-15 10:43:44,594 [INFO] PopulateThirdPartyThread:66 - Ending populate Thread
2026-01-15 10:43:44,595 [INFO] ThirdParty:1030 - CMSIS Pack Vendor :STMicroelectronics X-CUBE-ST67W61 1.2.0
2026-01-15 10:43:44,595 [INFO] LoadServerUpdatesThread:375 - End of LoadServerUpdate Thread
2026-01-15 10:43:44,704 [INFO] CheckServerUpdateThread:120 - End of CheckServer Thread
2026-01-15 10:43:47,432 [WARN] PackLoader:240 - Cannot read IP mode file for STMicroelectronics.FP-SNS-MOTENVWB1.1.4.0
2026-01-15 10:43:47,436 [WARN] PackLoader:240 - Cannot read IP mode file for STMicroelectronics.FP-ATR-ASTRA1.2.0.2
2026-01-15 10:43:47,445 [WARN] PackLoader:240 - Cannot read IP mode file for STMicroelectronics.X-CUBE-SMBUS.2.1.0
2026-01-15 10:43:47,449 [WARN] PackLoader:240 - Cannot read IP mode file for STMicroelectronics.X-CUBE-ST60.1.0.0
2026-01-15 10:43:47,469 [WARN] PackLoader:240 - Cannot read IP mode file for STMicroelectronics.X-CUBE-AZRTOS-F7.1.1.0
2026-01-15 10:43:47,477 [WARN] PackLoader:240 - Cannot read IP mode file for STMicroelectronics.FP-SNS-MOTENV1.5.1.0
2026-01-15 10:43:47,495 [WARN] PackLoader:240 - Cannot read IP mode file for Infineon.AIROC-Wi-Fi-Bluetooth-STM32.1.7.0
2026-01-15 10:43:47,514 [WARN] PackLoader:240 - Cannot read IP mode file for STMicroelectronics.X-CUBE-AZRTOS-H7.3.4.0
2026-01-15 10:43:47,522 [WARN] PackLoader:240 - Cannot read IP mode file for STMicroelectronics.X-CUBE-DISPLAY.3.0.0
2026-01-15 10:43:47,534 [WARN] PackLoader:240 - Cannot read IP mode file for STMicroelectronics.X-CUBE-NFC10.1.0.0
2026-01-15 10:43:47,544 [WARN] PackLoader:240 - Cannot read IP mode file for STMicroelectronics.X-CUBE-BLEMGR.4.0.0
2026-01-15 10:43:47,549 [WARN] PackLoader:240 - Cannot read IP mode file for STMicroelectronics.X-CUBE-ST60.1.1.0
2026-01-15 10:43:47,554 [WARN] PackLoader:240 - Cannot read IP mode file for emotas.I-CUBE-CANOPEN.1.3.0
2026-01-15 10:43:47,559 [WARN] PackLoader:240 - Cannot read IP mode file for STMicroelectronics.X-CUBE-GNSS1.7.1.0
2026-01-15 10:43:47,565 [WARN] ConditionMgr:438 - getConditionDescription Invalid condition id : Cortex-A Device cause : null
2026-01-15 10:43:47,574 [WARN] ConditionMgr:1044 - genDependencies : Invalid condition id : Cortex-A Device cause : null
2026-01-15 10:43:47,575 [WARN] ConditionMgr:1044 - genDependencies : Invalid condition id : Cortex-A Device cause : null
2026-01-15 10:43:47,575 [WARN] ConditionMgr:1044 - genDependencies : Invalid condition id : Cortex-A Device cause : null
2026-01-15 10:43:47,578 [WARN] PackLoader:240 - Cannot read IP mode file for STMicroelectronics.X-CUBE-AI.10.0.0
2026-01-15 10:43:47,584 [WARN] PackLoader:240 - Cannot read IP mode file for STMicroelectronics.FP-SNS-STBOX1.2.1.0
2026-01-15 10:43:47,589 [WARN] PackLoader:240 - Cannot read IP mode file for STMicroelectronics.FP-SNS-SMARTAG2.1.2.0
2026-01-15 10:43:47,594 [WARN] PackLoader:240 - Cannot read IP mode file for STMicroelectronics.FP-SNS-FLIGHT1.5.1.0
2026-01-15 10:43:47,600 [INFO] LogOutputStream:77 - [STDOUT_REDIRECT] 1 : Invalid condition id : UX_CORESTACK_Condition cause : null
2026-01-15 10:43:47,600 [INFO] LogOutputStream:77 - [STDOUT_REDIRECT] 1 : Invalid condition id : UX_CORESTACK_Condition cause : null
2026-01-15 10:43:47,601 [INFO] LogOutputStream:77 - [STDOUT_REDIRECT] 1 : Invalid condition id : UX_CORESTACK_Condition cause : null
2026-01-15 10:43:47,602 [INFO] LogOutputStream:77 - [STDOUT_REDIRECT] 1 : Invalid condition id : UX_CORESTACK_Condition cause : null
2026-01-15 10:43:47,602 [INFO] LogOutputStream:77 - [STDOUT_REDIRECT] 1 : Invalid condition id : UX_CORESTACK_Condition cause : null
2026-01-15 10:43:47,604 [WARN] PackLoader:240 - Cannot read IP mode file for STMicroelectronics.X-CUBE-AZRTOS-WL.2.0.0
2026-01-15 10:43:47,608 [WARN] PackLoader:240 - Cannot read IP mode file for STMicroelectronics.FP-SNS-MOTENV1.5.0.0
2026-01-15 10:43:47,621 [WARN] PackLoader:240 - Cannot read IP mode file for STMicroelectronics.X-CUBE-AZRTOS-H7RS.1.2.0
2026-01-15 10:43:47,629 [WARN] PackLoader:240 - Cannot read IP mode file for WES.I-CUBE-Cesium.1.3.0
2026-01-15 10:43:47,634 [WARN] PackLoader:240 - Cannot read IP mode file for STMicroelectronics.X-CUBE-BLE2.3.3.0
2026-01-15 10:43:47,646 [WARN] PackLoader:240 - Cannot read IP mode file for STMicroelectronics.X-CUBE-NFC9.1.0.0
2026-01-15 10:43:47,653 [WARN] PackLoader:240 - Cannot read IP mode file for STMicroelectronics.X-CUBE-BLE1.7.1.0
2026-01-15 10:43:47,656 [WARN] PackLoader:240 - Cannot read IP mode file for wolfSSL.I-CUBE-wolfMQTT.1.19.2
2026-01-15 10:43:47,661 [WARN] PackLoader:240 - Cannot read IP mode file for STMicroelectronics.X-CUBE-FREERTOS.1.4.0
2026-01-15 10:43:47,666 [WARN] PackLoader:240 - Cannot read IP mode file for STMicroelectronics.X-CUBE-EEPRMA1.5.2.0
2026-01-15 10:43:47,673 [WARN] PackLoader:240 - Cannot read IP mode file for STMicroelectronics.X-CUBE-ST67W61.1.1.0
2026-01-15 10:43:47,676 [WARN] PackLoader:240 - Cannot read IP mode file for STMicroelectronics.X-CUBE-AI.10.1.0
2026-01-15 10:43:47,710 [WARN] PackLoader:240 - Cannot read IP mode file for STMicroelectronics.X-CUBE-MEMS1.12.0.0
2026-01-15 10:43:47,790 [WARN] PackLoader:240 - Cannot read IP mode file for STMicroelectronics.X-CUBE-MEMS1.11.2.0
2026-01-15 10:43:47,871 [WARN] PackLoader:240 - Cannot read IP mode file for STMicroelectronics.X-CUBE-AZRTOS-G0.1.1.0
2026-01-15 10:43:47,877 [WARN] PackLoader:240 - Cannot read IP mode file for STMicroelectronics.X-CUBE-SAFEA1.1.2.2
2026-01-15 10:43:47,883 [WARN] PackLoader:240 - Cannot read IP mode file for STMicroelectronics.X-CUBE-NFC4.3.0.0
2026-01-15 10:43:47,890 [WARN] PackLoader:240 - Cannot read IP mode file for EmbeddedOffice.I-CUBE-FS-RTOS.1.0.1
2026-01-15 10:43:47,894 [WARN] PackLoader:240 - Cannot read IP mode file for STMicroelectronics.X-CUBE-WB05N.2.0.0
2026-01-15 10:43:47,898 [WARN] PackLoader:240 - Cannot read IP mode file for wolfSSL.I-CUBE-wolfTPM.3.8.0
2026-01-15 10:43:47,902 [WARN] PackLoader:240 - Cannot read IP mode file for STMicroelectronics.X-CUBE-TCPP.4.2.0
2026-01-15 10:43:47,906 [WARN] PackLoader:240 - Cannot read IP mode file for RealThread.X-CUBE-RT-Thread_Nano.4.1.1
2026-01-15 10:43:47,910 [WARN] PackLoader:240 - Cannot read IP mode file for STMicroelectronics.FP-ATR-SIGFOX1.3.2.0
2026-01-15 10:43:47,914 [WARN] PackLoader:240 - Cannot read IP mode file for STMicroelectronics.X-CUBE-EEPRMA1.5.1.0
2026-01-15 10:43:47,917 [WARN] PackLoader:240 - Cannot read IP mode file for wolfSSL.I-CUBE-wolfSSL.5.7.6
2026-01-15 10:43:47,922 [WARN] PackLoader:240 - Cannot read IP mode file for ITTIA_DB.I-CUBE-ITTIADB.8.9.0
2026-01-15 10:43:47,927 [WARN] PackLoader:240 - Cannot read IP mode file for STMicroelectronics.X-CUBE-ST67W61.1.0.0
2026-01-15 10:43:47,930 [WARN] PackLoader:240 - Cannot read IP mode file for STMicroelectronics.X-CUBE-AI.10.2.0
2026-01-15 10:43:47,954 [WARN] PackLoader:240 - Cannot read IP mode file for SEGGER.I-CUBE-embOS.1.3.1
2026-01-15 10:43:47,988 [WARN] PackLoader:240 - Cannot read IP mode file for STMicroelectronics.X-CUBE-ALGOBUILD.1.4.0
2026-01-15 10:43:48,027 [WARN] PackLoader:240 - Cannot read IP mode file for STMicroelectronics.X-CUBE-MEMS1.11.3.0
2026-01-15 10:43:48,096 [WARN] PackLoader:240 - Cannot read IP mode file for STMicroelectronics.X-CUBE-PM33A1.1.0.0
2026-01-15 10:43:48,105 [WARN] PackLoader:240 - Cannot read IP mode file for STMicroelectronics.X-CUBE-AZRTOS-F4.1.1.0
2026-01-15 10:43:48,110 [WARN] PackLoader:240 - Cannot read IP mode file for Avnet-IotConnect.X-CUBE-IoTC-DA16k-PMOD.1.0.0
2026-01-15 10:43:48,115 [WARN] PackLoader:240 - Cannot read IP mode file for STMicroelectronics.X-CUBE-ISPU.2.1.0
2026-01-15 10:43:48,130 [WARN] PackLoader:240 - Cannot read IP mode file for STMicroelectronics.X-CUBE-IPS.3.2.0
2026-01-15 10:43:48,138 [WARN] PackLoader:240 - Cannot read IP mode file for STMicroelectronics.X-CUBE-NFC12.1.0.0
2026-01-15 10:43:48,148 [WARN] PackLoader:240 - Cannot read IP mode file for STMicroelectronics.X-CUBE-AZRTOS-L5.2.0.0
2026-01-15 10:43:48,155 [WARN] PackLoader:240 - Cannot read IP mode file for STMicroelectronics.X-CUBE-NFC6.3.1.0
2026-01-15 10:43:48,160 [WARN] PackLoader:240 - Cannot read IP mode file for STMicroelectronics.X-CUBE-FREERTOS.1.3.1
2026-01-15 10:43:48,163 [WARN] PackLoader:240 - Cannot read IP mode file for STMicroelectronics.X-CUBE-FREERTOS.1.3.0
2026-01-15 10:43:48,167 [WARN] PackLoader:240 - Cannot read IP mode file for STMicroelectronics.X-CUBE-NFC7.1.0.1
2026-01-15 10:43:48,172 [WARN] PackLoader:240 - Cannot read IP mode file for STMicroelectronics.X-CUBE-TOUCHGFX.4.26.0
2026-01-15 10:43:48,176 [WARN] PackLoader:240 - Cannot read IP mode file for STMicroelectronics.FP-SNS-STAIOTCFT.1.0.0
2026-01-15 10:43:48,180 [WARN] PackLoader:240 - Cannot read IP mode file for STMicroelectronics.X-CUBE-DPower.1.3.0
2026-01-15 10:43:48,191 [WARN] ConditionMgr:438 - getConditionDescription Invalid condition id : LAN8742 Phy interface Condition cause : null
2026-01-15 10:43:48,192 [WARN] PackLoader:240 - Cannot read IP mode file for STMicroelectronics.X-CUBE-AZRTOS-L4.2.0.0
2026-01-15 10:43:48,192 [WARN] ConditionMgr:1044 - genDependencies : Invalid condition id : LAN8742 Phy interface Condition cause : null
2026-01-15 10:43:48,192 [WARN] ConditionMgr:1044 - genDependencies : Invalid condition id : LAN8742 Phy interface Condition cause : null
2026-01-15 10:43:48,192 [WARN] ConditionMgr:1044 - genDependencies : Invalid condition id : LAN8742 Phy interface Condition cause : null
2026-01-15 10:43:48,197 [WARN] PackLoader:240 - Cannot read IP mode file for STMicroelectronics.X-CUBE-SFXS2LP1.4.0.0
2026-01-15 10:43:48,202 [WARN] PackLoader:240 - Cannot read IP mode file for STMicroelectronics.X-CUBE-ST67W61.1.2.0
2026-01-15 10:43:48,212 [WARN] PackLoader:240 - Cannot read IP mode file for STMicroelectronics.X-CUBE-AZRTOS-H7.3.3.0
2026-01-15 10:43:48,228 [WARN] PackLoader:240 - Cannot read IP mode file for STMicroelectronics.X-CUBE-BLEMGR.4.1.0
2026-01-15 10:43:48,238 [WARN] ConditionMgr:438 - getConditionDescription Invalid condition id : UX DEVICE CLASS RTOS Condition cause : null
2026-01-15 10:43:48,238 [WARN] ConditionMgr:438 - getConditionDescription Invalid condition id : UX DEVICE CLASS RTOS Condition cause : null
2026-01-15 10:43:48,239 [WARN] PackLoader:240 - Cannot read IP mode file for STMicroelectronics.X-CUBE-AZRTOS-WB.2.0.0
2026-01-15 10:43:48,239 [WARN] ConditionMgr:1044 - genDependencies : Invalid condition id : UX DEVICE CLASS RTOS Condition cause : null
2026-01-15 10:43:48,239 [WARN] ConditionMgr:1044 - genDependencies : Invalid condition id : UX DEVICE CLASS RTOS Condition cause : null
2026-01-15 10:43:48,240 [WARN] ConditionMgr:1044 - genDependencies : Invalid condition id : UX DEVICE CLASS RTOS Condition cause : null
2026-01-15 10:43:48,240 [WARN] ConditionMgr:1044 - genDependencies : Invalid condition id : UX DEVICE CLASS RTOS Condition cause : null
2026-01-15 10:43:48,240 [WARN] ConditionMgr:1044 - genDependencies : Invalid condition id : UX DEVICE CLASS RTOS Condition cause : null
2026-01-15 10:43:48,244 [WARN] PackLoader:240 - Cannot read IP mode file for STMicroelectronics.X-CUBE-GNSS1.7.0.1
2026-01-15 10:43:48,247 [WARN] PackLoader:240 - Cannot read IP mode file for STMicroelectronics.X-CUBE-TOUCHGFX.4.25.0
2026-01-15 10:43:48,251 [WARN] PackLoader:240 - Cannot read IP mode file for STMicroelectronics.FP-SNS-STBOX1.2.0.0
2026-01-15 10:43:48,259 [WARN] PackLoader:240 - Cannot read IP mode file for STMicroelectronics.X-CUBE-SUBG2.5.0.0
2026-01-15 10:43:48,271 [WARN] PackLoader:240 - Cannot read IP mode file for STMicroelectronics.X-CUBE-AZRTOS-H7RS.1.1.0
2026-01-15 10:43:48,276 [WARN] PackLoader:240 - Cannot read IP mode file for Cesanta.I-CUBE-Mongoose.7.13.0
2026-01-15 10:43:48,284 [WARN] PackLoader:240 - Cannot read IP mode file for STMicroelectronics.X-CUBE-AZRTOS-G4.2.0.0
2026-01-15 10:43:48,289 [WARN] PackLoader:240 - Cannot read IP mode file for wolfSSL.I-CUBE-wolfSSH.1.4.20
2026-01-15 10:43:48,292 [WARN] PackLoader:240 - Cannot read IP mode file for STMicroelectronics.X-CUBE-NFC7.2.0.0
2026-01-15 10:43:48,298 [WARN] PackLoader:240 - Cannot read IP mode file for STMicroelectronics.X-CUBE-IPS.3.1.0
2026-01-15 10:43:48,305 [WARN] PackLoader:240 - Cannot read IP mode file for STMicroelectronics.X-CUBE-ALS.1.0.2
2026-01-15 10:43:48,311 [WARN] PackLoader:240 - Cannot read IP mode file for STMicroelectronics.X-CUBE-STSE01.1.0.0
2026-01-15 10:43:48,316 [WARN] PackLoader:240 - Cannot read IP mode file for portGmbH.I-Cube-SoM-uGOAL.1.1.0
2026-01-15 10:43:48,325 [WARN] PackLoader:240 - Cannot read IP mode file for STMicroelectronics.X-CUBE-TOF1.3.4.3
2026-01-15 10:43:48,331 [INFO] ThirdParty:978 - Integrity check success = true
2026-01-15 10:43:48,331 [INFO] IntegrityCheckThread:100 - exiting critical section [integrity check]
2026-01-15 10:43:48,331 [INFO] IntegrityCheckThread:103 - End integrity checks thread
2026-01-15 10:48:36,771 [INFO] WebApp:194 - Connection lost
2026-01-15 10:48:37,104 [INFO] WebApp:191 - Connection restablished
2026-01-15 11:41:37,761 [INFO] WebApp:194 - Connection lost
2026-01-15 11:41:37,950 [INFO] WebApp:191 - Connection restablished
2026-01-15 11:41:40,994 [INFO] WebApp:194 - Connection lost
2026-01-15 11:41:41,142 [INFO] WebApp:191 - Connection restablished
2026-01-15 11:41:44,109 [INFO] WebApp:194 - Connection lost
2026-01-15 11:41:44,227 [INFO] WebApp:191 - Connection restablished
2026-01-15 11:41:47,231 [INFO] WebApp:194 - Connection lost
2026-01-15 11:41:47,383 [INFO] WebApp:191 - Connection restablished
2026-01-15 11:41:49,272 [INFO] WebApp:194 - Connection lost
2026-01-15 11:41:49,433 [INFO] WebApp:191 - Connection restablished
2026-01-15 12:07:06,321 [ERROR] LogOutputStream:75 - [STDERR_REDIRECT] 
2026-01-15 21:37:26,335 [INFO] Activator:176 - 


2026-01-15 21:37:26,337 [INFO] Activator:177 - !SESSION log4j initialized
2026-01-15 21:37:31,718 [INFO] LogOutputStream:77 - [STDOUT_REDIRECT] 
2026-01-15 21:37:32,999 [INFO] ApplicationProperties:184 - Using Application install path: C:\ST\STM32CubeIDE_1.18.1\STM32CubeIDE\plugins\com.st.stm32cube.common.mx_6.15.0.202507011659
2026-01-15 21:37:33,018 [INFO] DbMcusXml:78 - Set database path to: C:\ST\STM32CubeIDE_1.18.1\STM32CubeIDE\plugins\com.st.stm32cube.common.mx_6.15.0.202507011659\\db\/mcu/
2026-01-15 21:37:33,018 [INFO] ApiDb:274 - Set plugin database path to: C:\ST\STM32CubeIDE_1.18.1\STM32CubeIDE\plugins\com.st.stm32cube.common.mx_6.15.0.202507011659\\db\/plugins/boardmanager/
2026-01-15 21:37:33,018 [WARN] ApiDb:259 - Overriding images path with different value:  => C:\ST\STM32CubeIDE_1.18.1\STM32CubeIDE\plugins\com.st.stm32cube.common.mx_6.15.0.202507011659\\db\/plugins/mcufinder/images/
2026-01-15 21:37:33,028 [INFO] ApiDb:250 - Set database path to: C:\Users\dinhh\.stmcufinder\plugins\mcufinder//mcu/
2026-01-15 21:37:33,030 [INFO] DbMcusAds:125 - Set database path to: C:\Users\dinhh\.stmcufinder\plugins\mcufinder//mcu/
2026-01-15 21:37:33,033 [INFO] CrossReferenceDbSqlite:203 - Set database path to: C:\Users\dinhh\.stmcufinder\plugins\mcufinder//mcu/cs/
2026-01-15 21:37:33,150 [INFO] RulesReader:64 - Compatibility file has been processed (317 Rules)
2026-01-15 21:37:33,231 [INFO] DbMcusXml:78 - Set database path to: C:\ST\STM32CubeIDE_1.18.1\STM32CubeIDE\plugins\com.st.stm32cube.common.mx_6.15.0.202507011659\\db\/mcu/
2026-01-15 21:37:33,231 [INFO] ApiDb:274 - Set plugin database path to: C:\ST\STM32CubeIDE_1.18.1\STM32CubeIDE\plugins\com.st.stm32cube.common.mx_6.15.0.202507011659\\db\/plugins/boardmanager/
2026-01-15 21:37:33,231 [INFO] ApiDb:261 - Set plugin images path to: C:\ST\STM32CubeIDE_1.18.1\STM32CubeIDE\plugins\com.st.stm32cube.common.mx_6.15.0.202507011659\\db\/plugins/mcufinder/images/
2026-01-15 21:37:33,231 [WARN] DbFile:41 - Overriding database path with different value: C:\Users\dinhh\.stmcufinder\plugins\mcufinder/ => C:\Users\dinhh\.stmcufinder\plugins\mcufinder
2026-01-15 21:37:33,231 [INFO] ApiDb:250 - Set database path to: C:\Users\dinhh\.stmcufinder\plugins\mcufinder//mcu/
2026-01-15 21:37:33,231 [WARN] DbFile:41 - Overriding database path with different value: C:\Users\dinhh\.stmcufinder\plugins\mcufinder/ => C:\Users\dinhh\.stmcufinder\plugins\mcufinder
2026-01-15 21:37:33,231 [INFO] DbMcusAds:125 - Set database path to: C:\Users\dinhh\.stmcufinder\plugins\mcufinder//mcu/
2026-01-15 21:37:33,232 [WARN] DbFile:41 - Overriding database path with different value: C:\Users\dinhh\.stmcufinder\plugins\mcufinder/ => C:\Users\dinhh\.stmcufinder\plugins\mcufinder
2026-01-15 21:37:33,232 [WARN] DbFile:41 - Overriding database path with different value: C:\Users\dinhh\.stmcufinder\plugins\mcufinder/ => C:\Users\dinhh\.stmcufinder\plugins\mcufinder
2026-01-15 21:37:33,232 [INFO] CrossReferenceDbSqlite:203 - Set database path to: C:\Users\dinhh\.stmcufinder\plugins\mcufinder//mcu/cs/
2026-01-15 21:37:33,303 [INFO] MainPanel:274 - HeapMemory: 268435456
2026-01-15 21:37:33,412 [INFO] DbMcusXml:78 - Set database path to: C:\ST\STM32CubeIDE_1.18.1\STM32CubeIDE\plugins\com.st.stm32cube.common.mx_6.15.0.202507011659\\db\/mcu/
2026-01-15 21:37:33,412 [INFO] ApiDb:274 - Set plugin database path to: C:\ST\STM32CubeIDE_1.18.1\STM32CubeIDE\plugins\com.st.stm32cube.common.mx_6.15.0.202507011659\\db\/plugins/boardmanager/
2026-01-15 21:37:33,412 [INFO] ApiDb:261 - Set plugin images path to: C:\ST\STM32CubeIDE_1.18.1\STM32CubeIDE\plugins\com.st.stm32cube.common.mx_6.15.0.202507011659\\db\/plugins/mcufinder/images/
2026-01-15 21:37:33,413 [WARN] DbFile:41 - Overriding database path with different value: C:\Users\dinhh\.stmcufinder\plugins\mcufinder/ => C:\Users\dinhh\.stmcufinder\plugins\mcufinder
2026-01-15 21:37:33,413 [INFO] ApiDb:250 - Set database path to: C:\Users\dinhh\.stmcufinder\plugins\mcufinder//mcu/
2026-01-15 21:37:33,413 [WARN] DbFile:41 - Overriding database path with different value: C:\Users\dinhh\.stmcufinder\plugins\mcufinder/ => C:\Users\dinhh\.stmcufinder\plugins\mcufinder
2026-01-15 21:37:33,413 [INFO] DbMcusAds:125 - Set database path to: C:\Users\dinhh\.stmcufinder\plugins\mcufinder//mcu/
2026-01-15 21:37:33,413 [WARN] DbFile:41 - Overriding database path with different value: C:\Users\dinhh\.stmcufinder\plugins\mcufinder/ => C:\Users\dinhh\.stmcufinder\plugins\mcufinder
2026-01-15 21:37:33,413 [WARN] DbFile:41 - Overriding database path with different value: C:\Users\dinhh\.stmcufinder\plugins\mcufinder/ => C:\Users\dinhh\.stmcufinder\plugins\mcufinder
2026-01-15 21:37:33,413 [INFO] CrossReferenceDbSqlite:203 - Set database path to: C:\Users\dinhh\.stmcufinder\plugins\mcufinder//mcu/cs/
2026-01-15 21:37:33,431 [INFO] ApplicationProperties:184 - Using Application install path: C:\ST\STM32CubeIDE_1.18.1\STM32CubeIDE\plugins\com.st.stm32cube.common.mx_6.15.0.202507011659
2026-01-15 21:37:33,432 [INFO] PluginManage:196 - Search for loadable plugins [exclusion list=, ]
2026-01-15 21:37:33,433 [INFO] PluginManage:310 - Check plugin analytics
2026-01-15 21:37:33,592 [INFO] AnalyticsPlugin:253 - Accepted Software Licenses: 
2026-01-15 21:37:33,592 [INFO] AnalyticsPlugin:255 - Accepted CMSIS Pack Licenses: 
2026-01-15 21:37:33,593 [INFO] AnalyticsPlugin:257 - Accepted Firmware Licenses: 
2026-01-15 21:37:33,595 [INFO] PluginManage:359 - Loaded plugin analytics (category:tool,tabindex:-1)
2026-01-15 21:37:33,595 [INFO] PluginManage:310 - Check plugin cadmodel
2026-01-15 21:37:33,602 [INFO] CADModel:105 - Init CAD model plugin
2026-01-15 21:37:33,602 [INFO] PluginManage:359 - Loaded plugin cadmodel (category:power,tabindex:5)
2026-01-15 21:37:33,602 [INFO] PluginManage:310 - Check plugin clock
2026-01-15 21:37:33,612 [INFO] PluginManage:359 - Loaded plugin clock (category:base,tabindex:2)
2026-01-15 21:37:33,612 [INFO] PluginManage:310 - Check plugin ddr
2026-01-15 21:37:33,615 [INFO] PluginManage:359 - Loaded plugin ddr (category:tool,tabindex:6)
2026-01-15 21:37:33,615 [INFO] PluginManage:310 - Check plugin filemanager
2026-01-15 21:37:33,766 [INFO] PluginManage:359 - Loaded plugin filemanager (category:base,tabindex:10)
2026-01-15 21:37:33,766 [INFO] PluginManage:310 - Check plugin ipmanager
2026-01-15 21:37:33,773 [INFO] PluginManage:359 - Loaded plugin ipmanager (category:base,tabindex:5)
2026-01-15 21:37:33,773 [INFO] PluginManage:310 - Check plugin lpbam
2026-01-15 21:37:33,782 [INFO] PluginManage:359 - Loaded plugin lpbam (category:base,tabindex:0)
2026-01-15 21:37:33,782 [INFO] PluginManage:310 - Check plugin memorymap
2026-01-15 21:37:33,795 [INFO] PluginManage:359 - Loaded plugin memorymap (category:base,tabindex:4)
2026-01-15 21:37:33,797 [INFO] PluginManage:310 - Check plugin pinoutandconfiguration
2026-01-15 21:37:33,806 [INFO] PluginManage:359 - Loaded plugin pinoutandconfiguration (category:base,tabindex:1)
2026-01-15 21:37:33,806 [INFO] PluginManage:310 - Check plugin pinoutconfig
2026-01-15 21:37:33,906 [WARN] SupportedApi:132 - Cannot load RTOS API schema: s4s-elt-must-match.1: The content of 'definitions' must match (annotation?, (simpleType | complexType)?, (unique | key | keyref)*)). A problem was found starting at: attribute.
2026-01-15 21:37:34,051 [INFO] PluginManage:359 - Loaded plugin pinoutconfig (category:base,tabindex:0)
2026-01-15 21:37:34,051 [INFO] PluginManage:310 - Check plugin power
2026-01-15 21:37:34,061 [INFO] PluginManage:359 - Loaded plugin power (category:power,tabindex:4)
2026-01-15 21:37:34,061 [INFO] PluginManage:310 - Check plugin projectmanager
2026-01-15 21:37:34,076 [INFO] PluginManage:359 - Loaded plugin projectmanager (category:projectmanager,tabindex:4)
2026-01-15 21:37:34,076 [INFO] PluginManage:310 - Check plugin rif
2026-01-15 21:37:34,086 [INFO] PluginManage:359 - Loaded plugin rif (category:base,tabindex:3)
2026-01-15 21:37:34,087 [INFO] PluginManage:310 - Check plugin thirdparty
2026-01-15 21:37:34,243 [INFO] PluginManage:359 - Loaded plugin thirdparty (category:base,tabindex:-1)
2026-01-15 21:37:34,243 [WARN] IntegrityCheckThread:84 - waiting for thirdparty lock release [integrity check]
2026-01-15 21:37:34,243 [INFO] PluginManage:310 - Check plugin tools
2026-01-15 21:37:34,243 [INFO] IntegrityCheckThread:86 - entering critical section [integrity check]
2026-01-15 21:37:34,244 [INFO] ThirdPartyUpdaterWithRetryManager:70 - Updater plugin not ready yet. [1/15]
2026-01-15 21:37:34,247 [INFO] PluginManage:359 - Loaded plugin tools (category:base,tabindex:7)
2026-01-15 21:37:34,248 [INFO] PluginManage:310 - Check plugin tutovideos
2026-01-15 21:37:34,443 [INFO] PluginManage:359 - Loaded plugin tutovideos (category:base,tabindex:-1)
2026-01-15 21:37:34,443 [INFO] PluginManage:310 - Check plugin updater
2026-01-15 21:37:34,464 [INFO] PluginManage:359 - Loaded plugin updater (category:base,tabindex:12)
2026-01-15 21:37:34,464 [INFO] PluginManage:310 - Check plugin userauth
2026-01-15 21:37:34,467 [INFO] UserAuth:118 - Init User Auth plugin
2026-01-15 21:37:34,468 [INFO] PluginManage:359 - Loaded plugin userauth (category:base,tabindex:14)
2026-01-15 21:37:34,468 [INFO] PluginManage:283 - PluginManage : Loaded plugins [18]
2026-01-15 21:37:34,669 [INFO] PinOutPanel:1589 - setPackage(No Configuration,No Configuration)
2026-01-15 21:37:34,749 [INFO] CADModel:165 - CPN selected for project level
2026-01-15 21:37:34,749 [INFO] CADModel:114 - Register for checkConnection events
2026-01-15 21:37:34,769 [INFO] IPUIPlugin:80 - create IPUIPlugin
2026-01-15 21:37:34,769 [INFO] PluginManager:220 - loadIPPluginJar : add adc
2026-01-15 21:37:34,772 [INFO] IPUIPlugin:80 - create IPUIPlugin
2026-01-15 21:37:34,774 [INFO] PluginManager:220 - loadIPPluginJar : add aes
2026-01-15 21:37:34,776 [INFO] IPUIPlugin:80 - create IPUIPlugin
2026-01-15 21:37:34,776 [INFO] PluginManager:220 - loadIPPluginJar : add can
2026-01-15 21:37:34,778 [INFO] IPUIPlugin:80 - create IPUIPlugin
2026-01-15 21:37:34,778 [INFO] PluginManager:220 - loadIPPluginJar : add comp
2026-01-15 21:37:34,781 [INFO] IPUIPlugin:80 - create IPUIPlugin
2026-01-15 21:37:34,781 [INFO] PluginManager:220 - loadIPPluginJar : add cryp
2026-01-15 21:37:34,784 [INFO] IPUIPlugin:80 - create IPUIPlugin
2026-01-15 21:37:34,784 [INFO] PluginManager:220 - loadIPPluginJar : add ddr_ctrl_phy
2026-01-15 21:37:34,788 [INFO] IPUIPlugin:80 - create IPUIPlugin
2026-01-15 21:37:34,788 [INFO] PluginManager:220 - loadIPPluginJar : add dfsdm
2026-01-15 21:37:34,795 [INFO] IPUIPlugin:80 - create IPUIPlugin
2026-01-15 21:37:34,795 [INFO] PluginManager:220 - loadIPPluginJar : add dma
2026-01-15 21:37:34,800 [INFO] IPUIPlugin:80 - create IPUIPlugin
2026-01-15 21:37:34,800 [INFO] PluginManager:220 - loadIPPluginJar : add dma3
2026-01-15 21:37:34,804 [INFO] IPUIPlugin:80 - create IPUIPlugin
2026-01-15 21:37:34,804 [INFO] PluginManager:220 - loadIPPluginJar : add extmemmanager
2026-01-15 21:37:34,806 [INFO] IPUIPlugin:80 - create IPUIPlugin
2026-01-15 21:37:34,806 [INFO] PluginManager:220 - loadIPPluginJar : add fatfs
2026-01-15 21:37:34,812 [INFO] IPUIPlugin:80 - create IPUIPlugin
2026-01-15 21:37:34,812 [INFO] PluginManager:220 - loadIPPluginJar : add fmc
2026-01-15 21:37:34,821 [INFO] IPUIPlugin:80 - create IPUIPlugin
2026-01-15 21:37:34,822 [INFO] PluginManager:220 - loadIPPluginJar : add freertos
2026-01-15 21:37:34,824 [INFO] IPUIPlugin:80 - create IPUIPlugin
2026-01-15 21:37:34,824 [INFO] PluginManager:220 - loadIPPluginJar : add genericplugin
2026-01-15 21:37:34,826 [INFO] IPUIPlugin:80 - create IPUIPlugin
2026-01-15 21:37:34,826 [INFO] PluginManager:220 - loadIPPluginJar : add gfxmmu
2026-01-15 21:37:34,832 [INFO] IPUIPlugin:80 - create IPUIPlugin
2026-01-15 21:37:34,833 [INFO] PluginManager:220 - loadIPPluginJar : add gic
2026-01-15 21:37:34,838 [INFO] IPUIPlugin:80 - create IPUIPlugin
2026-01-15 21:37:34,838 [INFO] PluginManager:220 - loadIPPluginJar : add gpio
2026-01-15 21:37:34,841 [INFO] IPUIPlugin:80 - create IPUIPlugin
2026-01-15 21:37:34,842 [INFO] PluginManager:220 - loadIPPluginJar : add gtzc
2026-01-15 21:37:34,845 [INFO] IPUIPlugin:80 - create IPUIPlugin
2026-01-15 21:37:34,845 [INFO] PluginManager:220 - loadIPPluginJar : add hash
2026-01-15 21:37:34,848 [INFO] IPUIPlugin:80 - create IPUIPlugin
2026-01-15 21:37:34,848 [INFO] PluginManager:220 - loadIPPluginJar : add i2c
2026-01-15 21:37:34,852 [INFO] IPUIPlugin:80 - create IPUIPlugin
2026-01-15 21:37:34,852 [INFO] PluginManager:220 - loadIPPluginJar : add i2s
2026-01-15 21:37:34,855 [INFO] IPUIPlugin:80 - create IPUIPlugin
2026-01-15 21:37:34,855 [INFO] PluginManager:220 - loadIPPluginJar : add i3c
2026-01-15 21:37:34,859 [INFO] IPUIPlugin:80 - create IPUIPlugin
2026-01-15 21:37:34,859 [INFO] PluginManager:220 - loadIPPluginJar : add ipddr
2026-01-15 21:37:34,868 [INFO] IPUIPlugin:80 - create IPUIPlugin
2026-01-15 21:37:34,868 [INFO] PluginManager:220 - loadIPPluginJar : add linkedlist
2026-01-15 21:37:34,872 [INFO] IPUIPlugin:80 - create IPUIPlugin
2026-01-15 21:37:34,872 [INFO] PluginManager:220 - loadIPPluginJar : add lorawan
2026-01-15 21:37:34,874 [INFO] IPUIPlugin:80 - create IPUIPlugin
2026-01-15 21:37:34,874 [INFO] PluginManager:220 - loadIPPluginJar : add ltdc
2026-01-15 21:37:34,881 [INFO] IPUIPlugin:80 - create IPUIPlugin
2026-01-15 21:37:34,881 [INFO] PluginManager:220 - loadIPPluginJar : add mdma
2026-01-15 21:37:34,886 [INFO] IPUIPlugin:80 - create IPUIPlugin
2026-01-15 21:37:34,886 [INFO] PluginManager:220 - loadIPPluginJar : add nvic
2026-01-15 21:37:34,889 [INFO] IPUIPlugin:80 - create IPUIPlugin
2026-01-15 21:37:34,889 [INFO] PluginManager:220 - loadIPPluginJar : add opamp
2026-01-15 21:37:34,893 [INFO] IPUIPlugin:80 - create IPUIPlugin
2026-01-15 21:37:34,894 [INFO] PluginManager:220 - loadIPPluginJar : add openamp
2026-01-15 21:37:34,897 [INFO] IPUIPlugin:80 - create IPUIPlugin
2026-01-15 21:37:34,897 [INFO] PluginManager:220 - loadIPPluginJar : add pdm2pcm
2026-01-15 21:37:34,903 [INFO] IPUIPlugin:80 - create IPUIPlugin
2026-01-15 21:37:34,907 [INFO] PluginManager:220 - loadIPPluginJar : add plateformsettings
2026-01-15 21:37:34,909 [INFO] IPUIPlugin:80 - create IPUIPlugin
2026-01-15 21:37:34,910 [INFO] PluginManager:220 - loadIPPluginJar : add quadspi
2026-01-15 21:37:34,912 [INFO] IPUIPlugin:80 - create IPUIPlugin
2026-01-15 21:37:34,912 [INFO] PluginManager:220 - loadIPPluginJar : add radio
2026-01-15 21:37:34,916 [INFO] IPUIPlugin:80 - create IPUIPlugin
2026-01-15 21:37:34,917 [INFO] PluginManager:220 - loadIPPluginJar : add resmgrutility
2026-01-15 21:37:34,922 [INFO] IPUIPlugin:80 - create IPUIPlugin
2026-01-15 21:37:34,922 [INFO] PluginManager:220 - loadIPPluginJar : add sai
2026-01-15 21:37:34,924 [INFO] IPUIPlugin:80 - create IPUIPlugin
2026-01-15 21:37:34,924 [INFO] PluginManager:220 - loadIPPluginJar : add spi
2026-01-15 21:37:34,932 [INFO] IPUIPlugin:80 - create IPUIPlugin
2026-01-15 21:37:34,933 [INFO] PluginManager:220 - loadIPPluginJar : add stm32_wpan
2026-01-15 21:37:34,935 [INFO] IPUIPlugin:80 - create IPUIPlugin
2026-01-15 21:37:34,935 [INFO] PluginManager:220 - loadIPPluginJar : add tim
2026-01-15 21:37:34,938 [INFO] IPUIPlugin:80 - create IPUIPlugin
2026-01-15 21:37:34,939 [INFO] PluginManager:220 - loadIPPluginJar : add touchsensing
2026-01-15 21:37:34,942 [INFO] IPUIPlugin:80 - create IPUIPlugin
2026-01-15 21:37:34,942 [INFO] PluginManager:220 - loadIPPluginJar : add tracer_emb
2026-01-15 21:37:34,944 [INFO] IPUIPlugin:80 - create IPUIPlugin
2026-01-15 21:37:34,945 [INFO] PluginManager:220 - loadIPPluginJar : add ts
2026-01-15 21:37:34,946 [INFO] IPUIPlugin:80 - create IPUIPlugin
2026-01-15 21:37:34,948 [INFO] PluginManager:220 - loadIPPluginJar : add tsc
2026-01-15 21:37:34,950 [INFO] IPUIPlugin:80 - create IPUIPlugin
2026-01-15 21:37:34,950 [INFO] PluginManager:220 - loadIPPluginJar : add ucpd
2026-01-15 21:37:34,953 [INFO] IPUIPlugin:80 - create IPUIPlugin
2026-01-15 21:37:34,954 [INFO] PluginManager:220 - loadIPPluginJar : add usart
2026-01-15 21:37:34,957 [INFO] IPUIPlugin:80 - create IPUIPlugin
2026-01-15 21:37:34,958 [INFO] PluginManager:220 - loadIPPluginJar : add usbx
2026-01-15 21:37:35,088 [FATAL] Updater:351 - Updater called before beeing initialized
2026-01-15 21:37:35,114 [INFO] RulesReader:64 - Compatibility file has been processed (317 Rules)
2026-01-15 21:37:35,124 [INFO] RulesReader:64 - Compatibility file has been processed (317 Rules)
2026-01-15 21:37:35,131 [INFO] CADModel:165 - CPN selected for project level
2026-01-15 21:37:35,131 [INFO] CADModel:114 - Register for checkConnection events
2026-01-15 21:37:35,131 [FATAL] Updater:351 - Updater called before beeing initialized
2026-01-15 21:37:35,132 [ERROR] CADModel:125 - Updater not yet initialized, retry later 
2026-01-15 21:37:35,270 [FATAL] Updater:351 - Updater called before beeing initialized
2026-01-15 21:37:35,273 [INFO] CADModel:165 - CPN selected for project level
2026-01-15 21:37:35,273 [INFO] CADModel:114 - Register for checkConnection events
2026-01-15 21:37:35,273 [FATAL] Updater:351 - Updater called before beeing initialized
2026-01-15 21:37:35,273 [ERROR] CADModel:125 - Updater not yet initialized, retry later 
2026-01-15 21:37:35,276 [FATAL] Updater:351 - Updater called before beeing initialized
2026-01-15 21:37:35,381 [FATAL] Updater:351 - Updater called before beeing initialized
2026-01-15 21:37:35,384 [INFO] DbMcusAds:53 - JSON generation date=Mon Dec 08 21:28:09 ICT 2025 (1765204089858)
2026-01-15 21:37:35,384 [FATAL] Updater:351 - Updater called before beeing initialized
2026-01-15 21:37:35,418 [WARN] DetailPanel:346 - Failed to get advertising image, set to default
2026-01-15 21:37:35,500 [FATAL] Updater:351 - Updater called before beeing initialized
2026-01-15 21:37:35,502 [FATAL] Updater:351 - Updater called before beeing initialized
2026-01-15 21:37:35,502 [FATAL] Updater:351 - Updater called before beeing initialized
2026-01-15 21:37:35,502 [WARN] DetailPanel:346 - Failed to get advertising image, set to default
2026-01-15 21:37:35,503 [FATAL] Updater:351 - Updater called before beeing initialized
2026-01-15 21:37:35,549 [ERROR] Updater:1198 - MainUpdater not yet initialized. External WinMGr cannot be set.
2026-01-15 21:37:35,550 [INFO] Updater:1134 - Updater Version found : 6.15.0
2026-01-15 21:37:35,571 [INFO] ApplicationProperties:184 - Using Application install path: C:\ST\STM32CubeIDE_1.18.1\STM32CubeIDE\plugins\com.st.stm32cube.common.mx_6.15.0.202507011659
2026-01-15 21:37:37,143 [ERROR] LogOutputStream:75 - [STDERR_REDIRECT] Jan 15, 2026 9:37:37 PM java.util.prefs.WindowsPreferences <init>
2026-01-15 21:37:37,144 [ERROR] LogOutputStream:75 - [STDERR_REDIRECT] WARNING: Could not open/create prefs root node Software\JavaSoft\Prefs at root 0xffffffff80000002. Windows RegCreateKeyEx(...) returned error code 5.
2026-01-15 21:37:37,144 [ERROR] LogOutputStream:75 - [STDERR_REDIRECT] 
2026-01-15 21:37:37,246 [INFO] ThirdPartyUpdaterWithRetryManager:70 - Updater plugin not ready yet. [2/15]
2026-01-15 21:37:37,600 [INFO] MainUpdater:2872 - connection check result : 10
2026-01-15 21:37:37,600 [INFO] MainUpdater:289 - Updater Check For Update Now.
2026-01-15 21:37:37,600 [INFO] MicroXplorer:498 - Change Database Version : DB.6.0.150
2026-01-15 21:37:37,605 [INFO] McuFinderGlobals:63 - Set McuFinder mode to 2 (CubeIDE integrated)
2026-01-15 21:37:37,607 [INFO] UserAuth:487 - Internet connection configuration mode: 1
2026-01-15 21:37:37,624 [INFO] JxBrowserEngine:152 - Initiate JxBrowser Engine with user profile folder
2026-01-15 21:37:37,767 [INFO] CheckServerUpdateThread:120 - End of CheckServer Thread
2026-01-15 21:37:38,440 [INFO] WebApp:169 - Instantiating new browser for Auth
2026-01-15 21:37:39,232 [INFO] WebApp:463 - Apply proxy settings
2026-01-15 21:37:39,233 [INFO] WebApp:548 - Chromium requires no authentication
2026-01-15 21:37:39,249 [INFO] WebApp:491 - Direct internet connection detected
2026-01-15 21:37:39,284 [INFO] WebApp:900 - Register for checkConnection events
2026-01-15 21:37:39,284 [INFO] WebApp:463 - Apply proxy settings
2026-01-15 21:37:39,285 [INFO] WebApp:548 - Chromium requires no authentication
2026-01-15 21:37:39,285 [INFO] WebApp:491 - Direct internet connection detected
2026-01-15 21:37:39,495 [INFO] WebApp:225 - Starting web application
2026-01-15 21:37:39,495 [INFO] WebApp:593 - Web application path used C:\ST\STM32CubeIDE_1.18.1\STM32CubeIDE\plugins\com.st.stm32cube.common.mx_6.15.0.202507011659\db\plugins\mcufinder\reactClient1\index.html
2026-01-15 21:37:39,527 [INFO] WebApp:191 - Connection restablished
2026-01-15 21:37:39,682 [INFO] UserAuth:487 - Internet connection configuration mode: 1
2026-01-15 21:37:40,515 [WARN] PackLoader:240 - Cannot read IP mode file for STMicroelectronics.FP-SNS-MOTENVWB1.1.4.0
2026-01-15 21:37:40,524 [WARN] PackLoader:240 - Cannot read IP mode file for STMicroelectronics.FP-ATR-ASTRA1.2.0.2
2026-01-15 21:37:40,532 [WARN] PackLoader:240 - Cannot read IP mode file for STMicroelectronics.X-CUBE-SMBUS.2.1.0
2026-01-15 21:37:40,539 [WARN] PackLoader:240 - Cannot read IP mode file for STMicroelectronics.X-CUBE-ST60.1.0.0
2026-01-15 21:37:40,564 [WARN] PackLoader:240 - Cannot read IP mode file for STMicroelectronics.X-CUBE-AZRTOS-F7.1.1.0
2026-01-15 21:37:40,574 [WARN] PackLoader:240 - Cannot read IP mode file for STMicroelectronics.FP-SNS-MOTENV1.5.1.0
2026-01-15 21:37:40,595 [WARN] PackLoader:240 - Cannot read IP mode file for Infineon.AIROC-Wi-Fi-Bluetooth-STM32.1.7.0
2026-01-15 21:37:40,619 [WARN] PackLoader:240 - Cannot read IP mode file for STMicroelectronics.X-CUBE-AZRTOS-H7.3.4.0
2026-01-15 21:37:40,629 [WARN] PackLoader:240 - Cannot read IP mode file for STMicroelectronics.X-CUBE-DISPLAY.3.0.0
2026-01-15 21:37:40,642 [WARN] PackLoader:240 - Cannot read IP mode file for STMicroelectronics.X-CUBE-NFC10.1.0.0
2026-01-15 21:37:40,652 [WARN] PackLoader:240 - Cannot read IP mode file for STMicroelectronics.X-CUBE-BLEMGR.4.0.0
2026-01-15 21:37:40,659 [WARN] PackLoader:240 - Cannot read IP mode file for STMicroelectronics.X-CUBE-ST60.1.1.0
2026-01-15 21:37:40,668 [WARN] PackLoader:240 - Cannot read IP mode file for emotas.I-CUBE-CANOPEN.1.3.0
2026-01-15 21:37:40,674 [WARN] PackLoader:240 - Cannot read IP mode file for STMicroelectronics.X-CUBE-GNSS1.7.1.0
2026-01-15 21:37:40,680 [WARN] ConditionMgr:438 - getConditionDescription Invalid condition id : Cortex-A Device cause : null
2026-01-15 21:37:40,692 [WARN] ConditionMgr:1044 - genDependencies : Invalid condition id : Cortex-A Device cause : null
2026-01-15 21:37:40,693 [WARN] ConditionMgr:1044 - genDependencies : Invalid condition id : Cortex-A Device cause : null
2026-01-15 21:37:40,693 [WARN] ConditionMgr:1044 - genDependencies : Invalid condition id : Cortex-A Device cause : null
2026-01-15 21:37:40,696 [WARN] PackLoader:240 - Cannot read IP mode file for STMicroelectronics.X-CUBE-AI.10.0.0
2026-01-15 21:37:40,703 [WARN] PackLoader:240 - Cannot read IP mode file for STMicroelectronics.FP-SNS-STBOX1.2.1.0
2026-01-15 21:37:40,708 [WARN] PackLoader:240 - Cannot read IP mode file for STMicroelectronics.FP-SNS-SMARTAG2.1.2.0
2026-01-15 21:37:40,721 [WARN] PackLoader:240 - Cannot read IP mode file for STMicroelectronics.FP-SNS-FLIGHT1.5.1.0
2026-01-15 21:37:40,729 [INFO] LogOutputStream:77 - [STDOUT_REDIRECT] 1 : Invalid condition id : UX_CORESTACK_Condition cause : null
2026-01-15 21:37:40,730 [INFO] LogOutputStream:77 - [STDOUT_REDIRECT] 1 : Invalid condition id : UX_CORESTACK_Condition cause : null
2026-01-15 21:37:40,732 [INFO] LogOutputStream:77 - [STDOUT_REDIRECT] 1 : Invalid condition id : UX_CORESTACK_Condition cause : null
2026-01-15 21:37:40,732 [INFO] LogOutputStream:77 - [STDOUT_REDIRECT] 1 : Invalid condition id : UX_CORESTACK_Condition cause : null
2026-01-15 21:37:40,734 [INFO] LogOutputStream:77 - [STDOUT_REDIRECT] 1 : Invalid condition id : UX_CORESTACK_Condition cause : null
2026-01-15 21:37:40,736 [WARN] PackLoader:240 - Cannot read IP mode file for STMicroelectronics.X-CUBE-AZRTOS-WL.2.0.0
2026-01-15 21:37:40,742 [WARN] PackLoader:240 - Cannot read IP mode file for STMicroelectronics.FP-SNS-MOTENV1.5.0.0
2026-01-15 21:37:40,758 [WARN] PackLoader:240 - Cannot read IP mode file for STMicroelectronics.X-CUBE-AZRTOS-H7RS.1.2.0
2026-01-15 21:37:40,769 [WARN] PackLoader:240 - Cannot read IP mode file for WES.I-CUBE-Cesium.1.3.0
2026-01-15 21:37:40,775 [WARN] PackLoader:240 - Cannot read IP mode file for STMicroelectronics.X-CUBE-BLE2.3.3.0
2026-01-15 21:37:40,792 [WARN] PackLoader:240 - Cannot read IP mode file for STMicroelectronics.X-CUBE-NFC9.1.0.0
2026-01-15 21:37:40,798 [WARN] PackLoader:240 - Cannot read IP mode file for STMicroelectronics.X-CUBE-BLE1.7.1.0
2026-01-15 21:37:40,804 [WARN] PackLoader:240 - Cannot read IP mode file for wolfSSL.I-CUBE-wolfMQTT.1.19.2
2026-01-15 21:37:40,809 [WARN] PackLoader:240 - Cannot read IP mode file for STMicroelectronics.X-CUBE-FREERTOS.1.4.0
2026-01-15 21:37:40,816 [WARN] PackLoader:240 - Cannot read IP mode file for STMicroelectronics.X-CUBE-EEPRMA1.5.2.0
2026-01-15 21:37:40,823 [WARN] PackLoader:240 - Cannot read IP mode file for STMicroelectronics.X-CUBE-ST67W61.1.1.0
2026-01-15 21:37:40,826 [WARN] PackLoader:240 - Cannot read IP mode file for STMicroelectronics.X-CUBE-AI.10.1.0
2026-01-15 21:37:40,863 [WARN] PackLoader:240 - Cannot read IP mode file for STMicroelectronics.X-CUBE-MEMS1.12.0.0
2026-01-15 21:37:40,967 [WARN] PackLoader:240 - Cannot read IP mode file for STMicroelectronics.X-CUBE-MEMS1.11.2.0
2026-01-15 21:37:41,137 [WARN] PackLoader:240 - Cannot read IP mode file for STMicroelectronics.X-CUBE-AZRTOS-G0.1.1.0
2026-01-15 21:37:41,144 [WARN] PackLoader:240 - Cannot read IP mode file for STMicroelectronics.X-CUBE-SAFEA1.1.2.2
2026-01-15 21:37:41,149 [WARN] PackLoader:240 - Cannot read IP mode file for STMicroelectronics.X-CUBE-NFC4.3.0.0
2026-01-15 21:37:41,157 [WARN] PackLoader:240 - Cannot read IP mode file for EmbeddedOffice.I-CUBE-FS-RTOS.1.0.1
2026-01-15 21:37:41,166 [WARN] PackLoader:240 - Cannot read IP mode file for STMicroelectronics.X-CUBE-WB05N.2.0.0
2026-01-15 21:37:41,173 [WARN] PackLoader:240 - Cannot read IP mode file for wolfSSL.I-CUBE-wolfTPM.3.8.0
2026-01-15 21:37:41,187 [WARN] PackLoader:240 - Cannot read IP mode file for STMicroelectronics.X-CUBE-TCPP.4.2.0
2026-01-15 21:37:41,193 [WARN] PackLoader:240 - Cannot read IP mode file for RealThread.X-CUBE-RT-Thread_Nano.4.1.1
2026-01-15 21:37:41,198 [WARN] PackLoader:240 - Cannot read IP mode file for STMicroelectronics.FP-ATR-SIGFOX1.3.2.0
2026-01-15 21:37:41,201 [WARN] PackLoader:240 - Cannot read IP mode file for STMicroelectronics.X-CUBE-EEPRMA1.5.1.0
2026-01-15 21:37:41,207 [WARN] PackLoader:240 - Cannot read IP mode file for wolfSSL.I-CUBE-wolfSSL.5.7.6
2026-01-15 21:37:41,212 [WARN] PackLoader:240 - Cannot read IP mode file for ITTIA_DB.I-CUBE-ITTIADB.8.9.0
2026-01-15 21:37:41,217 [WARN] PackLoader:240 - Cannot read IP mode file for STMicroelectronics.X-CUBE-ST67W61.1.0.0
2026-01-15 21:37:41,221 [WARN] PackLoader:240 - Cannot read IP mode file for STMicroelectronics.X-CUBE-AI.10.2.0
2026-01-15 21:37:41,240 [WARN] PackLoader:240 - Cannot read IP mode file for SEGGER.I-CUBE-embOS.1.3.1
2026-01-15 21:37:41,275 [WARN] PackLoader:240 - Cannot read IP mode file for STMicroelectronics.X-CUBE-ALGOBUILD.1.4.0
2026-01-15 21:37:41,305 [WARN] PackLoader:240 - Cannot read IP mode file for STMicroelectronics.X-CUBE-MEMS1.11.3.0
2026-01-15 21:37:41,417 [WARN] PackLoader:240 - Cannot read IP mode file for STMicroelectronics.X-CUBE-PM33A1.1.0.0
2026-01-15 21:37:41,430 [WARN] PackLoader:240 - Cannot read IP mode file for STMicroelectronics.X-CUBE-AZRTOS-F4.1.1.0
2026-01-15 21:37:41,438 [WARN] PackLoader:240 - Cannot read IP mode file for Avnet-IotConnect.X-CUBE-IoTC-DA16k-PMOD.1.0.0
2026-01-15 21:37:41,444 [WARN] PackLoader:240 - Cannot read IP mode file for STMicroelectronics.X-CUBE-ISPU.2.1.0
2026-01-15 21:37:41,457 [WARN] PackLoader:240 - Cannot read IP mode file for STMicroelectronics.X-CUBE-IPS.3.2.0
2026-01-15 21:37:41,471 [WARN] PackLoader:240 - Cannot read IP mode file for STMicroelectronics.X-CUBE-NFC12.1.0.0
2026-01-15 21:37:41,485 [WARN] PackLoader:240 - Cannot read IP mode file for STMicroelectronics.X-CUBE-AZRTOS-L5.2.0.0
2026-01-15 21:37:41,494 [WARN] PackLoader:240 - Cannot read IP mode file for STMicroelectronics.X-CUBE-NFC6.3.1.0
2026-01-15 21:37:41,503 [WARN] PackLoader:240 - Cannot read IP mode file for STMicroelectronics.X-CUBE-FREERTOS.1.3.1
2026-01-15 21:37:41,509 [WARN] PackLoader:240 - Cannot read IP mode file for STMicroelectronics.X-CUBE-FREERTOS.1.3.0
2026-01-15 21:37:41,518 [WARN] PackLoader:240 - Cannot read IP mode file for STMicroelectronics.X-CUBE-NFC7.1.0.1
2026-01-15 21:37:41,526 [WARN] PackLoader:240 - Cannot read IP mode file for STMicroelectronics.X-CUBE-TOUCHGFX.4.26.0
2026-01-15 21:37:41,531 [WARN] PackLoader:240 - Cannot read IP mode file for STMicroelectronics.FP-SNS-STAIOTCFT.1.0.0
2026-01-15 21:37:41,538 [WARN] PackLoader:240 - Cannot read IP mode file for STMicroelectronics.X-CUBE-DPower.1.3.0
2026-01-15 21:37:41,569 [WARN] ConditionMgr:438 - getConditionDescription Invalid condition id : LAN8742 Phy interface Condition cause : null
2026-01-15 21:37:41,570 [WARN] PackLoader:240 - Cannot read IP mode file for STMicroelectronics.X-CUBE-AZRTOS-L4.2.0.0
2026-01-15 21:37:41,572 [WARN] ConditionMgr:1044 - genDependencies : Invalid condition id : LAN8742 Phy interface Condition cause : null
2026-01-15 21:37:41,573 [WARN] ConditionMgr:1044 - genDependencies : Invalid condition id : LAN8742 Phy interface Condition cause : null
2026-01-15 21:37:41,573 [WARN] ConditionMgr:1044 - genDependencies : Invalid condition id : LAN8742 Phy interface Condition cause : null
2026-01-15 21:37:41,584 [WARN] PackLoader:240 - Cannot read IP mode file for STMicroelectronics.X-CUBE-SFXS2LP1.4.0.0
2026-01-15 21:37:41,594 [WARN] PackLoader:240 - Cannot read IP mode file for STMicroelectronics.X-CUBE-ST67W61.1.2.0
2026-01-15 21:37:41,624 [WARN] PackLoader:240 - Cannot read IP mode file for STMicroelectronics.X-CUBE-AZRTOS-H7.3.3.0
2026-01-15 21:37:41,645 [WARN] PackLoader:240 - Cannot read IP mode file for STMicroelectronics.X-CUBE-BLEMGR.4.1.0
2026-01-15 21:37:41,665 [WARN] ConditionMgr:438 - getConditionDescription Invalid condition id : UX DEVICE CLASS RTOS Condition cause : null
2026-01-15 21:37:41,665 [WARN] ConditionMgr:438 - getConditionDescription Invalid condition id : UX DEVICE CLASS RTOS Condition cause : null
2026-01-15 21:37:41,666 [WARN] PackLoader:240 - Cannot read IP mode file for STMicroelectronics.X-CUBE-AZRTOS-WB.2.0.0
2026-01-15 21:37:41,667 [WARN] ConditionMgr:1044 - genDependencies : Invalid condition id : UX DEVICE CLASS RTOS Condition cause : null
2026-01-15 21:37:41,667 [WARN] ConditionMgr:1044 - genDependencies : Invalid condition id : UX DEVICE CLASS RTOS Condition cause : null
2026-01-15 21:37:41,668 [WARN] ConditionMgr:1044 - genDependencies : Invalid condition id : UX DEVICE CLASS RTOS Condition cause : null
2026-01-15 21:37:41,668 [WARN] ConditionMgr:1044 - genDependencies : Invalid condition id : UX DEVICE CLASS RTOS Condition cause : null
2026-01-15 21:37:41,668 [WARN] ConditionMgr:1044 - genDependencies : Invalid condition id : UX DEVICE CLASS RTOS Condition cause : null
2026-01-15 21:37:41,675 [WARN] PackLoader:240 - Cannot read IP mode file for STMicroelectronics.X-CUBE-GNSS1.7.0.1
2026-01-15 21:37:41,679 [WARN] PackLoader:240 - Cannot read IP mode file for STMicroelectronics.X-CUBE-TOUCHGFX.4.25.0
2026-01-15 21:37:41,685 [WARN] PackLoader:240 - Cannot read IP mode file for STMicroelectronics.FP-SNS-STBOX1.2.0.0
2026-01-15 21:37:41,696 [WARN] PackLoader:240 - Cannot read IP mode file for STMicroelectronics.X-CUBE-SUBG2.5.0.0
2026-01-15 21:37:41,712 [WARN] PackLoader:240 - Cannot read IP mode file for STMicroelectronics.X-CUBE-AZRTOS-H7RS.1.1.0
2026-01-15 21:37:41,718 [WARN] PackLoader:240 - Cannot read IP mode file for Cesanta.I-CUBE-Mongoose.7.13.0
2026-01-15 21:37:41,727 [WARN] PackLoader:240 - Cannot read IP mode file for STMicroelectronics.X-CUBE-AZRTOS-G4.2.0.0
2026-01-15 21:37:41,732 [WARN] PackLoader:240 - Cannot read IP mode file for wolfSSL.I-CUBE-wolfSSH.1.4.20
2026-01-15 21:37:41,736 [WARN] PackLoader:240 - Cannot read IP mode file for STMicroelectronics.X-CUBE-NFC7.2.0.0
2026-01-15 21:37:41,745 [WARN] PackLoader:240 - Cannot read IP mode file for STMicroelectronics.X-CUBE-IPS.3.1.0
2026-01-15 21:37:41,754 [WARN] PackLoader:240 - Cannot read IP mode file for STMicroelectronics.X-CUBE-ALS.1.0.2
2026-01-15 21:37:41,760 [WARN] PackLoader:240 - Cannot read IP mode file for STMicroelectronics.X-CUBE-STSE01.1.0.0
2026-01-15 21:37:41,765 [WARN] PackLoader:240 - Cannot read IP mode file for portGmbH.I-Cube-SoM-uGOAL.1.1.0
2026-01-15 21:37:41,773 [WARN] PackLoader:240 - Cannot read IP mode file for STMicroelectronics.X-CUBE-TOF1.3.4.3
2026-01-15 21:37:41,779 [INFO] ThirdParty:978 - Integrity check success = true
2026-01-15 21:37:41,779 [INFO] IntegrityCheckThread:100 - exiting critical section [integrity check]
2026-01-15 21:37:41,779 [INFO] IntegrityCheckThread:103 - End integrity checks thread
2026-01-15 21:48:40,887 [INFO] WebApp:194 - Connection lost
2026-01-15 21:48:52,622 [INFO] WebApp:191 - Connection restablished
