2025-10-16 13:10:22,859 [INFO] Activator:176 - 


2025-10-16 13:10:22,868 [INFO] Activator:177 - !SESSION log4j initialized
2025-10-16 13:10:34,492 [INFO] LogOutputStream:77 - [STDOUT_REDIRECT] 
2025-10-16 13:10:44,520 [INFO] ApplicationProperties:184 - Using Application install path: C:\ST\STM32CubeIDE_1.18.1\STM32CubeIDE\plugins\com.st.stm32cube.common.mx_6.15.0.202507011659
2025-10-16 13:10:44,558 [INFO] DbMcusXml:78 - Set database path to: C:\ST\STM32CubeIDE_1.18.1\STM32CubeIDE\plugins\com.st.stm32cube.common.mx_6.15.0.202507011659\\db\/mcu/
2025-10-16 13:10:44,558 [INFO] ApiDb:274 - Set plugin database path to: C:\ST\STM32CubeIDE_1.18.1\STM32CubeIDE\plugins\com.st.stm32cube.common.mx_6.15.0.202507011659\\db\/plugins/boardmanager/
2025-10-16 13:10:44,566 [WARN] ApiDb:259 - Overriding images path with different value:  => C:\ST\STM32CubeIDE_1.18.1\STM32CubeIDE\plugins\com.st.stm32cube.common.mx_6.15.0.202507011659\\db\/plugins/mcufinder/images/
2025-10-16 13:10:44,589 [INFO] ApiDb:250 - Set database path to: C:\Users\dinhh\.stmcufinder\plugins\mcufinder//mcu/
2025-10-16 13:10:44,592 [INFO] DbMcusAds:125 - Set database path to: C:\Users\dinhh\.stmcufinder\plugins\mcufinder//mcu/
2025-10-16 13:10:44,596 [INFO] CrossReferenceDbSqlite:203 - Set database path to: C:\Users\dinhh\.stmcufinder\plugins\mcufinder//mcu/cs/
2025-10-16 13:10:44,796 [INFO] RulesReader:64 - Compatibility file has been processed (317 Rules)
2025-10-16 13:10:44,909 [INFO] DbMcusXml:78 - Set database path to: C:\ST\STM32CubeIDE_1.18.1\STM32CubeIDE\plugins\com.st.stm32cube.common.mx_6.15.0.202507011659\\db\/mcu/
2025-10-16 13:10:44,909 [INFO] ApiDb:274 - Set plugin database path to: C:\ST\STM32CubeIDE_1.18.1\STM32CubeIDE\plugins\com.st.stm32cube.common.mx_6.15.0.202507011659\\db\/plugins/boardmanager/
2025-10-16 13:10:44,909 [INFO] ApiDb:261 - Set plugin images path to: C:\ST\STM32CubeIDE_1.18.1\STM32CubeIDE\plugins\com.st.stm32cube.common.mx_6.15.0.202507011659\\db\/plugins/mcufinder/images/
2025-10-16 13:10:44,909 [WARN] DbFile:41 - Overriding database path with different value: C:\Users\dinhh\.stmcufinder\plugins\mcufinder/ => C:\Users\dinhh\.stmcufinder\plugins\mcufinder
2025-10-16 13:10:44,909 [INFO] ApiDb:250 - Set database path to: C:\Users\dinhh\.stmcufinder\plugins\mcufinder//mcu/
2025-10-16 13:10:44,909 [WARN] DbFile:41 - Overriding database path with different value: C:\Users\dinhh\.stmcufinder\plugins\mcufinder/ => C:\Users\dinhh\.stmcufinder\plugins\mcufinder
2025-10-16 13:10:44,909 [INFO] DbMcusAds:125 - Set database path to: C:\Users\dinhh\.stmcufinder\plugins\mcufinder//mcu/
2025-10-16 13:10:44,911 [WARN] DbFile:41 - Overriding database path with different value: C:\Users\dinhh\.stmcufinder\plugins\mcufinder/ => C:\Users\dinhh\.stmcufinder\plugins\mcufinder
2025-10-16 13:10:44,911 [WARN] DbFile:41 - Overriding database path with different value: C:\Users\dinhh\.stmcufinder\plugins\mcufinder/ => C:\Users\dinhh\.stmcufinder\plugins\mcufinder
2025-10-16 13:10:44,911 [INFO] CrossReferenceDbSqlite:203 - Set database path to: C:\Users\dinhh\.stmcufinder\plugins\mcufinder//mcu/cs/
2025-10-16 13:10:45,030 [INFO] MainPanel:274 - HeapMemory: 268435456
2025-10-16 13:10:45,215 [INFO] DbMcusXml:78 - Set database path to: C:\ST\STM32CubeIDE_1.18.1\STM32CubeIDE\plugins\com.st.stm32cube.common.mx_6.15.0.202507011659\\db\/mcu/
2025-10-16 13:10:45,215 [INFO] ApiDb:274 - Set plugin database path to: C:\ST\STM32CubeIDE_1.18.1\STM32CubeIDE\plugins\com.st.stm32cube.common.mx_6.15.0.202507011659\\db\/plugins/boardmanager/
2025-10-16 13:10:45,215 [INFO] ApiDb:261 - Set plugin images path to: C:\ST\STM32CubeIDE_1.18.1\STM32CubeIDE\plugins\com.st.stm32cube.common.mx_6.15.0.202507011659\\db\/plugins/mcufinder/images/
2025-10-16 13:10:45,217 [WARN] DbFile:41 - Overriding database path with different value: C:\Users\dinhh\.stmcufinder\plugins\mcufinder/ => C:\Users\dinhh\.stmcufinder\plugins\mcufinder
2025-10-16 13:10:45,217 [INFO] ApiDb:250 - Set database path to: C:\Users\dinhh\.stmcufinder\plugins\mcufinder//mcu/
2025-10-16 13:10:45,217 [WARN] DbFile:41 - Overriding database path with different value: C:\Users\dinhh\.stmcufinder\plugins\mcufinder/ => C:\Users\dinhh\.stmcufinder\plugins\mcufinder
2025-10-16 13:10:45,217 [INFO] DbMcusAds:125 - Set database path to: C:\Users\dinhh\.stmcufinder\plugins\mcufinder//mcu/
2025-10-16 13:10:45,217 [WARN] DbFile:41 - Overriding database path with different value: C:\Users\dinhh\.stmcufinder\plugins\mcufinder/ => C:\Users\dinhh\.stmcufinder\plugins\mcufinder
2025-10-16 13:10:45,217 [WARN] DbFile:41 - Overriding database path with different value: C:\Users\dinhh\.stmcufinder\plugins\mcufinder/ => C:\Users\dinhh\.stmcufinder\plugins\mcufinder
2025-10-16 13:10:45,228 [INFO] CrossReferenceDbSqlite:203 - Set database path to: C:\Users\dinhh\.stmcufinder\plugins\mcufinder//mcu/cs/
2025-10-16 13:10:45,265 [INFO] ApplicationProperties:184 - Using Application install path: C:\ST\STM32CubeIDE_1.18.1\STM32CubeIDE\plugins\com.st.stm32cube.common.mx_6.15.0.202507011659
2025-10-16 13:10:45,268 [INFO] PluginManage:196 - Search for loadable plugins [exclusion list=, ]
2025-10-16 13:10:45,270 [INFO] PluginManage:310 - Check plugin analytics
2025-10-16 13:10:50,496 [INFO] AnalyticsPlugin:253 - Accepted Software Licenses: 
2025-10-16 13:10:50,498 [INFO] AnalyticsPlugin:255 - Accepted CMSIS Pack Licenses: 
2025-10-16 13:10:50,498 [INFO] AnalyticsPlugin:257 - Accepted Firmware Licenses: 
2025-10-16 13:10:50,500 [INFO] PluginManage:359 - Loaded plugin analytics (category:tool,tabindex:-1)
2025-10-16 13:10:50,500 [INFO] PluginManage:310 - Check plugin cadmodel
2025-10-16 13:10:50,509 [INFO] CADModel:105 - Init CAD model plugin
2025-10-16 13:10:50,510 [INFO] PluginManage:359 - Loaded plugin cadmodel (category:power,tabindex:5)
2025-10-16 13:10:50,510 [INFO] PluginManage:310 - Check plugin clock
2025-10-16 13:10:50,525 [INFO] PluginManage:359 - Loaded plugin clock (category:base,tabindex:2)
2025-10-16 13:10:50,525 [INFO] PluginManage:310 - Check plugin ddr
2025-10-16 13:10:50,531 [INFO] PluginManage:359 - Loaded plugin ddr (category:tool,tabindex:6)
2025-10-16 13:10:50,531 [INFO] PluginManage:310 - Check plugin filemanager
2025-10-16 13:10:50,759 [INFO] PluginManage:359 - Loaded plugin filemanager (category:base,tabindex:10)
2025-10-16 13:10:50,759 [INFO] PluginManage:310 - Check plugin ipmanager
2025-10-16 13:10:50,770 [INFO] PluginManage:359 - Loaded plugin ipmanager (category:base,tabindex:5)
2025-10-16 13:10:50,770 [INFO] PluginManage:310 - Check plugin lpbam
2025-10-16 13:10:50,781 [INFO] PluginManage:359 - Loaded plugin lpbam (category:base,tabindex:0)
2025-10-16 13:10:50,781 [INFO] PluginManage:310 - Check plugin memorymap
2025-10-16 13:10:50,803 [INFO] PluginManage:359 - Loaded plugin memorymap (category:base,tabindex:4)
2025-10-16 13:10:50,803 [INFO] PluginManage:310 - Check plugin pinoutandconfiguration
2025-10-16 13:10:50,816 [INFO] PluginManage:359 - Loaded plugin pinoutandconfiguration (category:base,tabindex:1)
2025-10-16 13:10:50,818 [INFO] PluginManage:310 - Check plugin pinoutconfig
2025-10-16 13:10:50,939 [WARN] SupportedApi:132 - Cannot load RTOS API schema: s4s-elt-must-match.1: The content of 'definitions' must match (annotation?, (simpleType | complexType)?, (unique | key | keyref)*)). A problem was found starting at: attribute.
2025-10-16 13:10:51,116 [INFO] PluginManage:359 - Loaded plugin pinoutconfig (category:base,tabindex:0)
2025-10-16 13:10:51,117 [INFO] PluginManage:310 - Check plugin power
2025-10-16 13:10:51,128 [INFO] PluginManage:359 - Loaded plugin power (category:power,tabindex:4)
2025-10-16 13:10:51,128 [INFO] PluginManage:310 - Check plugin projectmanager
2025-10-16 13:10:51,148 [INFO] PluginManage:359 - Loaded plugin projectmanager (category:projectmanager,tabindex:4)
2025-10-16 13:10:51,149 [INFO] PluginManage:310 - Check plugin rif
2025-10-16 13:10:51,163 [INFO] PluginManage:359 - Loaded plugin rif (category:base,tabindex:3)
2025-10-16 13:10:51,164 [INFO] PluginManage:310 - Check plugin thirdparty
2025-10-16 13:10:51,378 [INFO] PluginManage:359 - Loaded plugin thirdparty (category:base,tabindex:-1)
2025-10-16 13:10:51,380 [WARN] IntegrityCheckThread:84 - waiting for thirdparty lock release [integrity check]
2025-10-16 13:10:51,380 [INFO] PluginManage:310 - Check plugin tools
2025-10-16 13:10:51,380 [INFO] IntegrityCheckThread:86 - entering critical section [integrity check]
2025-10-16 13:10:51,380 [INFO] ThirdPartyUpdaterWithRetryManager:70 - Updater plugin not ready yet. [1/15]
2025-10-16 13:10:51,386 [INFO] PluginManage:359 - Loaded plugin tools (category:base,tabindex:7)
2025-10-16 13:10:51,386 [INFO] PluginManage:310 - Check plugin tutovideos
2025-10-16 13:10:51,711 [INFO] PluginManage:359 - Loaded plugin tutovideos (category:base,tabindex:-1)
2025-10-16 13:10:51,711 [INFO] PluginManage:310 - Check plugin updater
2025-10-16 13:10:51,739 [INFO] PluginManage:359 - Loaded plugin updater (category:base,tabindex:12)
2025-10-16 13:10:51,739 [INFO] PluginManage:310 - Check plugin userauth
2025-10-16 13:10:51,745 [INFO] UserAuth:118 - Init User Auth plugin
2025-10-16 13:10:51,746 [INFO] PluginManage:359 - Loaded plugin userauth (category:base,tabindex:14)
2025-10-16 13:10:51,746 [INFO] PluginManage:283 - PluginManage : Loaded plugins [18]
2025-10-16 13:10:52,021 [INFO] PinOutPanel:1589 - setPackage(No Configuration,No Configuration)
2025-10-16 13:10:52,134 [INFO] CADModel:165 - CPN selected for project level
2025-10-16 13:10:52,134 [INFO] CADModel:114 - Register for checkConnection events
2025-10-16 13:10:52,163 [INFO] IPUIPlugin:80 - create IPUIPlugin
2025-10-16 13:10:52,164 [INFO] PluginManager:220 - loadIPPluginJar : add adc
2025-10-16 13:10:52,169 [INFO] IPUIPlugin:80 - create IPUIPlugin
2025-10-16 13:10:52,169 [INFO] PluginManager:220 - loadIPPluginJar : add aes
2025-10-16 13:10:52,173 [INFO] IPUIPlugin:80 - create IPUIPlugin
2025-10-16 13:10:52,173 [INFO] PluginManager:220 - loadIPPluginJar : add can
2025-10-16 13:10:52,177 [INFO] IPUIPlugin:80 - create IPUIPlugin
2025-10-16 13:10:52,177 [INFO] PluginManager:220 - loadIPPluginJar : add comp
2025-10-16 13:10:52,182 [INFO] IPUIPlugin:80 - create IPUIPlugin
2025-10-16 13:10:52,182 [INFO] PluginManager:220 - loadIPPluginJar : add cryp
2025-10-16 13:10:52,187 [INFO] IPUIPlugin:80 - create IPUIPlugin
2025-10-16 13:10:52,188 [INFO] PluginManager:220 - loadIPPluginJar : add ddr_ctrl_phy
2025-10-16 13:10:52,192 [INFO] IPUIPlugin:80 - create IPUIPlugin
2025-10-16 13:10:52,192 [INFO] PluginManager:220 - loadIPPluginJar : add dfsdm
2025-10-16 13:10:52,202 [INFO] IPUIPlugin:80 - create IPUIPlugin
2025-10-16 13:10:52,203 [INFO] PluginManager:220 - loadIPPluginJar : add dma
2025-10-16 13:10:52,207 [INFO] IPUIPlugin:80 - create IPUIPlugin
2025-10-16 13:10:52,207 [INFO] PluginManager:220 - loadIPPluginJar : add dma3
2025-10-16 13:10:52,213 [INFO] IPUIPlugin:80 - create IPUIPlugin
2025-10-16 13:10:52,213 [INFO] PluginManager:220 - loadIPPluginJar : add extmemmanager
2025-10-16 13:10:52,217 [INFO] IPUIPlugin:80 - create IPUIPlugin
2025-10-16 13:10:52,217 [INFO] PluginManager:220 - loadIPPluginJar : add fatfs
2025-10-16 13:10:52,227 [INFO] IPUIPlugin:80 - create IPUIPlugin
2025-10-16 13:10:52,227 [INFO] PluginManager:220 - loadIPPluginJar : add fmc
2025-10-16 13:10:52,240 [INFO] IPUIPlugin:80 - create IPUIPlugin
2025-10-16 13:10:52,241 [INFO] PluginManager:220 - loadIPPluginJar : add freertos
2025-10-16 13:10:52,243 [INFO] IPUIPlugin:80 - create IPUIPlugin
2025-10-16 13:10:52,243 [INFO] PluginManager:220 - loadIPPluginJar : add genericplugin
2025-10-16 13:10:52,250 [INFO] IPUIPlugin:80 - create IPUIPlugin
2025-10-16 13:10:52,250 [INFO] PluginManager:220 - loadIPPluginJar : add gfxmmu
2025-10-16 13:10:52,259 [INFO] IPUIPlugin:80 - create IPUIPlugin
2025-10-16 13:10:52,259 [INFO] PluginManager:220 - loadIPPluginJar : add gic
2025-10-16 13:10:52,270 [INFO] IPUIPlugin:80 - create IPUIPlugin
2025-10-16 13:10:52,270 [INFO] PluginManager:220 - loadIPPluginJar : add gpio
2025-10-16 13:10:52,274 [INFO] IPUIPlugin:80 - create IPUIPlugin
2025-10-16 13:10:52,274 [INFO] PluginManager:220 - loadIPPluginJar : add gtzc
2025-10-16 13:10:52,278 [INFO] IPUIPlugin:80 - create IPUIPlugin
2025-10-16 13:10:52,278 [INFO] PluginManager:220 - loadIPPluginJar : add hash
2025-10-16 13:10:52,284 [INFO] IPUIPlugin:80 - create IPUIPlugin
2025-10-16 13:10:52,284 [INFO] PluginManager:220 - loadIPPluginJar : add i2c
2025-10-16 13:10:52,288 [INFO] IPUIPlugin:80 - create IPUIPlugin
2025-10-16 13:10:52,289 [INFO] PluginManager:220 - loadIPPluginJar : add i2s
2025-10-16 13:10:52,293 [INFO] IPUIPlugin:80 - create IPUIPlugin
2025-10-16 13:10:52,293 [INFO] PluginManager:220 - loadIPPluginJar : add i3c
2025-10-16 13:10:52,295 [INFO] IPUIPlugin:80 - create IPUIPlugin
2025-10-16 13:10:52,295 [INFO] PluginManager:220 - loadIPPluginJar : add ipddr
2025-10-16 13:10:52,308 [INFO] IPUIPlugin:80 - create IPUIPlugin
2025-10-16 13:10:52,309 [INFO] PluginManager:220 - loadIPPluginJar : add linkedlist
2025-10-16 13:10:52,314 [INFO] IPUIPlugin:80 - create IPUIPlugin
2025-10-16 13:10:52,314 [INFO] PluginManager:220 - loadIPPluginJar : add lorawan
2025-10-16 13:10:52,317 [INFO] IPUIPlugin:80 - create IPUIPlugin
2025-10-16 13:10:52,317 [INFO] PluginManager:220 - loadIPPluginJar : add ltdc
2025-10-16 13:10:52,324 [INFO] IPUIPlugin:80 - create IPUIPlugin
2025-10-16 13:10:52,325 [INFO] PluginManager:220 - loadIPPluginJar : add mdma
2025-10-16 13:10:52,330 [INFO] IPUIPlugin:80 - create IPUIPlugin
2025-10-16 13:10:52,330 [INFO] PluginManager:220 - loadIPPluginJar : add nvic
2025-10-16 13:10:52,334 [INFO] IPUIPlugin:80 - create IPUIPlugin
2025-10-16 13:10:52,335 [INFO] PluginManager:220 - loadIPPluginJar : add opamp
2025-10-16 13:10:52,340 [INFO] IPUIPlugin:80 - create IPUIPlugin
2025-10-16 13:10:52,340 [INFO] PluginManager:220 - loadIPPluginJar : add openamp
2025-10-16 13:10:52,346 [INFO] IPUIPlugin:80 - create IPUIPlugin
2025-10-16 13:10:52,347 [INFO] PluginManager:220 - loadIPPluginJar : add pdm2pcm
2025-10-16 13:10:52,363 [INFO] IPUIPlugin:80 - create IPUIPlugin
2025-10-16 13:10:52,367 [INFO] PluginManager:220 - loadIPPluginJar : add plateformsettings
2025-10-16 13:10:52,370 [INFO] IPUIPlugin:80 - create IPUIPlugin
2025-10-16 13:10:52,370 [INFO] PluginManager:220 - loadIPPluginJar : add quadspi
2025-10-16 13:10:52,373 [INFO] IPUIPlugin:80 - create IPUIPlugin
2025-10-16 13:10:52,375 [INFO] PluginManager:220 - loadIPPluginJar : add radio
2025-10-16 13:10:52,381 [INFO] IPUIPlugin:80 - create IPUIPlugin
2025-10-16 13:10:52,381 [INFO] PluginManager:220 - loadIPPluginJar : add resmgrutility
2025-10-16 13:10:52,386 [INFO] IPUIPlugin:80 - create IPUIPlugin
2025-10-16 13:10:52,387 [INFO] PluginManager:220 - loadIPPluginJar : add sai
2025-10-16 13:10:52,391 [INFO] IPUIPlugin:80 - create IPUIPlugin
2025-10-16 13:10:52,392 [INFO] PluginManager:220 - loadIPPluginJar : add spi
2025-10-16 13:10:52,404 [INFO] IPUIPlugin:80 - create IPUIPlugin
2025-10-16 13:10:52,404 [INFO] PluginManager:220 - loadIPPluginJar : add stm32_wpan
2025-10-16 13:10:52,408 [INFO] IPUIPlugin:80 - create IPUIPlugin
2025-10-16 13:10:52,408 [INFO] PluginManager:220 - loadIPPluginJar : add tim
2025-10-16 13:10:52,414 [INFO] IPUIPlugin:80 - create IPUIPlugin
2025-10-16 13:10:52,414 [INFO] PluginManager:220 - loadIPPluginJar : add touchsensing
2025-10-16 13:10:52,418 [INFO] IPUIPlugin:80 - create IPUIPlugin
2025-10-16 13:10:52,418 [INFO] PluginManager:220 - loadIPPluginJar : add tracer_emb
2025-10-16 13:10:52,423 [INFO] IPUIPlugin:80 - create IPUIPlugin
2025-10-16 13:10:52,423 [INFO] PluginManager:220 - loadIPPluginJar : add ts
2025-10-16 13:10:52,425 [INFO] IPUIPlugin:80 - create IPUIPlugin
2025-10-16 13:10:52,425 [INFO] PluginManager:220 - loadIPPluginJar : add tsc
2025-10-16 13:10:52,429 [INFO] IPUIPlugin:80 - create IPUIPlugin
2025-10-16 13:10:52,429 [INFO] PluginManager:220 - loadIPPluginJar : add ucpd
2025-10-16 13:10:52,434 [INFO] IPUIPlugin:80 - create IPUIPlugin
2025-10-16 13:10:52,434 [INFO] PluginManager:220 - loadIPPluginJar : add usart
2025-10-16 13:10:52,441 [INFO] IPUIPlugin:80 - create IPUIPlugin
2025-10-16 13:10:52,441 [INFO] PluginManager:220 - loadIPPluginJar : add usbx
2025-10-16 13:10:52,604 [FATAL] Updater:351 - Updater called before beeing initialized
2025-10-16 13:10:52,646 [INFO] RulesReader:64 - Compatibility file has been processed (317 Rules)
2025-10-16 13:10:52,667 [INFO] RulesReader:64 - Compatibility file has been processed (317 Rules)
2025-10-16 13:10:52,686 [INFO] CADModel:165 - CPN selected for project level
2025-10-16 13:10:52,686 [INFO] CADModel:114 - Register for checkConnection events
2025-10-16 13:10:52,689 [FATAL] Updater:351 - Updater called before beeing initialized
2025-10-16 13:10:52,689 [ERROR] CADModel:125 - Updater not yet initialized, retry later 
2025-10-16 13:10:52,954 [FATAL] Updater:351 - Updater called before beeing initialized
2025-10-16 13:10:52,957 [INFO] CADModel:165 - CPN selected for project level
2025-10-16 13:10:52,957 [INFO] CADModel:114 - Register for checkConnection events
2025-10-16 13:10:52,957 [FATAL] Updater:351 - Updater called before beeing initialized
2025-10-16 13:10:52,957 [ERROR] CADModel:125 - Updater not yet initialized, retry later 
2025-10-16 13:10:52,961 [FATAL] Updater:351 - Updater called before beeing initialized
2025-10-16 13:10:53,122 [FATAL] Updater:351 - Updater called before beeing initialized
2025-10-16 13:10:53,126 [INFO] DbMcusAds:53 - JSON generation date=Thu Oct 02 16:36:05 ICT 2025 (1759397765645)
2025-10-16 13:10:53,126 [FATAL] Updater:351 - Updater called before beeing initialized
2025-10-16 13:10:53,177 [WARN] DetailPanel:346 - Failed to get advertising image, set to default
2025-10-16 13:10:53,279 [FATAL] Updater:351 - Updater called before beeing initialized
2025-10-16 13:10:53,282 [FATAL] Updater:351 - Updater called before beeing initialized
2025-10-16 13:10:53,282 [FATAL] Updater:351 - Updater called before beeing initialized
2025-10-16 13:10:53,282 [WARN] DetailPanel:346 - Failed to get advertising image, set to default
2025-10-16 13:10:53,283 [FATAL] Updater:351 - Updater called before beeing initialized
2025-10-16 13:10:53,337 [ERROR] Updater:1198 - MainUpdater not yet initialized. External WinMGr cannot be set.
2025-10-16 13:10:53,339 [INFO] Updater:1134 - Updater Version found : 6.15.0
2025-10-16 13:10:53,360 [INFO] ApplicationProperties:184 - Using Application install path: C:\ST\STM32CubeIDE_1.18.1\STM32CubeIDE\plugins\com.st.stm32cube.common.mx_6.15.0.202507011659
2025-10-16 13:10:54,383 [INFO] ThirdPartyUpdaterWithRetryManager:70 - Updater plugin not ready yet. [2/15]
2025-10-16 13:10:54,966 [ERROR] LogOutputStream:75 - [STDERR_REDIRECT] Oct 16, 2025 1:10:54 PM java.util.prefs.WindowsPreferences <init>
2025-10-16 13:10:54,968 [ERROR] LogOutputStream:75 - [STDERR_REDIRECT] WARNING: Could not open/create prefs root node Software\JavaSoft\Prefs at root 0xffffffff80000002. Windows RegCreateKeyEx(...) returned error code 5.
2025-10-16 13:10:54,968 [ERROR] LogOutputStream:75 - [STDERR_REDIRECT] 
2025-10-16 13:10:55,403 [INFO] MainUpdater:2872 - connection check result : 10
2025-10-16 13:10:55,405 [INFO] MainUpdater:289 - Updater Check For Update Now.
2025-10-16 13:10:55,405 [INFO] MicroXplorer:498 - Change Database Version : DB.6.0.150
2025-10-16 13:10:55,413 [INFO] McuFinderGlobals:63 - Set McuFinder mode to 2 (CubeIDE integrated)
2025-10-16 13:10:55,413 [INFO] UserAuth:487 - Internet connection configuration mode: 1
2025-10-16 13:10:55,438 [INFO] JxBrowserEngine:152 - Initiate JxBrowser Engine with user profile folder
2025-10-16 13:10:55,597 [INFO] CheckServerUpdateThread:120 - End of CheckServer Thread
2025-10-16 13:10:56,339 [INFO] WebApp:169 - Instantiating new browser for Auth
2025-10-16 13:10:57,204 [INFO] WebApp:463 - Apply proxy settings
2025-10-16 13:10:57,205 [INFO] WebApp:548 - Chromium requires no authentication
2025-10-16 13:10:57,220 [INFO] WebApp:491 - Direct internet connection detected
2025-10-16 13:10:57,246 [INFO] WebApp:900 - Register for checkConnection events
2025-10-16 13:10:57,246 [INFO] WebApp:463 - Apply proxy settings
2025-10-16 13:10:57,246 [INFO] WebApp:548 - Chromium requires no authentication
2025-10-16 13:10:57,246 [INFO] WebApp:491 - Direct internet connection detected
2025-10-16 13:10:57,456 [INFO] WebApp:191 - Connection restablished
2025-10-16 13:10:57,504 [INFO] WebApp:225 - Starting web application
2025-10-16 13:10:57,504 [INFO] WebApp:593 - Web application path used C:\ST\STM32CubeIDE_1.18.1\STM32CubeIDE\plugins\com.st.stm32cube.common.mx_6.15.0.202507011659\db\plugins\mcufinder\reactClient1\index.html
2025-10-16 13:10:57,709 [INFO] UserAuth:487 - Internet connection configuration mode: 1
2025-10-16 13:10:57,784 [WARN] PackLoader:240 - Cannot read IP mode file for STMicroelectronics.FP-SNS-MOTENVWB1.1.4.0
2025-10-16 13:10:57,797 [WARN] PackLoader:240 - Cannot read IP mode file for STMicroelectronics.FP-ATR-ASTRA1.2.0.2
2025-10-16 13:10:57,811 [WARN] PackLoader:240 - Cannot read IP mode file for STMicroelectronics.X-CUBE-SMBUS.2.1.0
2025-10-16 13:10:57,821 [WARN] PackLoader:240 - Cannot read IP mode file for STMicroelectronics.X-CUBE-ST60.1.0.0
2025-10-16 13:10:57,856 [WARN] PackLoader:240 - Cannot read IP mode file for STMicroelectronics.X-CUBE-AZRTOS-F7.1.1.0
2025-10-16 13:10:57,887 [WARN] PackLoader:240 - Cannot read IP mode file for Infineon.AIROC-Wi-Fi-Bluetooth-STM32.1.7.0
2025-10-16 13:10:57,933 [WARN] PackLoader:240 - Cannot read IP mode file for STMicroelectronics.X-CUBE-AZRTOS-H7.3.4.0
2025-10-16 13:10:57,949 [WARN] PackLoader:240 - Cannot read IP mode file for STMicroelectronics.X-CUBE-DISPLAY.3.0.0
2025-10-16 13:10:57,965 [WARN] PackLoader:240 - Cannot read IP mode file for STMicroelectronics.X-CUBE-NFC10.1.0.0
2025-10-16 13:10:57,980 [WARN] PackLoader:240 - Cannot read IP mode file for STMicroelectronics.X-CUBE-BLEMGR.4.0.0
2025-10-16 13:10:57,991 [WARN] PackLoader:240 - Cannot read IP mode file for emotas.I-CUBE-CANOPEN.1.3.0
2025-10-16 13:10:57,995 [WARN] ConditionMgr:438 - getConditionDescription Invalid condition id : Cortex-A Device cause : null
2025-10-16 13:10:58,011 [WARN] ConditionMgr:1044 - genDependencies : Invalid condition id : Cortex-A Device cause : null
2025-10-16 13:10:58,011 [WARN] ConditionMgr:1044 - genDependencies : Invalid condition id : Cortex-A Device cause : null
2025-10-16 13:10:58,011 [WARN] ConditionMgr:1044 - genDependencies : Invalid condition id : Cortex-A Device cause : null
2025-10-16 13:10:58,015 [WARN] PackLoader:240 - Cannot read IP mode file for STMicroelectronics.X-CUBE-AI.10.0.0
2025-10-16 13:10:58,025 [WARN] PackLoader:240 - Cannot read IP mode file for STMicroelectronics.FP-SNS-STBOX1.2.1.0
2025-10-16 13:10:58,037 [WARN] PackLoader:240 - Cannot read IP mode file for STMicroelectronics.FP-SNS-SMARTAG2.1.2.0
2025-10-16 13:10:58,044 [WARN] PackLoader:240 - Cannot read IP mode file for STMicroelectronics.FP-SNS-FLIGHT1.5.1.0
2025-10-16 13:10:58,055 [INFO] LogOutputStream:77 - [STDOUT_REDIRECT] 1 : Invalid condition id : UX_CORESTACK_Condition cause : null
2025-10-16 13:10:58,055 [INFO] LogOutputStream:77 - [STDOUT_REDIRECT] 1 : Invalid condition id : UX_CORESTACK_Condition cause : null
2025-10-16 13:10:58,056 [INFO] LogOutputStream:77 - [STDOUT_REDIRECT] 1 : Invalid condition id : UX_CORESTACK_Condition cause : null
2025-10-16 13:10:58,058 [INFO] LogOutputStream:77 - [STDOUT_REDIRECT] 1 : Invalid condition id : UX_CORESTACK_Condition cause : null
2025-10-16 13:10:58,058 [INFO] LogOutputStream:77 - [STDOUT_REDIRECT] 1 : Invalid condition id : UX_CORESTACK_Condition cause : null
2025-10-16 13:10:58,061 [WARN] PackLoader:240 - Cannot read IP mode file for STMicroelectronics.X-CUBE-AZRTOS-WL.2.0.0
2025-10-16 13:10:58,068 [WARN] PackLoader:240 - Cannot read IP mode file for STMicroelectronics.FP-SNS-MOTENV1.5.0.0
2025-10-16 13:10:58,074 [WARN] PackLoader:240 - Cannot read IP mode file for WES.I-CUBE-Cesium.1.3.0
2025-10-16 13:10:58,089 [WARN] PackLoader:240 - Cannot read IP mode file for STMicroelectronics.X-CUBE-BLE2.3.3.0
2025-10-16 13:10:58,096 [WARN] PackLoader:240 - Cannot read IP mode file for STMicroelectronics.X-CUBE-NFC9.1.0.0
2025-10-16 13:10:58,104 [WARN] PackLoader:240 - Cannot read IP mode file for STMicroelectronics.X-CUBE-BLE1.7.1.0
2025-10-16 13:10:58,111 [WARN] PackLoader:240 - Cannot read IP mode file for wolfSSL.I-CUBE-wolfMQTT.1.19.2
2025-10-16 13:10:58,118 [WARN] PackLoader:240 - Cannot read IP mode file for STMicroelectronics.X-CUBE-EEPRMA1.5.2.0
2025-10-16 13:10:58,125 [WARN] PackLoader:240 - Cannot read IP mode file for STMicroelectronics.X-CUBE-ST67W61.1.1.0
2025-10-16 13:10:58,132 [WARN] PackLoader:240 - Cannot read IP mode file for STMicroelectronics.X-CUBE-AI.10.1.0
2025-10-16 13:10:58,171 [WARN] PackLoader:240 - Cannot read IP mode file for STMicroelectronics.X-CUBE-MEMS1.11.2.0
2025-10-16 13:10:58,322 [WARN] PackLoader:240 - Cannot read IP mode file for STMicroelectronics.X-CUBE-AZRTOS-G0.1.1.0
2025-10-16 13:10:58,331 [WARN] PackLoader:240 - Cannot read IP mode file for STMicroelectronics.X-CUBE-SAFEA1.1.2.2
2025-10-16 13:10:58,337 [WARN] PackLoader:240 - Cannot read IP mode file for STMicroelectronics.X-CUBE-NFC4.3.0.0
2025-10-16 13:10:58,350 [WARN] PackLoader:240 - Cannot read IP mode file for EmbeddedOffice.I-CUBE-FS-RTOS.1.0.1
2025-10-16 13:10:58,354 [WARN] PackLoader:240 - Cannot read IP mode file for STMicroelectronics.X-CUBE-WB05N.2.0.0
2025-10-16 13:10:58,363 [WARN] PackLoader:240 - Cannot read IP mode file for wolfSSL.I-CUBE-wolfTPM.3.8.0
2025-10-16 13:10:58,388 [WARN] PackLoader:240 - Cannot read IP mode file for STMicroelectronics.X-CUBE-TCPP.4.2.0
2025-10-16 13:10:58,399 [WARN] PackLoader:240 - Cannot read IP mode file for RealThread.X-CUBE-RT-Thread_Nano.4.1.1
2025-10-16 13:10:58,405 [WARN] PackLoader:240 - Cannot read IP mode file for STMicroelectronics.FP-ATR-SIGFOX1.3.2.0
2025-10-16 13:10:58,412 [WARN] PackLoader:240 - Cannot read IP mode file for STMicroelectronics.X-CUBE-EEPRMA1.5.1.0
2025-10-16 13:10:58,422 [WARN] PackLoader:240 - Cannot read IP mode file for wolfSSL.I-CUBE-wolfSSL.5.7.6
2025-10-16 13:10:58,433 [WARN] PackLoader:240 - Cannot read IP mode file for ITTIA_DB.I-CUBE-ITTIADB.8.9.0
2025-10-16 13:10:58,439 [WARN] PackLoader:240 - Cannot read IP mode file for STMicroelectronics.X-CUBE-ST67W61.1.0.0
2025-10-16 13:10:58,447 [WARN] PackLoader:240 - Cannot read IP mode file for STMicroelectronics.X-CUBE-AI.10.2.0
2025-10-16 13:10:58,486 [WARN] PackLoader:240 - Cannot read IP mode file for SEGGER.I-CUBE-embOS.1.3.1
2025-10-16 13:10:58,533 [WARN] PackLoader:240 - Cannot read IP mode file for STMicroelectronics.X-CUBE-ALGOBUILD.1.4.0
2025-10-16 13:10:58,569 [WARN] PackLoader:240 - Cannot read IP mode file for STMicroelectronics.X-CUBE-MEMS1.11.3.0
2025-10-16 13:10:58,658 [WARN] PackLoader:240 - Cannot read IP mode file for STMicroelectronics.X-CUBE-PM33A1.1.0.0
2025-10-16 13:10:58,675 [WARN] PackLoader:240 - Cannot read IP mode file for STMicroelectronics.X-CUBE-AZRTOS-F4.1.1.0
2025-10-16 13:10:58,682 [WARN] PackLoader:240 - Cannot read IP mode file for Avnet-IotConnect.X-CUBE-IoTC-DA16k-PMOD.1.0.0
2025-10-16 13:10:58,686 [WARN] PackLoader:240 - Cannot read IP mode file for STMicroelectronics.X-CUBE-ISPU.2.1.0
2025-10-16 13:10:58,696 [WARN] PackLoader:240 - Cannot read IP mode file for STMicroelectronics.X-CUBE-IPS.3.2.0
2025-10-16 13:10:58,711 [WARN] PackLoader:240 - Cannot read IP mode file for STMicroelectronics.X-CUBE-NFC12.1.0.0
2025-10-16 13:10:58,734 [WARN] PackLoader:240 - Cannot read IP mode file for STMicroelectronics.X-CUBE-AZRTOS-L5.2.0.0
2025-10-16 13:10:58,749 [WARN] PackLoader:240 - Cannot read IP mode file for STMicroelectronics.X-CUBE-NFC6.3.1.0
2025-10-16 13:10:58,759 [WARN] PackLoader:240 - Cannot read IP mode file for STMicroelectronics.X-CUBE-FREERTOS.1.3.1
2025-10-16 13:10:58,763 [WARN] PackLoader:240 - Cannot read IP mode file for STMicroelectronics.X-CUBE-FREERTOS.1.3.0
2025-10-16 13:10:58,770 [WARN] PackLoader:240 - Cannot read IP mode file for STMicroelectronics.X-CUBE-NFC7.1.0.1
2025-10-16 13:10:58,774 [WARN] PackLoader:240 - Cannot read IP mode file for STMicroelectronics.X-CUBE-TOUCHGFX.4.26.0
2025-10-16 13:10:58,781 [WARN] PackLoader:240 - Cannot read IP mode file for STMicroelectronics.FP-SNS-STAIOTCFT.1.0.0
2025-10-16 13:10:58,786 [WARN] PackLoader:240 - Cannot read IP mode file for STMicroelectronics.X-CUBE-DPower.1.3.0
2025-10-16 13:10:58,800 [WARN] ConditionMgr:438 - getConditionDescription Invalid condition id : LAN8742 Phy interface Condition cause : null
2025-10-16 13:10:58,800 [WARN] PackLoader:240 - Cannot read IP mode file for STMicroelectronics.X-CUBE-AZRTOS-L4.2.0.0
2025-10-16 13:10:58,803 [WARN] ConditionMgr:1044 - genDependencies : Invalid condition id : LAN8742 Phy interface Condition cause : null
2025-10-16 13:10:58,803 [WARN] ConditionMgr:1044 - genDependencies : Invalid condition id : LAN8742 Phy interface Condition cause : null
2025-10-16 13:10:58,803 [WARN] ConditionMgr:1044 - genDependencies : Invalid condition id : LAN8742 Phy interface Condition cause : null
2025-10-16 13:10:58,810 [WARN] PackLoader:240 - Cannot read IP mode file for STMicroelectronics.X-CUBE-SFXS2LP1.4.0.0
2025-10-16 13:10:58,823 [WARN] PackLoader:240 - Cannot read IP mode file for STMicroelectronics.X-CUBE-AZRTOS-H7.3.3.0
2025-10-16 13:10:58,835 [WARN] PackLoader:240 - Cannot read IP mode file for STMicroelectronics.X-CUBE-BLEMGR.4.1.0
2025-10-16 13:10:58,874 [WARN] ConditionMgr:438 - getConditionDescription Invalid condition id : UX DEVICE CLASS RTOS Condition cause : null
2025-10-16 13:10:58,874 [WARN] ConditionMgr:438 - getConditionDescription Invalid condition id : UX DEVICE CLASS RTOS Condition cause : null
2025-10-16 13:10:58,879 [WARN] PackLoader:240 - Cannot read IP mode file for STMicroelectronics.X-CUBE-AZRTOS-WB.2.0.0
2025-10-16 13:10:58,880 [WARN] ConditionMgr:1044 - genDependencies : Invalid condition id : UX DEVICE CLASS RTOS Condition cause : null
2025-10-16 13:10:58,880 [WARN] ConditionMgr:1044 - genDependencies : Invalid condition id : UX DEVICE CLASS RTOS Condition cause : null
2025-10-16 13:10:58,880 [WARN] ConditionMgr:1044 - genDependencies : Invalid condition id : UX DEVICE CLASS RTOS Condition cause : null
2025-10-16 13:10:58,880 [WARN] ConditionMgr:1044 - genDependencies : Invalid condition id : UX DEVICE CLASS RTOS Condition cause : null
2025-10-16 13:10:58,880 [WARN] ConditionMgr:1044 - genDependencies : Invalid condition id : UX DEVICE CLASS RTOS Condition cause : null
2025-10-16 13:10:58,887 [WARN] PackLoader:240 - Cannot read IP mode file for STMicroelectronics.X-CUBE-GNSS1.7.0.1
2025-10-16 13:10:58,891 [WARN] PackLoader:240 - Cannot read IP mode file for STMicroelectronics.X-CUBE-TOUCHGFX.4.25.0
2025-10-16 13:10:58,894 [WARN] PackLoader:240 - Cannot read IP mode file for STMicroelectronics.FP-SNS-STBOX1.2.0.0
2025-10-16 13:10:58,901 [WARN] PackLoader:240 - Cannot read IP mode file for STMicroelectronics.X-CUBE-SUBG2.5.0.0
2025-10-16 13:10:58,919 [WARN] PackLoader:240 - Cannot read IP mode file for STMicroelectronics.X-CUBE-AZRTOS-H7RS.1.1.0
2025-10-16 13:10:58,926 [WARN] PackLoader:240 - Cannot read IP mode file for Cesanta.I-CUBE-Mongoose.7.13.0
2025-10-16 13:10:58,937 [WARN] PackLoader:240 - Cannot read IP mode file for STMicroelectronics.X-CUBE-AZRTOS-G4.2.0.0
2025-10-16 13:10:58,942 [WARN] PackLoader:240 - Cannot read IP mode file for wolfSSL.I-CUBE-wolfSSH.1.4.20
2025-10-16 13:10:58,947 [WARN] PackLoader:240 - Cannot read IP mode file for STMicroelectronics.X-CUBE-NFC7.2.0.0
2025-10-16 13:10:58,958 [WARN] PackLoader:240 - Cannot read IP mode file for STMicroelectronics.X-CUBE-IPS.3.1.0
2025-10-16 13:10:58,968 [WARN] PackLoader:240 - Cannot read IP mode file for STMicroelectronics.X-CUBE-ALS.1.0.2
2025-10-16 13:10:58,976 [WARN] PackLoader:240 - Cannot read IP mode file for STMicroelectronics.X-CUBE-STSE01.1.0.0
2025-10-16 13:10:58,985 [WARN] PackLoader:240 - Cannot read IP mode file for portGmbH.I-Cube-SoM-uGOAL.1.1.0
2025-10-16 13:10:58,994 [WARN] PackLoader:240 - Cannot read IP mode file for STMicroelectronics.X-CUBE-TOF1.3.4.3
2025-10-16 13:10:59,003 [INFO] ThirdParty:978 - Integrity check success = true
2025-10-16 13:10:59,003 [INFO] IntegrityCheckThread:100 - exiting critical section [integrity check]
2025-10-16 13:10:59,003 [INFO] IntegrityCheckThread:103 - End integrity checks thread
2025-10-16 13:15:59,017 [INFO] WebApp:194 - Connection lost
2025-10-16 13:15:59,181 [INFO] WebApp:191 - Connection restablished
2025-10-16 13:16:01,430 [INFO] WebApp:194 - Connection lost
2025-10-16 13:16:01,597 [INFO] WebApp:191 - Connection restablished
2025-10-16 13:19:06,415 [INFO] WebApp:194 - Connection lost
2025-10-16 13:19:07,323 [INFO] WebApp:191 - Connection restablished
2025-10-16 13:19:09,563 [INFO] WebApp:194 - Connection lost
2025-10-16 13:19:23,397 [INFO] WebApp:191 - Connection restablished
2025-10-16 13:21:24,908 [INFO] WebApp:194 - Connection lost
2025-10-16 13:21:26,822 [INFO] WebApp:191 - Connection restablished
2025-10-16 13:23:34,571 [INFO] WebApp:194 - Connection lost
2025-10-16 13:23:58,989 [INFO] WebApp:191 - Connection restablished
2025-10-16 13:24:04,177 [INFO] WebApp:194 - Connection lost
2025-10-16 13:24:05,814 [INFO] WebApp:191 - Connection restablished
2025-10-16 13:24:10,412 [INFO] WebApp:194 - Connection lost
2025-10-16 13:24:10,978 [INFO] WebApp:191 - Connection restablished
2025-10-16 13:29:08,653 [INFO] WebApp:194 - Connection lost
2025-10-16 13:29:08,875 [INFO] WebApp:191 - Connection restablished
2025-10-16 13:29:12,422 [INFO] WebApp:194 - Connection lost
2025-10-16 13:29:12,566 [INFO] WebApp:191 - Connection restablished
2025-10-16 13:29:49,913 [INFO] WebApp:194 - Connection lost
2025-10-16 13:29:51,267 [INFO] WebApp:191 - Connection restablished
2025-10-16 13:34:08,920 [INFO] WebApp:194 - Connection lost
2025-10-16 13:34:09,233 [INFO] WebApp:191 - Connection restablished
2025-10-16 13:34:11,918 [INFO] WebApp:194 - Connection lost
2025-10-16 13:34:15,696 [INFO] WebApp:191 - Connection restablished
2025-10-16 13:34:18,901 [INFO] WebApp:194 - Connection lost
2025-10-16 13:34:19,035 [INFO] WebApp:191 - Connection restablished
2025-10-16 13:34:21,908 [INFO] WebApp:194 - Connection lost
2025-10-16 13:34:22,024 [INFO] WebApp:191 - Connection restablished
2025-10-16 13:43:08,898 [INFO] WebApp:194 - Connection lost
2025-10-16 13:43:09,414 [INFO] WebApp:191 - Connection restablished
2025-10-16 13:45:48,979 [INFO] WebApp:194 - Connection lost
2025-10-16 13:45:49,269 [INFO] WebApp:191 - Connection restablished
2025-10-16 13:45:52,414 [INFO] WebApp:194 - Connection lost
2025-10-16 13:45:52,644 [INFO] WebApp:191 - Connection restablished
2025-10-16 13:46:16,048 [INFO] WebApp:194 - Connection lost
2025-10-16 13:46:16,289 [INFO] WebApp:191 - Connection restablished
2025-10-16 13:46:17,958 [INFO] WebApp:194 - Connection lost
2025-10-16 13:46:18,127 [INFO] WebApp:191 - Connection restablished
2025-10-16 13:46:21,425 [INFO] WebApp:194 - Connection lost
2025-10-16 13:46:21,582 [INFO] WebApp:191 - Connection restablished
2025-10-16 13:46:49,486 [INFO] WebApp:194 - Connection lost
2025-10-16 13:46:49,746 [INFO] WebApp:191 - Connection restablished
2025-10-16 13:46:52,912 [INFO] WebApp:194 - Connection lost
2025-10-16 13:46:53,233 [INFO] WebApp:191 - Connection restablished
2025-10-16 13:47:32,442 [INFO] WebApp:194 - Connection lost
2025-10-16 13:47:32,627 [INFO] WebApp:191 - Connection restablished
2025-10-16 13:47:34,212 [INFO] WebApp:194 - Connection lost
2025-10-16 13:47:34,376 [INFO] WebApp:191 - Connection restablished
2025-10-16 13:47:37,938 [INFO] WebApp:194 - Connection lost
2025-10-16 13:47:38,058 [INFO] WebApp:191 - Connection restablished
2025-10-16 14:06:27,534 [INFO] WebApp:194 - Connection lost
2025-10-16 14:06:28,691 [INFO] WebApp:191 - Connection restablished
2025-10-16 14:06:30,906 [INFO] WebApp:194 - Connection lost
2025-10-16 14:06:31,920 [INFO] WebApp:191 - Connection restablished
2025-10-16 14:14:41,451 [INFO] WebApp:194 - Connection lost
2025-10-16 14:14:41,680 [INFO] WebApp:191 - Connection restablished
2025-10-16 14:14:45,469 [INFO] WebApp:194 - Connection lost
2025-10-16 14:14:45,686 [INFO] WebApp:191 - Connection restablished
2025-10-16 14:38:14,437 [INFO] WebApp:194 - Connection lost
2025-10-16 14:38:14,599 [INFO] WebApp:191 - Connection restablished
2025-10-16 14:42:17,735 [INFO] WebApp:194 - Connection lost
2025-10-16 14:42:17,918 [INFO] WebApp:191 - Connection restablished
2025-10-16 14:42:23,937 [INFO] WebApp:194 - Connection lost
2025-10-16 14:42:24,268 [INFO] WebApp:191 - Connection restablished
2025-10-16 14:53:50,946 [INFO] WebApp:194 - Connection lost
2025-10-16 14:53:51,189 [INFO] WebApp:191 - Connection restablished
2025-10-16 14:53:53,972 [INFO] WebApp:194 - Connection lost
2025-10-16 14:53:54,556 [INFO] WebApp:191 - Connection restablished
2025-10-16 15:00:49,308 [INFO] WebApp:194 - Connection lost
2025-10-16 15:00:49,506 [INFO] WebApp:191 - Connection restablished
2025-10-16 15:00:52,907 [INFO] WebApp:194 - Connection lost
2025-10-16 15:00:53,066 [INFO] WebApp:191 - Connection restablished
2025-10-16 15:03:17,787 [INFO] WebApp:194 - Connection lost
2025-10-16 15:03:30,034 [INFO] WebApp:191 - Connection restablished
2025-10-16 15:05:50,675 [INFO] WebApp:194 - Connection lost
2025-10-16 15:05:50,930 [INFO] WebApp:191 - Connection restablished
2025-10-16 15:05:56,939 [INFO] WebApp:194 - Connection lost
2025-10-16 15:05:57,109 [INFO] WebApp:191 - Connection restablished
2025-10-16 15:14:17,442 [INFO] WebApp:194 - Connection lost
2025-10-16 15:14:17,731 [INFO] WebApp:191 - Connection restablished
2025-10-16 15:14:26,938 [INFO] WebApp:194 - Connection lost
2025-10-16 15:14:27,102 [INFO] WebApp:191 - Connection restablished
2025-10-16 15:37:42,928 [INFO] WebApp:194 - Connection lost
2025-10-16 15:37:43,072 [INFO] WebApp:191 - Connection restablished
2025-10-16 16:03:45,419 [INFO] WebApp:194 - Connection lost
2025-10-16 16:03:46,203 [INFO] WebApp:191 - Connection restablished
2025-10-16 16:14:20,433 [INFO] WebApp:194 - Connection lost
2025-10-16 16:14:21,002 [INFO] WebApp:191 - Connection restablished
2025-10-16 16:17:28,155 [INFO] WebApp:194 - Connection lost
2025-10-16 16:17:34,867 [INFO] WebApp:191 - Connection restablished
2025-10-16 16:17:39,934 [INFO] WebApp:194 - Connection lost
2025-10-16 16:17:40,107 [INFO] WebApp:191 - Connection restablished
2025-10-16 16:17:42,901 [INFO] WebApp:194 - Connection lost
2025-10-16 16:17:43,451 [INFO] WebApp:191 - Connection restablished
2025-10-16 16:20:42,412 [INFO] WebApp:194 - Connection lost
2025-10-16 16:20:42,551 [INFO] WebApp:191 - Connection restablished
2025-10-16 16:20:46,908 [INFO] WebApp:194 - Connection lost
2025-10-16 16:20:47,542 [INFO] WebApp:191 - Connection restablished
2025-10-16 16:25:13,922 [INFO] WebApp:194 - Connection lost
2025-10-16 16:25:14,405 [INFO] WebApp:191 - Connection restablished
2025-10-16 16:25:24,921 [INFO] WebApp:194 - Connection lost
2025-10-16 16:25:25,078 [INFO] WebApp:191 - Connection restablished
2025-10-16 16:32:54,973 [INFO] WebApp:194 - Connection lost
2025-10-16 16:32:55,122 [INFO] WebApp:191 - Connection restablished
2025-10-16 16:32:56,786 [INFO] WebApp:194 - Connection lost
2025-10-16 16:32:56,935 [INFO] WebApp:191 - Connection restablished
2025-10-16 16:32:59,822 [INFO] WebApp:194 - Connection lost
2025-10-16 16:33:00,808 [INFO] WebApp:191 - Connection restablished
2025-10-16 16:36:08,415 [INFO] WebApp:194 - Connection lost
2025-10-16 16:36:08,670 [INFO] WebApp:191 - Connection restablished
2025-10-16 16:36:19,423 [INFO] WebApp:194 - Connection lost
2025-10-16 16:36:19,560 [INFO] WebApp:191 - Connection restablished
2025-10-16 16:39:37,413 [INFO] WebApp:194 - Connection lost
2025-10-16 16:39:37,607 [INFO] WebApp:191 - Connection restablished
2025-10-16 16:39:48,439 [INFO] WebApp:194 - Connection lost
2025-10-16 16:39:48,584 [INFO] WebApp:191 - Connection restablished
2025-10-16 16:41:19,918 [INFO] WebApp:194 - Connection lost
2025-10-16 16:41:20,262 [INFO] WebApp:191 - Connection restablished
2025-10-16 16:41:30,926 [INFO] WebApp:194 - Connection lost
2025-10-16 16:41:31,061 [INFO] WebApp:191 - Connection restablished
2025-10-16 16:42:43,915 [INFO] WebApp:194 - Connection lost
2025-10-16 16:42:44,225 [INFO] WebApp:191 - Connection restablished
2025-10-16 16:42:55,436 [INFO] WebApp:194 - Connection lost
2025-10-16 16:42:55,987 [INFO] WebApp:191 - Connection restablished
2025-10-16 16:43:17,915 [INFO] WebApp:194 - Connection lost
2025-10-16 16:43:18,070 [INFO] WebApp:191 - Connection restablished
2025-10-16 16:43:49,909 [INFO] WebApp:194 - Connection lost
2025-10-16 16:43:50,541 [INFO] WebApp:191 - Connection restablished
2025-10-16 16:44:13,905 [INFO] WebApp:194 - Connection lost
2025-10-16 16:44:14,200 [INFO] WebApp:191 - Connection restablished
2025-10-16 16:44:25,431 [INFO] WebApp:194 - Connection lost
2025-10-16 16:44:25,578 [INFO] WebApp:191 - Connection restablished
2025-10-16 16:45:22,430 [INFO] WebApp:194 - Connection lost
2025-10-16 16:45:22,752 [INFO] WebApp:191 - Connection restablished
2025-10-16 16:45:33,918 [INFO] WebApp:194 - Connection lost
2025-10-16 16:45:34,050 [INFO] WebApp:191 - Connection restablished
2025-10-16 16:46:30,418 [INFO] WebApp:194 - Connection lost
2025-10-16 16:46:30,806 [INFO] WebApp:191 - Connection restablished
2025-10-16 16:46:42,415 [INFO] WebApp:194 - Connection lost
2025-10-16 16:46:43,084 [INFO] WebApp:191 - Connection restablished
2025-10-16 16:47:04,926 [INFO] WebApp:194 - Connection lost
2025-10-16 16:47:05,185 [INFO] WebApp:191 - Connection restablished
2025-10-16 16:47:16,410 [INFO] WebApp:194 - Connection lost
2025-10-16 16:47:16,554 [INFO] WebApp:191 - Connection restablished
2025-10-16 16:47:37,919 [INFO] WebApp:194 - Connection lost
2025-10-16 16:47:38,581 [INFO] WebApp:191 - Connection restablished
2025-10-16 16:48:18,253 [INFO] WebApp:194 - Connection lost
2025-10-16 16:48:18,406 [INFO] WebApp:191 - Connection restablished
2025-10-16 16:48:19,155 [INFO] WebApp:194 - Connection lost
2025-10-16 16:48:19,378 [INFO] WebApp:191 - Connection restablished
2025-10-16 16:48:30,919 [INFO] WebApp:194 - Connection lost
2025-10-16 16:48:31,195 [INFO] WebApp:191 - Connection restablished
2025-10-16 16:48:33,979 [INFO] WebApp:194 - Connection lost
2025-10-16 16:48:34,215 [INFO] WebApp:191 - Connection restablished
2025-10-16 17:03:54,411 [INFO] WebApp:194 - Connection lost
2025-10-16 17:03:56,931 [INFO] WebApp:191 - Connection restablished
2025-10-16 17:03:58,767 [INFO] WebApp:194 - Connection lost
2025-10-16 17:03:58,918 [INFO] WebApp:191 - Connection restablished
2025-10-16 17:04:01,775 [INFO] WebApp:194 - Connection lost
2025-10-16 17:04:01,919 [INFO] WebApp:191 - Connection restablished
2025-10-16 19:08:21,544 [INFO] WebApp:194 - Connection lost
2025-10-16 19:08:29,761 [INFO] WebApp:191 - Connection restablished
2025-10-16 19:08:29,815 [INFO] WebApp:194 - Connection lost
2025-10-16 19:08:30,026 [INFO] WebApp:191 - Connection restablished
2025-10-16 19:08:32,920 [INFO] WebApp:194 - Connection lost
2025-10-16 19:08:33,059 [INFO] WebApp:191 - Connection restablished
2025-10-16 19:08:35,988 [INFO] WebApp:194 - Connection lost
2025-10-16 19:08:36,122 [INFO] WebApp:191 - Connection restablished
2025-10-16 19:13:03,571 [ERROR] LogOutputStream:75 - [STDERR_REDIRECT] 
2025-10-16 19:13:03,573 [ERROR] LogOutputStream:75 - [STDERR_REDIRECT] 
