2025-09-16 16:03:03,171 [INFO] Activator:176 - 


2025-09-16 16:03:03,175 [INFO] Activator:177 - !SESSION log4j initialized
2025-09-16 16:03:09,236 [INFO] LogOutputStream:77 - [STDOUT_REDIRECT] 
2025-09-16 16:03:15,495 [INFO] ApplicationProperties:184 - Using Application install path: C:\ST\STM32CubeIDE_1.18.1\STM32CubeIDE\plugins\com.st.stm32cube.common.mx_6.15.0.202507011659
2025-09-16 16:03:15,511 [INFO] DbMcusXml:78 - Set database path to: C:\ST\STM32CubeIDE_1.18.1\STM32CubeIDE\plugins\com.st.stm32cube.common.mx_6.15.0.202507011659\\db\/mcu/
2025-09-16 16:03:15,511 [INFO] ApiDb:274 - Set plugin database path to: C:\ST\STM32CubeIDE_1.18.1\STM32CubeIDE\plugins\com.st.stm32cube.common.mx_6.15.0.202507011659\\db\/plugins/boardmanager/
2025-09-16 16:03:15,520 [WARN] ApiDb:259 - Overriding images path with different value:  => C:\ST\STM32CubeIDE_1.18.1\STM32CubeIDE\plugins\com.st.stm32cube.common.mx_6.15.0.202507011659\\db\/plugins/mcufinder/images/
2025-09-16 16:03:15,526 [INFO] ApiDb:250 - Set database path to: C:\Users\dinhh\.stmcufinder\plugins\mcufinder//mcu/
2025-09-16 16:03:15,527 [INFO] DbMcusAds:125 - Set database path to: C:\Users\dinhh\.stmcufinder\plugins\mcufinder//mcu/
2025-09-16 16:03:15,530 [INFO] CrossReferenceDbSqlite:203 - Set database path to: C:\Users\dinhh\.stmcufinder\plugins\mcufinder//mcu/cs/
2025-09-16 16:03:15,625 [INFO] RulesReader:64 - Compatibility file has been processed (317 Rules)
2025-09-16 16:03:15,697 [INFO] DbMcusXml:78 - Set database path to: C:\ST\STM32CubeIDE_1.18.1\STM32CubeIDE\plugins\com.st.stm32cube.common.mx_6.15.0.202507011659\\db\/mcu/
2025-09-16 16:03:15,697 [INFO] ApiDb:274 - Set plugin database path to: C:\ST\STM32CubeIDE_1.18.1\STM32CubeIDE\plugins\com.st.stm32cube.common.mx_6.15.0.202507011659\\db\/plugins/boardmanager/
2025-09-16 16:03:15,698 [INFO] ApiDb:261 - Set plugin images path to: C:\ST\STM32CubeIDE_1.18.1\STM32CubeIDE\plugins\com.st.stm32cube.common.mx_6.15.0.202507011659\\db\/plugins/mcufinder/images/
2025-09-16 16:03:15,698 [WARN] DbFile:41 - Overriding database path with different value: C:\Users\dinhh\.stmcufinder\plugins\mcufinder/ => C:\Users\dinhh\.stmcufinder\plugins\mcufinder
2025-09-16 16:03:15,698 [INFO] ApiDb:250 - Set database path to: C:\Users\dinhh\.stmcufinder\plugins\mcufinder//mcu/
2025-09-16 16:03:15,698 [WARN] DbFile:41 - Overriding database path with different value: C:\Users\dinhh\.stmcufinder\plugins\mcufinder/ => C:\Users\dinhh\.stmcufinder\plugins\mcufinder
2025-09-16 16:03:15,698 [INFO] DbMcusAds:125 - Set database path to: C:\Users\dinhh\.stmcufinder\plugins\mcufinder//mcu/
2025-09-16 16:03:15,698 [WARN] DbFile:41 - Overriding database path with different value: C:\Users\dinhh\.stmcufinder\plugins\mcufinder/ => C:\Users\dinhh\.stmcufinder\plugins\mcufinder
2025-09-16 16:03:15,698 [WARN] DbFile:41 - Overriding database path with different value: C:\Users\dinhh\.stmcufinder\plugins\mcufinder/ => C:\Users\dinhh\.stmcufinder\plugins\mcufinder
2025-09-16 16:03:15,698 [INFO] CrossReferenceDbSqlite:203 - Set database path to: C:\Users\dinhh\.stmcufinder\plugins\mcufinder//mcu/cs/
2025-09-16 16:03:15,765 [INFO] MainPanel:274 - HeapMemory: 268435456
2025-09-16 16:03:15,868 [INFO] DbMcusXml:78 - Set database path to: C:\ST\STM32CubeIDE_1.18.1\STM32CubeIDE\plugins\com.st.stm32cube.common.mx_6.15.0.202507011659\\db\/mcu/
2025-09-16 16:03:15,868 [INFO] ApiDb:274 - Set plugin database path to: C:\ST\STM32CubeIDE_1.18.1\STM32CubeIDE\plugins\com.st.stm32cube.common.mx_6.15.0.202507011659\\db\/plugins/boardmanager/
2025-09-16 16:03:15,868 [INFO] ApiDb:261 - Set plugin images path to: C:\ST\STM32CubeIDE_1.18.1\STM32CubeIDE\plugins\com.st.stm32cube.common.mx_6.15.0.202507011659\\db\/plugins/mcufinder/images/
2025-09-16 16:03:15,868 [WARN] DbFile:41 - Overriding database path with different value: C:\Users\dinhh\.stmcufinder\plugins\mcufinder/ => C:\Users\dinhh\.stmcufinder\plugins\mcufinder
2025-09-16 16:03:15,869 [INFO] ApiDb:250 - Set database path to: C:\Users\dinhh\.stmcufinder\plugins\mcufinder//mcu/
2025-09-16 16:03:15,869 [WARN] DbFile:41 - Overriding database path with different value: C:\Users\dinhh\.stmcufinder\plugins\mcufinder/ => C:\Users\dinhh\.stmcufinder\plugins\mcufinder
2025-09-16 16:03:15,869 [INFO] DbMcusAds:125 - Set database path to: C:\Users\dinhh\.stmcufinder\plugins\mcufinder//mcu/
2025-09-16 16:03:15,869 [WARN] DbFile:41 - Overriding database path with different value: C:\Users\dinhh\.stmcufinder\plugins\mcufinder/ => C:\Users\dinhh\.stmcufinder\plugins\mcufinder
2025-09-16 16:03:15,869 [WARN] DbFile:41 - Overriding database path with different value: C:\Users\dinhh\.stmcufinder\plugins\mcufinder/ => C:\Users\dinhh\.stmcufinder\plugins\mcufinder
2025-09-16 16:03:15,869 [INFO] CrossReferenceDbSqlite:203 - Set database path to: C:\Users\dinhh\.stmcufinder\plugins\mcufinder//mcu/cs/
2025-09-16 16:03:15,887 [INFO] ApplicationProperties:184 - Using Application install path: C:\ST\STM32CubeIDE_1.18.1\STM32CubeIDE\plugins\com.st.stm32cube.common.mx_6.15.0.202507011659
2025-09-16 16:03:15,888 [INFO] PluginManage:196 - Search for loadable plugins [exclusion list=, ]
2025-09-16 16:03:15,889 [INFO] PluginManage:310 - Check plugin analytics
2025-09-16 16:03:21,016 [INFO] AnalyticsPlugin:253 - Accepted Software Licenses: 
2025-09-16 16:03:21,016 [INFO] AnalyticsPlugin:255 - Accepted CMSIS Pack Licenses: 
2025-09-16 16:03:21,018 [INFO] AnalyticsPlugin:257 - Accepted Firmware Licenses: 
2025-09-16 16:03:21,019 [INFO] PluginManage:359 - Loaded plugin analytics (category:tool,tabindex:-1)
2025-09-16 16:03:21,020 [INFO] PluginManage:310 - Check plugin cadmodel
2025-09-16 16:03:21,024 [INFO] CADModel:105 - Init CAD model plugin
2025-09-16 16:03:21,024 [INFO] PluginManage:359 - Loaded plugin cadmodel (category:power,tabindex:5)
2025-09-16 16:03:21,025 [INFO] PluginManage:310 - Check plugin clock
2025-09-16 16:03:21,034 [INFO] PluginManage:359 - Loaded plugin clock (category:base,tabindex:2)
2025-09-16 16:03:21,034 [INFO] PluginManage:310 - Check plugin ddr
2025-09-16 16:03:21,036 [INFO] PluginManage:359 - Loaded plugin ddr (category:tool,tabindex:6)
2025-09-16 16:03:21,036 [INFO] PluginManage:310 - Check plugin filemanager
2025-09-16 16:03:21,161 [INFO] PluginManage:359 - Loaded plugin filemanager (category:base,tabindex:10)
2025-09-16 16:03:21,161 [INFO] PluginManage:310 - Check plugin ipmanager
2025-09-16 16:03:21,168 [INFO] PluginManage:359 - Loaded plugin ipmanager (category:base,tabindex:5)
2025-09-16 16:03:21,168 [INFO] PluginManage:310 - Check plugin lpbam
2025-09-16 16:03:21,174 [INFO] PluginManage:359 - Loaded plugin lpbam (category:base,tabindex:0)
2025-09-16 16:03:21,174 [INFO] PluginManage:310 - Check plugin memorymap
2025-09-16 16:03:21,189 [INFO] PluginManage:359 - Loaded plugin memorymap (category:base,tabindex:4)
2025-09-16 16:03:21,189 [INFO] PluginManage:310 - Check plugin pinoutandconfiguration
2025-09-16 16:03:21,197 [INFO] PluginManage:359 - Loaded plugin pinoutandconfiguration (category:base,tabindex:1)
2025-09-16 16:03:21,197 [INFO] PluginManage:310 - Check plugin pinoutconfig
2025-09-16 16:03:21,273 [WARN] SupportedApi:132 - Cannot load RTOS API schema: s4s-elt-must-match.1: The content of 'definitions' must match (annotation?, (simpleType | complexType)?, (unique | key | keyref)*)). A problem was found starting at: attribute.
2025-09-16 16:03:21,398 [INFO] PluginManage:359 - Loaded plugin pinoutconfig (category:base,tabindex:0)
2025-09-16 16:03:21,398 [INFO] PluginManage:310 - Check plugin power
2025-09-16 16:03:21,407 [INFO] PluginManage:359 - Loaded plugin power (category:power,tabindex:4)
2025-09-16 16:03:21,407 [INFO] PluginManage:310 - Check plugin projectmanager
2025-09-16 16:03:21,422 [INFO] PluginManage:359 - Loaded plugin projectmanager (category:projectmanager,tabindex:4)
2025-09-16 16:03:21,422 [INFO] PluginManage:310 - Check plugin rif
2025-09-16 16:03:21,431 [INFO] PluginManage:359 - Loaded plugin rif (category:base,tabindex:3)
2025-09-16 16:03:21,431 [INFO] PluginManage:310 - Check plugin thirdparty
2025-09-16 16:03:21,565 [INFO] PluginManage:359 - Loaded plugin thirdparty (category:base,tabindex:-1)
2025-09-16 16:03:21,565 [WARN] IntegrityCheckThread:84 - waiting for thirdparty lock release [integrity check]
2025-09-16 16:03:21,566 [INFO] PluginManage:310 - Check plugin tools
2025-09-16 16:03:21,566 [INFO] IntegrityCheckThread:86 - entering critical section [integrity check]
2025-09-16 16:03:21,566 [INFO] ThirdPartyUpdaterWithRetryManager:70 - Updater plugin not ready yet. [1/15]
2025-09-16 16:03:21,569 [INFO] PluginManage:359 - Loaded plugin tools (category:base,tabindex:7)
2025-09-16 16:03:21,569 [INFO] PluginManage:310 - Check plugin tutovideos
2025-09-16 16:03:21,762 [INFO] PluginManage:359 - Loaded plugin tutovideos (category:base,tabindex:-1)
2025-09-16 16:03:21,763 [INFO] PluginManage:310 - Check plugin updater
2025-09-16 16:03:21,783 [INFO] PluginManage:359 - Loaded plugin updater (category:base,tabindex:12)
2025-09-16 16:03:21,783 [INFO] PluginManage:310 - Check plugin userauth
2025-09-16 16:03:21,787 [INFO] UserAuth:118 - Init User Auth plugin
2025-09-16 16:03:21,788 [INFO] PluginManage:359 - Loaded plugin userauth (category:base,tabindex:14)
2025-09-16 16:03:21,788 [INFO] PluginManage:283 - PluginManage : Loaded plugins [18]
2025-09-16 16:03:22,005 [INFO] PinOutPanel:1589 - setPackage(No Configuration,No Configuration)
2025-09-16 16:03:22,090 [INFO] CADModel:165 - CPN selected for project level
2025-09-16 16:03:22,090 [INFO] CADModel:114 - Register for checkConnection events
2025-09-16 16:03:22,110 [INFO] IPUIPlugin:80 - create IPUIPlugin
2025-09-16 16:03:22,110 [INFO] PluginManager:220 - loadIPPluginJar : add adc
2025-09-16 16:03:22,112 [INFO] IPUIPlugin:80 - create IPUIPlugin
2025-09-16 16:03:22,112 [INFO] PluginManager:220 - loadIPPluginJar : add aes
2025-09-16 16:03:22,114 [INFO] IPUIPlugin:80 - create IPUIPlugin
2025-09-16 16:03:22,115 [INFO] PluginManager:220 - loadIPPluginJar : add can
2025-09-16 16:03:22,116 [INFO] IPUIPlugin:80 - create IPUIPlugin
2025-09-16 16:03:22,116 [INFO] PluginManager:220 - loadIPPluginJar : add comp
2025-09-16 16:03:22,118 [INFO] IPUIPlugin:80 - create IPUIPlugin
2025-09-16 16:03:22,118 [INFO] PluginManager:220 - loadIPPluginJar : add cryp
2025-09-16 16:03:22,120 [INFO] IPUIPlugin:80 - create IPUIPlugin
2025-09-16 16:03:22,122 [INFO] PluginManager:220 - loadIPPluginJar : add ddr_ctrl_phy
2025-09-16 16:03:22,124 [INFO] IPUIPlugin:80 - create IPUIPlugin
2025-09-16 16:03:22,124 [INFO] PluginManager:220 - loadIPPluginJar : add dfsdm
2025-09-16 16:03:22,128 [INFO] IPUIPlugin:80 - create IPUIPlugin
2025-09-16 16:03:22,128 [INFO] PluginManager:220 - loadIPPluginJar : add dma
2025-09-16 16:03:22,131 [INFO] IPUIPlugin:80 - create IPUIPlugin
2025-09-16 16:03:22,131 [INFO] PluginManager:220 - loadIPPluginJar : add dma3
2025-09-16 16:03:22,133 [INFO] IPUIPlugin:80 - create IPUIPlugin
2025-09-16 16:03:22,133 [INFO] PluginManager:220 - loadIPPluginJar : add extmemmanager
2025-09-16 16:03:22,135 [INFO] IPUIPlugin:80 - create IPUIPlugin
2025-09-16 16:03:22,135 [INFO] PluginManager:220 - loadIPPluginJar : add fatfs
2025-09-16 16:03:22,139 [INFO] IPUIPlugin:80 - create IPUIPlugin
2025-09-16 16:03:22,139 [INFO] PluginManager:220 - loadIPPluginJar : add fmc
2025-09-16 16:03:22,144 [INFO] IPUIPlugin:80 - create IPUIPlugin
2025-09-16 16:03:22,144 [INFO] PluginManager:220 - loadIPPluginJar : add freertos
2025-09-16 16:03:22,146 [INFO] IPUIPlugin:80 - create IPUIPlugin
2025-09-16 16:03:22,146 [INFO] PluginManager:220 - loadIPPluginJar : add genericplugin
2025-09-16 16:03:22,148 [INFO] IPUIPlugin:80 - create IPUIPlugin
2025-09-16 16:03:22,148 [INFO] PluginManager:220 - loadIPPluginJar : add gfxmmu
2025-09-16 16:03:22,158 [INFO] IPUIPlugin:80 - create IPUIPlugin
2025-09-16 16:03:22,158 [INFO] PluginManager:220 - loadIPPluginJar : add gic
2025-09-16 16:03:22,164 [INFO] IPUIPlugin:80 - create IPUIPlugin
2025-09-16 16:03:22,164 [INFO] PluginManager:220 - loadIPPluginJar : add gpio
2025-09-16 16:03:22,167 [INFO] IPUIPlugin:80 - create IPUIPlugin
2025-09-16 16:03:22,167 [INFO] PluginManager:220 - loadIPPluginJar : add gtzc
2025-09-16 16:03:22,168 [INFO] IPUIPlugin:80 - create IPUIPlugin
2025-09-16 16:03:22,170 [INFO] PluginManager:220 - loadIPPluginJar : add hash
2025-09-16 16:03:22,172 [INFO] IPUIPlugin:80 - create IPUIPlugin
2025-09-16 16:03:22,172 [INFO] PluginManager:220 - loadIPPluginJar : add i2c
2025-09-16 16:03:22,174 [INFO] IPUIPlugin:80 - create IPUIPlugin
2025-09-16 16:03:22,174 [INFO] PluginManager:220 - loadIPPluginJar : add i2s
2025-09-16 16:03:22,177 [INFO] IPUIPlugin:80 - create IPUIPlugin
2025-09-16 16:03:22,177 [INFO] PluginManager:220 - loadIPPluginJar : add i3c
2025-09-16 16:03:22,181 [INFO] IPUIPlugin:80 - create IPUIPlugin
2025-09-16 16:03:22,181 [INFO] PluginManager:220 - loadIPPluginJar : add ipddr
2025-09-16 16:03:22,187 [INFO] IPUIPlugin:80 - create IPUIPlugin
2025-09-16 16:03:22,187 [INFO] PluginManager:220 - loadIPPluginJar : add linkedlist
2025-09-16 16:03:22,189 [INFO] IPUIPlugin:80 - create IPUIPlugin
2025-09-16 16:03:22,189 [INFO] PluginManager:220 - loadIPPluginJar : add lorawan
2025-09-16 16:03:22,191 [INFO] IPUIPlugin:80 - create IPUIPlugin
2025-09-16 16:03:22,191 [INFO] PluginManager:220 - loadIPPluginJar : add ltdc
2025-09-16 16:03:22,196 [INFO] IPUIPlugin:80 - create IPUIPlugin
2025-09-16 16:03:22,196 [INFO] PluginManager:220 - loadIPPluginJar : add mdma
2025-09-16 16:03:22,199 [INFO] IPUIPlugin:80 - create IPUIPlugin
2025-09-16 16:03:22,199 [INFO] PluginManager:220 - loadIPPluginJar : add nvic
2025-09-16 16:03:22,202 [INFO] IPUIPlugin:80 - create IPUIPlugin
2025-09-16 16:03:22,202 [INFO] PluginManager:220 - loadIPPluginJar : add opamp
2025-09-16 16:03:22,205 [INFO] IPUIPlugin:80 - create IPUIPlugin
2025-09-16 16:03:22,205 [INFO] PluginManager:220 - loadIPPluginJar : add openamp
2025-09-16 16:03:22,207 [INFO] IPUIPlugin:80 - create IPUIPlugin
2025-09-16 16:03:22,207 [INFO] PluginManager:220 - loadIPPluginJar : add pdm2pcm
2025-09-16 16:03:22,213 [INFO] IPUIPlugin:80 - create IPUIPlugin
2025-09-16 16:03:22,214 [INFO] PluginManager:220 - loadIPPluginJar : add plateformsettings
2025-09-16 16:03:22,215 [INFO] IPUIPlugin:80 - create IPUIPlugin
2025-09-16 16:03:22,215 [INFO] PluginManager:220 - loadIPPluginJar : add quadspi
2025-09-16 16:03:22,218 [INFO] IPUIPlugin:80 - create IPUIPlugin
2025-09-16 16:03:22,219 [INFO] PluginManager:220 - loadIPPluginJar : add radio
2025-09-16 16:03:22,223 [INFO] IPUIPlugin:80 - create IPUIPlugin
2025-09-16 16:03:22,223 [INFO] PluginManager:220 - loadIPPluginJar : add resmgrutility
2025-09-16 16:03:22,226 [INFO] IPUIPlugin:80 - create IPUIPlugin
2025-09-16 16:03:22,226 [INFO] PluginManager:220 - loadIPPluginJar : add sai
2025-09-16 16:03:22,227 [INFO] IPUIPlugin:80 - create IPUIPlugin
2025-09-16 16:03:22,227 [INFO] PluginManager:220 - loadIPPluginJar : add spi
2025-09-16 16:03:22,232 [INFO] IPUIPlugin:80 - create IPUIPlugin
2025-09-16 16:03:22,232 [INFO] PluginManager:220 - loadIPPluginJar : add stm32_wpan
2025-09-16 16:03:22,233 [INFO] IPUIPlugin:80 - create IPUIPlugin
2025-09-16 16:03:22,234 [INFO] PluginManager:220 - loadIPPluginJar : add tim
2025-09-16 16:03:22,236 [INFO] IPUIPlugin:80 - create IPUIPlugin
2025-09-16 16:03:22,237 [INFO] PluginManager:220 - loadIPPluginJar : add touchsensing
2025-09-16 16:03:22,238 [INFO] IPUIPlugin:80 - create IPUIPlugin
2025-09-16 16:03:22,238 [INFO] PluginManager:220 - loadIPPluginJar : add tracer_emb
2025-09-16 16:03:22,240 [INFO] IPUIPlugin:80 - create IPUIPlugin
2025-09-16 16:03:22,240 [INFO] PluginManager:220 - loadIPPluginJar : add ts
2025-09-16 16:03:22,241 [INFO] IPUIPlugin:80 - create IPUIPlugin
2025-09-16 16:03:22,241 [INFO] PluginManager:220 - loadIPPluginJar : add tsc
2025-09-16 16:03:22,242 [INFO] IPUIPlugin:80 - create IPUIPlugin
2025-09-16 16:03:22,243 [INFO] PluginManager:220 - loadIPPluginJar : add ucpd
2025-09-16 16:03:22,245 [INFO] IPUIPlugin:80 - create IPUIPlugin
2025-09-16 16:03:22,245 [INFO] PluginManager:220 - loadIPPluginJar : add usart
2025-09-16 16:03:22,248 [INFO] IPUIPlugin:80 - create IPUIPlugin
2025-09-16 16:03:22,248 [INFO] PluginManager:220 - loadIPPluginJar : add usbx
2025-09-16 16:03:22,363 [FATAL] Updater:351 - Updater called before beeing initialized
2025-09-16 16:03:22,386 [INFO] RulesReader:64 - Compatibility file has been processed (317 Rules)
2025-09-16 16:03:22,396 [INFO] RulesReader:64 - Compatibility file has been processed (317 Rules)
2025-09-16 16:03:22,403 [INFO] CADModel:165 - CPN selected for project level
2025-09-16 16:03:22,403 [INFO] CADModel:114 - Register for checkConnection events
2025-09-16 16:03:22,403 [FATAL] Updater:351 - Updater called before beeing initialized
2025-09-16 16:03:22,403 [ERROR] CADModel:125 - Updater not yet initialized, retry later 
2025-09-16 16:03:22,521 [FATAL] Updater:351 - Updater called before beeing initialized
2025-09-16 16:03:22,523 [INFO] CADModel:165 - CPN selected for project level
2025-09-16 16:03:22,523 [INFO] CADModel:114 - Register for checkConnection events
2025-09-16 16:03:22,523 [FATAL] Updater:351 - Updater called before beeing initialized
2025-09-16 16:03:22,523 [ERROR] CADModel:125 - Updater not yet initialized, retry later 
2025-09-16 16:03:22,526 [FATAL] Updater:351 - Updater called before beeing initialized
2025-09-16 16:03:22,616 [FATAL] Updater:351 - Updater called before beeing initialized
2025-09-16 16:03:22,619 [INFO] DbMcusAds:53 - JSON generation date=Tue Jul 08 15:14:23 ICT 2025 (1751962463582)
2025-09-16 16:03:22,620 [FATAL] Updater:351 - Updater called before beeing initialized
2025-09-16 16:03:22,654 [WARN] DetailPanel:346 - Failed to get advertising image, set to default
2025-09-16 16:03:22,722 [FATAL] Updater:351 - Updater called before beeing initialized
2025-09-16 16:03:22,723 [FATAL] Updater:351 - Updater called before beeing initialized
2025-09-16 16:03:22,723 [FATAL] Updater:351 - Updater called before beeing initialized
2025-09-16 16:03:22,724 [WARN] DetailPanel:346 - Failed to get advertising image, set to default
2025-09-16 16:03:22,724 [FATAL] Updater:351 - Updater called before beeing initialized
2025-09-16 16:03:22,763 [ERROR] Updater:1198 - MainUpdater not yet initialized. External WinMGr cannot be set.
2025-09-16 16:03:22,765 [INFO] Updater:1134 - Updater Version found : 6.15.0
2025-09-16 16:03:22,784 [INFO] ApplicationProperties:184 - Using Application install path: C:\ST\STM32CubeIDE_1.18.1\STM32CubeIDE\plugins\com.st.stm32cube.common.mx_6.15.0.202507011659
2025-09-16 16:03:24,355 [ERROR] LogOutputStream:75 - [STDERR_REDIRECT] Sep 16, 2025 4:03:24 PM java.util.prefs.WindowsPreferences <init>
2025-09-16 16:03:24,356 [ERROR] LogOutputStream:75 - [STDERR_REDIRECT] WARNING: Could not open/create prefs root node Software\JavaSoft\Prefs at root 0xffffffff80000002. Windows RegCreateKeyEx(...) returned error code 5.
2025-09-16 16:03:24,356 [ERROR] LogOutputStream:75 - [STDERR_REDIRECT] 
2025-09-16 16:03:24,379 [INFO] MainUpdater:525 - Copy updater definitions from MX database
2025-09-16 16:03:24,567 [INFO] ThirdPartyUpdaterWithRetryManager:70 - Updater plugin not ready yet. [2/15]
2025-09-16 16:03:24,679 [INFO] MainUpdater:2872 - connection check result : 10
2025-09-16 16:03:24,679 [INFO] MainUpdater:3604 - Updater definition file requires update
2025-09-16 16:03:24,680 [INFO] MainUpdater:289 - Updater Check For Update Now.
2025-09-16 16:03:24,680 [INFO] MicroXplorer:498 - Change Database Version : DB.6.0.150
2025-09-16 16:03:24,686 [INFO] McuFinderGlobals:63 - Set McuFinder mode to 2 (CubeIDE integrated)
2025-09-16 16:03:24,686 [INFO] UserAuth:487 - Internet connection configuration mode: 1
2025-09-16 16:03:24,700 [INFO] JxBrowserEngine:152 - Initiate JxBrowser Engine with user profile folder
2025-09-16 16:03:24,815 [INFO] ServerAccessManage:452 - Complete download http(s) 200
2025-09-16 16:03:24,816 [INFO] ServerAccessManage:509 - Download File updaters.zip
2025-09-16 16:03:24,910 [INFO] FileExtend:248 - Unzip File : updaters.zip
2025-09-16 16:03:24,912 [INFO] FileExtend:263 - Standard Zip Deflate
2025-09-16 16:03:25,230 [INFO] ServerAccessManage:452 - Complete download http(s) 200
2025-09-16 16:03:25,230 [INFO] ServerAccessManage:509 - Download File PacksControlFlags.xml
2025-09-16 16:03:25,304 [INFO] ServerAccessManage:452 - Complete download http(s) 200
2025-09-16 16:03:25,304 [INFO] ServerAccessManage:509 - Download File cubemx.pidx
2025-09-16 16:03:25,466 [INFO] LoadServerUpdatesThread:375 - End of LoadServerUpdate Thread
2025-09-16 16:03:25,605 [INFO] WebApp:169 - Instantiating new browser for Auth
2025-09-16 16:03:25,639 [INFO] CheckServerUpdateThread:120 - End of CheckServer Thread
2025-09-16 16:03:26,344 [INFO] WebApp:463 - Apply proxy settings
2025-09-16 16:03:26,344 [INFO] WebApp:548 - Chromium requires no authentication
2025-09-16 16:03:26,360 [INFO] WebApp:491 - Direct internet connection detected
2025-09-16 16:03:26,390 [INFO] WebApp:900 - Register for checkConnection events
2025-09-16 16:03:26,390 [INFO] WebApp:463 - Apply proxy settings
2025-09-16 16:03:26,390 [INFO] WebApp:548 - Chromium requires no authentication
2025-09-16 16:03:26,390 [INFO] WebApp:491 - Direct internet connection detected
2025-09-16 16:03:26,569 [INFO] WebApp:225 - Starting web application
2025-09-16 16:03:26,569 [INFO] WebApp:593 - Web application path used C:\ST\STM32CubeIDE_1.18.1\STM32CubeIDE\plugins\com.st.stm32cube.common.mx_6.15.0.202507011659\db\plugins\mcufinder\reactClient1\index.html
2025-09-16 16:03:26,675 [INFO] WebApp:191 - Connection restablished
2025-09-16 16:03:26,712 [INFO] UserAuth:487 - Internet connection configuration mode: 1
2025-09-16 16:03:27,765 [WARN] PackLoader:240 - Cannot read IP mode file for STMicroelectronics.FP-SNS-MOTENVWB1.1.4.0
2025-09-16 16:03:27,776 [WARN] PackLoader:240 - Cannot read IP mode file for STMicroelectronics.FP-ATR-ASTRA1.2.0.2
2025-09-16 16:03:27,784 [WARN] PackLoader:240 - Cannot read IP mode file for STMicroelectronics.X-CUBE-SMBUS.2.1.0
2025-09-16 16:03:27,790 [WARN] PackLoader:240 - Cannot read IP mode file for STMicroelectronics.X-CUBE-ST60.1.0.0
2025-09-16 16:03:27,818 [WARN] PackLoader:240 - Cannot read IP mode file for STMicroelectronics.X-CUBE-AZRTOS-F7.1.1.0
2025-09-16 16:03:27,846 [WARN] PackLoader:240 - Cannot read IP mode file for Infineon.AIROC-Wi-Fi-Bluetooth-STM32.1.7.0
2025-09-16 16:03:27,872 [WARN] PackLoader:240 - Cannot read IP mode file for STMicroelectronics.X-CUBE-AZRTOS-H7.3.4.0
2025-09-16 16:03:27,882 [WARN] PackLoader:240 - Cannot read IP mode file for STMicroelectronics.X-CUBE-DISPLAY.3.0.0
2025-09-16 16:03:27,894 [WARN] PackLoader:240 - Cannot read IP mode file for STMicroelectronics.X-CUBE-NFC10.1.0.0
2025-09-16 16:03:27,904 [WARN] PackLoader:240 - Cannot read IP mode file for STMicroelectronics.X-CUBE-BLEMGR.4.0.0
2025-09-16 16:03:27,913 [WARN] PackLoader:240 - Cannot read IP mode file for emotas.I-CUBE-CANOPEN.1.3.0
2025-09-16 16:03:27,917 [WARN] ConditionMgr:438 - getConditionDescription Invalid condition id : Cortex-A Device cause : null
2025-09-16 16:03:27,925 [WARN] ConditionMgr:1044 - genDependencies : Invalid condition id : Cortex-A Device cause : null
2025-09-16 16:03:27,925 [WARN] ConditionMgr:1044 - genDependencies : Invalid condition id : Cortex-A Device cause : null
2025-09-16 16:03:27,925 [WARN] ConditionMgr:1044 - genDependencies : Invalid condition id : Cortex-A Device cause : null
2025-09-16 16:03:27,930 [WARN] PackLoader:240 - Cannot read IP mode file for STMicroelectronics.X-CUBE-AI.10.0.0
2025-09-16 16:03:27,937 [WARN] PackLoader:240 - Cannot read IP mode file for STMicroelectronics.FP-SNS-STBOX1.2.1.0
2025-09-16 16:03:27,943 [WARN] PackLoader:240 - Cannot read IP mode file for STMicroelectronics.FP-SNS-SMARTAG2.1.2.0
2025-09-16 16:03:27,948 [WARN] PackLoader:240 - Cannot read IP mode file for STMicroelectronics.FP-SNS-FLIGHT1.5.1.0
2025-09-16 16:03:27,956 [INFO] LogOutputStream:77 - [STDOUT_REDIRECT] 1 : Invalid condition id : UX_CORESTACK_Condition cause : null
2025-09-16 16:03:27,956 [INFO] LogOutputStream:77 - [STDOUT_REDIRECT] 1 : Invalid condition id : UX_CORESTACK_Condition cause : null
2025-09-16 16:03:27,958 [INFO] LogOutputStream:77 - [STDOUT_REDIRECT] 1 : Invalid condition id : UX_CORESTACK_Condition cause : null
2025-09-16 16:03:27,958 [INFO] LogOutputStream:77 - [STDOUT_REDIRECT] 1 : Invalid condition id : UX_CORESTACK_Condition cause : null
2025-09-16 16:03:27,959 [INFO] LogOutputStream:77 - [STDOUT_REDIRECT] 1 : Invalid condition id : UX_CORESTACK_Condition cause : null
2025-09-16 16:03:27,963 [WARN] PackLoader:240 - Cannot read IP mode file for STMicroelectronics.X-CUBE-AZRTOS-WL.2.0.0
2025-09-16 16:03:27,981 [WARN] PackLoader:240 - Cannot read IP mode file for STMicroelectronics.FP-SNS-MOTENV1.5.0.0
2025-09-16 16:03:27,994 [WARN] PackLoader:240 - Cannot read IP mode file for WES.I-CUBE-Cesium.1.3.0
2025-09-16 16:03:28,000 [WARN] PackLoader:240 - Cannot read IP mode file for STMicroelectronics.X-CUBE-BLE2.3.3.0
2025-09-16 16:03:28,005 [WARN] PackLoader:240 - Cannot read IP mode file for STMicroelectronics.X-CUBE-NFC9.1.0.0
2025-09-16 16:03:28,011 [WARN] PackLoader:240 - Cannot read IP mode file for STMicroelectronics.X-CUBE-BLE1.7.1.0
2025-09-16 16:03:28,014 [WARN] PackLoader:240 - Cannot read IP mode file for wolfSSL.I-CUBE-wolfMQTT.1.19.2
2025-09-16 16:03:28,019 [WARN] PackLoader:240 - Cannot read IP mode file for STMicroelectronics.X-CUBE-EEPRMA1.5.2.0
2025-09-16 16:03:28,024 [WARN] PackLoader:240 - Cannot read IP mode file for STMicroelectronics.X-CUBE-AI.10.1.0
2025-09-16 16:03:28,060 [WARN] PackLoader:240 - Cannot read IP mode file for STMicroelectronics.X-CUBE-MEMS1.11.2.0
2025-09-16 16:03:28,187 [WARN] PackLoader:240 - Cannot read IP mode file for STMicroelectronics.X-CUBE-AZRTOS-G0.1.1.0
2025-09-16 16:03:28,195 [WARN] PackLoader:240 - Cannot read IP mode file for STMicroelectronics.X-CUBE-SAFEA1.1.2.2
2025-09-16 16:03:28,200 [WARN] PackLoader:240 - Cannot read IP mode file for STMicroelectronics.X-CUBE-NFC4.3.0.0
2025-09-16 16:03:28,207 [WARN] PackLoader:240 - Cannot read IP mode file for EmbeddedOffice.I-CUBE-FS-RTOS.1.0.1
2025-09-16 16:03:28,210 [WARN] PackLoader:240 - Cannot read IP mode file for STMicroelectronics.X-CUBE-WB05N.2.0.0
2025-09-16 16:03:28,214 [WARN] PackLoader:240 - Cannot read IP mode file for wolfSSL.I-CUBE-wolfTPM.3.8.0
2025-09-16 16:03:28,218 [WARN] PackLoader:240 - Cannot read IP mode file for STMicroelectronics.X-CUBE-TCPP.4.2.0
2025-09-16 16:03:28,224 [WARN] PackLoader:240 - Cannot read IP mode file for RealThread.X-CUBE-RT-Thread_Nano.4.1.1
2025-09-16 16:03:28,228 [WARN] PackLoader:240 - Cannot read IP mode file for STMicroelectronics.FP-ATR-SIGFOX1.3.2.0
2025-09-16 16:03:28,232 [WARN] PackLoader:240 - Cannot read IP mode file for STMicroelectronics.X-CUBE-EEPRMA1.5.1.0
2025-09-16 16:03:28,237 [WARN] PackLoader:240 - Cannot read IP mode file for wolfSSL.I-CUBE-wolfSSL.5.7.6
2025-09-16 16:03:28,243 [WARN] PackLoader:240 - Cannot read IP mode file for ITTIA_DB.I-CUBE-ITTIADB.8.9.0
2025-09-16 16:03:28,248 [WARN] PackLoader:240 - Cannot read IP mode file for STMicroelectronics.X-CUBE-ST67W61.1.0.0
2025-09-16 16:03:28,250 [WARN] PackLoader:240 - Cannot read IP mode file for STMicroelectronics.X-CUBE-AI.10.2.0
2025-09-16 16:03:28,272 [WARN] PackLoader:240 - Cannot read IP mode file for SEGGER.I-CUBE-embOS.1.3.1
2025-09-16 16:03:28,319 [WARN] PackLoader:240 - Cannot read IP mode file for STMicroelectronics.X-CUBE-ALGOBUILD.1.4.0
2025-09-16 16:03:28,359 [WARN] PackLoader:240 - Cannot read IP mode file for STMicroelectronics.X-CUBE-MEMS1.11.3.0
2025-09-16 16:03:28,459 [WARN] PackLoader:240 - Cannot read IP mode file for STMicroelectronics.X-CUBE-PM33A1.1.0.0
2025-09-16 16:03:28,473 [WARN] PackLoader:240 - Cannot read IP mode file for STMicroelectronics.X-CUBE-AZRTOS-F4.1.1.0
2025-09-16 16:03:28,480 [WARN] PackLoader:240 - Cannot read IP mode file for Avnet-IotConnect.X-CUBE-IoTC-DA16k-PMOD.1.0.0
2025-09-16 16:03:28,485 [WARN] PackLoader:240 - Cannot read IP mode file for STMicroelectronics.X-CUBE-ISPU.2.1.0
2025-09-16 16:03:28,491 [WARN] PackLoader:240 - Cannot read IP mode file for STMicroelectronics.X-CUBE-NFC12.1.0.0
2025-09-16 16:03:28,507 [WARN] PackLoader:240 - Cannot read IP mode file for STMicroelectronics.X-CUBE-AZRTOS-L5.2.0.0
2025-09-16 16:03:28,522 [WARN] PackLoader:240 - Cannot read IP mode file for STMicroelectronics.X-CUBE-NFC6.3.1.0
2025-09-16 16:03:28,529 [WARN] PackLoader:240 - Cannot read IP mode file for STMicroelectronics.X-CUBE-FREERTOS.1.3.1
2025-09-16 16:03:28,534 [WARN] PackLoader:240 - Cannot read IP mode file for STMicroelectronics.X-CUBE-FREERTOS.1.3.0
2025-09-16 16:03:28,539 [WARN] PackLoader:240 - Cannot read IP mode file for STMicroelectronics.X-CUBE-NFC7.1.0.1
2025-09-16 16:03:28,544 [WARN] PackLoader:240 - Cannot read IP mode file for STMicroelectronics.FP-SNS-STAIOTCFT.1.0.0
2025-09-16 16:03:28,549 [WARN] PackLoader:240 - Cannot read IP mode file for STMicroelectronics.X-CUBE-DPower.1.3.0
2025-09-16 16:03:28,566 [WARN] ConditionMgr:438 - getConditionDescription Invalid condition id : LAN8742 Phy interface Condition cause : null
2025-09-16 16:03:28,566 [WARN] PackLoader:240 - Cannot read IP mode file for STMicroelectronics.X-CUBE-AZRTOS-L4.2.0.0
2025-09-16 16:03:28,567 [WARN] ConditionMgr:1044 - genDependencies : Invalid condition id : LAN8742 Phy interface Condition cause : null
2025-09-16 16:03:28,567 [WARN] ConditionMgr:1044 - genDependencies : Invalid condition id : LAN8742 Phy interface Condition cause : null
2025-09-16 16:03:28,567 [WARN] ConditionMgr:1044 - genDependencies : Invalid condition id : LAN8742 Phy interface Condition cause : null
2025-09-16 16:03:28,574 [WARN] PackLoader:240 - Cannot read IP mode file for STMicroelectronics.X-CUBE-SFXS2LP1.4.0.0
2025-09-16 16:03:28,585 [WARN] PackLoader:240 - Cannot read IP mode file for STMicroelectronics.X-CUBE-AZRTOS-H7.3.3.0
2025-09-16 16:03:28,595 [WARN] PackLoader:240 - Cannot read IP mode file for STMicroelectronics.X-CUBE-BLEMGR.4.1.0
2025-09-16 16:03:28,604 [WARN] ConditionMgr:438 - getConditionDescription Invalid condition id : UX DEVICE CLASS RTOS Condition cause : null
2025-09-16 16:03:28,604 [WARN] ConditionMgr:438 - getConditionDescription Invalid condition id : UX DEVICE CLASS RTOS Condition cause : null
2025-09-16 16:03:28,607 [WARN] PackLoader:240 - Cannot read IP mode file for STMicroelectronics.X-CUBE-AZRTOS-WB.2.0.0
2025-09-16 16:03:28,607 [WARN] ConditionMgr:1044 - genDependencies : Invalid condition id : UX DEVICE CLASS RTOS Condition cause : null
2025-09-16 16:03:28,607 [WARN] ConditionMgr:1044 - genDependencies : Invalid condition id : UX DEVICE CLASS RTOS Condition cause : null
2025-09-16 16:03:28,608 [WARN] ConditionMgr:1044 - genDependencies : Invalid condition id : UX DEVICE CLASS RTOS Condition cause : null
2025-09-16 16:03:28,608 [WARN] ConditionMgr:1044 - genDependencies : Invalid condition id : UX DEVICE CLASS RTOS Condition cause : null
2025-09-16 16:03:28,608 [WARN] ConditionMgr:1044 - genDependencies : Invalid condition id : UX DEVICE CLASS RTOS Condition cause : null
2025-09-16 16:03:28,612 [WARN] PackLoader:240 - Cannot read IP mode file for STMicroelectronics.X-CUBE-GNSS1.7.0.1
2025-09-16 16:03:28,617 [WARN] PackLoader:240 - Cannot read IP mode file for STMicroelectronics.X-CUBE-TOUCHGFX.4.25.0
2025-09-16 16:03:28,628 [WARN] PackLoader:240 - Cannot read IP mode file for STMicroelectronics.FP-SNS-STBOX1.2.0.0
2025-09-16 16:03:28,636 [WARN] PackLoader:240 - Cannot read IP mode file for STMicroelectronics.X-CUBE-SUBG2.5.0.0
2025-09-16 16:03:28,654 [WARN] PackLoader:240 - Cannot read IP mode file for STMicroelectronics.X-CUBE-AZRTOS-H7RS.1.1.0
2025-09-16 16:03:28,661 [WARN] PackLoader:240 - Cannot read IP mode file for Cesanta.I-CUBE-Mongoose.7.13.0
2025-09-16 16:03:28,671 [WARN] PackLoader:240 - Cannot read IP mode file for STMicroelectronics.X-CUBE-AZRTOS-G4.2.0.0
2025-09-16 16:03:28,675 [WARN] PackLoader:240 - Cannot read IP mode file for wolfSSL.I-CUBE-wolfSSH.1.4.20
2025-09-16 16:03:28,680 [WARN] PackLoader:240 - Cannot read IP mode file for STMicroelectronics.X-CUBE-NFC7.2.0.0
2025-09-16 16:03:28,688 [WARN] PackLoader:240 - Cannot read IP mode file for STMicroelectronics.X-CUBE-IPS.3.1.0
2025-09-16 16:03:28,695 [WARN] PackLoader:240 - Cannot read IP mode file for STMicroelectronics.X-CUBE-ALS.1.0.2
2025-09-16 16:03:28,702 [WARN] PackLoader:240 - Cannot read IP mode file for STMicroelectronics.X-CUBE-STSE01.1.0.0
2025-09-16 16:03:28,709 [WARN] PackLoader:240 - Cannot read IP mode file for portGmbH.I-Cube-SoM-uGOAL.1.1.0
2025-09-16 16:03:28,715 [WARN] PackLoader:240 - Cannot read IP mode file for STMicroelectronics.X-CUBE-TOF1.3.4.3
2025-09-16 16:03:28,724 [INFO] ThirdParty:978 - Integrity check success = true
2025-09-16 16:03:28,724 [INFO] IntegrityCheckThread:100 - exiting critical section [integrity check]
2025-09-16 16:03:28,724 [INFO] IntegrityCheckThread:103 - End integrity checks thread
2025-09-16 19:34:02,206 [INFO] WebApp:194 - Connection lost
2025-09-16 19:34:02,456 [INFO] WebApp:191 - Connection restablished
2025-09-16 19:34:12,708 [INFO] WebApp:194 - Connection lost
2025-09-16 19:34:12,867 [INFO] WebApp:191 - Connection restablished
2025-09-16 19:34:15,758 [INFO] WebApp:194 - Connection lost
2025-09-16 19:34:16,226 [INFO] WebApp:191 - Connection restablished
2025-09-16 19:34:16,279 [INFO] WebApp:194 - Connection lost
2025-09-16 19:34:17,149 [INFO] WebApp:191 - Connection restablished
2025-09-16 21:22:45,900 [INFO] WebApp:194 - Connection lost
2025-09-16 21:22:47,170 [INFO] WebApp:191 - Connection restablished
2025-09-16 21:35:37,959 [ERROR] LogOutputStream:75 - [STDERR_REDIRECT] 
