2025-12-24 07:37:08,841 [INFO] Activator:176 - 


2025-12-24 07:37:08,845 [INFO] Activator:177 - !SESSION log4j initialized
2025-12-24 07:37:14,122 [INFO] LogOutputStream:77 - [STDOUT_REDIRECT] 
2025-12-24 07:37:16,436 [INFO] ApplicationProperties:184 - Using Application install path: C:\ST\STM32CubeIDE_1.18.1\STM32CubeIDE\plugins\com.st.stm32cube.common.mx_6.15.0.202507011659
2025-12-24 07:37:16,457 [INFO] DbMcusXml:78 - Set database path to: C:\ST\STM32CubeIDE_1.18.1\STM32CubeIDE\plugins\com.st.stm32cube.common.mx_6.15.0.202507011659\\db\/mcu/
2025-12-24 07:37:16,458 [INFO] ApiDb:274 - Set plugin database path to: C:\ST\STM32CubeIDE_1.18.1\STM32CubeIDE\plugins\com.st.stm32cube.common.mx_6.15.0.202507011659\\db\/plugins/boardmanager/
2025-12-24 07:37:16,459 [WARN] ApiDb:259 - Overriding images path with different value:  => C:\ST\STM32CubeIDE_1.18.1\STM32CubeIDE\plugins\com.st.stm32cube.common.mx_6.15.0.202507011659\\db\/plugins/mcufinder/images/
2025-12-24 07:37:16,470 [INFO] ApiDb:250 - Set database path to: C:\Users\dinhh\.stmcufinder\plugins\mcufinder//mcu/
2025-12-24 07:37:16,472 [INFO] DbMcusAds:125 - Set database path to: C:\Users\dinhh\.stmcufinder\plugins\mcufinder//mcu/
2025-12-24 07:37:17,192 [INFO] CrossReferenceDbSqlite:203 - Set database path to: C:\Users\dinhh\.stmcufinder\plugins\mcufinder//mcu/cs/
2025-12-24 07:37:17,323 [INFO] RulesReader:64 - Compatibility file has been processed (317 Rules)
2025-12-24 07:37:17,410 [INFO] DbMcusXml:78 - Set database path to: C:\ST\STM32CubeIDE_1.18.1\STM32CubeIDE\plugins\com.st.stm32cube.common.mx_6.15.0.202507011659\\db\/mcu/
2025-12-24 07:37:17,410 [INFO] ApiDb:274 - Set plugin database path to: C:\ST\STM32CubeIDE_1.18.1\STM32CubeIDE\plugins\com.st.stm32cube.common.mx_6.15.0.202507011659\\db\/plugins/boardmanager/
2025-12-24 07:37:17,411 [INFO] ApiDb:261 - Set plugin images path to: C:\ST\STM32CubeIDE_1.18.1\STM32CubeIDE\plugins\com.st.stm32cube.common.mx_6.15.0.202507011659\\db\/plugins/mcufinder/images/
2025-12-24 07:37:17,411 [WARN] DbFile:41 - Overriding database path with different value: C:\Users\dinhh\.stmcufinder\plugins\mcufinder/ => C:\Users\dinhh\.stmcufinder\plugins\mcufinder
2025-12-24 07:37:17,411 [INFO] ApiDb:250 - Set database path to: C:\Users\dinhh\.stmcufinder\plugins\mcufinder//mcu/
2025-12-24 07:37:17,411 [WARN] DbFile:41 - Overriding database path with different value: C:\Users\dinhh\.stmcufinder\plugins\mcufinder/ => C:\Users\dinhh\.stmcufinder\plugins\mcufinder
2025-12-24 07:37:17,411 [INFO] DbMcusAds:125 - Set database path to: C:\Users\dinhh\.stmcufinder\plugins\mcufinder//mcu/
2025-12-24 07:37:17,411 [WARN] DbFile:41 - Overriding database path with different value: C:\Users\dinhh\.stmcufinder\plugins\mcufinder/ => C:\Users\dinhh\.stmcufinder\plugins\mcufinder
2025-12-24 07:37:17,411 [WARN] DbFile:41 - Overriding database path with different value: C:\Users\dinhh\.stmcufinder\plugins\mcufinder/ => C:\Users\dinhh\.stmcufinder\plugins\mcufinder
2025-12-24 07:37:18,191 [INFO] CrossReferenceDbSqlite:203 - Set database path to: C:\Users\dinhh\.stmcufinder\plugins\mcufinder//mcu/cs/
2025-12-24 07:37:18,261 [INFO] MainPanel:274 - HeapMemory: 344981504
2025-12-24 07:37:18,349 [INFO] DbMcusXml:78 - Set database path to: C:\ST\STM32CubeIDE_1.18.1\STM32CubeIDE\plugins\com.st.stm32cube.common.mx_6.15.0.202507011659\\db\/mcu/
2025-12-24 07:37:18,349 [INFO] ApiDb:274 - Set plugin database path to: C:\ST\STM32CubeIDE_1.18.1\STM32CubeIDE\plugins\com.st.stm32cube.common.mx_6.15.0.202507011659\\db\/plugins/boardmanager/
2025-12-24 07:37:18,349 [INFO] ApiDb:261 - Set plugin images path to: C:\ST\STM32CubeIDE_1.18.1\STM32CubeIDE\plugins\com.st.stm32cube.common.mx_6.15.0.202507011659\\db\/plugins/mcufinder/images/
2025-12-24 07:37:18,349 [WARN] DbFile:41 - Overriding database path with different value: C:\Users\dinhh\.stmcufinder\plugins\mcufinder/ => C:\Users\dinhh\.stmcufinder\plugins\mcufinder
2025-12-24 07:37:18,349 [INFO] ApiDb:250 - Set database path to: C:\Users\dinhh\.stmcufinder\plugins\mcufinder//mcu/
2025-12-24 07:37:18,349 [WARN] DbFile:41 - Overriding database path with different value: C:\Users\dinhh\.stmcufinder\plugins\mcufinder/ => C:\Users\dinhh\.stmcufinder\plugins\mcufinder
2025-12-24 07:37:18,349 [INFO] DbMcusAds:125 - Set database path to: C:\Users\dinhh\.stmcufinder\plugins\mcufinder//mcu/
2025-12-24 07:37:18,349 [WARN] DbFile:41 - Overriding database path with different value: C:\Users\dinhh\.stmcufinder\plugins\mcufinder/ => C:\Users\dinhh\.stmcufinder\plugins\mcufinder
2025-12-24 07:37:18,349 [WARN] DbFile:41 - Overriding database path with different value: C:\Users\dinhh\.stmcufinder\plugins\mcufinder/ => C:\Users\dinhh\.stmcufinder\plugins\mcufinder
2025-12-24 07:37:19,192 [INFO] CrossReferenceDbSqlite:203 - Set database path to: C:\Users\dinhh\.stmcufinder\plugins\mcufinder//mcu/cs/
2025-12-24 07:37:19,214 [INFO] ApplicationProperties:184 - Using Application install path: C:\ST\STM32CubeIDE_1.18.1\STM32CubeIDE\plugins\com.st.stm32cube.common.mx_6.15.0.202507011659
2025-12-24 07:37:19,215 [INFO] PluginManage:196 - Search for loadable plugins [exclusion list=, ]
2025-12-24 07:37:19,217 [INFO] PluginManage:310 - Check plugin analytics
2025-12-24 07:37:20,250 [INFO] AnalyticsPlugin:253 - Accepted Software Licenses: 
2025-12-24 07:37:20,250 [INFO] AnalyticsPlugin:255 - Accepted CMSIS Pack Licenses: 
2025-12-24 07:37:20,250 [INFO] AnalyticsPlugin:257 - Accepted Firmware Licenses: 
2025-12-24 07:37:20,253 [INFO] PluginManage:359 - Loaded plugin analytics (category:tool,tabindex:-1)
2025-12-24 07:37:20,253 [INFO] PluginManage:310 - Check plugin cadmodel
2025-12-24 07:37:20,259 [INFO] CADModel:105 - Init CAD model plugin
2025-12-24 07:37:20,259 [INFO] PluginManage:359 - Loaded plugin cadmodel (category:power,tabindex:5)
2025-12-24 07:37:20,259 [INFO] PluginManage:310 - Check plugin clock
2025-12-24 07:37:20,268 [INFO] PluginManage:359 - Loaded plugin clock (category:base,tabindex:2)
2025-12-24 07:37:20,268 [INFO] PluginManage:310 - Check plugin ddr
2025-12-24 07:37:20,270 [INFO] PluginManage:359 - Loaded plugin ddr (category:tool,tabindex:6)
2025-12-24 07:37:20,270 [INFO] PluginManage:310 - Check plugin filemanager
2025-12-24 07:37:20,390 [INFO] PluginManage:359 - Loaded plugin filemanager (category:base,tabindex:10)
2025-12-24 07:37:20,390 [INFO] PluginManage:310 - Check plugin ipmanager
2025-12-24 07:37:20,396 [INFO] PluginManage:359 - Loaded plugin ipmanager (category:base,tabindex:5)
2025-12-24 07:37:20,396 [INFO] PluginManage:310 - Check plugin lpbam
2025-12-24 07:37:20,402 [INFO] PluginManage:359 - Loaded plugin lpbam (category:base,tabindex:0)
2025-12-24 07:37:20,402 [INFO] PluginManage:310 - Check plugin memorymap
2025-12-24 07:37:20,414 [INFO] PluginManage:359 - Loaded plugin memorymap (category:base,tabindex:4)
2025-12-24 07:37:20,414 [INFO] PluginManage:310 - Check plugin pinoutandconfiguration
2025-12-24 07:37:20,423 [INFO] PluginManage:359 - Loaded plugin pinoutandconfiguration (category:base,tabindex:1)
2025-12-24 07:37:20,423 [INFO] PluginManage:310 - Check plugin pinoutconfig
2025-12-24 07:37:20,498 [WARN] SupportedApi:132 - Cannot load RTOS API schema: s4s-elt-must-match.1: The content of 'definitions' must match (annotation?, (simpleType | complexType)?, (unique | key | keyref)*)). A problem was found starting at: attribute.
2025-12-24 07:37:20,630 [INFO] PluginManage:359 - Loaded plugin pinoutconfig (category:base,tabindex:0)
2025-12-24 07:37:20,630 [INFO] PluginManage:310 - Check plugin power
2025-12-24 07:37:20,642 [INFO] PluginManage:359 - Loaded plugin power (category:power,tabindex:4)
2025-12-24 07:37:20,642 [INFO] PluginManage:310 - Check plugin projectmanager
2025-12-24 07:37:20,655 [INFO] PluginManage:359 - Loaded plugin projectmanager (category:projectmanager,tabindex:4)
2025-12-24 07:37:20,655 [INFO] PluginManage:310 - Check plugin rif
2025-12-24 07:37:20,664 [INFO] PluginManage:359 - Loaded plugin rif (category:base,tabindex:3)
2025-12-24 07:37:20,664 [INFO] PluginManage:310 - Check plugin thirdparty
2025-12-24 07:37:20,779 [INFO] PluginManage:359 - Loaded plugin thirdparty (category:base,tabindex:-1)
2025-12-24 07:37:20,779 [WARN] IntegrityCheckThread:84 - waiting for thirdparty lock release [integrity check]
2025-12-24 07:37:20,779 [INFO] IntegrityCheckThread:86 - entering critical section [integrity check]
2025-12-24 07:37:20,779 [INFO] PluginManage:310 - Check plugin tools
2025-12-24 07:37:20,780 [INFO] ThirdPartyUpdaterWithRetryManager:70 - Updater plugin not ready yet. [1/15]
2025-12-24 07:37:20,783 [INFO] PluginManage:359 - Loaded plugin tools (category:base,tabindex:7)
2025-12-24 07:37:20,783 [INFO] PluginManage:310 - Check plugin tutovideos
2025-12-24 07:37:20,953 [INFO] PluginManage:359 - Loaded plugin tutovideos (category:base,tabindex:-1)
2025-12-24 07:37:20,953 [INFO] PluginManage:310 - Check plugin updater
2025-12-24 07:37:20,971 [INFO] PluginManage:359 - Loaded plugin updater (category:base,tabindex:12)
2025-12-24 07:37:20,971 [INFO] PluginManage:310 - Check plugin userauth
2025-12-24 07:37:20,974 [INFO] UserAuth:118 - Init User Auth plugin
2025-12-24 07:37:20,975 [INFO] PluginManage:359 - Loaded plugin userauth (category:base,tabindex:14)
2025-12-24 07:37:20,975 [INFO] PluginManage:283 - PluginManage : Loaded plugins [18]
2025-12-24 07:37:21,145 [INFO] PinOutPanel:1589 - setPackage(No Configuration,No Configuration)
2025-12-24 07:37:21,215 [INFO] CADModel:165 - CPN selected for project level
2025-12-24 07:37:21,215 [INFO] CADModel:114 - Register for checkConnection events
2025-12-24 07:37:21,231 [INFO] IPUIPlugin:80 - create IPUIPlugin
2025-12-24 07:37:21,231 [INFO] PluginManager:220 - loadIPPluginJar : add adc
2025-12-24 07:37:21,234 [INFO] IPUIPlugin:80 - create IPUIPlugin
2025-12-24 07:37:21,234 [INFO] PluginManager:220 - loadIPPluginJar : add aes
2025-12-24 07:37:21,237 [INFO] IPUIPlugin:80 - create IPUIPlugin
2025-12-24 07:37:21,237 [INFO] PluginManager:220 - loadIPPluginJar : add can
2025-12-24 07:37:21,239 [INFO] IPUIPlugin:80 - create IPUIPlugin
2025-12-24 07:37:21,239 [INFO] PluginManager:220 - loadIPPluginJar : add comp
2025-12-24 07:37:21,241 [INFO] IPUIPlugin:80 - create IPUIPlugin
2025-12-24 07:37:21,242 [INFO] PluginManager:220 - loadIPPluginJar : add cryp
2025-12-24 07:37:21,245 [INFO] IPUIPlugin:80 - create IPUIPlugin
2025-12-24 07:37:21,245 [INFO] PluginManager:220 - loadIPPluginJar : add ddr_ctrl_phy
2025-12-24 07:37:21,247 [INFO] IPUIPlugin:80 - create IPUIPlugin
2025-12-24 07:37:21,247 [INFO] PluginManager:220 - loadIPPluginJar : add dfsdm
2025-12-24 07:37:21,252 [INFO] IPUIPlugin:80 - create IPUIPlugin
2025-12-24 07:37:21,252 [INFO] PluginManager:220 - loadIPPluginJar : add dma
2025-12-24 07:37:21,255 [INFO] IPUIPlugin:80 - create IPUIPlugin
2025-12-24 07:37:21,255 [INFO] PluginManager:220 - loadIPPluginJar : add dma3
2025-12-24 07:37:21,258 [INFO] IPUIPlugin:80 - create IPUIPlugin
2025-12-24 07:37:21,258 [INFO] PluginManager:220 - loadIPPluginJar : add extmemmanager
2025-12-24 07:37:21,260 [INFO] IPUIPlugin:80 - create IPUIPlugin
2025-12-24 07:37:21,260 [INFO] PluginManager:220 - loadIPPluginJar : add fatfs
2025-12-24 07:37:21,264 [INFO] IPUIPlugin:80 - create IPUIPlugin
2025-12-24 07:37:21,264 [INFO] PluginManager:220 - loadIPPluginJar : add fmc
2025-12-24 07:37:21,271 [INFO] IPUIPlugin:80 - create IPUIPlugin
2025-12-24 07:37:21,272 [INFO] PluginManager:220 - loadIPPluginJar : add freertos
2025-12-24 07:37:21,273 [INFO] IPUIPlugin:80 - create IPUIPlugin
2025-12-24 07:37:21,274 [INFO] PluginManager:220 - loadIPPluginJar : add genericplugin
2025-12-24 07:37:21,276 [INFO] IPUIPlugin:80 - create IPUIPlugin
2025-12-24 07:37:21,276 [INFO] PluginManager:220 - loadIPPluginJar : add gfxmmu
2025-12-24 07:37:21,280 [INFO] IPUIPlugin:80 - create IPUIPlugin
2025-12-24 07:37:21,281 [INFO] PluginManager:220 - loadIPPluginJar : add gic
2025-12-24 07:37:21,285 [INFO] IPUIPlugin:80 - create IPUIPlugin
2025-12-24 07:37:21,286 [INFO] PluginManager:220 - loadIPPluginJar : add gpio
2025-12-24 07:37:21,289 [INFO] IPUIPlugin:80 - create IPUIPlugin
2025-12-24 07:37:21,289 [INFO] PluginManager:220 - loadIPPluginJar : add gtzc
2025-12-24 07:37:21,291 [INFO] IPUIPlugin:80 - create IPUIPlugin
2025-12-24 07:37:21,291 [INFO] PluginManager:220 - loadIPPluginJar : add hash
2025-12-24 07:37:21,293 [INFO] IPUIPlugin:80 - create IPUIPlugin
2025-12-24 07:37:21,294 [INFO] PluginManager:220 - loadIPPluginJar : add i2c
2025-12-24 07:37:21,296 [INFO] IPUIPlugin:80 - create IPUIPlugin
2025-12-24 07:37:21,296 [INFO] PluginManager:220 - loadIPPluginJar : add i2s
2025-12-24 07:37:21,299 [INFO] IPUIPlugin:80 - create IPUIPlugin
2025-12-24 07:37:21,299 [INFO] PluginManager:220 - loadIPPluginJar : add i3c
2025-12-24 07:37:21,302 [INFO] IPUIPlugin:80 - create IPUIPlugin
2025-12-24 07:37:21,302 [INFO] PluginManager:220 - loadIPPluginJar : add ipddr
2025-12-24 07:37:21,307 [INFO] IPUIPlugin:80 - create IPUIPlugin
2025-12-24 07:37:21,307 [INFO] PluginManager:220 - loadIPPluginJar : add linkedlist
2025-12-24 07:37:21,310 [INFO] IPUIPlugin:80 - create IPUIPlugin
2025-12-24 07:37:21,310 [INFO] PluginManager:220 - loadIPPluginJar : add lorawan
2025-12-24 07:37:21,312 [INFO] IPUIPlugin:80 - create IPUIPlugin
2025-12-24 07:37:21,312 [INFO] PluginManager:220 - loadIPPluginJar : add ltdc
2025-12-24 07:37:21,317 [INFO] IPUIPlugin:80 - create IPUIPlugin
2025-12-24 07:37:21,317 [INFO] PluginManager:220 - loadIPPluginJar : add mdma
2025-12-24 07:37:21,320 [INFO] IPUIPlugin:80 - create IPUIPlugin
2025-12-24 07:37:21,320 [INFO] PluginManager:220 - loadIPPluginJar : add nvic
2025-12-24 07:37:21,323 [INFO] IPUIPlugin:80 - create IPUIPlugin
2025-12-24 07:37:21,323 [INFO] PluginManager:220 - loadIPPluginJar : add opamp
2025-12-24 07:37:21,326 [INFO] IPUIPlugin:80 - create IPUIPlugin
2025-12-24 07:37:21,327 [INFO] PluginManager:220 - loadIPPluginJar : add openamp
2025-12-24 07:37:21,329 [INFO] IPUIPlugin:80 - create IPUIPlugin
2025-12-24 07:37:21,329 [INFO] PluginManager:220 - loadIPPluginJar : add pdm2pcm
2025-12-24 07:37:21,335 [INFO] IPUIPlugin:80 - create IPUIPlugin
2025-12-24 07:37:21,338 [INFO] PluginManager:220 - loadIPPluginJar : add plateformsettings
2025-12-24 07:37:21,339 [INFO] IPUIPlugin:80 - create IPUIPlugin
2025-12-24 07:37:21,340 [INFO] PluginManager:220 - loadIPPluginJar : add quadspi
2025-12-24 07:37:21,341 [INFO] IPUIPlugin:80 - create IPUIPlugin
2025-12-24 07:37:21,342 [INFO] PluginManager:220 - loadIPPluginJar : add radio
2025-12-24 07:37:21,345 [INFO] IPUIPlugin:80 - create IPUIPlugin
2025-12-24 07:37:21,346 [INFO] PluginManager:220 - loadIPPluginJar : add resmgrutility
2025-12-24 07:37:21,348 [INFO] IPUIPlugin:80 - create IPUIPlugin
2025-12-24 07:37:21,348 [INFO] PluginManager:220 - loadIPPluginJar : add sai
2025-12-24 07:37:21,352 [INFO] IPUIPlugin:80 - create IPUIPlugin
2025-12-24 07:37:21,352 [INFO] PluginManager:220 - loadIPPluginJar : add spi
2025-12-24 07:37:21,358 [INFO] IPUIPlugin:80 - create IPUIPlugin
2025-12-24 07:37:21,358 [INFO] PluginManager:220 - loadIPPluginJar : add stm32_wpan
2025-12-24 07:37:21,361 [INFO] IPUIPlugin:80 - create IPUIPlugin
2025-12-24 07:37:21,361 [INFO] PluginManager:220 - loadIPPluginJar : add tim
2025-12-24 07:37:21,364 [INFO] IPUIPlugin:80 - create IPUIPlugin
2025-12-24 07:37:21,364 [INFO] PluginManager:220 - loadIPPluginJar : add touchsensing
2025-12-24 07:37:21,366 [INFO] IPUIPlugin:80 - create IPUIPlugin
2025-12-24 07:37:21,366 [INFO] PluginManager:220 - loadIPPluginJar : add tracer_emb
2025-12-24 07:37:21,368 [INFO] IPUIPlugin:80 - create IPUIPlugin
2025-12-24 07:37:21,368 [INFO] PluginManager:220 - loadIPPluginJar : add ts
2025-12-24 07:37:21,370 [INFO] IPUIPlugin:80 - create IPUIPlugin
2025-12-24 07:37:21,370 [INFO] PluginManager:220 - loadIPPluginJar : add tsc
2025-12-24 07:37:21,372 [INFO] IPUIPlugin:80 - create IPUIPlugin
2025-12-24 07:37:21,372 [INFO] PluginManager:220 - loadIPPluginJar : add ucpd
2025-12-24 07:37:21,375 [INFO] IPUIPlugin:80 - create IPUIPlugin
2025-12-24 07:37:21,375 [INFO] PluginManager:220 - loadIPPluginJar : add usart
2025-12-24 07:37:21,378 [INFO] IPUIPlugin:80 - create IPUIPlugin
2025-12-24 07:37:21,379 [INFO] PluginManager:220 - loadIPPluginJar : add usbx
2025-12-24 07:37:21,500 [FATAL] Updater:351 - Updater called before beeing initialized
2025-12-24 07:37:21,524 [INFO] RulesReader:64 - Compatibility file has been processed (317 Rules)
2025-12-24 07:37:21,533 [INFO] RulesReader:64 - Compatibility file has been processed (317 Rules)
2025-12-24 07:37:21,539 [INFO] CADModel:165 - CPN selected for project level
2025-12-24 07:37:21,540 [INFO] CADModel:114 - Register for checkConnection events
2025-12-24 07:37:21,540 [FATAL] Updater:351 - Updater called before beeing initialized
2025-12-24 07:37:21,540 [ERROR] CADModel:125 - Updater not yet initialized, retry later 
2025-12-24 07:37:21,665 [FATAL] Updater:351 - Updater called before beeing initialized
2025-12-24 07:37:21,668 [INFO] CADModel:165 - CPN selected for project level
2025-12-24 07:37:21,668 [INFO] CADModel:114 - Register for checkConnection events
2025-12-24 07:37:21,668 [FATAL] Updater:351 - Updater called before beeing initialized
2025-12-24 07:37:21,668 [ERROR] CADModel:125 - Updater not yet initialized, retry later 
2025-12-24 07:37:21,671 [FATAL] Updater:351 - Updater called before beeing initialized
2025-12-24 07:37:21,772 [FATAL] Updater:351 - Updater called before beeing initialized
2025-12-24 07:37:21,776 [INFO] DbMcusAds:53 - JSON generation date=Mon Dec 08 21:28:09 ICT 2025 (1765204089858)
2025-12-24 07:37:21,776 [FATAL] Updater:351 - Updater called before beeing initialized
2025-12-24 07:37:21,806 [WARN] DetailPanel:346 - Failed to get advertising image, set to default
2025-12-24 07:37:21,876 [FATAL] Updater:351 - Updater called before beeing initialized
2025-12-24 07:37:21,877 [FATAL] Updater:351 - Updater called before beeing initialized
2025-12-24 07:37:21,877 [FATAL] Updater:351 - Updater called before beeing initialized
2025-12-24 07:37:21,877 [WARN] DetailPanel:346 - Failed to get advertising image, set to default
2025-12-24 07:37:21,878 [FATAL] Updater:351 - Updater called before beeing initialized
2025-12-24 07:37:21,915 [ERROR] Updater:1198 - MainUpdater not yet initialized. External WinMGr cannot be set.
2025-12-24 07:37:21,917 [INFO] Updater:1134 - Updater Version found : 6.15.0
2025-12-24 07:37:21,931 [INFO] ApplicationProperties:184 - Using Application install path: C:\ST\STM32CubeIDE_1.18.1\STM32CubeIDE\plugins\com.st.stm32cube.common.mx_6.15.0.202507011659
2025-12-24 07:37:23,507 [ERROR] LogOutputStream:75 - [STDERR_REDIRECT] Dec 24, 2025 7:37:23 AM java.util.prefs.WindowsPreferences <init>
2025-12-24 07:37:23,508 [ERROR] LogOutputStream:75 - [STDERR_REDIRECT] WARNING: Could not open/create prefs root node Software\JavaSoft\Prefs at root 0xffffffff80000002. Windows RegCreateKeyEx(...) returned error code 5.
2025-12-24 07:37:23,508 [ERROR] LogOutputStream:75 - [STDERR_REDIRECT] 
2025-12-24 07:37:23,782 [INFO] ThirdPartyUpdaterWithRetryManager:70 - Updater plugin not ready yet. [2/15]
2025-12-24 07:37:23,847 [INFO] MainUpdater:2872 - connection check result : 10
2025-12-24 07:37:23,848 [INFO] MainUpdater:289 - Updater Check For Update Now.
2025-12-24 07:37:23,848 [INFO] MicroXplorer:498 - Change Database Version : DB.6.0.150
2025-12-24 07:37:23,852 [INFO] McuFinderGlobals:63 - Set McuFinder mode to 2 (CubeIDE integrated)
2025-12-24 07:37:23,853 [INFO] UserAuth:487 - Internet connection configuration mode: 1
2025-12-24 07:37:23,870 [INFO] JxBrowserEngine:152 - Initiate JxBrowser Engine with user profile folder
2025-12-24 07:37:24,009 [INFO] CheckServerUpdateThread:120 - End of CheckServer Thread
2025-12-24 07:37:24,651 [INFO] WebApp:169 - Instantiating new browser for Auth
2025-12-24 07:37:25,381 [INFO] WebApp:463 - Apply proxy settings
2025-12-24 07:37:25,382 [INFO] WebApp:548 - Chromium requires no authentication
2025-12-24 07:37:25,395 [INFO] WebApp:491 - Direct internet connection detected
2025-12-24 07:37:25,423 [INFO] WebApp:900 - Register for checkConnection events
2025-12-24 07:37:25,424 [INFO] WebApp:463 - Apply proxy settings
2025-12-24 07:37:25,424 [INFO] WebApp:548 - Chromium requires no authentication
2025-12-24 07:37:25,424 [INFO] WebApp:491 - Direct internet connection detected
2025-12-24 07:37:25,596 [INFO] WebApp:225 - Starting web application
2025-12-24 07:37:25,596 [INFO] WebApp:593 - Web application path used C:\ST\STM32CubeIDE_1.18.1\STM32CubeIDE\plugins\com.st.stm32cube.common.mx_6.15.0.202507011659\db\plugins\mcufinder\reactClient1\index.html
2025-12-24 07:37:25,608 [INFO] WebApp:191 - Connection restablished
2025-12-24 07:37:25,756 [INFO] UserAuth:487 - Internet connection configuration mode: 1
2025-12-24 07:37:27,024 [WARN] PackLoader:240 - Cannot read IP mode file for STMicroelectronics.FP-SNS-MOTENVWB1.1.4.0
2025-12-24 07:37:27,033 [WARN] PackLoader:240 - Cannot read IP mode file for STMicroelectronics.FP-ATR-ASTRA1.2.0.2
2025-12-24 07:37:27,040 [WARN] PackLoader:240 - Cannot read IP mode file for STMicroelectronics.X-CUBE-SMBUS.2.1.0
2025-12-24 07:37:27,047 [WARN] PackLoader:240 - Cannot read IP mode file for STMicroelectronics.X-CUBE-ST60.1.0.0
2025-12-24 07:37:27,072 [WARN] PackLoader:240 - Cannot read IP mode file for STMicroelectronics.X-CUBE-AZRTOS-F7.1.1.0
2025-12-24 07:37:27,082 [WARN] PackLoader:240 - Cannot read IP mode file for STMicroelectronics.FP-SNS-MOTENV1.5.1.0
2025-12-24 07:37:27,117 [WARN] PackLoader:240 - Cannot read IP mode file for Infineon.AIROC-Wi-Fi-Bluetooth-STM32.1.7.0
2025-12-24 07:37:27,141 [WARN] PackLoader:240 - Cannot read IP mode file for STMicroelectronics.X-CUBE-AZRTOS-H7.3.4.0
2025-12-24 07:37:27,151 [WARN] PackLoader:240 - Cannot read IP mode file for STMicroelectronics.X-CUBE-DISPLAY.3.0.0
2025-12-24 07:37:27,162 [WARN] PackLoader:240 - Cannot read IP mode file for STMicroelectronics.X-CUBE-NFC10.1.0.0
2025-12-24 07:37:27,173 [WARN] PackLoader:240 - Cannot read IP mode file for STMicroelectronics.X-CUBE-BLEMGR.4.0.0
2025-12-24 07:37:27,180 [WARN] PackLoader:240 - Cannot read IP mode file for STMicroelectronics.X-CUBE-ST60.1.1.0
2025-12-24 07:37:27,187 [WARN] PackLoader:240 - Cannot read IP mode file for emotas.I-CUBE-CANOPEN.1.3.0
2025-12-24 07:37:27,194 [WARN] PackLoader:240 - Cannot read IP mode file for STMicroelectronics.X-CUBE-GNSS1.7.1.0
2025-12-24 07:37:27,199 [WARN] ConditionMgr:438 - getConditionDescription Invalid condition id : Cortex-A Device cause : null
2025-12-24 07:37:27,209 [WARN] ConditionMgr:1044 - genDependencies : Invalid condition id : Cortex-A Device cause : null
2025-12-24 07:37:27,210 [WARN] ConditionMgr:1044 - genDependencies : Invalid condition id : Cortex-A Device cause : null
2025-12-24 07:37:27,210 [WARN] ConditionMgr:1044 - genDependencies : Invalid condition id : Cortex-A Device cause : null
2025-12-24 07:37:27,214 [WARN] PackLoader:240 - Cannot read IP mode file for STMicroelectronics.X-CUBE-AI.10.0.0
2025-12-24 07:37:27,222 [WARN] PackLoader:240 - Cannot read IP mode file for STMicroelectronics.FP-SNS-STBOX1.2.1.0
2025-12-24 07:37:27,227 [WARN] PackLoader:240 - Cannot read IP mode file for STMicroelectronics.FP-SNS-SMARTAG2.1.2.0
2025-12-24 07:37:27,231 [WARN] PackLoader:240 - Cannot read IP mode file for STMicroelectronics.FP-SNS-FLIGHT1.5.1.0
2025-12-24 07:37:27,242 [INFO] LogOutputStream:77 - [STDOUT_REDIRECT] 1 : Invalid condition id : UX_CORESTACK_Condition cause : null
2025-12-24 07:37:27,243 [INFO] LogOutputStream:77 - [STDOUT_REDIRECT] 1 : Invalid condition id : UX_CORESTACK_Condition cause : null
2025-12-24 07:37:27,244 [INFO] LogOutputStream:77 - [STDOUT_REDIRECT] 1 : Invalid condition id : UX_CORESTACK_Condition cause : null
2025-12-24 07:37:27,245 [INFO] LogOutputStream:77 - [STDOUT_REDIRECT] 1 : Invalid condition id : UX_CORESTACK_Condition cause : null
2025-12-24 07:37:27,245 [INFO] LogOutputStream:77 - [STDOUT_REDIRECT] 1 : Invalid condition id : UX_CORESTACK_Condition cause : null
2025-12-24 07:37:27,248 [WARN] PackLoader:240 - Cannot read IP mode file for STMicroelectronics.X-CUBE-AZRTOS-WL.2.0.0
2025-12-24 07:37:27,254 [WARN] PackLoader:240 - Cannot read IP mode file for STMicroelectronics.FP-SNS-MOTENV1.5.0.0
2025-12-24 07:37:27,272 [WARN] PackLoader:240 - Cannot read IP mode file for STMicroelectronics.X-CUBE-AZRTOS-H7RS.1.2.0
2025-12-24 07:37:27,283 [WARN] PackLoader:240 - Cannot read IP mode file for WES.I-CUBE-Cesium.1.3.0
2025-12-24 07:37:27,290 [WARN] PackLoader:240 - Cannot read IP mode file for STMicroelectronics.X-CUBE-BLE2.3.3.0
2025-12-24 07:37:27,307 [WARN] PackLoader:240 - Cannot read IP mode file for STMicroelectronics.X-CUBE-NFC9.1.0.0
2025-12-24 07:37:27,315 [WARN] PackLoader:240 - Cannot read IP mode file for STMicroelectronics.X-CUBE-BLE1.7.1.0
2025-12-24 07:37:27,320 [WARN] PackLoader:240 - Cannot read IP mode file for wolfSSL.I-CUBE-wolfMQTT.1.19.2
2025-12-24 07:37:27,327 [WARN] PackLoader:240 - Cannot read IP mode file for STMicroelectronics.X-CUBE-FREERTOS.1.4.0
2025-12-24 07:37:27,336 [WARN] PackLoader:240 - Cannot read IP mode file for STMicroelectronics.X-CUBE-EEPRMA1.5.2.0
2025-12-24 07:37:27,347 [WARN] PackLoader:240 - Cannot read IP mode file for STMicroelectronics.X-CUBE-ST67W61.1.1.0
2025-12-24 07:37:27,352 [WARN] PackLoader:240 - Cannot read IP mode file for STMicroelectronics.X-CUBE-AI.10.1.0
2025-12-24 07:37:27,395 [WARN] PackLoader:240 - Cannot read IP mode file for STMicroelectronics.X-CUBE-MEMS1.12.0.0
2025-12-24 07:37:27,571 [WARN] PackLoader:240 - Cannot read IP mode file for STMicroelectronics.X-CUBE-MEMS1.11.2.0
2025-12-24 07:37:27,724 [WARN] PackLoader:240 - Cannot read IP mode file for STMicroelectronics.X-CUBE-AZRTOS-G0.1.1.0
2025-12-24 07:37:27,736 [WARN] PackLoader:240 - Cannot read IP mode file for STMicroelectronics.X-CUBE-SAFEA1.1.2.2
2025-12-24 07:37:27,747 [WARN] PackLoader:240 - Cannot read IP mode file for STMicroelectronics.X-CUBE-NFC4.3.0.0
2025-12-24 07:37:27,762 [WARN] PackLoader:240 - Cannot read IP mode file for EmbeddedOffice.I-CUBE-FS-RTOS.1.0.1
2025-12-24 07:37:27,772 [WARN] PackLoader:240 - Cannot read IP mode file for STMicroelectronics.X-CUBE-WB05N.2.0.0
2025-12-24 07:37:27,779 [WARN] PackLoader:240 - Cannot read IP mode file for wolfSSL.I-CUBE-wolfTPM.3.8.0
2025-12-24 07:37:27,813 [WARN] PackLoader:240 - Cannot read IP mode file for STMicroelectronics.X-CUBE-TCPP.4.2.0
2025-12-24 07:37:27,826 [WARN] PackLoader:240 - Cannot read IP mode file for RealThread.X-CUBE-RT-Thread_Nano.4.1.1
2025-12-24 07:37:27,833 [WARN] PackLoader:240 - Cannot read IP mode file for STMicroelectronics.FP-ATR-SIGFOX1.3.2.0
2025-12-24 07:37:27,840 [WARN] PackLoader:240 - Cannot read IP mode file for STMicroelectronics.X-CUBE-EEPRMA1.5.1.0
2025-12-24 07:37:27,847 [WARN] PackLoader:240 - Cannot read IP mode file for wolfSSL.I-CUBE-wolfSSL.5.7.6
2025-12-24 07:37:27,855 [WARN] PackLoader:240 - Cannot read IP mode file for ITTIA_DB.I-CUBE-ITTIADB.8.9.0
2025-12-24 07:37:27,860 [WARN] PackLoader:240 - Cannot read IP mode file for STMicroelectronics.X-CUBE-ST67W61.1.0.0
2025-12-24 07:37:27,864 [WARN] PackLoader:240 - Cannot read IP mode file for STMicroelectronics.X-CUBE-AI.10.2.0
2025-12-24 07:37:27,884 [WARN] PackLoader:240 - Cannot read IP mode file for SEGGER.I-CUBE-embOS.1.3.1
2025-12-24 07:37:27,913 [WARN] PackLoader:240 - Cannot read IP mode file for STMicroelectronics.X-CUBE-ALGOBUILD.1.4.0
2025-12-24 07:37:27,942 [WARN] PackLoader:240 - Cannot read IP mode file for STMicroelectronics.X-CUBE-MEMS1.11.3.0
2025-12-24 07:37:28,020 [WARN] PackLoader:240 - Cannot read IP mode file for STMicroelectronics.X-CUBE-PM33A1.1.0.0
2025-12-24 07:37:28,030 [WARN] PackLoader:240 - Cannot read IP mode file for STMicroelectronics.X-CUBE-AZRTOS-F4.1.1.0
2025-12-24 07:37:28,036 [WARN] PackLoader:240 - Cannot read IP mode file for Avnet-IotConnect.X-CUBE-IoTC-DA16k-PMOD.1.0.0
2025-12-24 07:37:28,041 [WARN] PackLoader:240 - Cannot read IP mode file for STMicroelectronics.X-CUBE-ISPU.2.1.0
2025-12-24 07:37:28,049 [WARN] PackLoader:240 - Cannot read IP mode file for STMicroelectronics.X-CUBE-IPS.3.2.0
2025-12-24 07:37:28,060 [WARN] PackLoader:240 - Cannot read IP mode file for STMicroelectronics.X-CUBE-NFC12.1.0.0
2025-12-24 07:37:28,072 [WARN] PackLoader:240 - Cannot read IP mode file for STMicroelectronics.X-CUBE-AZRTOS-L5.2.0.0
2025-12-24 07:37:28,081 [WARN] PackLoader:240 - Cannot read IP mode file for STMicroelectronics.X-CUBE-NFC6.3.1.0
2025-12-24 07:37:28,088 [WARN] PackLoader:240 - Cannot read IP mode file for STMicroelectronics.X-CUBE-FREERTOS.1.3.1
2025-12-24 07:37:28,093 [WARN] PackLoader:240 - Cannot read IP mode file for STMicroelectronics.X-CUBE-FREERTOS.1.3.0
2025-12-24 07:37:28,098 [WARN] PackLoader:240 - Cannot read IP mode file for STMicroelectronics.X-CUBE-NFC7.1.0.1
2025-12-24 07:37:28,103 [WARN] PackLoader:240 - Cannot read IP mode file for STMicroelectronics.X-CUBE-TOUCHGFX.4.26.0
2025-12-24 07:37:28,108 [WARN] PackLoader:240 - Cannot read IP mode file for STMicroelectronics.FP-SNS-STAIOTCFT.1.0.0
2025-12-24 07:37:28,113 [WARN] PackLoader:240 - Cannot read IP mode file for STMicroelectronics.X-CUBE-DPower.1.3.0
2025-12-24 07:37:28,125 [WARN] ConditionMgr:438 - getConditionDescription Invalid condition id : LAN8742 Phy interface Condition cause : null
2025-12-24 07:37:28,126 [WARN] PackLoader:240 - Cannot read IP mode file for STMicroelectronics.X-CUBE-AZRTOS-L4.2.0.0
2025-12-24 07:37:28,126 [WARN] ConditionMgr:1044 - genDependencies : Invalid condition id : LAN8742 Phy interface Condition cause : null
2025-12-24 07:37:28,127 [WARN] ConditionMgr:1044 - genDependencies : Invalid condition id : LAN8742 Phy interface Condition cause : null
2025-12-24 07:37:28,127 [WARN] ConditionMgr:1044 - genDependencies : Invalid condition id : LAN8742 Phy interface Condition cause : null
2025-12-24 07:37:28,134 [WARN] PackLoader:240 - Cannot read IP mode file for STMicroelectronics.X-CUBE-SFXS2LP1.4.0.0
2025-12-24 07:37:28,154 [WARN] PackLoader:240 - Cannot read IP mode file for STMicroelectronics.X-CUBE-AZRTOS-H7.3.3.0
2025-12-24 07:37:28,166 [WARN] PackLoader:240 - Cannot read IP mode file for STMicroelectronics.X-CUBE-BLEMGR.4.1.0
2025-12-24 07:37:28,176 [WARN] ConditionMgr:438 - getConditionDescription Invalid condition id : UX DEVICE CLASS RTOS Condition cause : null
2025-12-24 07:37:28,177 [WARN] ConditionMgr:438 - getConditionDescription Invalid condition id : UX DEVICE CLASS RTOS Condition cause : null
2025-12-24 07:37:28,179 [WARN] PackLoader:240 - Cannot read IP mode file for STMicroelectronics.X-CUBE-AZRTOS-WB.2.0.0
2025-12-24 07:37:28,179 [WARN] ConditionMgr:1044 - genDependencies : Invalid condition id : UX DEVICE CLASS RTOS Condition cause : null
2025-12-24 07:37:28,179 [WARN] ConditionMgr:1044 - genDependencies : Invalid condition id : UX DEVICE CLASS RTOS Condition cause : null
2025-12-24 07:37:28,180 [WARN] ConditionMgr:1044 - genDependencies : Invalid condition id : UX DEVICE CLASS RTOS Condition cause : null
2025-12-24 07:37:28,180 [WARN] ConditionMgr:1044 - genDependencies : Invalid condition id : UX DEVICE CLASS RTOS Condition cause : null
2025-12-24 07:37:28,180 [WARN] ConditionMgr:1044 - genDependencies : Invalid condition id : UX DEVICE CLASS RTOS Condition cause : null
2025-12-24 07:37:28,185 [WARN] PackLoader:240 - Cannot read IP mode file for STMicroelectronics.X-CUBE-GNSS1.7.0.1
2025-12-24 07:37:28,189 [WARN] PackLoader:240 - Cannot read IP mode file for STMicroelectronics.X-CUBE-TOUCHGFX.4.25.0
2025-12-24 07:37:28,194 [WARN] PackLoader:240 - Cannot read IP mode file for STMicroelectronics.FP-SNS-STBOX1.2.0.0
2025-12-24 07:37:28,204 [WARN] PackLoader:240 - Cannot read IP mode file for STMicroelectronics.X-CUBE-SUBG2.5.0.0
2025-12-24 07:37:28,221 [WARN] PackLoader:240 - Cannot read IP mode file for STMicroelectronics.X-CUBE-AZRTOS-H7RS.1.1.0
2025-12-24 07:37:28,229 [WARN] PackLoader:240 - Cannot read IP mode file for Cesanta.I-CUBE-Mongoose.7.13.0
2025-12-24 07:37:28,238 [WARN] PackLoader:240 - Cannot read IP mode file for STMicroelectronics.X-CUBE-AZRTOS-G4.2.0.0
2025-12-24 07:37:28,264 [WARN] PackLoader:240 - Cannot read IP mode file for wolfSSL.I-CUBE-wolfSSH.1.4.20
2025-12-24 07:37:28,268 [WARN] PackLoader:240 - Cannot read IP mode file for STMicroelectronics.X-CUBE-NFC7.2.0.0
2025-12-24 07:37:28,276 [WARN] PackLoader:240 - Cannot read IP mode file for STMicroelectronics.X-CUBE-IPS.3.1.0
2025-12-24 07:37:28,285 [WARN] PackLoader:240 - Cannot read IP mode file for STMicroelectronics.X-CUBE-ALS.1.0.2
2025-12-24 07:37:28,291 [WARN] PackLoader:240 - Cannot read IP mode file for STMicroelectronics.X-CUBE-STSE01.1.0.0
2025-12-24 07:37:28,299 [WARN] PackLoader:240 - Cannot read IP mode file for portGmbH.I-Cube-SoM-uGOAL.1.1.0
2025-12-24 07:37:28,308 [WARN] PackLoader:240 - Cannot read IP mode file for STMicroelectronics.X-CUBE-TOF1.3.4.3
2025-12-24 07:37:28,315 [INFO] ThirdParty:978 - Integrity check success = true
2025-12-24 07:37:28,315 [INFO] IntegrityCheckThread:100 - exiting critical section [integrity check]
2025-12-24 07:37:28,315 [INFO] IntegrityCheckThread:103 - End integrity checks thread
2025-12-24 08:19:33,030 [INFO] Activator:176 - 


2025-12-24 08:19:33,032 [INFO] Activator:177 - !SESSION log4j initialized
2025-12-24 08:19:37,937 [INFO] LogOutputStream:77 - [STDOUT_REDIRECT] 
2025-12-24 08:19:39,056 [INFO] ApplicationProperties:184 - Using Application install path: C:\ST\STM32CubeIDE_1.18.1\STM32CubeIDE\plugins\com.st.stm32cube.common.mx_6.15.0.202507011659
2025-12-24 08:19:39,072 [INFO] DbMcusXml:78 - Set database path to: C:\ST\STM32CubeIDE_1.18.1\STM32CubeIDE\plugins\com.st.stm32cube.common.mx_6.15.0.202507011659\\db\/mcu/
2025-12-24 08:19:39,072 [INFO] ApiDb:274 - Set plugin database path to: C:\ST\STM32CubeIDE_1.18.1\STM32CubeIDE\plugins\com.st.stm32cube.common.mx_6.15.0.202507011659\\db\/plugins/boardmanager/
2025-12-24 08:19:39,072 [WARN] ApiDb:259 - Overriding images path with different value:  => C:\ST\STM32CubeIDE_1.18.1\STM32CubeIDE\plugins\com.st.stm32cube.common.mx_6.15.0.202507011659\\db\/plugins/mcufinder/images/
2025-12-24 08:19:39,080 [INFO] ApiDb:250 - Set database path to: C:\Users\dinhh\.stmcufinder\plugins\mcufinder//mcu/
2025-12-24 08:19:39,081 [INFO] DbMcusAds:125 - Set database path to: C:\Users\dinhh\.stmcufinder\plugins\mcufinder//mcu/
2025-12-24 08:19:39,083 [INFO] CrossReferenceDbSqlite:203 - Set database path to: C:\Users\dinhh\.stmcufinder\plugins\mcufinder//mcu/cs/
2025-12-24 08:19:39,179 [INFO] RulesReader:64 - Compatibility file has been processed (317 Rules)
2025-12-24 08:19:39,253 [INFO] DbMcusXml:78 - Set database path to: C:\ST\STM32CubeIDE_1.18.1\STM32CubeIDE\plugins\com.st.stm32cube.common.mx_6.15.0.202507011659\\db\/mcu/
2025-12-24 08:19:39,254 [INFO] ApiDb:274 - Set plugin database path to: C:\ST\STM32CubeIDE_1.18.1\STM32CubeIDE\plugins\com.st.stm32cube.common.mx_6.15.0.202507011659\\db\/plugins/boardmanager/
2025-12-24 08:19:39,254 [INFO] ApiDb:261 - Set plugin images path to: C:\ST\STM32CubeIDE_1.18.1\STM32CubeIDE\plugins\com.st.stm32cube.common.mx_6.15.0.202507011659\\db\/plugins/mcufinder/images/
2025-12-24 08:19:39,254 [WARN] DbFile:41 - Overriding database path with different value: C:\Users\dinhh\.stmcufinder\plugins\mcufinder/ => C:\Users\dinhh\.stmcufinder\plugins\mcufinder
2025-12-24 08:19:39,254 [INFO] ApiDb:250 - Set database path to: C:\Users\dinhh\.stmcufinder\plugins\mcufinder//mcu/
2025-12-24 08:19:39,254 [WARN] DbFile:41 - Overriding database path with different value: C:\Users\dinhh\.stmcufinder\plugins\mcufinder/ => C:\Users\dinhh\.stmcufinder\plugins\mcufinder
2025-12-24 08:19:39,254 [INFO] DbMcusAds:125 - Set database path to: C:\Users\dinhh\.stmcufinder\plugins\mcufinder//mcu/
2025-12-24 08:19:39,254 [WARN] DbFile:41 - Overriding database path with different value: C:\Users\dinhh\.stmcufinder\plugins\mcufinder/ => C:\Users\dinhh\.stmcufinder\plugins\mcufinder
2025-12-24 08:19:39,254 [WARN] DbFile:41 - Overriding database path with different value: C:\Users\dinhh\.stmcufinder\plugins\mcufinder/ => C:\Users\dinhh\.stmcufinder\plugins\mcufinder
2025-12-24 08:19:39,254 [INFO] CrossReferenceDbSqlite:203 - Set database path to: C:\Users\dinhh\.stmcufinder\plugins\mcufinder//mcu/cs/
2025-12-24 08:19:39,316 [INFO] MainPanel:274 - HeapMemory: 268435456
2025-12-24 08:19:39,409 [INFO] DbMcusXml:78 - Set database path to: C:\ST\STM32CubeIDE_1.18.1\STM32CubeIDE\plugins\com.st.stm32cube.common.mx_6.15.0.202507011659\\db\/mcu/
2025-12-24 08:19:39,410 [INFO] ApiDb:274 - Set plugin database path to: C:\ST\STM32CubeIDE_1.18.1\STM32CubeIDE\plugins\com.st.stm32cube.common.mx_6.15.0.202507011659\\db\/plugins/boardmanager/
2025-12-24 08:19:39,410 [INFO] ApiDb:261 - Set plugin images path to: C:\ST\STM32CubeIDE_1.18.1\STM32CubeIDE\plugins\com.st.stm32cube.common.mx_6.15.0.202507011659\\db\/plugins/mcufinder/images/
2025-12-24 08:19:39,410 [WARN] DbFile:41 - Overriding database path with different value: C:\Users\dinhh\.stmcufinder\plugins\mcufinder/ => C:\Users\dinhh\.stmcufinder\plugins\mcufinder
2025-12-24 08:19:39,410 [INFO] ApiDb:250 - Set database path to: C:\Users\dinhh\.stmcufinder\plugins\mcufinder//mcu/
2025-12-24 08:19:39,410 [WARN] DbFile:41 - Overriding database path with different value: C:\Users\dinhh\.stmcufinder\plugins\mcufinder/ => C:\Users\dinhh\.stmcufinder\plugins\mcufinder
2025-12-24 08:19:39,410 [INFO] DbMcusAds:125 - Set database path to: C:\Users\dinhh\.stmcufinder\plugins\mcufinder//mcu/
2025-12-24 08:19:39,410 [WARN] DbFile:41 - Overriding database path with different value: C:\Users\dinhh\.stmcufinder\plugins\mcufinder/ => C:\Users\dinhh\.stmcufinder\plugins\mcufinder
2025-12-24 08:19:39,410 [WARN] DbFile:41 - Overriding database path with different value: C:\Users\dinhh\.stmcufinder\plugins\mcufinder/ => C:\Users\dinhh\.stmcufinder\plugins\mcufinder
2025-12-24 08:19:39,410 [INFO] CrossReferenceDbSqlite:203 - Set database path to: C:\Users\dinhh\.stmcufinder\plugins\mcufinder//mcu/cs/
2025-12-24 08:19:39,426 [INFO] ApplicationProperties:184 - Using Application install path: C:\ST\STM32CubeIDE_1.18.1\STM32CubeIDE\plugins\com.st.stm32cube.common.mx_6.15.0.202507011659
2025-12-24 08:19:39,427 [INFO] PluginManage:196 - Search for loadable plugins [exclusion list=, ]
2025-12-24 08:19:39,428 [INFO] PluginManage:310 - Check plugin analytics
2025-12-24 08:19:39,562 [INFO] AnalyticsPlugin:253 - Accepted Software Licenses: 
2025-12-24 08:19:39,562 [INFO] AnalyticsPlugin:255 - Accepted CMSIS Pack Licenses: 
2025-12-24 08:19:39,562 [INFO] AnalyticsPlugin:257 - Accepted Firmware Licenses: 
2025-12-24 08:19:39,564 [INFO] PluginManage:359 - Loaded plugin analytics (category:tool,tabindex:-1)
2025-12-24 08:19:39,565 [INFO] PluginManage:310 - Check plugin cadmodel
2025-12-24 08:19:39,570 [INFO] CADModel:105 - Init CAD model plugin
2025-12-24 08:19:39,570 [INFO] PluginManage:359 - Loaded plugin cadmodel (category:power,tabindex:5)
2025-12-24 08:19:39,570 [INFO] PluginManage:310 - Check plugin clock
2025-12-24 08:19:39,579 [INFO] PluginManage:359 - Loaded plugin clock (category:base,tabindex:2)
2025-12-24 08:19:39,579 [INFO] PluginManage:310 - Check plugin ddr
2025-12-24 08:19:39,581 [INFO] PluginManage:359 - Loaded plugin ddr (category:tool,tabindex:6)
2025-12-24 08:19:39,582 [INFO] PluginManage:310 - Check plugin filemanager
2025-12-24 08:19:39,708 [INFO] PluginManage:359 - Loaded plugin filemanager (category:base,tabindex:10)
2025-12-24 08:19:39,709 [INFO] PluginManage:310 - Check plugin ipmanager
2025-12-24 08:19:39,721 [INFO] PluginManage:359 - Loaded plugin ipmanager (category:base,tabindex:5)
2025-12-24 08:19:39,721 [INFO] PluginManage:310 - Check plugin lpbam
2025-12-24 08:19:39,729 [INFO] PluginManage:359 - Loaded plugin lpbam (category:base,tabindex:0)
2025-12-24 08:19:39,729 [INFO] PluginManage:310 - Check plugin memorymap
2025-12-24 08:19:39,743 [INFO] PluginManage:359 - Loaded plugin memorymap (category:base,tabindex:4)
2025-12-24 08:19:39,743 [INFO] PluginManage:310 - Check plugin pinoutandconfiguration
2025-12-24 08:19:39,750 [INFO] PluginManage:359 - Loaded plugin pinoutandconfiguration (category:base,tabindex:1)
2025-12-24 08:19:39,750 [INFO] PluginManage:310 - Check plugin pinoutconfig
2025-12-24 08:19:39,826 [WARN] SupportedApi:132 - Cannot load RTOS API schema: s4s-elt-must-match.1: The content of 'definitions' must match (annotation?, (simpleType | complexType)?, (unique | key | keyref)*)). A problem was found starting at: attribute.
2025-12-24 08:19:39,958 [INFO] PluginManage:359 - Loaded plugin pinoutconfig (category:base,tabindex:0)
2025-12-24 08:19:39,959 [INFO] PluginManage:310 - Check plugin power
2025-12-24 08:19:39,969 [INFO] PluginManage:359 - Loaded plugin power (category:power,tabindex:4)
2025-12-24 08:19:39,969 [INFO] PluginManage:310 - Check plugin projectmanager
2025-12-24 08:19:39,983 [INFO] PluginManage:359 - Loaded plugin projectmanager (category:projectmanager,tabindex:4)
2025-12-24 08:19:39,983 [INFO] PluginManage:310 - Check plugin rif
2025-12-24 08:19:39,992 [INFO] PluginManage:359 - Loaded plugin rif (category:base,tabindex:3)
2025-12-24 08:19:39,992 [INFO] PluginManage:310 - Check plugin thirdparty
2025-12-24 08:19:40,112 [INFO] PluginManage:359 - Loaded plugin thirdparty (category:base,tabindex:-1)
2025-12-24 08:19:40,112 [WARN] IntegrityCheckThread:84 - waiting for thirdparty lock release [integrity check]
2025-12-24 08:19:40,112 [INFO] PluginManage:310 - Check plugin tools
2025-12-24 08:19:40,112 [INFO] IntegrityCheckThread:86 - entering critical section [integrity check]
2025-12-24 08:19:40,112 [INFO] ThirdPartyUpdaterWithRetryManager:70 - Updater plugin not ready yet. [1/15]
2025-12-24 08:19:40,115 [INFO] PluginManage:359 - Loaded plugin tools (category:base,tabindex:7)
2025-12-24 08:19:40,115 [INFO] PluginManage:310 - Check plugin tutovideos
2025-12-24 08:19:40,297 [INFO] PluginManage:359 - Loaded plugin tutovideos (category:base,tabindex:-1)
2025-12-24 08:19:40,297 [INFO] PluginManage:310 - Check plugin updater
2025-12-24 08:19:40,316 [INFO] PluginManage:359 - Loaded plugin updater (category:base,tabindex:12)
2025-12-24 08:19:40,316 [INFO] PluginManage:310 - Check plugin userauth
2025-12-24 08:19:40,320 [INFO] UserAuth:118 - Init User Auth plugin
2025-12-24 08:19:40,321 [INFO] PluginManage:359 - Loaded plugin userauth (category:base,tabindex:14)
2025-12-24 08:19:40,321 [INFO] PluginManage:283 - PluginManage : Loaded plugins [18]
2025-12-24 08:19:40,509 [INFO] PinOutPanel:1589 - setPackage(No Configuration,No Configuration)
2025-12-24 08:19:40,581 [INFO] CADModel:165 - CPN selected for project level
2025-12-24 08:19:40,582 [INFO] CADModel:114 - Register for checkConnection events
2025-12-24 08:19:40,600 [INFO] IPUIPlugin:80 - create IPUIPlugin
2025-12-24 08:19:40,600 [INFO] PluginManager:220 - loadIPPluginJar : add adc
2025-12-24 08:19:40,604 [INFO] IPUIPlugin:80 - create IPUIPlugin
2025-12-24 08:19:40,604 [INFO] PluginManager:220 - loadIPPluginJar : add aes
2025-12-24 08:19:40,607 [INFO] IPUIPlugin:80 - create IPUIPlugin
2025-12-24 08:19:40,607 [INFO] PluginManager:220 - loadIPPluginJar : add can
2025-12-24 08:19:40,609 [INFO] IPUIPlugin:80 - create IPUIPlugin
2025-12-24 08:19:40,609 [INFO] PluginManager:220 - loadIPPluginJar : add comp
2025-12-24 08:19:40,611 [INFO] IPUIPlugin:80 - create IPUIPlugin
2025-12-24 08:19:40,612 [INFO] PluginManager:220 - loadIPPluginJar : add cryp
2025-12-24 08:19:40,615 [INFO] IPUIPlugin:80 - create IPUIPlugin
2025-12-24 08:19:40,615 [INFO] PluginManager:220 - loadIPPluginJar : add ddr_ctrl_phy
2025-12-24 08:19:40,618 [INFO] IPUIPlugin:80 - create IPUIPlugin
2025-12-24 08:19:40,618 [INFO] PluginManager:220 - loadIPPluginJar : add dfsdm
2025-12-24 08:19:40,623 [INFO] IPUIPlugin:80 - create IPUIPlugin
2025-12-24 08:19:40,623 [INFO] PluginManager:220 - loadIPPluginJar : add dma
2025-12-24 08:19:40,626 [INFO] IPUIPlugin:80 - create IPUIPlugin
2025-12-24 08:19:40,626 [INFO] PluginManager:220 - loadIPPluginJar : add dma3
2025-12-24 08:19:40,629 [INFO] IPUIPlugin:80 - create IPUIPlugin
2025-12-24 08:19:40,629 [INFO] PluginManager:220 - loadIPPluginJar : add extmemmanager
2025-12-24 08:19:40,631 [INFO] IPUIPlugin:80 - create IPUIPlugin
2025-12-24 08:19:40,631 [INFO] PluginManager:220 - loadIPPluginJar : add fatfs
2025-12-24 08:19:40,636 [INFO] IPUIPlugin:80 - create IPUIPlugin
2025-12-24 08:19:40,636 [INFO] PluginManager:220 - loadIPPluginJar : add fmc
2025-12-24 08:19:40,642 [INFO] IPUIPlugin:80 - create IPUIPlugin
2025-12-24 08:19:40,642 [INFO] PluginManager:220 - loadIPPluginJar : add freertos
2025-12-24 08:19:40,644 [INFO] IPUIPlugin:80 - create IPUIPlugin
2025-12-24 08:19:40,644 [INFO] PluginManager:220 - loadIPPluginJar : add genericplugin
2025-12-24 08:19:40,646 [INFO] IPUIPlugin:80 - create IPUIPlugin
2025-12-24 08:19:40,646 [INFO] PluginManager:220 - loadIPPluginJar : add gfxmmu
2025-12-24 08:19:40,650 [INFO] IPUIPlugin:80 - create IPUIPlugin
2025-12-24 08:19:40,650 [INFO] PluginManager:220 - loadIPPluginJar : add gic
2025-12-24 08:19:40,654 [INFO] IPUIPlugin:80 - create IPUIPlugin
2025-12-24 08:19:40,654 [INFO] PluginManager:220 - loadIPPluginJar : add gpio
2025-12-24 08:19:40,656 [INFO] IPUIPlugin:80 - create IPUIPlugin
2025-12-24 08:19:40,656 [INFO] PluginManager:220 - loadIPPluginJar : add gtzc
2025-12-24 08:19:40,658 [INFO] IPUIPlugin:80 - create IPUIPlugin
2025-12-24 08:19:40,659 [INFO] PluginManager:220 - loadIPPluginJar : add hash
2025-12-24 08:19:40,661 [INFO] IPUIPlugin:80 - create IPUIPlugin
2025-12-24 08:19:40,662 [INFO] PluginManager:220 - loadIPPluginJar : add i2c
2025-12-24 08:19:40,664 [INFO] IPUIPlugin:80 - create IPUIPlugin
2025-12-24 08:19:40,664 [INFO] PluginManager:220 - loadIPPluginJar : add i2s
2025-12-24 08:19:40,667 [INFO] IPUIPlugin:80 - create IPUIPlugin
2025-12-24 08:19:40,667 [INFO] PluginManager:220 - loadIPPluginJar : add i3c
2025-12-24 08:19:40,670 [INFO] IPUIPlugin:80 - create IPUIPlugin
2025-12-24 08:19:40,670 [INFO] PluginManager:220 - loadIPPluginJar : add ipddr
2025-12-24 08:19:40,676 [INFO] IPUIPlugin:80 - create IPUIPlugin
2025-12-24 08:19:40,676 [INFO] PluginManager:220 - loadIPPluginJar : add linkedlist
2025-12-24 08:19:40,680 [INFO] IPUIPlugin:80 - create IPUIPlugin
2025-12-24 08:19:40,680 [INFO] PluginManager:220 - loadIPPluginJar : add lorawan
2025-12-24 08:19:40,682 [INFO] IPUIPlugin:80 - create IPUIPlugin
2025-12-24 08:19:40,682 [INFO] PluginManager:220 - loadIPPluginJar : add ltdc
2025-12-24 08:19:40,688 [INFO] IPUIPlugin:80 - create IPUIPlugin
2025-12-24 08:19:40,688 [INFO] PluginManager:220 - loadIPPluginJar : add mdma
2025-12-24 08:19:40,691 [INFO] IPUIPlugin:80 - create IPUIPlugin
2025-12-24 08:19:40,691 [INFO] PluginManager:220 - loadIPPluginJar : add nvic
2025-12-24 08:19:40,694 [INFO] IPUIPlugin:80 - create IPUIPlugin
2025-12-24 08:19:40,694 [INFO] PluginManager:220 - loadIPPluginJar : add opamp
2025-12-24 08:19:40,696 [INFO] IPUIPlugin:80 - create IPUIPlugin
2025-12-24 08:19:40,696 [INFO] PluginManager:220 - loadIPPluginJar : add openamp
2025-12-24 08:19:40,700 [INFO] IPUIPlugin:80 - create IPUIPlugin
2025-12-24 08:19:40,700 [INFO] PluginManager:220 - loadIPPluginJar : add pdm2pcm
2025-12-24 08:19:40,705 [INFO] IPUIPlugin:80 - create IPUIPlugin
2025-12-24 08:19:40,707 [INFO] PluginManager:220 - loadIPPluginJar : add plateformsettings
2025-12-24 08:19:40,708 [INFO] IPUIPlugin:80 - create IPUIPlugin
2025-12-24 08:19:40,708 [INFO] PluginManager:220 - loadIPPluginJar : add quadspi
2025-12-24 08:19:40,710 [INFO] IPUIPlugin:80 - create IPUIPlugin
2025-12-24 08:19:40,711 [INFO] PluginManager:220 - loadIPPluginJar : add radio
2025-12-24 08:19:40,714 [INFO] IPUIPlugin:80 - create IPUIPlugin
2025-12-24 08:19:40,714 [INFO] PluginManager:220 - loadIPPluginJar : add resmgrutility
2025-12-24 08:19:40,717 [INFO] IPUIPlugin:80 - create IPUIPlugin
2025-12-24 08:19:40,717 [INFO] PluginManager:220 - loadIPPluginJar : add sai
2025-12-24 08:19:40,719 [INFO] IPUIPlugin:80 - create IPUIPlugin
2025-12-24 08:19:40,719 [INFO] PluginManager:220 - loadIPPluginJar : add spi
2025-12-24 08:19:40,724 [INFO] IPUIPlugin:80 - create IPUIPlugin
2025-12-24 08:19:40,724 [INFO] PluginManager:220 - loadIPPluginJar : add stm32_wpan
2025-12-24 08:19:40,726 [INFO] IPUIPlugin:80 - create IPUIPlugin
2025-12-24 08:19:40,726 [INFO] PluginManager:220 - loadIPPluginJar : add tim
2025-12-24 08:19:40,729 [INFO] IPUIPlugin:80 - create IPUIPlugin
2025-12-24 08:19:40,729 [INFO] PluginManager:220 - loadIPPluginJar : add touchsensing
2025-12-24 08:19:40,730 [INFO] IPUIPlugin:80 - create IPUIPlugin
2025-12-24 08:19:40,730 [INFO] PluginManager:220 - loadIPPluginJar : add tracer_emb
2025-12-24 08:19:40,732 [INFO] IPUIPlugin:80 - create IPUIPlugin
2025-12-24 08:19:40,732 [INFO] PluginManager:220 - loadIPPluginJar : add ts
2025-12-24 08:19:40,733 [INFO] IPUIPlugin:80 - create IPUIPlugin
2025-12-24 08:19:40,734 [INFO] PluginManager:220 - loadIPPluginJar : add tsc
2025-12-24 08:19:40,735 [INFO] IPUIPlugin:80 - create IPUIPlugin
2025-12-24 08:19:40,735 [INFO] PluginManager:220 - loadIPPluginJar : add ucpd
2025-12-24 08:19:40,737 [INFO] IPUIPlugin:80 - create IPUIPlugin
2025-12-24 08:19:40,737 [INFO] PluginManager:220 - loadIPPluginJar : add usart
2025-12-24 08:19:40,740 [INFO] IPUIPlugin:80 - create IPUIPlugin
2025-12-24 08:19:40,740 [INFO] PluginManager:220 - loadIPPluginJar : add usbx
2025-12-24 08:19:40,859 [FATAL] Updater:351 - Updater called before beeing initialized
2025-12-24 08:19:40,884 [INFO] RulesReader:64 - Compatibility file has been processed (317 Rules)
2025-12-24 08:19:40,892 [INFO] RulesReader:64 - Compatibility file has been processed (317 Rules)
2025-12-24 08:19:40,898 [INFO] CADModel:165 - CPN selected for project level
2025-12-24 08:19:40,898 [INFO] CADModel:114 - Register for checkConnection events
2025-12-24 08:19:40,899 [FATAL] Updater:351 - Updater called before beeing initialized
2025-12-24 08:19:40,899 [ERROR] CADModel:125 - Updater not yet initialized, retry later 
2025-12-24 08:19:41,012 [FATAL] Updater:351 - Updater called before beeing initialized
2025-12-24 08:19:41,013 [INFO] CADModel:165 - CPN selected for project level
2025-12-24 08:19:41,013 [INFO] CADModel:114 - Register for checkConnection events
2025-12-24 08:19:41,013 [FATAL] Updater:351 - Updater called before beeing initialized
2025-12-24 08:19:41,013 [ERROR] CADModel:125 - Updater not yet initialized, retry later 
2025-12-24 08:19:41,016 [FATAL] Updater:351 - Updater called before beeing initialized
2025-12-24 08:19:41,100 [FATAL] Updater:351 - Updater called before beeing initialized
2025-12-24 08:19:41,104 [INFO] DbMcusAds:53 - JSON generation date=Mon Dec 08 21:28:09 ICT 2025 (1765204089858)
2025-12-24 08:19:41,104 [FATAL] Updater:351 - Updater called before beeing initialized
2025-12-24 08:19:41,135 [WARN] DetailPanel:346 - Failed to get advertising image, set to default
2025-12-24 08:19:41,219 [FATAL] Updater:351 - Updater called before beeing initialized
2025-12-24 08:19:41,233 [FATAL] Updater:351 - Updater called before beeing initialized
2025-12-24 08:19:41,234 [FATAL] Updater:351 - Updater called before beeing initialized
2025-12-24 08:19:41,234 [WARN] DetailPanel:346 - Failed to get advertising image, set to default
2025-12-24 08:19:41,235 [FATAL] Updater:351 - Updater called before beeing initialized
2025-12-24 08:19:41,278 [ERROR] Updater:1198 - MainUpdater not yet initialized. External WinMGr cannot be set.
2025-12-24 08:19:41,279 [INFO] Updater:1134 - Updater Version found : 6.15.0
2025-12-24 08:19:41,293 [INFO] ApplicationProperties:184 - Using Application install path: C:\ST\STM32CubeIDE_1.18.1\STM32CubeIDE\plugins\com.st.stm32cube.common.mx_6.15.0.202507011659
2025-12-24 08:19:42,866 [ERROR] LogOutputStream:75 - [STDERR_REDIRECT] Dec 24, 2025 8:19:42 AM java.util.prefs.WindowsPreferences <init>
2025-12-24 08:19:42,868 [ERROR] LogOutputStream:75 - [STDERR_REDIRECT] WARNING: Could not open/create prefs root node Software\JavaSoft\Prefs at root 0xffffffff80000002. Windows RegCreateKeyEx(...) returned error code 5.
2025-12-24 08:19:42,868 [ERROR] LogOutputStream:75 - [STDERR_REDIRECT] 
2025-12-24 08:19:43,113 [INFO] ThirdPartyUpdaterWithRetryManager:70 - Updater plugin not ready yet. [2/15]
2025-12-24 08:19:43,345 [INFO] MainUpdater:2872 - connection check result : 10
2025-12-24 08:19:43,346 [INFO] MainUpdater:289 - Updater Check For Update Now.
2025-12-24 08:19:43,346 [INFO] MicroXplorer:498 - Change Database Version : DB.6.0.150
2025-12-24 08:19:43,351 [INFO] McuFinderGlobals:63 - Set McuFinder mode to 2 (CubeIDE integrated)
2025-12-24 08:19:43,352 [INFO] UserAuth:487 - Internet connection configuration mode: 1
2025-12-24 08:19:43,368 [INFO] JxBrowserEngine:152 - Initiate JxBrowser Engine with user profile folder
2025-12-24 08:19:43,505 [INFO] CheckServerUpdateThread:120 - End of CheckServer Thread
2025-12-24 08:19:44,139 [INFO] WebApp:169 - Instantiating new browser for Auth
2025-12-24 08:19:44,834 [INFO] WebApp:463 - Apply proxy settings
2025-12-24 08:19:44,834 [INFO] WebApp:548 - Chromium requires no authentication
2025-12-24 08:19:44,850 [INFO] WebApp:491 - Direct internet connection detected
2025-12-24 08:19:44,886 [INFO] WebApp:900 - Register for checkConnection events
2025-12-24 08:19:44,886 [INFO] WebApp:463 - Apply proxy settings
2025-12-24 08:19:44,886 [INFO] WebApp:548 - Chromium requires no authentication
2025-12-24 08:19:44,887 [INFO] WebApp:491 - Direct internet connection detected
2025-12-24 08:19:45,064 [INFO] WebApp:225 - Starting web application
2025-12-24 08:19:45,064 [INFO] WebApp:593 - Web application path used C:\ST\STM32CubeIDE_1.18.1\STM32CubeIDE\plugins\com.st.stm32cube.common.mx_6.15.0.202507011659\db\plugins\mcufinder\reactClient1\index.html
2025-12-24 08:19:45,169 [INFO] WebApp:191 - Connection restablished
2025-12-24 08:19:45,197 [INFO] UserAuth:487 - Internet connection configuration mode: 1
2025-12-24 08:19:46,398 [WARN] PackLoader:240 - Cannot read IP mode file for STMicroelectronics.FP-SNS-MOTENVWB1.1.4.0
2025-12-24 08:19:46,407 [WARN] PackLoader:240 - Cannot read IP mode file for STMicroelectronics.FP-ATR-ASTRA1.2.0.2
2025-12-24 08:19:46,420 [WARN] PackLoader:240 - Cannot read IP mode file for STMicroelectronics.X-CUBE-SMBUS.2.1.0
2025-12-24 08:19:46,429 [WARN] PackLoader:240 - Cannot read IP mode file for STMicroelectronics.X-CUBE-ST60.1.0.0
2025-12-24 08:19:46,468 [WARN] PackLoader:240 - Cannot read IP mode file for STMicroelectronics.X-CUBE-AZRTOS-F7.1.1.0
2025-12-24 08:19:46,479 [WARN] PackLoader:240 - Cannot read IP mode file for STMicroelectronics.FP-SNS-MOTENV1.5.1.0
2025-12-24 08:19:46,508 [WARN] PackLoader:240 - Cannot read IP mode file for Infineon.AIROC-Wi-Fi-Bluetooth-STM32.1.7.0
2025-12-24 08:19:46,536 [WARN] PackLoader:240 - Cannot read IP mode file for STMicroelectronics.X-CUBE-AZRTOS-H7.3.4.0
2025-12-24 08:19:46,545 [WARN] PackLoader:240 - Cannot read IP mode file for STMicroelectronics.X-CUBE-DISPLAY.3.0.0
2025-12-24 08:19:46,560 [WARN] PackLoader:240 - Cannot read IP mode file for STMicroelectronics.X-CUBE-NFC10.1.0.0
2025-12-24 08:19:46,572 [WARN] PackLoader:240 - Cannot read IP mode file for STMicroelectronics.X-CUBE-BLEMGR.4.0.0
2025-12-24 08:19:46,579 [WARN] PackLoader:240 - Cannot read IP mode file for STMicroelectronics.X-CUBE-ST60.1.1.0
2025-12-24 08:19:46,588 [WARN] PackLoader:240 - Cannot read IP mode file for emotas.I-CUBE-CANOPEN.1.3.0
2025-12-24 08:19:46,593 [WARN] PackLoader:240 - Cannot read IP mode file for STMicroelectronics.X-CUBE-GNSS1.7.1.0
2025-12-24 08:19:46,601 [WARN] ConditionMgr:438 - getConditionDescription Invalid condition id : Cortex-A Device cause : null
2025-12-24 08:19:46,612 [WARN] ConditionMgr:1044 - genDependencies : Invalid condition id : Cortex-A Device cause : null
2025-12-24 08:19:46,613 [WARN] ConditionMgr:1044 - genDependencies : Invalid condition id : Cortex-A Device cause : null
2025-12-24 08:19:46,613 [WARN] ConditionMgr:1044 - genDependencies : Invalid condition id : Cortex-A Device cause : null
2025-12-24 08:19:46,618 [WARN] PackLoader:240 - Cannot read IP mode file for STMicroelectronics.X-CUBE-AI.10.0.0
2025-12-24 08:19:46,627 [WARN] PackLoader:240 - Cannot read IP mode file for STMicroelectronics.FP-SNS-STBOX1.2.1.0
2025-12-24 08:19:46,634 [WARN] PackLoader:240 - Cannot read IP mode file for STMicroelectronics.FP-SNS-SMARTAG2.1.2.0
2025-12-24 08:19:46,641 [WARN] PackLoader:240 - Cannot read IP mode file for STMicroelectronics.FP-SNS-FLIGHT1.5.1.0
2025-12-24 08:19:46,658 [INFO] LogOutputStream:77 - [STDOUT_REDIRECT] 1 : Invalid condition id : UX_CORESTACK_Condition cause : null
2025-12-24 08:19:46,659 [INFO] LogOutputStream:77 - [STDOUT_REDIRECT] 1 : Invalid condition id : UX_CORESTACK_Condition cause : null
2025-12-24 08:19:46,660 [INFO] LogOutputStream:77 - [STDOUT_REDIRECT] 1 : Invalid condition id : UX_CORESTACK_Condition cause : null
2025-12-24 08:19:46,661 [INFO] LogOutputStream:77 - [STDOUT_REDIRECT] 1 : Invalid condition id : UX_CORESTACK_Condition cause : null
2025-12-24 08:19:46,662 [INFO] LogOutputStream:77 - [STDOUT_REDIRECT] 1 : Invalid condition id : UX_CORESTACK_Condition cause : null
2025-12-24 08:19:46,664 [WARN] PackLoader:240 - Cannot read IP mode file for STMicroelectronics.X-CUBE-AZRTOS-WL.2.0.0
2025-12-24 08:19:46,670 [WARN] PackLoader:240 - Cannot read IP mode file for STMicroelectronics.FP-SNS-MOTENV1.5.0.0
2025-12-24 08:19:46,689 [WARN] PackLoader:240 - Cannot read IP mode file for STMicroelectronics.X-CUBE-AZRTOS-H7RS.1.2.0
2025-12-24 08:19:46,700 [WARN] PackLoader:240 - Cannot read IP mode file for WES.I-CUBE-Cesium.1.3.0
2025-12-24 08:19:46,707 [WARN] PackLoader:240 - Cannot read IP mode file for STMicroelectronics.X-CUBE-BLE2.3.3.0
2025-12-24 08:19:46,733 [WARN] PackLoader:240 - Cannot read IP mode file for STMicroelectronics.X-CUBE-NFC9.1.0.0
2025-12-24 08:19:46,740 [WARN] PackLoader:240 - Cannot read IP mode file for STMicroelectronics.X-CUBE-BLE1.7.1.0
2025-12-24 08:19:46,749 [WARN] PackLoader:240 - Cannot read IP mode file for wolfSSL.I-CUBE-wolfMQTT.1.19.2
2025-12-24 08:19:46,759 [WARN] PackLoader:240 - Cannot read IP mode file for STMicroelectronics.X-CUBE-FREERTOS.1.4.0
2025-12-24 08:19:46,770 [WARN] PackLoader:240 - Cannot read IP mode file for STMicroelectronics.X-CUBE-EEPRMA1.5.2.0
2025-12-24 08:19:46,793 [WARN] PackLoader:240 - Cannot read IP mode file for STMicroelectronics.X-CUBE-ST67W61.1.1.0
2025-12-24 08:19:46,796 [WARN] PackLoader:240 - Cannot read IP mode file for STMicroelectronics.X-CUBE-AI.10.1.0
2025-12-24 08:19:46,835 [WARN] PackLoader:240 - Cannot read IP mode file for STMicroelectronics.X-CUBE-MEMS1.12.0.0
2025-12-24 08:19:46,994 [WARN] PackLoader:240 - Cannot read IP mode file for STMicroelectronics.X-CUBE-MEMS1.11.2.0
2025-12-24 08:19:47,159 [WARN] PackLoader:240 - Cannot read IP mode file for STMicroelectronics.X-CUBE-AZRTOS-G0.1.1.0
2025-12-24 08:19:47,169 [WARN] PackLoader:240 - Cannot read IP mode file for STMicroelectronics.X-CUBE-SAFEA1.1.2.2
2025-12-24 08:19:47,176 [WARN] PackLoader:240 - Cannot read IP mode file for STMicroelectronics.X-CUBE-NFC4.3.0.0
2025-12-24 08:19:47,188 [WARN] PackLoader:240 - Cannot read IP mode file for EmbeddedOffice.I-CUBE-FS-RTOS.1.0.1
2025-12-24 08:19:47,195 [WARN] PackLoader:240 - Cannot read IP mode file for STMicroelectronics.X-CUBE-WB05N.2.0.0
2025-12-24 08:19:47,201 [WARN] PackLoader:240 - Cannot read IP mode file for wolfSSL.I-CUBE-wolfTPM.3.8.0
2025-12-24 08:19:47,206 [WARN] PackLoader:240 - Cannot read IP mode file for STMicroelectronics.X-CUBE-TCPP.4.2.0
2025-12-24 08:19:47,214 [WARN] PackLoader:240 - Cannot read IP mode file for RealThread.X-CUBE-RT-Thread_Nano.4.1.1
2025-12-24 08:19:47,219 [WARN] PackLoader:240 - Cannot read IP mode file for STMicroelectronics.FP-ATR-SIGFOX1.3.2.0
2025-12-24 08:19:47,225 [WARN] PackLoader:240 - Cannot read IP mode file for STMicroelectronics.X-CUBE-EEPRMA1.5.1.0
2025-12-24 08:19:47,232 [WARN] PackLoader:240 - Cannot read IP mode file for wolfSSL.I-CUBE-wolfSSL.5.7.6
2025-12-24 08:19:47,239 [WARN] PackLoader:240 - Cannot read IP mode file for ITTIA_DB.I-CUBE-ITTIADB.8.9.0
2025-12-24 08:19:47,245 [WARN] PackLoader:240 - Cannot read IP mode file for STMicroelectronics.X-CUBE-ST67W61.1.0.0
2025-12-24 08:19:47,250 [WARN] PackLoader:240 - Cannot read IP mode file for STMicroelectronics.X-CUBE-AI.10.2.0
2025-12-24 08:19:47,274 [WARN] PackLoader:240 - Cannot read IP mode file for SEGGER.I-CUBE-embOS.1.3.1
2025-12-24 08:19:47,306 [WARN] PackLoader:240 - Cannot read IP mode file for STMicroelectronics.X-CUBE-ALGOBUILD.1.4.0
2025-12-24 08:19:47,354 [WARN] PackLoader:240 - Cannot read IP mode file for STMicroelectronics.X-CUBE-MEMS1.11.3.0
2025-12-24 08:19:47,444 [WARN] PackLoader:240 - Cannot read IP mode file for STMicroelectronics.X-CUBE-PM33A1.1.0.0
2025-12-24 08:19:47,457 [WARN] PackLoader:240 - Cannot read IP mode file for STMicroelectronics.X-CUBE-AZRTOS-F4.1.1.0
2025-12-24 08:19:47,464 [WARN] PackLoader:240 - Cannot read IP mode file for Avnet-IotConnect.X-CUBE-IoTC-DA16k-PMOD.1.0.0
2025-12-24 08:19:47,468 [WARN] PackLoader:240 - Cannot read IP mode file for STMicroelectronics.X-CUBE-ISPU.2.1.0
2025-12-24 08:19:47,479 [WARN] PackLoader:240 - Cannot read IP mode file for STMicroelectronics.X-CUBE-IPS.3.2.0
2025-12-24 08:19:47,489 [WARN] PackLoader:240 - Cannot read IP mode file for STMicroelectronics.X-CUBE-NFC12.1.0.0
2025-12-24 08:19:47,502 [WARN] PackLoader:240 - Cannot read IP mode file for STMicroelectronics.X-CUBE-AZRTOS-L5.2.0.0
2025-12-24 08:19:47,510 [WARN] PackLoader:240 - Cannot read IP mode file for STMicroelectronics.X-CUBE-NFC6.3.1.0
2025-12-24 08:19:47,516 [WARN] PackLoader:240 - Cannot read IP mode file for STMicroelectronics.X-CUBE-FREERTOS.1.3.1
2025-12-24 08:19:47,521 [WARN] PackLoader:240 - Cannot read IP mode file for STMicroelectronics.X-CUBE-FREERTOS.1.3.0
2025-12-24 08:19:47,525 [WARN] PackLoader:240 - Cannot read IP mode file for STMicroelectronics.X-CUBE-NFC7.1.0.1
2025-12-24 08:19:47,532 [WARN] PackLoader:240 - Cannot read IP mode file for STMicroelectronics.X-CUBE-TOUCHGFX.4.26.0
2025-12-24 08:19:47,537 [WARN] PackLoader:240 - Cannot read IP mode file for STMicroelectronics.FP-SNS-STAIOTCFT.1.0.0
2025-12-24 08:19:47,541 [WARN] PackLoader:240 - Cannot read IP mode file for STMicroelectronics.X-CUBE-DPower.1.3.0
2025-12-24 08:19:47,553 [WARN] ConditionMgr:438 - getConditionDescription Invalid condition id : LAN8742 Phy interface Condition cause : null
2025-12-24 08:19:47,553 [WARN] PackLoader:240 - Cannot read IP mode file for STMicroelectronics.X-CUBE-AZRTOS-L4.2.0.0
2025-12-24 08:19:47,554 [WARN] ConditionMgr:1044 - genDependencies : Invalid condition id : LAN8742 Phy interface Condition cause : null
2025-12-24 08:19:47,554 [WARN] ConditionMgr:1044 - genDependencies : Invalid condition id : LAN8742 Phy interface Condition cause : null
2025-12-24 08:19:47,555 [WARN] ConditionMgr:1044 - genDependencies : Invalid condition id : LAN8742 Phy interface Condition cause : null
2025-12-24 08:19:47,560 [WARN] PackLoader:240 - Cannot read IP mode file for STMicroelectronics.X-CUBE-SFXS2LP1.4.0.0
2025-12-24 08:19:47,573 [WARN] PackLoader:240 - Cannot read IP mode file for STMicroelectronics.X-CUBE-AZRTOS-H7.3.3.0
2025-12-24 08:19:47,582 [WARN] PackLoader:240 - Cannot read IP mode file for STMicroelectronics.X-CUBE-BLEMGR.4.1.0
2025-12-24 08:19:47,592 [WARN] ConditionMgr:438 - getConditionDescription Invalid condition id : UX DEVICE CLASS RTOS Condition cause : null
2025-12-24 08:19:47,593 [WARN] ConditionMgr:438 - getConditionDescription Invalid condition id : UX DEVICE CLASS RTOS Condition cause : null
2025-12-24 08:19:47,594 [WARN] PackLoader:240 - Cannot read IP mode file for STMicroelectronics.X-CUBE-AZRTOS-WB.2.0.0
2025-12-24 08:19:47,595 [WARN] ConditionMgr:1044 - genDependencies : Invalid condition id : UX DEVICE CLASS RTOS Condition cause : null
2025-12-24 08:19:47,595 [WARN] ConditionMgr:1044 - genDependencies : Invalid condition id : UX DEVICE CLASS RTOS Condition cause : null
2025-12-24 08:19:47,595 [WARN] ConditionMgr:1044 - genDependencies : Invalid condition id : UX DEVICE CLASS RTOS Condition cause : null
2025-12-24 08:19:47,596 [WARN] ConditionMgr:1044 - genDependencies : Invalid condition id : UX DEVICE CLASS RTOS Condition cause : null
2025-12-24 08:19:47,596 [WARN] ConditionMgr:1044 - genDependencies : Invalid condition id : UX DEVICE CLASS RTOS Condition cause : null
2025-12-24 08:19:47,600 [WARN] PackLoader:240 - Cannot read IP mode file for STMicroelectronics.X-CUBE-GNSS1.7.0.1
2025-12-24 08:19:47,604 [WARN] PackLoader:240 - Cannot read IP mode file for STMicroelectronics.X-CUBE-TOUCHGFX.4.25.0
2025-12-24 08:19:47,608 [WARN] PackLoader:240 - Cannot read IP mode file for STMicroelectronics.FP-SNS-STBOX1.2.0.0
2025-12-24 08:19:47,624 [WARN] PackLoader:240 - Cannot read IP mode file for STMicroelectronics.X-CUBE-SUBG2.5.0.0
2025-12-24 08:19:47,644 [WARN] PackLoader:240 - Cannot read IP mode file for STMicroelectronics.X-CUBE-AZRTOS-H7RS.1.1.0
2025-12-24 08:19:47,653 [WARN] PackLoader:240 - Cannot read IP mode file for Cesanta.I-CUBE-Mongoose.7.13.0
2025-12-24 08:19:47,668 [WARN] PackLoader:240 - Cannot read IP mode file for STMicroelectronics.X-CUBE-AZRTOS-G4.2.0.0
2025-12-24 08:19:47,676 [WARN] PackLoader:240 - Cannot read IP mode file for wolfSSL.I-CUBE-wolfSSH.1.4.20
2025-12-24 08:19:47,680 [WARN] PackLoader:240 - Cannot read IP mode file for STMicroelectronics.X-CUBE-NFC7.2.0.0
2025-12-24 08:19:47,690 [WARN] PackLoader:240 - Cannot read IP mode file for STMicroelectronics.X-CUBE-IPS.3.1.0
2025-12-24 08:19:47,712 [WARN] PackLoader:240 - Cannot read IP mode file for STMicroelectronics.X-CUBE-ALS.1.0.2
2025-12-24 08:19:47,720 [WARN] PackLoader:240 - Cannot read IP mode file for STMicroelectronics.X-CUBE-STSE01.1.0.0
2025-12-24 08:19:47,728 [WARN] PackLoader:240 - Cannot read IP mode file for portGmbH.I-Cube-SoM-uGOAL.1.1.0
2025-12-24 08:19:47,738 [WARN] PackLoader:240 - Cannot read IP mode file for STMicroelectronics.X-CUBE-TOF1.3.4.3
2025-12-24 08:19:47,745 [INFO] ThirdParty:978 - Integrity check success = true
2025-12-24 08:19:47,745 [INFO] IntegrityCheckThread:100 - exiting critical section [integrity check]
2025-12-24 08:19:47,745 [INFO] IntegrityCheckThread:103 - End integrity checks thread
2025-12-24 09:52:41,611 [INFO] WebApp:194 - Connection lost
2025-12-24 09:52:41,784 [INFO] WebApp:191 - Connection restablished
2025-12-24 09:52:46,757 [INFO] WebApp:194 - Connection lost
2025-12-24 09:52:46,886 [INFO] WebApp:191 - Connection restablished
2025-12-24 09:53:06,088 [ERROR] LogOutputStream:75 - [STDERR_REDIRECT] 
