2025-12-11 17:37:23,172 [INFO] Activator:176 - 


2025-12-11 17:37:23,178 [INFO] Activator:177 - !SESSION log4j initialized
2025-12-11 17:37:28,616 [INFO] LogOutputStream:77 - [STDOUT_REDIRECT] 
2025-12-11 17:37:29,903 [INFO] ApplicationProperties:184 - Using Application install path: C:\ST\STM32CubeIDE_1.18.1\STM32CubeIDE\plugins\com.st.stm32cube.common.mx_6.15.0.202507011659
2025-12-11 17:37:29,921 [INFO] DbMcusXml:78 - Set database path to: C:\ST\STM32CubeIDE_1.18.1\STM32CubeIDE\plugins\com.st.stm32cube.common.mx_6.15.0.202507011659\\db\/mcu/
2025-12-11 17:37:29,921 [INFO] ApiDb:274 - Set plugin database path to: C:\ST\STM32CubeIDE_1.18.1\STM32CubeIDE\plugins\com.st.stm32cube.common.mx_6.15.0.202507011659\\db\/plugins/boardmanager/
2025-12-11 17:37:29,931 [WARN] ApiDb:259 - Overriding images path with different value:  => C:\ST\STM32CubeIDE_1.18.1\STM32CubeIDE\plugins\com.st.stm32cube.common.mx_6.15.0.202507011659\\db\/plugins/mcufinder/images/
2025-12-11 17:37:29,938 [INFO] ApiDb:250 - Set database path to: C:\Users\dinhh\.stmcufinder\plugins\mcufinder//mcu/
2025-12-11 17:37:29,939 [INFO] DbMcusAds:125 - Set database path to: C:\Users\dinhh\.stmcufinder\plugins\mcufinder//mcu/
2025-12-11 17:37:29,942 [INFO] CrossReferenceDbSqlite:203 - Set database path to: C:\Users\dinhh\.stmcufinder\plugins\mcufinder//mcu/cs/
2025-12-11 17:37:30,041 [INFO] RulesReader:64 - Compatibility file has been processed (317 Rules)
2025-12-11 17:37:30,119 [INFO] DbMcusXml:78 - Set database path to: C:\ST\STM32CubeIDE_1.18.1\STM32CubeIDE\plugins\com.st.stm32cube.common.mx_6.15.0.202507011659\\db\/mcu/
2025-12-11 17:37:30,120 [INFO] ApiDb:274 - Set plugin database path to: C:\ST\STM32CubeIDE_1.18.1\STM32CubeIDE\plugins\com.st.stm32cube.common.mx_6.15.0.202507011659\\db\/plugins/boardmanager/
2025-12-11 17:37:30,120 [INFO] ApiDb:261 - Set plugin images path to: C:\ST\STM32CubeIDE_1.18.1\STM32CubeIDE\plugins\com.st.stm32cube.common.mx_6.15.0.202507011659\\db\/plugins/mcufinder/images/
2025-12-11 17:37:30,120 [WARN] DbFile:41 - Overriding database path with different value: C:\Users\dinhh\.stmcufinder\plugins\mcufinder/ => C:\Users\dinhh\.stmcufinder\plugins\mcufinder
2025-12-11 17:37:30,120 [INFO] ApiDb:250 - Set database path to: C:\Users\dinhh\.stmcufinder\plugins\mcufinder//mcu/
2025-12-11 17:37:30,120 [WARN] DbFile:41 - Overriding database path with different value: C:\Users\dinhh\.stmcufinder\plugins\mcufinder/ => C:\Users\dinhh\.stmcufinder\plugins\mcufinder
2025-12-11 17:37:30,120 [INFO] DbMcusAds:125 - Set database path to: C:\Users\dinhh\.stmcufinder\plugins\mcufinder//mcu/
2025-12-11 17:37:30,120 [WARN] DbFile:41 - Overriding database path with different value: C:\Users\dinhh\.stmcufinder\plugins\mcufinder/ => C:\Users\dinhh\.stmcufinder\plugins\mcufinder
2025-12-11 17:37:30,120 [WARN] DbFile:41 - Overriding database path with different value: C:\Users\dinhh\.stmcufinder\plugins\mcufinder/ => C:\Users\dinhh\.stmcufinder\plugins\mcufinder
2025-12-11 17:37:30,120 [INFO] CrossReferenceDbSqlite:203 - Set database path to: C:\Users\dinhh\.stmcufinder\plugins\mcufinder//mcu/cs/
2025-12-11 17:37:30,190 [INFO] MainPanel:274 - HeapMemory: 268435456
2025-12-11 17:37:30,293 [INFO] DbMcusXml:78 - Set database path to: C:\ST\STM32CubeIDE_1.18.1\STM32CubeIDE\plugins\com.st.stm32cube.common.mx_6.15.0.202507011659\\db\/mcu/
2025-12-11 17:37:30,293 [INFO] ApiDb:274 - Set plugin database path to: C:\ST\STM32CubeIDE_1.18.1\STM32CubeIDE\plugins\com.st.stm32cube.common.mx_6.15.0.202507011659\\db\/plugins/boardmanager/
2025-12-11 17:37:30,293 [INFO] ApiDb:261 - Set plugin images path to: C:\ST\STM32CubeIDE_1.18.1\STM32CubeIDE\plugins\com.st.stm32cube.common.mx_6.15.0.202507011659\\db\/plugins/mcufinder/images/
2025-12-11 17:37:30,293 [WARN] DbFile:41 - Overriding database path with different value: C:\Users\dinhh\.stmcufinder\plugins\mcufinder/ => C:\Users\dinhh\.stmcufinder\plugins\mcufinder
2025-12-11 17:37:30,293 [INFO] ApiDb:250 - Set database path to: C:\Users\dinhh\.stmcufinder\plugins\mcufinder//mcu/
2025-12-11 17:37:30,293 [WARN] DbFile:41 - Overriding database path with different value: C:\Users\dinhh\.stmcufinder\plugins\mcufinder/ => C:\Users\dinhh\.stmcufinder\plugins\mcufinder
2025-12-11 17:37:30,293 [INFO] DbMcusAds:125 - Set database path to: C:\Users\dinhh\.stmcufinder\plugins\mcufinder//mcu/
2025-12-11 17:37:30,293 [WARN] DbFile:41 - Overriding database path with different value: C:\Users\dinhh\.stmcufinder\plugins\mcufinder/ => C:\Users\dinhh\.stmcufinder\plugins\mcufinder
2025-12-11 17:37:30,293 [WARN] DbFile:41 - Overriding database path with different value: C:\Users\dinhh\.stmcufinder\plugins\mcufinder/ => C:\Users\dinhh\.stmcufinder\plugins\mcufinder
2025-12-11 17:37:30,294 [INFO] CrossReferenceDbSqlite:203 - Set database path to: C:\Users\dinhh\.stmcufinder\plugins\mcufinder//mcu/cs/
2025-12-11 17:37:30,310 [INFO] ApplicationProperties:184 - Using Application install path: C:\ST\STM32CubeIDE_1.18.1\STM32CubeIDE\plugins\com.st.stm32cube.common.mx_6.15.0.202507011659
2025-12-11 17:37:30,311 [INFO] PluginManage:196 - Search for loadable plugins [exclusion list=, ]
2025-12-11 17:37:30,312 [INFO] PluginManage:310 - Check plugin analytics
2025-12-11 17:37:30,464 [INFO] AnalyticsPlugin:253 - Accepted Software Licenses: 
2025-12-11 17:37:30,464 [INFO] AnalyticsPlugin:255 - Accepted CMSIS Pack Licenses: 
2025-12-11 17:37:30,464 [INFO] AnalyticsPlugin:257 - Accepted Firmware Licenses: 
2025-12-11 17:37:30,466 [INFO] PluginManage:359 - Loaded plugin analytics (category:tool,tabindex:-1)
2025-12-11 17:37:30,466 [INFO] PluginManage:310 - Check plugin cadmodel
2025-12-11 17:37:30,471 [INFO] CADModel:105 - Init CAD model plugin
2025-12-11 17:37:30,471 [INFO] PluginManage:359 - Loaded plugin cadmodel (category:power,tabindex:5)
2025-12-11 17:37:30,471 [INFO] PluginManage:310 - Check plugin clock
2025-12-11 17:37:30,481 [INFO] PluginManage:359 - Loaded plugin clock (category:base,tabindex:2)
2025-12-11 17:37:30,482 [INFO] PluginManage:310 - Check plugin ddr
2025-12-11 17:37:30,484 [INFO] PluginManage:359 - Loaded plugin ddr (category:tool,tabindex:6)
2025-12-11 17:37:30,484 [INFO] PluginManage:310 - Check plugin filemanager
2025-12-11 17:37:30,626 [INFO] PluginManage:359 - Loaded plugin filemanager (category:base,tabindex:10)
2025-12-11 17:37:30,626 [INFO] PluginManage:310 - Check plugin ipmanager
2025-12-11 17:37:30,633 [INFO] PluginManage:359 - Loaded plugin ipmanager (category:base,tabindex:5)
2025-12-11 17:37:30,633 [INFO] PluginManage:310 - Check plugin lpbam
2025-12-11 17:37:30,640 [INFO] PluginManage:359 - Loaded plugin lpbam (category:base,tabindex:0)
2025-12-11 17:37:30,640 [INFO] PluginManage:310 - Check plugin memorymap
2025-12-11 17:37:30,653 [INFO] PluginManage:359 - Loaded plugin memorymap (category:base,tabindex:4)
2025-12-11 17:37:30,654 [INFO] PluginManage:310 - Check plugin pinoutandconfiguration
2025-12-11 17:37:30,663 [INFO] PluginManage:359 - Loaded plugin pinoutandconfiguration (category:base,tabindex:1)
2025-12-11 17:37:30,663 [INFO] PluginManage:310 - Check plugin pinoutconfig
2025-12-11 17:37:30,763 [WARN] SupportedApi:132 - Cannot load RTOS API schema: s4s-elt-must-match.1: The content of 'definitions' must match (annotation?, (simpleType | complexType)?, (unique | key | keyref)*)). A problem was found starting at: attribute.
2025-12-11 17:37:30,902 [INFO] PluginManage:359 - Loaded plugin pinoutconfig (category:base,tabindex:0)
2025-12-11 17:37:30,902 [INFO] PluginManage:310 - Check plugin power
2025-12-11 17:37:30,912 [INFO] PluginManage:359 - Loaded plugin power (category:power,tabindex:4)
2025-12-11 17:37:30,912 [INFO] PluginManage:310 - Check plugin projectmanager
2025-12-11 17:37:30,926 [INFO] PluginManage:359 - Loaded plugin projectmanager (category:projectmanager,tabindex:4)
2025-12-11 17:37:30,926 [INFO] PluginManage:310 - Check plugin rif
2025-12-11 17:37:30,936 [INFO] PluginManage:359 - Loaded plugin rif (category:base,tabindex:3)
2025-12-11 17:37:30,936 [INFO] PluginManage:310 - Check plugin thirdparty
2025-12-11 17:37:31,071 [INFO] PluginManage:359 - Loaded plugin thirdparty (category:base,tabindex:-1)
2025-12-11 17:37:31,071 [WARN] IntegrityCheckThread:84 - waiting for thirdparty lock release [integrity check]
2025-12-11 17:37:31,072 [INFO] IntegrityCheckThread:86 - entering critical section [integrity check]
2025-12-11 17:37:31,072 [INFO] PluginManage:310 - Check plugin tools
2025-12-11 17:37:31,072 [INFO] ThirdPartyUpdaterWithRetryManager:70 - Updater plugin not ready yet. [1/15]
2025-12-11 17:37:31,075 [INFO] PluginManage:359 - Loaded plugin tools (category:base,tabindex:7)
2025-12-11 17:37:31,075 [INFO] PluginManage:310 - Check plugin tutovideos
2025-12-11 17:37:31,269 [INFO] PluginManage:359 - Loaded plugin tutovideos (category:base,tabindex:-1)
2025-12-11 17:37:31,269 [INFO] PluginManage:310 - Check plugin updater
2025-12-11 17:37:31,289 [INFO] PluginManage:359 - Loaded plugin updater (category:base,tabindex:12)
2025-12-11 17:37:31,290 [INFO] PluginManage:310 - Check plugin userauth
2025-12-11 17:37:31,293 [INFO] UserAuth:118 - Init User Auth plugin
2025-12-11 17:37:31,294 [INFO] PluginManage:359 - Loaded plugin userauth (category:base,tabindex:14)
2025-12-11 17:37:31,294 [INFO] PluginManage:283 - PluginManage : Loaded plugins [18]
2025-12-11 17:37:31,491 [INFO] PinOutPanel:1589 - setPackage(No Configuration,No Configuration)
2025-12-11 17:37:31,568 [INFO] CADModel:165 - CPN selected for project level
2025-12-11 17:37:31,568 [INFO] CADModel:114 - Register for checkConnection events
2025-12-11 17:37:31,584 [INFO] IPUIPlugin:80 - create IPUIPlugin
2025-12-11 17:37:31,584 [INFO] PluginManager:220 - loadIPPluginJar : add adc
2025-12-11 17:37:31,589 [INFO] IPUIPlugin:80 - create IPUIPlugin
2025-12-11 17:37:31,589 [INFO] PluginManager:220 - loadIPPluginJar : add aes
2025-12-11 17:37:31,591 [INFO] IPUIPlugin:80 - create IPUIPlugin
2025-12-11 17:37:31,591 [INFO] PluginManager:220 - loadIPPluginJar : add can
2025-12-11 17:37:31,593 [INFO] IPUIPlugin:80 - create IPUIPlugin
2025-12-11 17:37:31,593 [INFO] PluginManager:220 - loadIPPluginJar : add comp
2025-12-11 17:37:31,596 [INFO] IPUIPlugin:80 - create IPUIPlugin
2025-12-11 17:37:31,596 [INFO] PluginManager:220 - loadIPPluginJar : add cryp
2025-12-11 17:37:31,600 [INFO] IPUIPlugin:80 - create IPUIPlugin
2025-12-11 17:37:31,600 [INFO] PluginManager:220 - loadIPPluginJar : add ddr_ctrl_phy
2025-12-11 17:37:31,603 [INFO] IPUIPlugin:80 - create IPUIPlugin
2025-12-11 17:37:31,603 [INFO] PluginManager:220 - loadIPPluginJar : add dfsdm
2025-12-11 17:37:31,608 [INFO] IPUIPlugin:80 - create IPUIPlugin
2025-12-11 17:37:31,609 [INFO] PluginManager:220 - loadIPPluginJar : add dma
2025-12-11 17:37:31,612 [INFO] IPUIPlugin:80 - create IPUIPlugin
2025-12-11 17:37:31,612 [INFO] PluginManager:220 - loadIPPluginJar : add dma3
2025-12-11 17:37:31,616 [INFO] IPUIPlugin:80 - create IPUIPlugin
2025-12-11 17:37:31,616 [INFO] PluginManager:220 - loadIPPluginJar : add extmemmanager
2025-12-11 17:37:31,618 [INFO] IPUIPlugin:80 - create IPUIPlugin
2025-12-11 17:37:31,618 [INFO] PluginManager:220 - loadIPPluginJar : add fatfs
2025-12-11 17:37:31,622 [INFO] IPUIPlugin:80 - create IPUIPlugin
2025-12-11 17:37:31,622 [INFO] PluginManager:220 - loadIPPluginJar : add fmc
2025-12-11 17:37:31,629 [INFO] IPUIPlugin:80 - create IPUIPlugin
2025-12-11 17:37:31,629 [INFO] PluginManager:220 - loadIPPluginJar : add freertos
2025-12-11 17:37:31,631 [INFO] IPUIPlugin:80 - create IPUIPlugin
2025-12-11 17:37:31,631 [INFO] PluginManager:220 - loadIPPluginJar : add genericplugin
2025-12-11 17:37:31,633 [INFO] IPUIPlugin:80 - create IPUIPlugin
2025-12-11 17:37:31,633 [INFO] PluginManager:220 - loadIPPluginJar : add gfxmmu
2025-12-11 17:37:31,637 [INFO] IPUIPlugin:80 - create IPUIPlugin
2025-12-11 17:37:31,638 [INFO] PluginManager:220 - loadIPPluginJar : add gic
2025-12-11 17:37:31,641 [INFO] IPUIPlugin:80 - create IPUIPlugin
2025-12-11 17:37:31,641 [INFO] PluginManager:220 - loadIPPluginJar : add gpio
2025-12-11 17:37:31,644 [INFO] IPUIPlugin:80 - create IPUIPlugin
2025-12-11 17:37:31,645 [INFO] PluginManager:220 - loadIPPluginJar : add gtzc
2025-12-11 17:37:31,648 [INFO] IPUIPlugin:80 - create IPUIPlugin
2025-12-11 17:37:31,648 [INFO] PluginManager:220 - loadIPPluginJar : add hash
2025-12-11 17:37:31,651 [INFO] IPUIPlugin:80 - create IPUIPlugin
2025-12-11 17:37:31,651 [INFO] PluginManager:220 - loadIPPluginJar : add i2c
2025-12-11 17:37:31,653 [INFO] IPUIPlugin:80 - create IPUIPlugin
2025-12-11 17:37:31,653 [INFO] PluginManager:220 - loadIPPluginJar : add i2s
2025-12-11 17:37:31,656 [INFO] IPUIPlugin:80 - create IPUIPlugin
2025-12-11 17:37:31,656 [INFO] PluginManager:220 - loadIPPluginJar : add i3c
2025-12-11 17:37:31,660 [INFO] IPUIPlugin:80 - create IPUIPlugin
2025-12-11 17:37:31,660 [INFO] PluginManager:220 - loadIPPluginJar : add ipddr
2025-12-11 17:37:31,666 [INFO] IPUIPlugin:80 - create IPUIPlugin
2025-12-11 17:37:31,666 [INFO] PluginManager:220 - loadIPPluginJar : add linkedlist
2025-12-11 17:37:31,670 [INFO] IPUIPlugin:80 - create IPUIPlugin
2025-12-11 17:37:31,670 [INFO] PluginManager:220 - loadIPPluginJar : add lorawan
2025-12-11 17:37:31,672 [INFO] IPUIPlugin:80 - create IPUIPlugin
2025-12-11 17:37:31,672 [INFO] PluginManager:220 - loadIPPluginJar : add ltdc
2025-12-11 17:37:31,678 [INFO] IPUIPlugin:80 - create IPUIPlugin
2025-12-11 17:37:31,678 [INFO] PluginManager:220 - loadIPPluginJar : add mdma
2025-12-11 17:37:31,681 [INFO] IPUIPlugin:80 - create IPUIPlugin
2025-12-11 17:37:31,682 [INFO] PluginManager:220 - loadIPPluginJar : add nvic
2025-12-11 17:37:31,685 [INFO] IPUIPlugin:80 - create IPUIPlugin
2025-12-11 17:37:31,685 [INFO] PluginManager:220 - loadIPPluginJar : add opamp
2025-12-11 17:37:31,690 [INFO] IPUIPlugin:80 - create IPUIPlugin
2025-12-11 17:37:31,691 [INFO] PluginManager:220 - loadIPPluginJar : add openamp
2025-12-11 17:37:31,694 [INFO] IPUIPlugin:80 - create IPUIPlugin
2025-12-11 17:37:31,696 [INFO] PluginManager:220 - loadIPPluginJar : add pdm2pcm
2025-12-11 17:37:31,702 [INFO] IPUIPlugin:80 - create IPUIPlugin
2025-12-11 17:37:31,705 [INFO] PluginManager:220 - loadIPPluginJar : add plateformsettings
2025-12-11 17:37:31,708 [INFO] IPUIPlugin:80 - create IPUIPlugin
2025-12-11 17:37:31,708 [INFO] PluginManager:220 - loadIPPluginJar : add quadspi
2025-12-11 17:37:31,710 [INFO] IPUIPlugin:80 - create IPUIPlugin
2025-12-11 17:37:31,711 [INFO] PluginManager:220 - loadIPPluginJar : add radio
2025-12-11 17:37:31,716 [INFO] IPUIPlugin:80 - create IPUIPlugin
2025-12-11 17:37:31,716 [INFO] PluginManager:220 - loadIPPluginJar : add resmgrutility
2025-12-11 17:37:31,720 [INFO] IPUIPlugin:80 - create IPUIPlugin
2025-12-11 17:37:31,721 [INFO] PluginManager:220 - loadIPPluginJar : add sai
2025-12-11 17:37:31,725 [INFO] IPUIPlugin:80 - create IPUIPlugin
2025-12-11 17:37:31,725 [INFO] PluginManager:220 - loadIPPluginJar : add spi
2025-12-11 17:37:31,733 [INFO] IPUIPlugin:80 - create IPUIPlugin
2025-12-11 17:37:31,733 [INFO] PluginManager:220 - loadIPPluginJar : add stm32_wpan
2025-12-11 17:37:31,735 [INFO] IPUIPlugin:80 - create IPUIPlugin
2025-12-11 17:37:31,736 [INFO] PluginManager:220 - loadIPPluginJar : add tim
2025-12-11 17:37:31,741 [INFO] IPUIPlugin:80 - create IPUIPlugin
2025-12-11 17:37:31,741 [INFO] PluginManager:220 - loadIPPluginJar : add touchsensing
2025-12-11 17:37:31,745 [INFO] IPUIPlugin:80 - create IPUIPlugin
2025-12-11 17:37:31,745 [INFO] PluginManager:220 - loadIPPluginJar : add tracer_emb
2025-12-11 17:37:31,748 [INFO] IPUIPlugin:80 - create IPUIPlugin
2025-12-11 17:37:31,748 [INFO] PluginManager:220 - loadIPPluginJar : add ts
2025-12-11 17:37:31,751 [INFO] IPUIPlugin:80 - create IPUIPlugin
2025-12-11 17:37:31,751 [INFO] PluginManager:220 - loadIPPluginJar : add tsc
2025-12-11 17:37:31,755 [INFO] IPUIPlugin:80 - create IPUIPlugin
2025-12-11 17:37:31,755 [INFO] PluginManager:220 - loadIPPluginJar : add ucpd
2025-12-11 17:37:31,757 [INFO] IPUIPlugin:80 - create IPUIPlugin
2025-12-11 17:37:31,757 [INFO] PluginManager:220 - loadIPPluginJar : add usart
2025-12-11 17:37:31,761 [INFO] IPUIPlugin:80 - create IPUIPlugin
2025-12-11 17:37:31,762 [INFO] PluginManager:220 - loadIPPluginJar : add usbx
2025-12-11 17:37:31,902 [FATAL] Updater:351 - Updater called before beeing initialized
2025-12-11 17:37:31,924 [INFO] RulesReader:64 - Compatibility file has been processed (317 Rules)
2025-12-11 17:37:31,934 [INFO] RulesReader:64 - Compatibility file has been processed (317 Rules)
2025-12-11 17:37:31,941 [INFO] CADModel:165 - CPN selected for project level
2025-12-11 17:37:31,941 [INFO] CADModel:114 - Register for checkConnection events
2025-12-11 17:37:31,941 [FATAL] Updater:351 - Updater called before beeing initialized
2025-12-11 17:37:31,941 [ERROR] CADModel:125 - Updater not yet initialized, retry later 
2025-12-11 17:37:32,079 [FATAL] Updater:351 - Updater called before beeing initialized
2025-12-11 17:37:32,081 [INFO] CADModel:165 - CPN selected for project level
2025-12-11 17:37:32,082 [INFO] CADModel:114 - Register for checkConnection events
2025-12-11 17:37:32,082 [FATAL] Updater:351 - Updater called before beeing initialized
2025-12-11 17:37:32,082 [ERROR] CADModel:125 - Updater not yet initialized, retry later 
2025-12-11 17:37:32,085 [FATAL] Updater:351 - Updater called before beeing initialized
2025-12-11 17:37:32,201 [FATAL] Updater:351 - Updater called before beeing initialized
2025-12-11 17:37:32,206 [INFO] DbMcusAds:53 - JSON generation date=Tue Nov 25 21:08:32 ICT 2025 (1764079712175)
2025-12-11 17:37:32,206 [FATAL] Updater:351 - Updater called before beeing initialized
2025-12-11 17:37:32,239 [WARN] DetailPanel:346 - Failed to get advertising image, set to default
2025-12-11 17:37:32,310 [FATAL] Updater:351 - Updater called before beeing initialized
2025-12-11 17:37:32,312 [FATAL] Updater:351 - Updater called before beeing initialized
2025-12-11 17:37:32,312 [FATAL] Updater:351 - Updater called before beeing initialized
2025-12-11 17:37:32,312 [WARN] DetailPanel:346 - Failed to get advertising image, set to default
2025-12-11 17:37:32,312 [FATAL] Updater:351 - Updater called before beeing initialized
2025-12-11 17:37:32,353 [ERROR] Updater:1198 - MainUpdater not yet initialized. External WinMGr cannot be set.
2025-12-11 17:37:32,356 [INFO] Updater:1134 - Updater Version found : 6.15.0
2025-12-11 17:37:32,373 [INFO] ApplicationProperties:184 - Using Application install path: C:\ST\STM32CubeIDE_1.18.1\STM32CubeIDE\plugins\com.st.stm32cube.common.mx_6.15.0.202507011659
2025-12-11 17:37:33,945 [ERROR] LogOutputStream:75 - [STDERR_REDIRECT] Dec 11, 2025 5:37:33 PM java.util.prefs.WindowsPreferences <init>
2025-12-11 17:37:33,946 [ERROR] LogOutputStream:75 - [STDERR_REDIRECT] WARNING: Could not open/create prefs root node Software\JavaSoft\Prefs at root 0xffffffff80000002. Windows RegCreateKeyEx(...) returned error code 5.
2025-12-11 17:37:33,946 [ERROR] LogOutputStream:75 - [STDERR_REDIRECT] 
2025-12-11 17:37:34,073 [INFO] ThirdPartyUpdaterWithRetryManager:70 - Updater plugin not ready yet. [2/15]
2025-12-11 17:37:34,307 [INFO] MainUpdater:2872 - connection check result : 10
2025-12-11 17:37:34,308 [INFO] MainUpdater:289 - Updater Check For Update Now.
2025-12-11 17:37:34,308 [INFO] MicroXplorer:498 - Change Database Version : DB.6.0.150
2025-12-11 17:37:34,313 [INFO] McuFinderGlobals:63 - Set McuFinder mode to 2 (CubeIDE integrated)
2025-12-11 17:37:34,314 [INFO] UserAuth:487 - Internet connection configuration mode: 1
2025-12-11 17:37:34,335 [INFO] JxBrowserEngine:152 - Initiate JxBrowser Engine with user profile folder
2025-12-11 17:37:34,479 [INFO] CheckServerUpdateThread:120 - End of CheckServer Thread
2025-12-11 17:37:35,182 [INFO] WebApp:169 - Instantiating new browser for Auth
2025-12-11 17:37:36,069 [INFO] WebApp:463 - Apply proxy settings
2025-12-11 17:37:36,069 [INFO] WebApp:548 - Chromium requires no authentication
2025-12-11 17:37:36,094 [INFO] WebApp:491 - Direct internet connection detected
2025-12-11 17:37:36,143 [INFO] WebApp:900 - Register for checkConnection events
2025-12-11 17:37:36,143 [INFO] WebApp:463 - Apply proxy settings
2025-12-11 17:37:36,143 [INFO] WebApp:548 - Chromium requires no authentication
2025-12-11 17:37:36,144 [INFO] WebApp:491 - Direct internet connection detected
2025-12-11 17:37:36,361 [INFO] WebApp:225 - Starting web application
2025-12-11 17:37:36,361 [INFO] WebApp:593 - Web application path used C:\ST\STM32CubeIDE_1.18.1\STM32CubeIDE\plugins\com.st.stm32cube.common.mx_6.15.0.202507011659\db\plugins\mcufinder\reactClient1\index.html
2025-12-11 17:37:36,543 [INFO] WebApp:191 - Connection restablished
2025-12-11 17:37:36,564 [INFO] UserAuth:487 - Internet connection configuration mode: 1
2025-12-11 17:37:37,619 [WARN] PackLoader:240 - Cannot read IP mode file for STMicroelectronics.FP-SNS-MOTENVWB1.1.4.0
2025-12-11 17:37:37,636 [WARN] PackLoader:240 - Cannot read IP mode file for STMicroelectronics.FP-ATR-ASTRA1.2.0.2
2025-12-11 17:37:37,651 [WARN] PackLoader:240 - Cannot read IP mode file for STMicroelectronics.X-CUBE-SMBUS.2.1.0
2025-12-11 17:37:37,661 [WARN] PackLoader:240 - Cannot read IP mode file for STMicroelectronics.X-CUBE-ST60.1.0.0
2025-12-11 17:37:37,704 [WARN] PackLoader:240 - Cannot read IP mode file for STMicroelectronics.X-CUBE-AZRTOS-F7.1.1.0
2025-12-11 17:37:37,720 [WARN] PackLoader:240 - Cannot read IP mode file for STMicroelectronics.FP-SNS-MOTENV1.5.1.0
2025-12-11 17:37:37,757 [WARN] PackLoader:240 - Cannot read IP mode file for Infineon.AIROC-Wi-Fi-Bluetooth-STM32.1.7.0
2025-12-11 17:37:37,793 [WARN] PackLoader:240 - Cannot read IP mode file for STMicroelectronics.X-CUBE-AZRTOS-H7.3.4.0
2025-12-11 17:37:37,808 [WARN] PackLoader:240 - Cannot read IP mode file for STMicroelectronics.X-CUBE-DISPLAY.3.0.0
2025-12-11 17:37:37,825 [WARN] PackLoader:240 - Cannot read IP mode file for STMicroelectronics.X-CUBE-NFC10.1.0.0
2025-12-11 17:37:37,863 [WARN] PackLoader:240 - Cannot read IP mode file for STMicroelectronics.X-CUBE-BLEMGR.4.0.0
2025-12-11 17:37:37,872 [WARN] PackLoader:240 - Cannot read IP mode file for STMicroelectronics.X-CUBE-ST60.1.1.0
2025-12-11 17:37:37,885 [WARN] PackLoader:240 - Cannot read IP mode file for emotas.I-CUBE-CANOPEN.1.3.0
2025-12-11 17:37:37,892 [WARN] PackLoader:240 - Cannot read IP mode file for STMicroelectronics.X-CUBE-GNSS1.7.1.0
2025-12-11 17:37:37,902 [WARN] ConditionMgr:438 - getConditionDescription Invalid condition id : Cortex-A Device cause : null
2025-12-11 17:37:37,958 [WARN] ConditionMgr:1044 - genDependencies : Invalid condition id : Cortex-A Device cause : null
2025-12-11 17:37:37,958 [WARN] ConditionMgr:1044 - genDependencies : Invalid condition id : Cortex-A Device cause : null
2025-12-11 17:37:37,958 [WARN] ConditionMgr:1044 - genDependencies : Invalid condition id : Cortex-A Device cause : null
2025-12-11 17:37:37,968 [WARN] PackLoader:240 - Cannot read IP mode file for STMicroelectronics.X-CUBE-AI.10.0.0
2025-12-11 17:37:37,984 [WARN] PackLoader:240 - Cannot read IP mode file for STMicroelectronics.FP-SNS-STBOX1.2.1.0
2025-12-11 17:37:37,997 [WARN] PackLoader:240 - Cannot read IP mode file for STMicroelectronics.FP-SNS-SMARTAG2.1.2.0
2025-12-11 17:37:38,005 [WARN] PackLoader:240 - Cannot read IP mode file for STMicroelectronics.FP-SNS-FLIGHT1.5.1.0
2025-12-11 17:37:38,025 [INFO] LogOutputStream:77 - [STDOUT_REDIRECT] 1 : Invalid condition id : UX_CORESTACK_Condition cause : null
2025-12-11 17:37:38,026 [INFO] LogOutputStream:77 - [STDOUT_REDIRECT] 1 : Invalid condition id : UX_CORESTACK_Condition cause : null
2025-12-11 17:37:38,027 [INFO] LogOutputStream:77 - [STDOUT_REDIRECT] 1 : Invalid condition id : UX_CORESTACK_Condition cause : null
2025-12-11 17:37:38,028 [INFO] LogOutputStream:77 - [STDOUT_REDIRECT] 1 : Invalid condition id : UX_CORESTACK_Condition cause : null
2025-12-11 17:37:38,030 [INFO] LogOutputStream:77 - [STDOUT_REDIRECT] 1 : Invalid condition id : UX_CORESTACK_Condition cause : null
2025-12-11 17:37:38,034 [WARN] PackLoader:240 - Cannot read IP mode file for STMicroelectronics.X-CUBE-AZRTOS-WL.2.0.0
2025-12-11 17:37:38,043 [WARN] PackLoader:240 - Cannot read IP mode file for STMicroelectronics.FP-SNS-MOTENV1.5.0.0
2025-12-11 17:37:38,069 [WARN] PackLoader:240 - Cannot read IP mode file for STMicroelectronics.X-CUBE-AZRTOS-H7RS.1.2.0
2025-12-11 17:37:38,087 [WARN] PackLoader:240 - Cannot read IP mode file for WES.I-CUBE-Cesium.1.3.0
2025-12-11 17:37:38,096 [WARN] PackLoader:240 - Cannot read IP mode file for STMicroelectronics.X-CUBE-BLE2.3.3.0
2025-12-11 17:37:38,124 [WARN] PackLoader:240 - Cannot read IP mode file for STMicroelectronics.X-CUBE-NFC9.1.0.0
2025-12-11 17:37:38,135 [WARN] PackLoader:240 - Cannot read IP mode file for STMicroelectronics.X-CUBE-BLE1.7.1.0
2025-12-11 17:37:38,151 [WARN] PackLoader:240 - Cannot read IP mode file for wolfSSL.I-CUBE-wolfMQTT.1.19.2
2025-12-11 17:37:38,162 [WARN] PackLoader:240 - Cannot read IP mode file for STMicroelectronics.X-CUBE-FREERTOS.1.4.0
2025-12-11 17:37:38,174 [WARN] PackLoader:240 - Cannot read IP mode file for STMicroelectronics.X-CUBE-EEPRMA1.5.2.0
2025-12-11 17:37:38,187 [WARN] PackLoader:240 - Cannot read IP mode file for STMicroelectronics.X-CUBE-ST67W61.1.1.0
2025-12-11 17:37:38,222 [WARN] PackLoader:240 - Cannot read IP mode file for STMicroelectronics.X-CUBE-AI.10.1.0
2025-12-11 17:37:38,275 [WARN] PackLoader:240 - Cannot read IP mode file for STMicroelectronics.X-CUBE-MEMS1.12.0.0
2025-12-11 17:37:38,384 [WARN] PackLoader:240 - Cannot read IP mode file for STMicroelectronics.X-CUBE-MEMS1.11.2.0
2025-12-11 17:37:38,483 [WARN] PackLoader:240 - Cannot read IP mode file for STMicroelectronics.X-CUBE-AZRTOS-G0.1.1.0
2025-12-11 17:37:38,490 [WARN] PackLoader:240 - Cannot read IP mode file for STMicroelectronics.X-CUBE-SAFEA1.1.2.2
2025-12-11 17:37:38,498 [WARN] PackLoader:240 - Cannot read IP mode file for STMicroelectronics.X-CUBE-NFC4.3.0.0
2025-12-11 17:37:38,508 [WARN] PackLoader:240 - Cannot read IP mode file for EmbeddedOffice.I-CUBE-FS-RTOS.1.0.1
2025-12-11 17:37:38,517 [WARN] PackLoader:240 - Cannot read IP mode file for STMicroelectronics.X-CUBE-WB05N.2.0.0
2025-12-11 17:37:38,522 [WARN] PackLoader:240 - Cannot read IP mode file for wolfSSL.I-CUBE-wolfTPM.3.8.0
2025-12-11 17:37:38,528 [WARN] PackLoader:240 - Cannot read IP mode file for STMicroelectronics.X-CUBE-TCPP.4.2.0
2025-12-11 17:37:38,535 [WARN] PackLoader:240 - Cannot read IP mode file for RealThread.X-CUBE-RT-Thread_Nano.4.1.1
2025-12-11 17:37:38,540 [WARN] PackLoader:240 - Cannot read IP mode file for STMicroelectronics.FP-ATR-SIGFOX1.3.2.0
2025-12-11 17:37:38,547 [WARN] PackLoader:240 - Cannot read IP mode file for STMicroelectronics.X-CUBE-EEPRMA1.5.1.0
2025-12-11 17:37:38,554 [WARN] PackLoader:240 - Cannot read IP mode file for wolfSSL.I-CUBE-wolfSSL.5.7.6
2025-12-11 17:37:38,562 [WARN] PackLoader:240 - Cannot read IP mode file for ITTIA_DB.I-CUBE-ITTIADB.8.9.0
2025-12-11 17:37:38,567 [WARN] PackLoader:240 - Cannot read IP mode file for STMicroelectronics.X-CUBE-ST67W61.1.0.0
2025-12-11 17:37:38,572 [WARN] PackLoader:240 - Cannot read IP mode file for STMicroelectronics.X-CUBE-AI.10.2.0
2025-12-11 17:37:38,603 [WARN] PackLoader:240 - Cannot read IP mode file for SEGGER.I-CUBE-embOS.1.3.1
2025-12-11 17:37:38,655 [WARN] PackLoader:240 - Cannot read IP mode file for STMicroelectronics.X-CUBE-ALGOBUILD.1.4.0
2025-12-11 17:37:38,724 [WARN] PackLoader:240 - Cannot read IP mode file for STMicroelectronics.X-CUBE-MEMS1.11.3.0
2025-12-11 17:37:38,851 [WARN] PackLoader:240 - Cannot read IP mode file for STMicroelectronics.X-CUBE-PM33A1.1.0.0
2025-12-11 17:37:38,864 [WARN] PackLoader:240 - Cannot read IP mode file for STMicroelectronics.X-CUBE-AZRTOS-F4.1.1.0
2025-12-11 17:37:38,872 [WARN] PackLoader:240 - Cannot read IP mode file for Avnet-IotConnect.X-CUBE-IoTC-DA16k-PMOD.1.0.0
2025-12-11 17:37:38,878 [WARN] PackLoader:240 - Cannot read IP mode file for STMicroelectronics.X-CUBE-ISPU.2.1.0
2025-12-11 17:37:38,893 [WARN] PackLoader:240 - Cannot read IP mode file for STMicroelectronics.X-CUBE-IPS.3.2.0
2025-12-11 17:37:38,908 [WARN] PackLoader:240 - Cannot read IP mode file for STMicroelectronics.X-CUBE-NFC12.1.0.0
2025-12-11 17:37:38,924 [WARN] PackLoader:240 - Cannot read IP mode file for STMicroelectronics.X-CUBE-AZRTOS-L5.2.0.0
2025-12-11 17:37:38,936 [WARN] PackLoader:240 - Cannot read IP mode file for STMicroelectronics.X-CUBE-NFC6.3.1.0
2025-12-11 17:37:38,943 [WARN] PackLoader:240 - Cannot read IP mode file for STMicroelectronics.X-CUBE-FREERTOS.1.3.1
2025-12-11 17:37:38,948 [WARN] PackLoader:240 - Cannot read IP mode file for STMicroelectronics.X-CUBE-FREERTOS.1.3.0
2025-12-11 17:37:38,959 [WARN] PackLoader:240 - Cannot read IP mode file for STMicroelectronics.X-CUBE-NFC7.1.0.1
2025-12-11 17:37:38,968 [WARN] PackLoader:240 - Cannot read IP mode file for STMicroelectronics.X-CUBE-TOUCHGFX.4.26.0
2025-12-11 17:37:38,973 [WARN] PackLoader:240 - Cannot read IP mode file for STMicroelectronics.FP-SNS-STAIOTCFT.1.0.0
2025-12-11 17:37:38,981 [WARN] PackLoader:240 - Cannot read IP mode file for STMicroelectronics.X-CUBE-DPower.1.3.0
2025-12-11 17:37:38,994 [WARN] ConditionMgr:438 - getConditionDescription Invalid condition id : LAN8742 Phy interface Condition cause : null
2025-12-11 17:37:38,994 [WARN] PackLoader:240 - Cannot read IP mode file for STMicroelectronics.X-CUBE-AZRTOS-L4.2.0.0
2025-12-11 17:37:38,996 [WARN] ConditionMgr:1044 - genDependencies : Invalid condition id : LAN8742 Phy interface Condition cause : null
2025-12-11 17:37:38,997 [WARN] ConditionMgr:1044 - genDependencies : Invalid condition id : LAN8742 Phy interface Condition cause : null
2025-12-11 17:37:38,997 [WARN] ConditionMgr:1044 - genDependencies : Invalid condition id : LAN8742 Phy interface Condition cause : null
2025-12-11 17:37:39,005 [WARN] PackLoader:240 - Cannot read IP mode file for STMicroelectronics.X-CUBE-SFXS2LP1.4.0.0
2025-12-11 17:37:39,021 [WARN] PackLoader:240 - Cannot read IP mode file for STMicroelectronics.X-CUBE-AZRTOS-H7.3.3.0
2025-12-11 17:37:39,035 [WARN] PackLoader:240 - Cannot read IP mode file for STMicroelectronics.X-CUBE-BLEMGR.4.1.0
2025-12-11 17:37:39,048 [WARN] ConditionMgr:438 - getConditionDescription Invalid condition id : UX DEVICE CLASS RTOS Condition cause : null
2025-12-11 17:37:39,048 [WARN] ConditionMgr:438 - getConditionDescription Invalid condition id : UX DEVICE CLASS RTOS Condition cause : null
2025-12-11 17:37:39,049 [WARN] PackLoader:240 - Cannot read IP mode file for STMicroelectronics.X-CUBE-AZRTOS-WB.2.0.0
2025-12-11 17:37:39,050 [WARN] ConditionMgr:1044 - genDependencies : Invalid condition id : UX DEVICE CLASS RTOS Condition cause : null
2025-12-11 17:37:39,050 [WARN] ConditionMgr:1044 - genDependencies : Invalid condition id : UX DEVICE CLASS RTOS Condition cause : null
2025-12-11 17:37:39,050 [WARN] ConditionMgr:1044 - genDependencies : Invalid condition id : UX DEVICE CLASS RTOS Condition cause : null
2025-12-11 17:37:39,050 [WARN] ConditionMgr:1044 - genDependencies : Invalid condition id : UX DEVICE CLASS RTOS Condition cause : null
2025-12-11 17:37:39,051 [WARN] ConditionMgr:1044 - genDependencies : Invalid condition id : UX DEVICE CLASS RTOS Condition cause : null
2025-12-11 17:37:39,057 [WARN] PackLoader:240 - Cannot read IP mode file for STMicroelectronics.X-CUBE-GNSS1.7.0.1
2025-12-11 17:37:39,062 [WARN] PackLoader:240 - Cannot read IP mode file for STMicroelectronics.X-CUBE-TOUCHGFX.4.25.0
2025-12-11 17:37:39,069 [WARN] PackLoader:240 - Cannot read IP mode file for STMicroelectronics.FP-SNS-STBOX1.2.0.0
2025-12-11 17:37:39,087 [WARN] PackLoader:240 - Cannot read IP mode file for STMicroelectronics.X-CUBE-SUBG2.5.0.0
2025-12-11 17:37:39,104 [WARN] PackLoader:240 - Cannot read IP mode file for STMicroelectronics.X-CUBE-AZRTOS-H7RS.1.1.0
2025-12-11 17:37:39,112 [WARN] PackLoader:240 - Cannot read IP mode file for Cesanta.I-CUBE-Mongoose.7.13.0
2025-12-11 17:37:39,126 [WARN] PackLoader:240 - Cannot read IP mode file for STMicroelectronics.X-CUBE-AZRTOS-G4.2.0.0
2025-12-11 17:37:39,134 [WARN] PackLoader:240 - Cannot read IP mode file for wolfSSL.I-CUBE-wolfSSH.1.4.20
2025-12-11 17:37:39,137 [WARN] PackLoader:240 - Cannot read IP mode file for STMicroelectronics.X-CUBE-NFC7.2.0.0
2025-12-11 17:37:39,145 [WARN] PackLoader:240 - Cannot read IP mode file for STMicroelectronics.X-CUBE-IPS.3.1.0
2025-12-11 17:37:39,155 [WARN] PackLoader:240 - Cannot read IP mode file for STMicroelectronics.X-CUBE-ALS.1.0.2
2025-12-11 17:37:39,161 [WARN] PackLoader:240 - Cannot read IP mode file for STMicroelectronics.X-CUBE-STSE01.1.0.0
2025-12-11 17:37:39,168 [WARN] PackLoader:240 - Cannot read IP mode file for portGmbH.I-Cube-SoM-uGOAL.1.1.0
2025-12-11 17:37:39,177 [WARN] PackLoader:240 - Cannot read IP mode file for STMicroelectronics.X-CUBE-TOF1.3.4.3
2025-12-11 17:37:39,186 [INFO] ThirdParty:978 - Integrity check success = true
2025-12-11 17:37:39,186 [INFO] IntegrityCheckThread:100 - exiting critical section [integrity check]
2025-12-11 17:37:39,186 [INFO] IntegrityCheckThread:103 - End integrity checks thread
2025-12-11 17:38:28,651 [ERROR] LogOutputStream:75 - [STDERR_REDIRECT] 
