2025-09-30 13:02:30,080 [INFO] Activator:176 - 


2025-09-30 13:02:30,083 [INFO] Activator:177 - !SESSION log4j initialized
2025-09-30 13:02:35,578 [INFO] LogOutputStream:77 - [STDOUT_REDIRECT] 
2025-09-30 13:02:42,200 [INFO] ApplicationProperties:184 - Using Application install path: C:\ST\STM32CubeIDE_1.18.1\STM32CubeIDE\plugins\com.st.stm32cube.common.mx_6.15.0.202507011659
2025-09-30 13:02:42,217 [INFO] DbMcusXml:78 - Set database path to: C:\ST\STM32CubeIDE_1.18.1\STM32CubeIDE\plugins\com.st.stm32cube.common.mx_6.15.0.202507011659\\db\/mcu/
2025-09-30 13:02:42,217 [INFO] ApiDb:274 - Set plugin database path to: C:\ST\STM32CubeIDE_1.18.1\STM32CubeIDE\plugins\com.st.stm32cube.common.mx_6.15.0.202507011659\\db\/plugins/boardmanager/
2025-09-30 13:02:42,226 [WARN] ApiDb:259 - Overriding images path with different value:  => C:\ST\STM32CubeIDE_1.18.1\STM32CubeIDE\plugins\com.st.stm32cube.common.mx_6.15.0.202507011659\\db\/plugins/mcufinder/images/
2025-09-30 13:02:42,233 [INFO] ApiDb:250 - Set database path to: C:\Users\dinhh\.stmcufinder\plugins\mcufinder//mcu/
2025-09-30 13:02:42,234 [INFO] DbMcusAds:125 - Set database path to: C:\Users\dinhh\.stmcufinder\plugins\mcufinder//mcu/
2025-09-30 13:02:42,236 [INFO] CrossReferenceDbSqlite:203 - Set database path to: C:\Users\dinhh\.stmcufinder\plugins\mcufinder//mcu/cs/
2025-09-30 13:02:42,325 [INFO] RulesReader:64 - Compatibility file has been processed (317 Rules)
2025-09-30 13:02:42,394 [INFO] DbMcusXml:78 - Set database path to: C:\ST\STM32CubeIDE_1.18.1\STM32CubeIDE\plugins\com.st.stm32cube.common.mx_6.15.0.202507011659\\db\/mcu/
2025-09-30 13:02:42,394 [INFO] ApiDb:274 - Set plugin database path to: C:\ST\STM32CubeIDE_1.18.1\STM32CubeIDE\plugins\com.st.stm32cube.common.mx_6.15.0.202507011659\\db\/plugins/boardmanager/
2025-09-30 13:02:42,396 [INFO] ApiDb:261 - Set plugin images path to: C:\ST\STM32CubeIDE_1.18.1\STM32CubeIDE\plugins\com.st.stm32cube.common.mx_6.15.0.202507011659\\db\/plugins/mcufinder/images/
2025-09-30 13:02:42,396 [WARN] DbFile:41 - Overriding database path with different value: C:\Users\dinhh\.stmcufinder\plugins\mcufinder/ => C:\Users\dinhh\.stmcufinder\plugins\mcufinder
2025-09-30 13:02:42,396 [INFO] ApiDb:250 - Set database path to: C:\Users\dinhh\.stmcufinder\plugins\mcufinder//mcu/
2025-09-30 13:02:42,396 [WARN] DbFile:41 - Overriding database path with different value: C:\Users\dinhh\.stmcufinder\plugins\mcufinder/ => C:\Users\dinhh\.stmcufinder\plugins\mcufinder
2025-09-30 13:02:42,396 [INFO] DbMcusAds:125 - Set database path to: C:\Users\dinhh\.stmcufinder\plugins\mcufinder//mcu/
2025-09-30 13:02:42,396 [WARN] DbFile:41 - Overriding database path with different value: C:\Users\dinhh\.stmcufinder\plugins\mcufinder/ => C:\Users\dinhh\.stmcufinder\plugins\mcufinder
2025-09-30 13:02:42,396 [WARN] DbFile:41 - Overriding database path with different value: C:\Users\dinhh\.stmcufinder\plugins\mcufinder/ => C:\Users\dinhh\.stmcufinder\plugins\mcufinder
2025-09-30 13:02:42,396 [INFO] CrossReferenceDbSqlite:203 - Set database path to: C:\Users\dinhh\.stmcufinder\plugins\mcufinder//mcu/cs/
2025-09-30 13:02:42,458 [INFO] MainPanel:274 - HeapMemory: 274726912
2025-09-30 13:02:42,550 [INFO] DbMcusXml:78 - Set database path to: C:\ST\STM32CubeIDE_1.18.1\STM32CubeIDE\plugins\com.st.stm32cube.common.mx_6.15.0.202507011659\\db\/mcu/
2025-09-30 13:02:42,550 [INFO] ApiDb:274 - Set plugin database path to: C:\ST\STM32CubeIDE_1.18.1\STM32CubeIDE\plugins\com.st.stm32cube.common.mx_6.15.0.202507011659\\db\/plugins/boardmanager/
2025-09-30 13:02:42,550 [INFO] ApiDb:261 - Set plugin images path to: C:\ST\STM32CubeIDE_1.18.1\STM32CubeIDE\plugins\com.st.stm32cube.common.mx_6.15.0.202507011659\\db\/plugins/mcufinder/images/
2025-09-30 13:02:42,550 [WARN] DbFile:41 - Overriding database path with different value: C:\Users\dinhh\.stmcufinder\plugins\mcufinder/ => C:\Users\dinhh\.stmcufinder\plugins\mcufinder
2025-09-30 13:02:42,550 [INFO] ApiDb:250 - Set database path to: C:\Users\dinhh\.stmcufinder\plugins\mcufinder//mcu/
2025-09-30 13:02:42,550 [WARN] DbFile:41 - Overriding database path with different value: C:\Users\dinhh\.stmcufinder\plugins\mcufinder/ => C:\Users\dinhh\.stmcufinder\plugins\mcufinder
2025-09-30 13:02:42,550 [INFO] DbMcusAds:125 - Set database path to: C:\Users\dinhh\.stmcufinder\plugins\mcufinder//mcu/
2025-09-30 13:02:42,550 [WARN] DbFile:41 - Overriding database path with different value: C:\Users\dinhh\.stmcufinder\plugins\mcufinder/ => C:\Users\dinhh\.stmcufinder\plugins\mcufinder
2025-09-30 13:02:42,550 [WARN] DbFile:41 - Overriding database path with different value: C:\Users\dinhh\.stmcufinder\plugins\mcufinder/ => C:\Users\dinhh\.stmcufinder\plugins\mcufinder
2025-09-30 13:02:42,550 [INFO] CrossReferenceDbSqlite:203 - Set database path to: C:\Users\dinhh\.stmcufinder\plugins\mcufinder//mcu/cs/
2025-09-30 13:02:42,565 [INFO] ApplicationProperties:184 - Using Application install path: C:\ST\STM32CubeIDE_1.18.1\STM32CubeIDE\plugins\com.st.stm32cube.common.mx_6.15.0.202507011659
2025-09-30 13:02:42,566 [INFO] PluginManage:196 - Search for loadable plugins [exclusion list=, ]
2025-09-30 13:02:42,568 [INFO] PluginManage:310 - Check plugin analytics
2025-09-30 13:02:47,692 [INFO] AnalyticsPlugin:253 - Accepted Software Licenses: 
2025-09-30 13:02:47,692 [INFO] AnalyticsPlugin:255 - Accepted CMSIS Pack Licenses: 
2025-09-30 13:02:47,692 [INFO] AnalyticsPlugin:257 - Accepted Firmware Licenses: 
2025-09-30 13:02:47,694 [INFO] PluginManage:359 - Loaded plugin analytics (category:tool,tabindex:-1)
2025-09-30 13:02:47,694 [INFO] PluginManage:310 - Check plugin cadmodel
2025-09-30 13:02:47,699 [INFO] CADModel:105 - Init CAD model plugin
2025-09-30 13:02:47,699 [INFO] PluginManage:359 - Loaded plugin cadmodel (category:power,tabindex:5)
2025-09-30 13:02:47,699 [INFO] PluginManage:310 - Check plugin clock
2025-09-30 13:02:47,707 [INFO] PluginManage:359 - Loaded plugin clock (category:base,tabindex:2)
2025-09-30 13:02:47,707 [INFO] PluginManage:310 - Check plugin ddr
2025-09-30 13:02:47,710 [INFO] PluginManage:359 - Loaded plugin ddr (category:tool,tabindex:6)
2025-09-30 13:02:47,710 [INFO] PluginManage:310 - Check plugin filemanager
2025-09-30 13:02:47,843 [INFO] PluginManage:359 - Loaded plugin filemanager (category:base,tabindex:10)
2025-09-30 13:02:47,843 [INFO] PluginManage:310 - Check plugin ipmanager
2025-09-30 13:02:47,848 [INFO] PluginManage:359 - Loaded plugin ipmanager (category:base,tabindex:5)
2025-09-30 13:02:47,848 [INFO] PluginManage:310 - Check plugin lpbam
2025-09-30 13:02:47,856 [INFO] PluginManage:359 - Loaded plugin lpbam (category:base,tabindex:0)
2025-09-30 13:02:47,856 [INFO] PluginManage:310 - Check plugin memorymap
2025-09-30 13:02:47,872 [INFO] PluginManage:359 - Loaded plugin memorymap (category:base,tabindex:4)
2025-09-30 13:02:47,872 [INFO] PluginManage:310 - Check plugin pinoutandconfiguration
2025-09-30 13:02:47,881 [INFO] PluginManage:359 - Loaded plugin pinoutandconfiguration (category:base,tabindex:1)
2025-09-30 13:02:47,881 [INFO] PluginManage:310 - Check plugin pinoutconfig
2025-09-30 13:02:47,964 [WARN] SupportedApi:132 - Cannot load RTOS API schema: s4s-elt-must-match.1: The content of 'definitions' must match (annotation?, (simpleType | complexType)?, (unique | key | keyref)*)). A problem was found starting at: attribute.
2025-09-30 13:02:48,091 [INFO] PluginManage:359 - Loaded plugin pinoutconfig (category:base,tabindex:0)
2025-09-30 13:02:48,092 [INFO] PluginManage:310 - Check plugin power
2025-09-30 13:02:48,102 [INFO] PluginManage:359 - Loaded plugin power (category:power,tabindex:4)
2025-09-30 13:02:48,103 [INFO] PluginManage:310 - Check plugin projectmanager
2025-09-30 13:02:48,118 [INFO] PluginManage:359 - Loaded plugin projectmanager (category:projectmanager,tabindex:4)
2025-09-30 13:02:48,118 [INFO] PluginManage:310 - Check plugin rif
2025-09-30 13:02:48,127 [INFO] PluginManage:359 - Loaded plugin rif (category:base,tabindex:3)
2025-09-30 13:02:48,127 [INFO] PluginManage:310 - Check plugin thirdparty
2025-09-30 13:02:48,249 [INFO] PluginManage:359 - Loaded plugin thirdparty (category:base,tabindex:-1)
2025-09-30 13:02:48,249 [WARN] IntegrityCheckThread:84 - waiting for thirdparty lock release [integrity check]
2025-09-30 13:02:48,250 [INFO] PluginManage:310 - Check plugin tools
2025-09-30 13:02:48,250 [INFO] IntegrityCheckThread:86 - entering critical section [integrity check]
2025-09-30 13:02:48,250 [INFO] ThirdPartyUpdaterWithRetryManager:70 - Updater plugin not ready yet. [1/15]
2025-09-30 13:02:48,252 [INFO] PluginManage:359 - Loaded plugin tools (category:base,tabindex:7)
2025-09-30 13:02:48,252 [INFO] PluginManage:310 - Check plugin tutovideos
2025-09-30 13:02:48,426 [INFO] PluginManage:359 - Loaded plugin tutovideos (category:base,tabindex:-1)
2025-09-30 13:02:48,426 [INFO] PluginManage:310 - Check plugin updater
2025-09-30 13:02:48,455 [INFO] PluginManage:359 - Loaded plugin updater (category:base,tabindex:12)
2025-09-30 13:02:48,455 [INFO] PluginManage:310 - Check plugin userauth
2025-09-30 13:02:48,459 [INFO] UserAuth:118 - Init User Auth plugin
2025-09-30 13:02:48,459 [INFO] PluginManage:359 - Loaded plugin userauth (category:base,tabindex:14)
2025-09-30 13:02:48,460 [INFO] PluginManage:283 - PluginManage : Loaded plugins [18]
2025-09-30 13:02:48,640 [INFO] PinOutPanel:1589 - setPackage(No Configuration,No Configuration)
2025-09-30 13:02:48,708 [INFO] CADModel:165 - CPN selected for project level
2025-09-30 13:02:48,708 [INFO] CADModel:114 - Register for checkConnection events
2025-09-30 13:02:48,723 [INFO] IPUIPlugin:80 - create IPUIPlugin
2025-09-30 13:02:48,723 [INFO] PluginManager:220 - loadIPPluginJar : add adc
2025-09-30 13:02:48,726 [INFO] IPUIPlugin:80 - create IPUIPlugin
2025-09-30 13:02:48,726 [INFO] PluginManager:220 - loadIPPluginJar : add aes
2025-09-30 13:02:48,728 [INFO] IPUIPlugin:80 - create IPUIPlugin
2025-09-30 13:02:48,728 [INFO] PluginManager:220 - loadIPPluginJar : add can
2025-09-30 13:02:48,729 [INFO] IPUIPlugin:80 - create IPUIPlugin
2025-09-30 13:02:48,729 [INFO] PluginManager:220 - loadIPPluginJar : add comp
2025-09-30 13:02:48,732 [INFO] IPUIPlugin:80 - create IPUIPlugin
2025-09-30 13:02:48,732 [INFO] PluginManager:220 - loadIPPluginJar : add cryp
2025-09-30 13:02:48,734 [INFO] IPUIPlugin:80 - create IPUIPlugin
2025-09-30 13:02:48,734 [INFO] PluginManager:220 - loadIPPluginJar : add ddr_ctrl_phy
2025-09-30 13:02:48,736 [INFO] IPUIPlugin:80 - create IPUIPlugin
2025-09-30 13:02:48,736 [INFO] PluginManager:220 - loadIPPluginJar : add dfsdm
2025-09-30 13:02:48,741 [INFO] IPUIPlugin:80 - create IPUIPlugin
2025-09-30 13:02:48,741 [INFO] PluginManager:220 - loadIPPluginJar : add dma
2025-09-30 13:02:48,743 [INFO] IPUIPlugin:80 - create IPUIPlugin
2025-09-30 13:02:48,744 [INFO] PluginManager:220 - loadIPPluginJar : add dma3
2025-09-30 13:02:48,746 [INFO] IPUIPlugin:80 - create IPUIPlugin
2025-09-30 13:02:48,746 [INFO] PluginManager:220 - loadIPPluginJar : add extmemmanager
2025-09-30 13:02:48,747 [INFO] IPUIPlugin:80 - create IPUIPlugin
2025-09-30 13:02:48,747 [INFO] PluginManager:220 - loadIPPluginJar : add fatfs
2025-09-30 13:02:48,750 [INFO] IPUIPlugin:80 - create IPUIPlugin
2025-09-30 13:02:48,750 [INFO] PluginManager:220 - loadIPPluginJar : add fmc
2025-09-30 13:02:48,757 [INFO] IPUIPlugin:80 - create IPUIPlugin
2025-09-30 13:02:48,757 [INFO] PluginManager:220 - loadIPPluginJar : add freertos
2025-09-30 13:02:48,758 [INFO] IPUIPlugin:80 - create IPUIPlugin
2025-09-30 13:02:48,758 [INFO] PluginManager:220 - loadIPPluginJar : add genericplugin
2025-09-30 13:02:48,759 [INFO] IPUIPlugin:80 - create IPUIPlugin
2025-09-30 13:02:48,760 [INFO] PluginManager:220 - loadIPPluginJar : add gfxmmu
2025-09-30 13:02:48,765 [INFO] IPUIPlugin:80 - create IPUIPlugin
2025-09-30 13:02:48,765 [INFO] PluginManager:220 - loadIPPluginJar : add gic
2025-09-30 13:02:48,769 [INFO] IPUIPlugin:80 - create IPUIPlugin
2025-09-30 13:02:48,769 [INFO] PluginManager:220 - loadIPPluginJar : add gpio
2025-09-30 13:02:48,772 [INFO] IPUIPlugin:80 - create IPUIPlugin
2025-09-30 13:02:48,773 [INFO] PluginManager:220 - loadIPPluginJar : add gtzc
2025-09-30 13:02:48,775 [INFO] IPUIPlugin:80 - create IPUIPlugin
2025-09-30 13:02:48,775 [INFO] PluginManager:220 - loadIPPluginJar : add hash
2025-09-30 13:02:48,778 [INFO] IPUIPlugin:80 - create IPUIPlugin
2025-09-30 13:02:48,778 [INFO] PluginManager:220 - loadIPPluginJar : add i2c
2025-09-30 13:02:48,780 [INFO] IPUIPlugin:80 - create IPUIPlugin
2025-09-30 13:02:48,780 [INFO] PluginManager:220 - loadIPPluginJar : add i2s
2025-09-30 13:02:48,783 [INFO] IPUIPlugin:80 - create IPUIPlugin
2025-09-30 13:02:48,783 [INFO] PluginManager:220 - loadIPPluginJar : add i3c
2025-09-30 13:02:48,785 [INFO] IPUIPlugin:80 - create IPUIPlugin
2025-09-30 13:02:48,786 [INFO] PluginManager:220 - loadIPPluginJar : add ipddr
2025-09-30 13:02:48,791 [INFO] IPUIPlugin:80 - create IPUIPlugin
2025-09-30 13:02:48,791 [INFO] PluginManager:220 - loadIPPluginJar : add linkedlist
2025-09-30 13:02:48,793 [INFO] IPUIPlugin:80 - create IPUIPlugin
2025-09-30 13:02:48,793 [INFO] PluginManager:220 - loadIPPluginJar : add lorawan
2025-09-30 13:02:48,795 [INFO] IPUIPlugin:80 - create IPUIPlugin
2025-09-30 13:02:48,795 [INFO] PluginManager:220 - loadIPPluginJar : add ltdc
2025-09-30 13:02:48,800 [INFO] IPUIPlugin:80 - create IPUIPlugin
2025-09-30 13:02:48,801 [INFO] PluginManager:220 - loadIPPluginJar : add mdma
2025-09-30 13:02:48,803 [INFO] IPUIPlugin:80 - create IPUIPlugin
2025-09-30 13:02:48,810 [INFO] PluginManager:220 - loadIPPluginJar : add nvic
2025-09-30 13:02:48,813 [INFO] IPUIPlugin:80 - create IPUIPlugin
2025-09-30 13:02:48,813 [INFO] PluginManager:220 - loadIPPluginJar : add opamp
2025-09-30 13:02:48,816 [INFO] IPUIPlugin:80 - create IPUIPlugin
2025-09-30 13:02:48,816 [INFO] PluginManager:220 - loadIPPluginJar : add openamp
2025-09-30 13:02:48,818 [INFO] IPUIPlugin:80 - create IPUIPlugin
2025-09-30 13:02:48,818 [INFO] PluginManager:220 - loadIPPluginJar : add pdm2pcm
2025-09-30 13:02:48,823 [INFO] IPUIPlugin:80 - create IPUIPlugin
2025-09-30 13:02:48,825 [INFO] PluginManager:220 - loadIPPluginJar : add plateformsettings
2025-09-30 13:02:48,826 [INFO] IPUIPlugin:80 - create IPUIPlugin
2025-09-30 13:02:48,826 [INFO] PluginManager:220 - loadIPPluginJar : add quadspi
2025-09-30 13:02:48,828 [INFO] IPUIPlugin:80 - create IPUIPlugin
2025-09-30 13:02:48,828 [INFO] PluginManager:220 - loadIPPluginJar : add radio
2025-09-30 13:02:48,831 [INFO] IPUIPlugin:80 - create IPUIPlugin
2025-09-30 13:02:48,831 [INFO] PluginManager:220 - loadIPPluginJar : add resmgrutility
2025-09-30 13:02:48,834 [INFO] IPUIPlugin:80 - create IPUIPlugin
2025-09-30 13:02:48,834 [INFO] PluginManager:220 - loadIPPluginJar : add sai
2025-09-30 13:02:48,836 [INFO] IPUIPlugin:80 - create IPUIPlugin
2025-09-30 13:02:48,836 [INFO] PluginManager:220 - loadIPPluginJar : add spi
2025-09-30 13:02:48,841 [INFO] IPUIPlugin:80 - create IPUIPlugin
2025-09-30 13:02:48,841 [INFO] PluginManager:220 - loadIPPluginJar : add stm32_wpan
2025-09-30 13:02:48,844 [INFO] IPUIPlugin:80 - create IPUIPlugin
2025-09-30 13:02:48,844 [INFO] PluginManager:220 - loadIPPluginJar : add tim
2025-09-30 13:02:48,847 [INFO] IPUIPlugin:80 - create IPUIPlugin
2025-09-30 13:02:48,848 [INFO] PluginManager:220 - loadIPPluginJar : add touchsensing
2025-09-30 13:02:48,850 [INFO] IPUIPlugin:80 - create IPUIPlugin
2025-09-30 13:02:48,850 [INFO] PluginManager:220 - loadIPPluginJar : add tracer_emb
2025-09-30 13:02:48,853 [INFO] IPUIPlugin:80 - create IPUIPlugin
2025-09-30 13:02:48,853 [INFO] PluginManager:220 - loadIPPluginJar : add ts
2025-09-30 13:02:48,855 [INFO] IPUIPlugin:80 - create IPUIPlugin
2025-09-30 13:02:48,855 [INFO] PluginManager:220 - loadIPPluginJar : add tsc
2025-09-30 13:02:48,857 [INFO] IPUIPlugin:80 - create IPUIPlugin
2025-09-30 13:02:48,857 [INFO] PluginManager:220 - loadIPPluginJar : add ucpd
2025-09-30 13:02:48,859 [INFO] IPUIPlugin:80 - create IPUIPlugin
2025-09-30 13:02:48,859 [INFO] PluginManager:220 - loadIPPluginJar : add usart
2025-09-30 13:02:48,861 [INFO] IPUIPlugin:80 - create IPUIPlugin
2025-09-30 13:02:48,861 [INFO] PluginManager:220 - loadIPPluginJar : add usbx
2025-09-30 13:02:48,984 [FATAL] Updater:351 - Updater called before beeing initialized
2025-09-30 13:02:49,006 [INFO] RulesReader:64 - Compatibility file has been processed (317 Rules)
2025-09-30 13:02:49,015 [INFO] RulesReader:64 - Compatibility file has been processed (317 Rules)
2025-09-30 13:02:49,022 [INFO] CADModel:165 - CPN selected for project level
2025-09-30 13:02:49,022 [INFO] CADModel:114 - Register for checkConnection events
2025-09-30 13:02:49,022 [FATAL] Updater:351 - Updater called before beeing initialized
2025-09-30 13:02:49,022 [ERROR] CADModel:125 - Updater not yet initialized, retry later 
2025-09-30 13:02:49,152 [FATAL] Updater:351 - Updater called before beeing initialized
2025-09-30 13:02:49,154 [INFO] CADModel:165 - CPN selected for project level
2025-09-30 13:02:49,154 [INFO] CADModel:114 - Register for checkConnection events
2025-09-30 13:02:49,154 [FATAL] Updater:351 - Updater called before beeing initialized
2025-09-30 13:02:49,154 [ERROR] CADModel:125 - Updater not yet initialized, retry later 
2025-09-30 13:02:49,157 [FATAL] Updater:351 - Updater called before beeing initialized
2025-09-30 13:02:49,261 [FATAL] Updater:351 - Updater called before beeing initialized
2025-09-30 13:02:49,263 [INFO] DbMcusAds:53 - JSON generation date=Tue Jul 08 15:14:23 ICT 2025 (1751962463524)
2025-09-30 13:02:49,263 [FATAL] Updater:351 - Updater called before beeing initialized
2025-09-30 13:02:49,294 [WARN] DetailPanel:346 - Failed to get advertising image, set to default
2025-09-30 13:02:49,361 [FATAL] Updater:351 - Updater called before beeing initialized
2025-09-30 13:02:49,362 [FATAL] Updater:351 - Updater called before beeing initialized
2025-09-30 13:02:49,362 [FATAL] Updater:351 - Updater called before beeing initialized
2025-09-30 13:02:49,362 [WARN] DetailPanel:346 - Failed to get advertising image, set to default
2025-09-30 13:02:49,363 [FATAL] Updater:351 - Updater called before beeing initialized
2025-09-30 13:02:49,400 [ERROR] Updater:1198 - MainUpdater not yet initialized. External WinMGr cannot be set.
2025-09-30 13:02:49,405 [INFO] Updater:1134 - Updater Version found : 6.15.0
2025-09-30 13:02:49,420 [INFO] ApplicationProperties:184 - Using Application install path: C:\ST\STM32CubeIDE_1.18.1\STM32CubeIDE\plugins\com.st.stm32cube.common.mx_6.15.0.202507011659
2025-09-30 13:02:50,992 [ERROR] LogOutputStream:75 - [STDERR_REDIRECT] Sep 30, 2025 1:02:50 PM java.util.prefs.WindowsPreferences <init>
2025-09-30 13:02:50,993 [ERROR] LogOutputStream:75 - [STDERR_REDIRECT] WARNING: Could not open/create prefs root node Software\JavaSoft\Prefs at root 0xffffffff80000002. Windows RegCreateKeyEx(...) returned error code 5.
2025-09-30 13:02:50,994 [ERROR] LogOutputStream:75 - [STDERR_REDIRECT] 
2025-09-30 13:02:51,251 [INFO] ThirdPartyUpdaterWithRetryManager:70 - Updater plugin not ready yet. [2/15]
2025-09-30 13:02:52,518 [INFO] MainUpdater:2872 - connection check result : 10
2025-09-30 13:02:52,518 [INFO] MainUpdater:289 - Updater Check For Update Now.
2025-09-30 13:02:52,518 [INFO] MicroXplorer:498 - Change Database Version : DB.6.0.150
2025-09-30 13:02:52,523 [INFO] McuFinderGlobals:63 - Set McuFinder mode to 2 (CubeIDE integrated)
2025-09-30 13:02:52,524 [INFO] UserAuth:487 - Internet connection configuration mode: 1
2025-09-30 13:02:52,539 [INFO] JxBrowserEngine:152 - Initiate JxBrowser Engine with user profile folder
2025-09-30 13:02:52,676 [INFO] CheckServerUpdateThread:120 - End of CheckServer Thread
2025-09-30 13:02:53,303 [INFO] WebApp:169 - Instantiating new browser for Auth
2025-09-30 13:02:53,954 [INFO] WebApp:463 - Apply proxy settings
2025-09-30 13:02:53,955 [INFO] WebApp:548 - Chromium requires no authentication
2025-09-30 13:02:53,973 [INFO] WebApp:491 - Direct internet connection detected
2025-09-30 13:02:54,007 [INFO] WebApp:900 - Register for checkConnection events
2025-09-30 13:02:54,007 [INFO] WebApp:463 - Apply proxy settings
2025-09-30 13:02:54,007 [INFO] WebApp:548 - Chromium requires no authentication
2025-09-30 13:02:54,007 [INFO] WebApp:491 - Direct internet connection detected
2025-09-30 13:02:54,184 [INFO] WebApp:225 - Starting web application
2025-09-30 13:02:54,184 [INFO] WebApp:593 - Web application path used C:\ST\STM32CubeIDE_1.18.1\STM32CubeIDE\plugins\com.st.stm32cube.common.mx_6.15.0.202507011659\db\plugins\mcufinder\reactClient1\index.html
2025-09-30 13:02:54,297 [INFO] WebApp:191 - Connection restablished
2025-09-30 13:02:54,320 [INFO] UserAuth:487 - Internet connection configuration mode: 1
2025-09-30 13:02:54,474 [WARN] PackLoader:240 - Cannot read IP mode file for STMicroelectronics.FP-SNS-MOTENVWB1.1.4.0
2025-09-30 13:02:54,480 [WARN] PackLoader:240 - Cannot read IP mode file for STMicroelectronics.FP-ATR-ASTRA1.2.0.2
2025-09-30 13:02:54,487 [WARN] PackLoader:240 - Cannot read IP mode file for STMicroelectronics.X-CUBE-SMBUS.2.1.0
2025-09-30 13:02:54,490 [WARN] PackLoader:240 - Cannot read IP mode file for STMicroelectronics.X-CUBE-ST60.1.0.0
2025-09-30 13:02:54,516 [WARN] PackLoader:240 - Cannot read IP mode file for STMicroelectronics.X-CUBE-AZRTOS-F7.1.1.0
2025-09-30 13:02:54,536 [WARN] PackLoader:240 - Cannot read IP mode file for Infineon.AIROC-Wi-Fi-Bluetooth-STM32.1.7.0
2025-09-30 13:02:54,558 [WARN] PackLoader:240 - Cannot read IP mode file for STMicroelectronics.X-CUBE-AZRTOS-H7.3.4.0
2025-09-30 13:02:54,566 [WARN] PackLoader:240 - Cannot read IP mode file for STMicroelectronics.X-CUBE-DISPLAY.3.0.0
2025-09-30 13:02:54,578 [WARN] PackLoader:240 - Cannot read IP mode file for STMicroelectronics.X-CUBE-NFC10.1.0.0
2025-09-30 13:02:54,589 [WARN] PackLoader:240 - Cannot read IP mode file for STMicroelectronics.X-CUBE-BLEMGR.4.0.0
2025-09-30 13:02:54,596 [WARN] PackLoader:240 - Cannot read IP mode file for emotas.I-CUBE-CANOPEN.1.3.0
2025-09-30 13:02:54,600 [WARN] ConditionMgr:438 - getConditionDescription Invalid condition id : Cortex-A Device cause : null
2025-09-30 13:02:54,614 [WARN] ConditionMgr:1044 - genDependencies : Invalid condition id : Cortex-A Device cause : null
2025-09-30 13:02:54,614 [WARN] ConditionMgr:1044 - genDependencies : Invalid condition id : Cortex-A Device cause : null
2025-09-30 13:02:54,614 [WARN] ConditionMgr:1044 - genDependencies : Invalid condition id : Cortex-A Device cause : null
2025-09-30 13:02:54,619 [WARN] PackLoader:240 - Cannot read IP mode file for STMicroelectronics.X-CUBE-AI.10.0.0
2025-09-30 13:02:54,625 [WARN] PackLoader:240 - Cannot read IP mode file for STMicroelectronics.FP-SNS-STBOX1.2.1.0
2025-09-30 13:02:54,630 [WARN] PackLoader:240 - Cannot read IP mode file for STMicroelectronics.FP-SNS-SMARTAG2.1.2.0
2025-09-30 13:02:54,633 [WARN] PackLoader:240 - Cannot read IP mode file for STMicroelectronics.FP-SNS-FLIGHT1.5.1.0
2025-09-30 13:02:54,644 [INFO] LogOutputStream:77 - [STDOUT_REDIRECT] 1 : Invalid condition id : UX_CORESTACK_Condition cause : null
2025-09-30 13:02:54,644 [INFO] LogOutputStream:77 - [STDOUT_REDIRECT] 1 : Invalid condition id : UX_CORESTACK_Condition cause : null
2025-09-30 13:02:54,645 [INFO] LogOutputStream:77 - [STDOUT_REDIRECT] 1 : Invalid condition id : UX_CORESTACK_Condition cause : null
2025-09-30 13:02:54,645 [INFO] LogOutputStream:77 - [STDOUT_REDIRECT] 1 : Invalid condition id : UX_CORESTACK_Condition cause : null
2025-09-30 13:02:54,647 [INFO] LogOutputStream:77 - [STDOUT_REDIRECT] 1 : Invalid condition id : UX_CORESTACK_Condition cause : null
2025-09-30 13:02:54,660 [WARN] PackLoader:240 - Cannot read IP mode file for STMicroelectronics.X-CUBE-AZRTOS-WL.2.0.0
2025-09-30 13:02:54,665 [WARN] PackLoader:240 - Cannot read IP mode file for STMicroelectronics.FP-SNS-MOTENV1.5.0.0
2025-09-30 13:02:54,674 [WARN] PackLoader:240 - Cannot read IP mode file for WES.I-CUBE-Cesium.1.3.0
2025-09-30 13:02:54,678 [WARN] PackLoader:240 - Cannot read IP mode file for STMicroelectronics.X-CUBE-BLE2.3.3.0
2025-09-30 13:02:54,684 [WARN] PackLoader:240 - Cannot read IP mode file for STMicroelectronics.X-CUBE-NFC9.1.0.0
2025-09-30 13:02:54,692 [WARN] PackLoader:240 - Cannot read IP mode file for STMicroelectronics.X-CUBE-BLE1.7.1.0
2025-09-30 13:02:54,696 [WARN] PackLoader:240 - Cannot read IP mode file for wolfSSL.I-CUBE-wolfMQTT.1.19.2
2025-09-30 13:02:54,702 [WARN] PackLoader:240 - Cannot read IP mode file for STMicroelectronics.X-CUBE-EEPRMA1.5.2.0
2025-09-30 13:02:54,708 [WARN] PackLoader:240 - Cannot read IP mode file for STMicroelectronics.X-CUBE-AI.10.1.0
2025-09-30 13:02:54,737 [WARN] PackLoader:240 - Cannot read IP mode file for STMicroelectronics.X-CUBE-MEMS1.11.2.0
2025-09-30 13:02:54,853 [WARN] PackLoader:240 - Cannot read IP mode file for STMicroelectronics.X-CUBE-AZRTOS-G0.1.1.0
2025-09-30 13:02:54,859 [WARN] PackLoader:240 - Cannot read IP mode file for STMicroelectronics.X-CUBE-SAFEA1.1.2.2
2025-09-30 13:02:54,866 [WARN] PackLoader:240 - Cannot read IP mode file for STMicroelectronics.X-CUBE-NFC4.3.0.0
2025-09-30 13:02:54,874 [WARN] PackLoader:240 - Cannot read IP mode file for EmbeddedOffice.I-CUBE-FS-RTOS.1.0.1
2025-09-30 13:02:54,880 [WARN] PackLoader:240 - Cannot read IP mode file for STMicroelectronics.X-CUBE-WB05N.2.0.0
2025-09-30 13:02:54,885 [WARN] PackLoader:240 - Cannot read IP mode file for wolfSSL.I-CUBE-wolfTPM.3.8.0
2025-09-30 13:02:54,907 [WARN] PackLoader:240 - Cannot read IP mode file for STMicroelectronics.X-CUBE-TCPP.4.2.0
2025-09-30 13:02:54,915 [WARN] PackLoader:240 - Cannot read IP mode file for RealThread.X-CUBE-RT-Thread_Nano.4.1.1
2025-09-30 13:02:54,919 [WARN] PackLoader:240 - Cannot read IP mode file for STMicroelectronics.FP-ATR-SIGFOX1.3.2.0
2025-09-30 13:02:54,925 [WARN] PackLoader:240 - Cannot read IP mode file for STMicroelectronics.X-CUBE-EEPRMA1.5.1.0
2025-09-30 13:02:54,933 [WARN] PackLoader:240 - Cannot read IP mode file for wolfSSL.I-CUBE-wolfSSL.5.7.6
2025-09-30 13:02:54,939 [WARN] PackLoader:240 - Cannot read IP mode file for ITTIA_DB.I-CUBE-ITTIADB.8.9.0
2025-09-30 13:02:54,946 [WARN] PackLoader:240 - Cannot read IP mode file for STMicroelectronics.X-CUBE-ST67W61.1.0.0
2025-09-30 13:02:54,949 [WARN] PackLoader:240 - Cannot read IP mode file for STMicroelectronics.X-CUBE-AI.10.2.0
2025-09-30 13:02:54,969 [WARN] PackLoader:240 - Cannot read IP mode file for SEGGER.I-CUBE-embOS.1.3.1
2025-09-30 13:02:55,005 [WARN] PackLoader:240 - Cannot read IP mode file for STMicroelectronics.X-CUBE-ALGOBUILD.1.4.0
2025-09-30 13:02:55,035 [WARN] PackLoader:240 - Cannot read IP mode file for STMicroelectronics.X-CUBE-MEMS1.11.3.0
2025-09-30 13:02:55,116 [WARN] PackLoader:240 - Cannot read IP mode file for STMicroelectronics.X-CUBE-PM33A1.1.0.0
2025-09-30 13:02:55,126 [WARN] PackLoader:240 - Cannot read IP mode file for STMicroelectronics.X-CUBE-AZRTOS-F4.1.1.0
2025-09-30 13:02:55,131 [WARN] PackLoader:240 - Cannot read IP mode file for Avnet-IotConnect.X-CUBE-IoTC-DA16k-PMOD.1.0.0
2025-09-30 13:02:55,134 [WARN] PackLoader:240 - Cannot read IP mode file for STMicroelectronics.X-CUBE-ISPU.2.1.0
2025-09-30 13:02:55,139 [WARN] PackLoader:240 - Cannot read IP mode file for STMicroelectronics.X-CUBE-NFC12.1.0.0
2025-09-30 13:02:55,150 [WARN] PackLoader:240 - Cannot read IP mode file for STMicroelectronics.X-CUBE-AZRTOS-L5.2.0.0
2025-09-30 13:02:55,229 [WARN] PackLoader:240 - Cannot read IP mode file for STMicroelectronics.X-CUBE-NFC6.3.1.0
2025-09-30 13:02:55,259 [WARN] PackLoader:240 - Cannot read IP mode file for STMicroelectronics.X-CUBE-FREERTOS.1.3.1
2025-09-30 13:02:55,301 [WARN] PackLoader:240 - Cannot read IP mode file for STMicroelectronics.X-CUBE-FREERTOS.1.3.0
2025-09-30 13:02:55,305 [WARN] PackLoader:240 - Cannot read IP mode file for STMicroelectronics.X-CUBE-NFC7.1.0.1
2025-09-30 13:02:55,309 [WARN] PackLoader:240 - Cannot read IP mode file for STMicroelectronics.FP-SNS-STAIOTCFT.1.0.0
2025-09-30 13:02:55,316 [WARN] PackLoader:240 - Cannot read IP mode file for STMicroelectronics.X-CUBE-DPower.1.3.0
2025-09-30 13:02:55,327 [WARN] ConditionMgr:438 - getConditionDescription Invalid condition id : LAN8742 Phy interface Condition cause : null
2025-09-30 13:02:55,328 [WARN] PackLoader:240 - Cannot read IP mode file for STMicroelectronics.X-CUBE-AZRTOS-L4.2.0.0
2025-09-30 13:02:55,329 [WARN] ConditionMgr:1044 - genDependencies : Invalid condition id : LAN8742 Phy interface Condition cause : null
2025-09-30 13:02:55,329 [WARN] ConditionMgr:1044 - genDependencies : Invalid condition id : LAN8742 Phy interface Condition cause : null
2025-09-30 13:02:55,329 [WARN] ConditionMgr:1044 - genDependencies : Invalid condition id : LAN8742 Phy interface Condition cause : null
2025-09-30 13:02:55,333 [WARN] PackLoader:240 - Cannot read IP mode file for STMicroelectronics.X-CUBE-SFXS2LP1.4.0.0
2025-09-30 13:02:55,348 [WARN] PackLoader:240 - Cannot read IP mode file for STMicroelectronics.X-CUBE-AZRTOS-H7.3.3.0
2025-09-30 13:02:55,358 [WARN] PackLoader:240 - Cannot read IP mode file for STMicroelectronics.X-CUBE-BLEMGR.4.1.0
2025-09-30 13:02:55,373 [WARN] ConditionMgr:438 - getConditionDescription Invalid condition id : UX DEVICE CLASS RTOS Condition cause : null
2025-09-30 13:02:55,373 [WARN] ConditionMgr:438 - getConditionDescription Invalid condition id : UX DEVICE CLASS RTOS Condition cause : null
2025-09-30 13:02:55,375 [WARN] PackLoader:240 - Cannot read IP mode file for STMicroelectronics.X-CUBE-AZRTOS-WB.2.0.0
2025-09-30 13:02:55,376 [WARN] ConditionMgr:1044 - genDependencies : Invalid condition id : UX DEVICE CLASS RTOS Condition cause : null
2025-09-30 13:02:55,376 [WARN] ConditionMgr:1044 - genDependencies : Invalid condition id : UX DEVICE CLASS RTOS Condition cause : null
2025-09-30 13:02:55,376 [WARN] ConditionMgr:1044 - genDependencies : Invalid condition id : UX DEVICE CLASS RTOS Condition cause : null
2025-09-30 13:02:55,377 [WARN] ConditionMgr:1044 - genDependencies : Invalid condition id : UX DEVICE CLASS RTOS Condition cause : null
2025-09-30 13:02:55,377 [WARN] ConditionMgr:1044 - genDependencies : Invalid condition id : UX DEVICE CLASS RTOS Condition cause : null
2025-09-30 13:02:55,382 [WARN] PackLoader:240 - Cannot read IP mode file for STMicroelectronics.X-CUBE-GNSS1.7.0.1
2025-09-30 13:02:55,386 [WARN] PackLoader:240 - Cannot read IP mode file for STMicroelectronics.X-CUBE-TOUCHGFX.4.25.0
2025-09-30 13:02:55,390 [WARN] PackLoader:240 - Cannot read IP mode file for STMicroelectronics.FP-SNS-STBOX1.2.0.0
2025-09-30 13:02:55,399 [WARN] PackLoader:240 - Cannot read IP mode file for STMicroelectronics.X-CUBE-SUBG2.5.0.0
2025-09-30 13:02:55,413 [WARN] PackLoader:240 - Cannot read IP mode file for STMicroelectronics.X-CUBE-AZRTOS-H7RS.1.1.0
2025-09-30 13:02:55,418 [WARN] PackLoader:240 - Cannot read IP mode file for Cesanta.I-CUBE-Mongoose.7.13.0
2025-09-30 13:02:55,427 [WARN] PackLoader:240 - Cannot read IP mode file for STMicroelectronics.X-CUBE-AZRTOS-G4.2.0.0
2025-09-30 13:02:55,433 [WARN] PackLoader:240 - Cannot read IP mode file for wolfSSL.I-CUBE-wolfSSH.1.4.20
2025-09-30 13:02:55,437 [WARN] PackLoader:240 - Cannot read IP mode file for STMicroelectronics.X-CUBE-NFC7.2.0.0
2025-09-30 13:02:55,446 [WARN] PackLoader:240 - Cannot read IP mode file for STMicroelectronics.X-CUBE-IPS.3.1.0
2025-09-30 13:02:55,453 [WARN] PackLoader:240 - Cannot read IP mode file for STMicroelectronics.X-CUBE-ALS.1.0.2
2025-09-30 13:02:55,459 [WARN] PackLoader:240 - Cannot read IP mode file for STMicroelectronics.X-CUBE-STSE01.1.0.0
2025-09-30 13:02:55,463 [WARN] PackLoader:240 - Cannot read IP mode file for portGmbH.I-Cube-SoM-uGOAL.1.1.0
2025-09-30 13:02:55,470 [WARN] PackLoader:240 - Cannot read IP mode file for STMicroelectronics.X-CUBE-TOF1.3.4.3
2025-09-30 13:02:55,476 [INFO] ThirdParty:978 - Integrity check success = true
2025-09-30 13:02:55,477 [INFO] IntegrityCheckThread:100 - exiting critical section [integrity check]
2025-09-30 13:02:55,477 [INFO] IntegrityCheckThread:103 - End integrity checks thread
2025-09-30 14:48:52,041 [INFO] WebApp:194 - Connection lost
2025-09-30 14:48:52,627 [INFO] WebApp:191 - Connection restablished
2025-09-30 14:48:54,386 [INFO] WebApp:194 - Connection lost
2025-09-30 14:48:54,692 [INFO] WebApp:191 - Connection restablished
2025-09-30 15:15:02,950 [INFO] WebApp:194 - Connection lost
2025-09-30 15:15:06,624 [INFO] WebApp:191 - Connection restablished
2025-09-30 15:15:07,892 [INFO] WebApp:194 - Connection lost
2025-09-30 15:15:08,029 [INFO] WebApp:191 - Connection restablished
2025-09-30 15:36:35,371 [INFO] WebApp:194 - Connection lost
2025-09-30 15:36:51,974 [INFO] WebApp:191 - Connection restablished
2025-09-30 15:37:02,417 [INFO] WebApp:194 - Connection lost
2025-09-30 15:37:02,750 [INFO] WebApp:191 - Connection restablished
2025-09-30 15:37:11,598 [INFO] WebApp:194 - Connection lost
2025-09-30 15:37:12,951 [INFO] WebApp:191 - Connection restablished
2025-09-30 15:37:17,390 [INFO] WebApp:194 - Connection lost
2025-09-30 15:37:18,160 [INFO] WebApp:191 - Connection restablished
2025-09-30 15:40:37,904 [INFO] WebApp:194 - Connection lost
2025-09-30 15:40:38,209 [INFO] WebApp:191 - Connection restablished
2025-09-30 15:45:49,410 [INFO] WebApp:194 - Connection lost
2025-09-30 15:45:49,995 [INFO] WebApp:191 - Connection restablished
2025-09-30 15:48:33,894 [INFO] WebApp:194 - Connection lost
2025-09-30 15:48:34,469 [INFO] WebApp:191 - Connection restablished
2025-09-30 15:51:51,152 [INFO] WebApp:194 - Connection lost
2025-09-30 15:52:08,679 [INFO] WebApp:191 - Connection restablished
2025-09-30 15:52:11,019 [INFO] WebApp:194 - Connection lost
2025-09-30 15:52:11,711 [INFO] WebApp:191 - Connection restablished
2025-09-30 15:52:48,897 [INFO] WebApp:194 - Connection lost
2025-09-30 15:52:51,945 [INFO] WebApp:191 - Connection restablished
2025-09-30 16:05:36,895 [INFO] WebApp:194 - Connection lost
2025-09-30 16:05:39,044 [INFO] WebApp:191 - Connection restablished
2025-09-30 16:08:22,924 [INFO] WebApp:194 - Connection lost
2025-09-30 16:08:26,531 [INFO] WebApp:191 - Connection restablished
2025-09-30 16:08:27,883 [INFO] WebApp:194 - Connection lost
2025-09-30 16:08:28,494 [INFO] WebApp:191 - Connection restablished
2025-09-30 16:10:48,903 [INFO] WebApp:194 - Connection lost
2025-09-30 16:10:49,571 [INFO] WebApp:191 - Connection restablished
2025-09-30 16:59:43,911 [INFO] WebApp:194 - Connection lost
2025-09-30 16:59:44,859 [INFO] WebApp:191 - Connection restablished
2025-09-30 17:00:00,411 [INFO] WebApp:194 - Connection lost
2025-09-30 17:00:00,752 [INFO] WebApp:191 - Connection restablished
2025-09-30 17:03:13,892 [INFO] WebApp:194 - Connection lost
2025-09-30 17:03:17,294 [INFO] WebApp:191 - Connection restablished
2025-09-30 17:03:20,901 [INFO] WebApp:194 - Connection lost
2025-09-30 17:03:21,649 [INFO] WebApp:191 - Connection restablished
2025-09-30 17:03:58,388 [INFO] WebApp:194 - Connection lost
2025-09-30 17:03:58,871 [INFO] WebApp:191 - Connection restablished
2025-09-30 17:04:09,400 [INFO] WebApp:194 - Connection lost
2025-09-30 17:04:09,755 [INFO] WebApp:191 - Connection restablished
2025-09-30 18:48:38,280 [INFO] WebApp:194 - Connection lost
2025-09-30 18:48:56,363 [INFO] WebApp:191 - Connection restablished
2025-09-30 18:48:56,766 [INFO] WebApp:194 - Connection lost
2025-09-30 18:48:56,934 [INFO] WebApp:191 - Connection restablished
2025-09-30 18:48:59,927 [INFO] WebApp:194 - Connection lost
2025-09-30 18:49:00,122 [INFO] WebApp:191 - Connection restablished
2025-09-30 18:51:57,858 [INFO] WebApp:194 - Connection lost
2025-09-30 18:51:58,068 [INFO] WebApp:191 - Connection restablished
2025-09-30 19:14:21,627 [INFO] WebApp:194 - Connection lost
2025-09-30 19:14:22,046 [INFO] WebApp:191 - Connection restablished
2025-09-30 19:14:25,303 [INFO] WebApp:194 - Connection lost
2025-09-30 19:14:25,470 [INFO] WebApp:191 - Connection restablished
2025-09-30 19:15:16,298 [ERROR] LogOutputStream:75 - [STDERR_REDIRECT] 
