2025-04-28 15:29:21,963 [INFO] Activator:176 - 


2025-04-28 15:29:21,963 [INFO] Activator:177 - !SESSION log4j initialized
2025-04-28 15:29:27,793 [INFO] LogOutputStream:77 - [STDOUT_REDIRECT] 
2025-04-28 15:29:36,189 [INFO] ApplicationProperties:184 - Using Application install path: C:\ST\STM32CubeIDE_1.18.1\STM32CubeIDE\plugins\com.st.stm32cube.common.mx_6.14.1.202504091515
2025-04-28 15:29:36,209 [INFO] DbMcusXml:78 - Set database path to: C:\ST\STM32CubeIDE_1.18.1\STM32CubeIDE\plugins\com.st.stm32cube.common.mx_6.14.1.202504091515\\db\/mcu/
2025-04-28 15:29:36,218 [INFO] ApiDb:274 - Set plugin database path to: C:\ST\STM32CubeIDE_1.18.1\STM32CubeIDE\plugins\com.st.stm32cube.common.mx_6.14.1.202504091515\\db\/plugins/boardmanager/
2025-04-28 15:29:36,226 [WARN] ApiDb:259 - Overriding images path with different value:  => C:\ST\STM32CubeIDE_1.18.1\STM32CubeIDE\plugins\com.st.stm32cube.common.mx_6.14.1.202504091515\\db\/plugins/mcufinder/images/
2025-04-28 15:29:38,563 [WARN] ApiFinderProperties:113 - C:\Users\dinhh\.stmcufinder\plugins\mcufinder\mcu\mcuFinder.mfd doesn't exist
2025-04-28 15:29:38,563 [INFO] ApiDb:250 - Set database path to: C:\Users\dinhh\.stmcufinder\plugins\mcufinder//mcu/
2025-04-28 15:29:38,566 [INFO] DbMcusAds:125 - Set database path to: C:\Users\dinhh\.stmcufinder\plugins\mcufinder//mcu/
2025-04-28 15:29:38,571 [INFO] CrossReferenceDbSqlite:203 - Set database path to: C:\Users\dinhh\.stmcufinder\plugins\mcufinder//mcu/cs/
2025-04-28 15:29:38,740 [INFO] RulesReader:64 - Compatibility file has been processed (302 Rules)
2025-04-28 15:29:38,854 [INFO] DbMcusXml:78 - Set database path to: C:\ST\STM32CubeIDE_1.18.1\STM32CubeIDE\plugins\com.st.stm32cube.common.mx_6.14.1.202504091515\\db\/mcu/
2025-04-28 15:29:38,855 [INFO] ApiDb:274 - Set plugin database path to: C:\ST\STM32CubeIDE_1.18.1\STM32CubeIDE\plugins\com.st.stm32cube.common.mx_6.14.1.202504091515\\db\/plugins/boardmanager/
2025-04-28 15:29:38,855 [INFO] ApiDb:261 - Set plugin images path to: C:\ST\STM32CubeIDE_1.18.1\STM32CubeIDE\plugins\com.st.stm32cube.common.mx_6.14.1.202504091515\\db\/plugins/mcufinder/images/
2025-04-28 15:29:38,855 [WARN] DbFile:41 - Overriding database path with different value: C:\Users\dinhh\.stmcufinder\plugins\mcufinder/ => C:\Users\dinhh\.stmcufinder\plugins\mcufinder
2025-04-28 15:29:38,855 [INFO] ApiDb:250 - Set database path to: C:\Users\dinhh\.stmcufinder\plugins\mcufinder//mcu/
2025-04-28 15:29:38,855 [WARN] DbFile:41 - Overriding database path with different value: C:\Users\dinhh\.stmcufinder\plugins\mcufinder/ => C:\Users\dinhh\.stmcufinder\plugins\mcufinder
2025-04-28 15:29:38,855 [INFO] DbMcusAds:125 - Set database path to: C:\Users\dinhh\.stmcufinder\plugins\mcufinder//mcu/
2025-04-28 15:29:38,856 [WARN] DbFile:41 - Overriding database path with different value: C:\Users\dinhh\.stmcufinder\plugins\mcufinder/ => C:\Users\dinhh\.stmcufinder\plugins\mcufinder
2025-04-28 15:29:38,856 [WARN] DbFile:41 - Overriding database path with different value: C:\Users\dinhh\.stmcufinder\plugins\mcufinder/ => C:\Users\dinhh\.stmcufinder\plugins\mcufinder
2025-04-28 15:29:38,856 [INFO] CrossReferenceDbSqlite:203 - Set database path to: C:\Users\dinhh\.stmcufinder\plugins\mcufinder//mcu/cs/
2025-04-28 15:29:38,973 [INFO] MainPanel:272 - HeapMemory: 268435456
2025-04-28 15:29:39,105 [INFO] DbMcusXml:78 - Set database path to: C:\ST\STM32CubeIDE_1.18.1\STM32CubeIDE\plugins\com.st.stm32cube.common.mx_6.14.1.202504091515\\db\/mcu/
2025-04-28 15:29:39,105 [INFO] ApiDb:274 - Set plugin database path to: C:\ST\STM32CubeIDE_1.18.1\STM32CubeIDE\plugins\com.st.stm32cube.common.mx_6.14.1.202504091515\\db\/plugins/boardmanager/
2025-04-28 15:29:39,105 [INFO] ApiDb:261 - Set plugin images path to: C:\ST\STM32CubeIDE_1.18.1\STM32CubeIDE\plugins\com.st.stm32cube.common.mx_6.14.1.202504091515\\db\/plugins/mcufinder/images/
2025-04-28 15:29:39,105 [WARN] DbFile:41 - Overriding database path with different value: C:\Users\dinhh\.stmcufinder\plugins\mcufinder/ => C:\Users\dinhh\.stmcufinder\plugins\mcufinder
2025-04-28 15:29:39,105 [INFO] ApiDb:250 - Set database path to: C:\Users\dinhh\.stmcufinder\plugins\mcufinder//mcu/
2025-04-28 15:29:39,105 [WARN] DbFile:41 - Overriding database path with different value: C:\Users\dinhh\.stmcufinder\plugins\mcufinder/ => C:\Users\dinhh\.stmcufinder\plugins\mcufinder
2025-04-28 15:29:39,105 [INFO] DbMcusAds:125 - Set database path to: C:\Users\dinhh\.stmcufinder\plugins\mcufinder//mcu/
2025-04-28 15:29:39,105 [WARN] DbFile:41 - Overriding database path with different value: C:\Users\dinhh\.stmcufinder\plugins\mcufinder/ => C:\Users\dinhh\.stmcufinder\plugins\mcufinder
2025-04-28 15:29:39,105 [WARN] DbFile:41 - Overriding database path with different value: C:\Users\dinhh\.stmcufinder\plugins\mcufinder/ => C:\Users\dinhh\.stmcufinder\plugins\mcufinder
2025-04-28 15:29:39,105 [INFO] CrossReferenceDbSqlite:203 - Set database path to: C:\Users\dinhh\.stmcufinder\plugins\mcufinder//mcu/cs/
2025-04-28 15:29:39,129 [INFO] ApplicationProperties:184 - Using Application install path: C:\ST\STM32CubeIDE_1.18.1\STM32CubeIDE\plugins\com.st.stm32cube.common.mx_6.14.1.202504091515
2025-04-28 15:29:39,133 [INFO] PluginManage:196 - Search for loadable plugins [exclusion list=, ]
2025-04-28 15:29:39,135 [INFO] PluginManage:310 - Check plugin analytics
2025-04-28 15:29:44,387 [INFO] AnalyticsPlugin:253 - Accepted Software Licenses: 
2025-04-28 15:29:44,387 [INFO] AnalyticsPlugin:255 - Accepted CMSIS Pack Licenses: 
2025-04-28 15:29:44,393 [INFO] AnalyticsPlugin:257 - Accepted Firmware Licenses: 
2025-04-28 15:29:44,418 [INFO] PluginManage:359 - Loaded plugin analytics (category:tool,tabindex:-1)
2025-04-28 15:29:44,420 [INFO] PluginManage:310 - Check plugin cadmodel
2025-04-28 15:29:44,428 [INFO] CADModel:105 - Init CAD model plugin
2025-04-28 15:29:44,430 [INFO] PluginManage:359 - Loaded plugin cadmodel (category:power,tabindex:5)
2025-04-28 15:29:44,430 [INFO] PluginManage:310 - Check plugin clock
2025-04-28 15:29:44,445 [INFO] PluginManage:359 - Loaded plugin clock (category:base,tabindex:2)
2025-04-28 15:29:44,445 [INFO] PluginManage:310 - Check plugin ddr
2025-04-28 15:29:44,450 [INFO] PluginManage:359 - Loaded plugin ddr (category:tool,tabindex:6)
2025-04-28 15:29:44,450 [INFO] PluginManage:310 - Check plugin filemanager
2025-04-28 15:29:44,685 [INFO] PluginManage:359 - Loaded plugin filemanager (category:base,tabindex:10)
2025-04-28 15:29:44,685 [INFO] PluginManage:310 - Check plugin ipmanager
2025-04-28 15:29:44,699 [INFO] PluginManage:359 - Loaded plugin ipmanager (category:base,tabindex:5)
2025-04-28 15:29:44,699 [INFO] PluginManage:310 - Check plugin lpbam
2025-04-28 15:29:44,699 [INFO] PluginManage:359 - Loaded plugin lpbam (category:base,tabindex:0)
2025-04-28 15:29:44,699 [INFO] PluginManage:310 - Check plugin memorymap
2025-04-28 15:29:44,732 [INFO] PluginManage:359 - Loaded plugin memorymap (category:base,tabindex:4)
2025-04-28 15:29:44,732 [INFO] PluginManage:310 - Check plugin pinoutandconfiguration
2025-04-28 15:29:44,752 [INFO] PluginManage:359 - Loaded plugin pinoutandconfiguration (category:base,tabindex:1)
2025-04-28 15:29:44,754 [INFO] PluginManage:310 - Check plugin pinoutconfig
2025-04-28 15:29:44,921 [WARN] SupportedApi:132 - Cannot load RTOS API schema: s4s-elt-must-match.1: The content of 'definitions' must match (annotation?, (simpleType | complexType)?, (unique | key | keyref)*)). A problem was found starting at: attribute.
2025-04-28 15:29:45,158 [INFO] PluginManage:359 - Loaded plugin pinoutconfig (category:base,tabindex:0)
2025-04-28 15:29:45,158 [INFO] PluginManage:310 - Check plugin power
2025-04-28 15:29:45,174 [INFO] PluginManage:359 - Loaded plugin power (category:power,tabindex:4)
2025-04-28 15:29:45,174 [INFO] PluginManage:310 - Check plugin projectmanager
2025-04-28 15:29:45,200 [INFO] PluginManage:359 - Loaded plugin projectmanager (category:projectmanager,tabindex:4)
2025-04-28 15:29:45,200 [INFO] PluginManage:310 - Check plugin rif
2025-04-28 15:29:45,205 [INFO] PluginManage:359 - Loaded plugin rif (category:base,tabindex:3)
2025-04-28 15:29:45,205 [INFO] PluginManage:310 - Check plugin thirdparty
2025-04-28 15:29:45,688 [INFO] PluginManage:359 - Loaded plugin thirdparty (category:base,tabindex:-1)
2025-04-28 15:29:45,688 [INFO] PluginManage:310 - Check plugin tools
2025-04-28 15:29:45,688 [WARN] IntegrityCheckThread:84 - waiting for thirdparty lock release [integrity check]
2025-04-28 15:29:45,688 [INFO] IntegrityCheckThread:86 - entering critical section [integrity check]
2025-04-28 15:29:45,688 [INFO] ThirdPartyUpdaterWithRetryManager:70 - Updater plugin not ready yet. [1/15]
2025-04-28 15:29:45,691 [INFO] PluginManage:359 - Loaded plugin tools (category:base,tabindex:7)
2025-04-28 15:29:45,691 [INFO] PluginManage:310 - Check plugin tutovideos
2025-04-28 15:29:46,014 [INFO] PluginManage:359 - Loaded plugin tutovideos (category:base,tabindex:-1)
2025-04-28 15:29:46,014 [INFO] PluginManage:310 - Check plugin updater
2025-04-28 15:29:46,052 [INFO] PluginManage:359 - Loaded plugin updater (category:base,tabindex:12)
2025-04-28 15:29:46,052 [INFO] PluginManage:310 - Check plugin userauth
2025-04-28 15:29:46,058 [INFO] UserAuth:118 - Init User Auth plugin
2025-04-28 15:29:46,059 [INFO] PluginManage:359 - Loaded plugin userauth (category:base,tabindex:14)
2025-04-28 15:29:46,059 [INFO] PluginManage:283 - PluginManage : Loaded plugins [18]
2025-04-28 15:29:46,394 [INFO] PinOutPanel:1589 - setPackage(No Configuration,No Configuration)
2025-04-28 15:29:46,570 [INFO] CADModel:165 - CPN selected for project level
2025-04-28 15:29:46,570 [INFO] CADModel:114 - Register for checkConnection events
2025-04-28 15:29:46,610 [INFO] IPUIPlugin:80 - create IPUIPlugin
2025-04-28 15:29:46,610 [INFO] PluginManager:220 - loadIPPluginJar : add adc
2025-04-28 15:29:46,614 [INFO] IPUIPlugin:80 - create IPUIPlugin
2025-04-28 15:29:46,614 [INFO] PluginManager:220 - loadIPPluginJar : add aes
2025-04-28 15:29:46,619 [INFO] IPUIPlugin:80 - create IPUIPlugin
2025-04-28 15:29:46,619 [INFO] PluginManager:220 - loadIPPluginJar : add can
2025-04-28 15:29:46,623 [INFO] IPUIPlugin:80 - create IPUIPlugin
2025-04-28 15:29:46,623 [INFO] PluginManager:220 - loadIPPluginJar : add comp
2025-04-28 15:29:46,626 [INFO] IPUIPlugin:80 - create IPUIPlugin
2025-04-28 15:29:46,626 [INFO] PluginManager:220 - loadIPPluginJar : add cryp
2025-04-28 15:29:46,626 [INFO] IPUIPlugin:80 - create IPUIPlugin
2025-04-28 15:29:46,626 [INFO] PluginManager:220 - loadIPPluginJar : add ddr_ctrl_phy
2025-04-28 15:29:46,633 [INFO] IPUIPlugin:80 - create IPUIPlugin
2025-04-28 15:29:46,633 [INFO] PluginManager:220 - loadIPPluginJar : add dfsdm
2025-04-28 15:29:46,643 [INFO] IPUIPlugin:80 - create IPUIPlugin
2025-04-28 15:29:46,643 [INFO] PluginManager:220 - loadIPPluginJar : add dma
2025-04-28 15:29:46,650 [INFO] IPUIPlugin:80 - create IPUIPlugin
2025-04-28 15:29:46,650 [INFO] PluginManager:220 - loadIPPluginJar : add dma3
2025-04-28 15:29:46,654 [INFO] IPUIPlugin:80 - create IPUIPlugin
2025-04-28 15:29:46,654 [INFO] PluginManager:220 - loadIPPluginJar : add extmemmanager
2025-04-28 15:29:46,657 [INFO] IPUIPlugin:80 - create IPUIPlugin
2025-04-28 15:29:46,657 [INFO] PluginManager:220 - loadIPPluginJar : add fatfs
2025-04-28 15:29:46,663 [INFO] IPUIPlugin:80 - create IPUIPlugin
2025-04-28 15:29:46,663 [INFO] PluginManager:220 - loadIPPluginJar : add fmc
2025-04-28 15:29:46,674 [INFO] IPUIPlugin:80 - create IPUIPlugin
2025-04-28 15:29:46,674 [INFO] PluginManager:220 - loadIPPluginJar : add freertos
2025-04-28 15:29:46,676 [INFO] IPUIPlugin:80 - create IPUIPlugin
2025-04-28 15:29:46,676 [INFO] PluginManager:220 - loadIPPluginJar : add genericplugin
2025-04-28 15:29:46,678 [INFO] IPUIPlugin:80 - create IPUIPlugin
2025-04-28 15:29:46,678 [INFO] PluginManager:220 - loadIPPluginJar : add gfxmmu
2025-04-28 15:29:46,683 [INFO] IPUIPlugin:80 - create IPUIPlugin
2025-04-28 15:29:46,685 [INFO] PluginManager:220 - loadIPPluginJar : add gic
2025-04-28 15:29:46,691 [INFO] IPUIPlugin:80 - create IPUIPlugin
2025-04-28 15:29:46,691 [INFO] PluginManager:220 - loadIPPluginJar : add gpio
2025-04-28 15:29:46,694 [INFO] IPUIPlugin:80 - create IPUIPlugin
2025-04-28 15:29:46,694 [INFO] PluginManager:220 - loadIPPluginJar : add gtzc
2025-04-28 15:29:46,697 [INFO] IPUIPlugin:80 - create IPUIPlugin
2025-04-28 15:29:46,697 [INFO] PluginManager:220 - loadIPPluginJar : add hash
2025-04-28 15:29:46,701 [INFO] IPUIPlugin:80 - create IPUIPlugin
2025-04-28 15:29:46,703 [INFO] PluginManager:220 - loadIPPluginJar : add i2c
2025-04-28 15:29:46,705 [INFO] IPUIPlugin:80 - create IPUIPlugin
2025-04-28 15:29:46,707 [INFO] PluginManager:220 - loadIPPluginJar : add i2s
2025-04-28 15:29:46,707 [INFO] IPUIPlugin:80 - create IPUIPlugin
2025-04-28 15:29:46,707 [INFO] PluginManager:220 - loadIPPluginJar : add i3c
2025-04-28 15:29:46,715 [INFO] IPUIPlugin:80 - create IPUIPlugin
2025-04-28 15:29:46,715 [INFO] PluginManager:220 - loadIPPluginJar : add ipddr
2025-04-28 15:29:46,722 [INFO] IPUIPlugin:80 - create IPUIPlugin
2025-04-28 15:29:46,722 [INFO] PluginManager:220 - loadIPPluginJar : add linkedlist
2025-04-28 15:29:46,729 [INFO] IPUIPlugin:80 - create IPUIPlugin
2025-04-28 15:29:46,729 [INFO] PluginManager:220 - loadIPPluginJar : add lorawan
2025-04-28 15:29:46,733 [INFO] IPUIPlugin:80 - create IPUIPlugin
2025-04-28 15:29:46,733 [INFO] PluginManager:220 - loadIPPluginJar : add ltdc
2025-04-28 15:29:46,741 [INFO] IPUIPlugin:80 - create IPUIPlugin
2025-04-28 15:29:46,741 [INFO] PluginManager:220 - loadIPPluginJar : add mdma
2025-04-28 15:29:46,747 [INFO] IPUIPlugin:80 - create IPUIPlugin
2025-04-28 15:29:46,747 [INFO] PluginManager:220 - loadIPPluginJar : add nvic
2025-04-28 15:29:46,751 [INFO] IPUIPlugin:80 - create IPUIPlugin
2025-04-28 15:29:46,751 [INFO] PluginManager:220 - loadIPPluginJar : add opamp
2025-04-28 15:29:46,757 [INFO] IPUIPlugin:80 - create IPUIPlugin
2025-04-28 15:29:46,757 [INFO] PluginManager:220 - loadIPPluginJar : add openamp
2025-04-28 15:29:46,761 [INFO] IPUIPlugin:80 - create IPUIPlugin
2025-04-28 15:29:46,761 [INFO] PluginManager:220 - loadIPPluginJar : add pdm2pcm
2025-04-28 15:29:46,772 [INFO] IPUIPlugin:80 - create IPUIPlugin
2025-04-28 15:29:46,776 [INFO] PluginManager:220 - loadIPPluginJar : add plateformsettings
2025-04-28 15:29:46,779 [INFO] IPUIPlugin:80 - create IPUIPlugin
2025-04-28 15:29:46,779 [INFO] PluginManager:220 - loadIPPluginJar : add quadspi
2025-04-28 15:29:46,781 [INFO] IPUIPlugin:80 - create IPUIPlugin
2025-04-28 15:29:46,781 [INFO] PluginManager:220 - loadIPPluginJar : add radio
2025-04-28 15:29:46,789 [INFO] IPUIPlugin:80 - create IPUIPlugin
2025-04-28 15:29:46,789 [INFO] PluginManager:220 - loadIPPluginJar : add resmgrutility
2025-04-28 15:29:46,795 [INFO] IPUIPlugin:80 - create IPUIPlugin
2025-04-28 15:29:46,795 [INFO] PluginManager:220 - loadIPPluginJar : add sai
2025-04-28 15:29:46,801 [INFO] IPUIPlugin:80 - create IPUIPlugin
2025-04-28 15:29:46,801 [INFO] PluginManager:220 - loadIPPluginJar : add spi
2025-04-28 15:29:46,811 [INFO] IPUIPlugin:80 - create IPUIPlugin
2025-04-28 15:29:46,811 [INFO] PluginManager:220 - loadIPPluginJar : add stm32_wpan
2025-04-28 15:29:46,814 [INFO] IPUIPlugin:80 - create IPUIPlugin
2025-04-28 15:29:46,814 [INFO] PluginManager:220 - loadIPPluginJar : add tim
2025-04-28 15:29:46,820 [INFO] IPUIPlugin:80 - create IPUIPlugin
2025-04-28 15:29:46,822 [INFO] PluginManager:220 - loadIPPluginJar : add touchsensing
2025-04-28 15:29:46,825 [INFO] IPUIPlugin:80 - create IPUIPlugin
2025-04-28 15:29:46,825 [INFO] PluginManager:220 - loadIPPluginJar : add tracer_emb
2025-04-28 15:29:46,829 [INFO] IPUIPlugin:80 - create IPUIPlugin
2025-04-28 15:29:46,829 [INFO] PluginManager:220 - loadIPPluginJar : add ts
2025-04-28 15:29:46,833 [INFO] IPUIPlugin:80 - create IPUIPlugin
2025-04-28 15:29:46,834 [INFO] PluginManager:220 - loadIPPluginJar : add tsc
2025-04-28 15:29:46,836 [INFO] IPUIPlugin:80 - create IPUIPlugin
2025-04-28 15:29:46,836 [INFO] PluginManager:220 - loadIPPluginJar : add ucpd
2025-04-28 15:29:46,841 [INFO] IPUIPlugin:80 - create IPUIPlugin
2025-04-28 15:29:46,841 [INFO] PluginManager:220 - loadIPPluginJar : add usart
2025-04-28 15:29:46,848 [INFO] IPUIPlugin:80 - create IPUIPlugin
2025-04-28 15:29:46,849 [INFO] PluginManager:220 - loadIPPluginJar : add usbx
2025-04-28 15:29:47,043 [FATAL] Updater:351 - Updater called before beeing initialized
2025-04-28 15:29:47,094 [INFO] RulesReader:64 - Compatibility file has been processed (302 Rules)
2025-04-28 15:29:47,116 [INFO] RulesReader:64 - Compatibility file has been processed (302 Rules)
2025-04-28 15:29:47,128 [INFO] CADModel:165 - CPN selected for project level
2025-04-28 15:29:47,128 [INFO] CADModel:114 - Register for checkConnection events
2025-04-28 15:29:47,128 [FATAL] Updater:351 - Updater called before beeing initialized
2025-04-28 15:29:47,128 [ERROR] CADModel:125 - Updater not yet initialized, retry later 
2025-04-28 15:29:47,369 [FATAL] Updater:351 - Updater called before beeing initialized
2025-04-28 15:29:47,369 [INFO] CADModel:165 - CPN selected for project level
2025-04-28 15:29:47,369 [INFO] CADModel:114 - Register for checkConnection events
2025-04-28 15:29:47,369 [FATAL] Updater:351 - Updater called before beeing initialized
2025-04-28 15:29:47,369 [ERROR] CADModel:125 - Updater not yet initialized, retry later 
2025-04-28 15:29:47,373 [FATAL] Updater:351 - Updater called before beeing initialized
2025-04-28 15:29:47,562 [FATAL] Updater:351 - Updater called before beeing initialized
2025-04-28 15:29:47,569 [INFO] DbMcusAds:53 - JSON generation date=Thu Sep 30 13:55:09 ICT 2021 (1632984909247)
2025-04-28 15:29:47,569 [FATAL] Updater:351 - Updater called before beeing initialized
2025-04-28 15:29:47,627 [WARN] DetailPanel:346 - Failed to get advertising image, set to default
2025-04-28 15:29:48,025 [FATAL] Updater:351 - Updater called before beeing initialized
2025-04-28 15:29:48,030 [FATAL] Updater:351 - Updater called before beeing initialized
2025-04-28 15:29:48,030 [FATAL] Updater:351 - Updater called before beeing initialized
2025-04-28 15:29:48,030 [WARN] DetailPanel:346 - Failed to get advertising image, set to default
2025-04-28 15:29:48,031 [FATAL] Updater:351 - Updater called before beeing initialized
2025-04-28 15:29:48,141 [ERROR] Updater:1198 - MainUpdater not yet initialized. External WinMGr cannot be set.
2025-04-28 15:29:48,162 [INFO] Updater:1134 - Updater Version found : 6.14.1
2025-04-28 15:29:48,191 [INFO] ApplicationProperties:184 - Using Application install path: C:\ST\STM32CubeIDE_1.18.1\STM32CubeIDE\plugins\com.st.stm32cube.common.mx_6.14.1.202504091515
2025-04-28 15:29:48,705 [INFO] ThirdPartyUpdaterWithRetryManager:70 - Updater plugin not ready yet. [2/15]
2025-04-28 15:29:49,808 [ERROR] LogOutputStream:75 - [STDERR_REDIRECT] Apr 28, 2025 3:29:49 PM java.util.prefs.WindowsPreferences <init>
2025-04-28 15:29:49,808 [ERROR] LogOutputStream:75 - [STDERR_REDIRECT] WARNING: Could not open/create prefs root node Software\JavaSoft\Prefs at root 0xffffffff80000002. Windows RegCreateKeyEx(...) returned error code 5.
2025-04-28 15:29:49,808 [ERROR] LogOutputStream:75 - [STDERR_REDIRECT] 
2025-04-28 15:29:49,844 [INFO] MainUpdater:525 - Copy updater definitions from MX database
2025-04-28 15:29:49,912 [INFO] MainUpdater:558 - Copy flag file definitions from MX database
2025-04-28 15:29:49,916 [INFO] MainUpdater:574 - Copy thirdparty index definitions from MX database
2025-04-28 15:29:49,920 [INFO] MainUpdater:593 - Copy default thirdparty db definitions from MX database
2025-04-28 15:29:50,292 [INFO] MainUpdater:2872 - connection check result : 10
2025-04-28 15:29:50,294 [INFO] MainUpdater:3566 - Updater definition file requires update
2025-04-28 15:29:50,294 [INFO] MainUpdater:289 - Updater Check For Update Now.
2025-04-28 15:29:50,294 [INFO] MicroXplorer:498 - Change Database Version : DB.6.0.141
2025-04-28 15:29:50,329 [INFO] McuFinderGlobals:63 - Set McuFinder mode to 2 (CubeIDE integrated)
2025-04-28 15:29:50,331 [INFO] UserAuth:171 - activating auth plugin
2025-04-28 15:29:50,336 [INFO] UserAuth:484 - Internet connection configuration mode: 1
2025-04-28 15:29:50,365 [INFO] JxBrowserEngine:152 - Initiate JxBrowser Engine with user profile folder
2025-04-28 15:29:50,437 [INFO] ServerAccessManage:473 - Download File updaters.zip
2025-04-28 15:29:50,603 [INFO] FileExtend:242 - Unzip File : updaters.zip
2025-04-28 15:29:50,603 [INFO] FileExtend:257 - Standard Zip Deflate
2025-04-28 15:29:51,709 [WARN] MainUpdater:1193 - Updater busy. Cannot search thirdparties
2025-04-28 15:29:51,709 [INFO] ThirdPartyUpdaterWithRetryManager:96 - Updater plugin is busy. [1/15]
2025-04-28 15:29:52,030 [INFO] ServerAccessManage:473 - Download File PacksControlFlags.xml
2025-04-28 15:29:52,174 [INFO] ServerAccessManage:473 - Download File cubemx.pidx
2025-04-28 15:29:52,369 [INFO] ServerAccessManage:473 - Download File STMicroelectronics.FP-ATR-ASTRA1.pdsc
2025-04-28 15:29:53,661 [INFO] ServerAccessManage:473 - Download File STMicroelectronics.FP-ATR-SIGFOX1.pdsc
2025-04-28 15:29:53,857 [INFO] ServerAccessManage:473 - Download File STMicroelectronics.FP-SNS-STBOX1.pdsc
2025-04-28 15:29:54,719 [WARN] MainUpdater:1193 - Updater busy. Cannot search thirdparties
2025-04-28 15:29:54,719 [INFO] ThirdPartyUpdaterWithRetryManager:96 - Updater plugin is busy. [2/15]
2025-04-28 15:29:54,837 [INFO] ServerAccessManage:473 - Download File STMicroelectronics.FP-SNS-FLIGHT1.pdsc
2025-04-28 15:29:55,174 [INFO] ServerAccessManage:473 - Download File STMicroelectronics.FP-SNS-MOTENV1.pdsc
2025-04-28 15:29:55,623 [INFO] ServerAccessManage:473 - Download File STMicroelectronics.FP-SNS-MOTENVWB1.pdsc
2025-04-28 15:29:57,343 [INFO] ServerAccessManage:473 - Download File STMicroelectronics.FP-SNS-SMARTAG2.pdsc
2025-04-28 15:29:57,721 [WARN] MainUpdater:1193 - Updater busy. Cannot search thirdparties
2025-04-28 15:29:57,721 [INFO] ThirdPartyUpdaterWithRetryManager:96 - Updater plugin is busy. [3/15]
2025-04-28 15:29:58,300 [INFO] ServerAccessManage:473 - Download File STMicroelectronics.X-CUBE-AI.pdsc
2025-04-28 15:29:58,525 [INFO] WebApp:169 - Instantiating new browser for Auth
2025-04-28 15:29:59,617 [INFO] WebApp:463 - Apply proxy settings
2025-04-28 15:29:59,617 [INFO] WebApp:548 - Chromium requires no authentication
2025-04-28 15:29:59,629 [INFO] WebApp:491 - Direct internet connection detected
2025-04-28 15:29:59,664 [INFO] WebApp:894 - Register for checkConnection events
2025-04-28 15:29:59,664 [INFO] WebApp:463 - Apply proxy settings
2025-04-28 15:29:59,664 [INFO] WebApp:548 - Chromium requires no authentication
2025-04-28 15:29:59,664 [INFO] WebApp:491 - Direct internet connection detected
2025-04-28 15:29:59,896 [INFO] WebApp:225 - Starting web application
2025-04-28 15:29:59,896 [INFO] WebApp:593 - Web application path used C:\ST\STM32CubeIDE_1.18.1\STM32CubeIDE\plugins\com.st.stm32cube.common.mx_6.14.1.202504091515\db\plugins\mcufinder\reactClient1\index.html
2025-04-28 15:30:00,015 [INFO] ServerAccessManage:473 - Download File STMicroelectronics.X-CUBE-ALS.pdsc
2025-04-28 15:30:00,173 [INFO] WebApp:191 - Connection restablished
2025-04-28 15:30:00,333 [INFO] ServerAccessManage:473 - Download File STMicroelectronics.X-CUBE-BLE1.pdsc
2025-04-28 15:30:00,724 [WARN] MainUpdater:1193 - Updater busy. Cannot search thirdparties
2025-04-28 15:30:00,724 [INFO] ThirdPartyUpdaterWithRetryManager:96 - Updater plugin is busy. [4/15]
2025-04-28 15:30:01,889 [ERROR] ServerAccessManage:1089 - Problem, file not found on Server
2025-04-28 15:30:02,783 [INFO] ServerAccessManage:473 - Download File STMicroelectronics.X-CUBE-BLE2.pdsc
2025-04-28 15:30:03,731 [WARN] MainUpdater:1193 - Updater busy. Cannot search thirdparties
2025-04-28 15:30:03,731 [INFO] ThirdPartyUpdaterWithRetryManager:96 - Updater plugin is busy. [5/15]
2025-04-28 15:30:05,517 [INFO] ServerAccessManage:473 - Download File STMicroelectronics.X-CUBE-BLEMGR.pdsc
2025-04-28 15:30:05,941 [ERROR] ServerAccessManage:1089 - Problem, file not found on Server
2025-04-28 15:30:06,743 [WARN] MainUpdater:1193 - Updater busy. Cannot search thirdparties
2025-04-28 15:30:06,743 [INFO] ThirdPartyUpdaterWithRetryManager:96 - Updater plugin is busy. [6/15]
2025-04-28 15:30:07,115 [INFO] ServerAccessManage:473 - Download File STMicroelectronics.X-CUBE-DISPLAY.pdsc
2025-04-28 15:30:09,745 [WARN] MainUpdater:1193 - Updater busy. Cannot search thirdparties
2025-04-28 15:30:09,745 [INFO] ThirdPartyUpdaterWithRetryManager:96 - Updater plugin is busy. [7/15]
2025-04-28 15:30:10,363 [INFO] ServerAccessManage:473 - Download File STMicroelectronics.X-CUBE-DPOWER.pdsc
2025-04-28 15:30:11,345 [ERROR] ServerAccessManage:1089 - Problem, file not found on Server
2025-04-28 15:30:12,210 [ERROR] ServerAccessManage:1089 - Problem, file not found on Server
2025-04-28 15:30:12,746 [WARN] MainUpdater:1193 - Updater busy. Cannot search thirdparties
2025-04-28 15:30:12,746 [INFO] ThirdPartyUpdaterWithRetryManager:96 - Updater plugin is busy. [8/15]
2025-04-28 15:30:13,085 [ERROR] ServerAccessManage:1089 - Problem, file not found on Server
2025-04-28 15:30:13,950 [ERROR] ServerAccessManage:1089 - Problem, file not found on Server
2025-04-28 15:30:14,828 [ERROR] ServerAccessManage:1089 - Problem, file not found on Server
2025-04-28 15:30:15,696 [ERROR] ServerAccessManage:1089 - Problem, file not found on Server
2025-04-28 15:30:15,747 [WARN] MainUpdater:1193 - Updater busy. Cannot search thirdparties
2025-04-28 15:30:15,748 [INFO] ThirdPartyUpdaterWithRetryManager:96 - Updater plugin is busy. [9/15]
2025-04-28 15:30:16,075 [ERROR] ServerAccessManage:1089 - Problem, file not found on Server
2025-04-28 15:30:16,947 [ERROR] ServerAccessManage:1089 - Problem, file not found on Server
2025-04-28 15:30:17,821 [ERROR] ServerAccessManage:1089 - Problem, file not found on Server
2025-04-28 15:30:18,696 [ERROR] ServerAccessManage:1089 - Problem, file not found on Server
2025-04-28 15:30:18,748 [WARN] MainUpdater:1193 - Updater busy. Cannot search thirdparties
2025-04-28 15:30:18,798 [INFO] ThirdPartyUpdaterWithRetryManager:96 - Updater plugin is busy. [10/15]
2025-04-28 15:30:19,570 [ERROR] ServerAccessManage:1089 - Problem, file not found on Server
2025-04-28 15:30:19,667 [INFO] ServerAccessManage:473 - Download File STMicroelectronics.X-CUBE-EEPRMA1.pdsc
2025-04-28 15:30:20,732 [ERROR] ServerAccessManage:1089 - Problem, file not found on Server
2025-04-28 15:30:21,799 [WARN] MainUpdater:1193 - Updater busy. Cannot search thirdparties
2025-04-28 15:30:21,799 [INFO] ThirdPartyUpdaterWithRetryManager:96 - Updater plugin is busy. [11/15]
2025-04-28 15:30:21,904 [ERROR] ServerAccessManage:1089 - Problem, file not found on Server
2025-04-28 15:30:22,241 [INFO] ServerAccessManage:473 - Download File STMicroelectronics.X-CUBE-FREERTOS.pdsc
2025-04-28 15:30:22,530 [INFO] ServerAccessManage:473 - Download File STMicroelectronics.X-CUBE-GNSS1.pdsc
2025-04-28 15:30:23,884 [ERROR] ServerAccessManage:1089 - Problem, file not found on Server
2025-04-28 15:30:24,765 [ERROR] ServerAccessManage:1089 - Problem, file not found on Server
2025-04-28 15:30:24,800 [WARN] MainUpdater:1193 - Updater busy. Cannot search thirdparties
2025-04-28 15:30:24,800 [INFO] ThirdPartyUpdaterWithRetryManager:96 - Updater plugin is busy. [12/15]
2025-04-28 15:30:25,636 [ERROR] ServerAccessManage:1089 - Problem, file not found on Server
2025-04-28 15:30:26,516 [ERROR] ServerAccessManage:1089 - Problem, file not found on Server
2025-04-28 15:30:27,383 [ERROR] ServerAccessManage:1089 - Problem, file not found on Server
2025-04-28 15:30:27,808 [WARN] MainUpdater:1193 - Updater busy. Cannot search thirdparties
2025-04-28 15:30:27,808 [INFO] ThirdPartyUpdaterWithRetryManager:96 - Updater plugin is busy. [13/15]
2025-04-28 15:30:28,258 [ERROR] ServerAccessManage:1089 - Problem, file not found on Server
2025-04-28 15:30:29,146 [INFO] ServerAccessManage:473 - Download File STMicroelectronics.X-CUBE-ISPU.pdsc
2025-04-28 15:30:30,816 [WARN] MainUpdater:1193 - Updater busy. Cannot search thirdparties
2025-04-28 15:30:30,816 [INFO] ThirdPartyUpdaterWithRetryManager:96 - Updater plugin is busy. [14/15]
2025-04-28 15:30:31,154 [INFO] ServerAccessManage:473 - Download File STMicroelectronics.X-CUBE-IPS.pdsc
2025-04-28 15:30:31,357 [INFO] ServerAccessManage:473 - Download File STMicroelectronics.X-CUBE-MEMS1.pdsc
2025-04-28 15:30:32,843 [INFO] ServerAccessManage:473 - Download File STMicroelectronics.X-CUBE-NFC4.pdsc
2025-04-28 15:30:33,820 [WARN] MainUpdater:1193 - Updater busy. Cannot search thirdparties
2025-04-28 15:30:33,820 [INFO] ThirdPartyUpdaterWithRetryManager:96 - Updater plugin is busy. [15/15]
2025-04-28 15:30:33,821 [ERROR] IntegrityCheckThread:130 - Cannot retrieve database content from updater: error -1
2025-04-28 15:30:33,821 [INFO] ThirdParty:978 - Integrity check success = false
2025-04-28 15:30:33,821 [INFO] IntegrityCheckThread:100 - exiting critical section [integrity check]
2025-04-28 15:30:33,821 [INFO] IntegrityCheckThread:103 - End integrity checks thread
2025-04-28 15:30:36,568 [INFO] ServerAccessManage:473 - Download File STMicroelectronics.X-CUBE-NFC6.pdsc
2025-04-28 15:30:36,900 [INFO] ServerAccessManage:473 - Download File STMicroelectronics.X-CUBE-NFC7.pdsc
2025-04-28 15:30:38,037 [INFO] ServerAccessManage:473 - Download File STMicroelectronics.X-CUBE-NFC9.pdsc
2025-04-28 15:30:39,072 [INFO] ServerAccessManage:473 - Download File STMicroelectronics.X-CUBE-NFC10.pdsc
2025-04-28 15:30:40,068 [INFO] ServerAccessManage:473 - Download File STMicroelectronics.X-CUBE-SFXS2LP1.pdsc
2025-04-28 15:30:41,659 [INFO] ServerAccessManage:473 - Download File STMicroelectronics.X-CUBE-SAFEA1.pdsc
2025-04-28 15:30:42,949 [INFO] ServerAccessManage:473 - Download File STMicroelectronics.X-CUBE-SUBG2.pdsc
2025-04-28 15:30:46,418 [INFO] ServerAccessManage:473 - Download File STMicroelectronics.X-CUBE-SMBUS.pdsc
2025-04-28 15:30:47,402 [ERROR] ServerAccessManage:1089 - Problem, file not found on Server
2025-04-28 15:30:47,481 [INFO] ServerAccessManage:473 - Download File STMicroelectronics.X-CUBE-TCPP.pdsc
2025-04-28 15:30:47,645 [INFO] ServerAccessManage:473 - Download File STMicroelectronics.X-CUBE-TOF1.pdsc
2025-04-28 15:30:49,034 [ERROR] ServerAccessManage:1089 - Problem, file not found on Server
2025-04-28 15:30:49,133 [INFO] ServerAccessManage:473 - Download File STMicroelectronics.X-CUBE-TOUCHGFX.pdsc
2025-04-28 15:30:51,126 [INFO] ServerAccessManage:473 - Download File STMicroelectronics.X-CUBE-ALGOBUILD.pdsc
2025-04-28 15:30:55,679 [INFO] ServerAccessManage:473 - Download File STMicroelectronics.X-CUBE-AZRTOS-H7.pdsc
2025-04-28 15:31:02,388 [INFO] ServerAccessManage:473 - Download File STMicroelectronics.X-CUBE-AZRTOS-H7RS.pdsc
2025-04-28 15:31:03,470 [INFO] ServerAccessManage:473 - Download File STMicroelectronics.X-CUBE-AZRTOS-F4.pdsc
2025-04-28 15:31:04,179 [INFO] ServerAccessManage:473 - Download File STMicroelectronics.X-CUBE-AZRTOS-F7.pdsc
2025-04-28 15:31:04,516 [INFO] ServerAccessManage:473 - Download File STMicroelectronics.X-CUBE-AZRTOS-L4.pdsc
2025-04-28 15:31:04,825 [INFO] ServerAccessManage:473 - Download File STMicroelectronics.X-CUBE-AZRTOS-L5.pdsc
2025-04-28 15:31:06,432 [INFO] ServerAccessManage:473 - Download File STMicroelectronics.X-CUBE-AZRTOS-G0.pdsc
2025-04-28 15:31:09,406 [INFO] ServerAccessManage:473 - Download File STMicroelectronics.X-CUBE-AZRTOS-G4.pdsc
2025-04-28 15:31:10,522 [INFO] ServerAccessManage:473 - Download File STMicroelectronics.X-CUBE-AZRTOS-WB.pdsc
2025-04-28 15:31:11,621 [INFO] ServerAccessManage:473 - Download File STMicroelectronics.X-CUBE-AZRTOS-WL.pdsc
2025-04-28 15:31:12,744 [INFO] ServerAccessManage:473 - Download File STMicroelectronics.X-CUBE-WB05N.pdsc
2025-04-28 15:31:14,110 [INFO] ServerAccessManage:473 - Download File wolfSSL.I-CUBE-wolfSSL.pdsc
2025-04-28 15:31:23,185 [ERROR] ServerAccessManage:1089 - Problem, file not found on Server
2025-04-28 15:31:23,823 [ERROR] ServerAccessManage:1089 - Problem, file not found on Server
2025-04-28 15:31:24,456 [ERROR] ServerAccessManage:1089 - Problem, file not found on Server
2025-04-28 15:31:24,757 [INFO] ServerAccessManage:473 - Download File wolfSSL.I-CUBE-wolfMQTT.pdsc
2025-04-28 15:31:27,030 [ERROR] ServerAccessManage:1089 - Problem, file not found on Server
2025-04-28 15:31:27,331 [INFO] ServerAccessManage:473 - Download File wolfSSL.I-CUBE-wolfTPM.pdsc
2025-04-28 15:31:30,121 [INFO] ServerAccessManage:473 - Download File wolfSSL.I-CUBE-wolfSSH.pdsc
2025-04-28 15:31:32,337 [INFO] ServerAccessManage:473 - Download File RealThread.X-CUBE-RT-Thread_Nano.pdsc
2025-04-28 15:31:33,385 [INFO] ServerAccessManage:473 - Download File SEGGER.I-CUBE-embOS.pdsc
2025-04-28 15:31:36,562 [INFO] ServerAccessManage:473 - Download File portGmbH.I-Cube-SoM-uGOAL.pdsc
2025-04-28 15:31:39,098 [ERROR] ServerAccessManage:1089 - Problem, file not found on Server
2025-04-28 15:31:39,330 [ERROR] ServerAccessManage:1089 - Problem, file not found on Server
2025-04-28 15:31:39,567 [ERROR] ServerAccessManage:1089 - Problem, file not found on Server
2025-04-28 15:31:40,792 [INFO] ServerAccessManage:473 - Download File emotas.I-CUBE-CANOPEN.pdsc
2025-04-28 15:31:42,674 [INFO] ServerAccessManage:473 - Download File WES.I-CUBE-Cesium.pdsc
2025-04-28 15:31:43,448 [ERROR] ServerAccessManage:1089 - Problem, file not found on Server
2025-04-28 15:31:43,790 [ERROR] ServerAccessManage:1089 - Problem, file not found on Server
2025-04-28 15:31:56,722 [INFO] ServerAccessManage:473 - Download File ITTIA_DB.I-CUBE-ITTIADB.pdsc
2025-04-28 15:32:02,500 [INFO] ServerAccessManage:473 - Download File Infineon.AIROC-Wi-Fi-Bluetooth-STM32.pdsc
2025-04-28 15:32:11,606 [INFO] ServerAccessManage:473 - Download File Cesanta.I-CUBE-Mongoose.pdsc
2025-04-28 15:32:15,944 [INFO] ServerAccessManage:473 - Download File EmbeddedOffice.I-CUBE-FS-RTOS.pdsc
2025-04-28 15:32:18,515 [INFO] ServerAccessManage:473 - Download File quantropi.X-CUBE-qispace-sdk-base.pdsc
2025-04-28 15:32:19,285 [INFO] ServerAccessManage:473 - Download File Avnet-IotConnect.X-CUBE-IoTC-DA16k-PMOD.pdsc
2025-04-28 15:32:19,508 [WARN] CheckServerUpdateThread:151 - Open CheckUpdateFile Fail
2025-04-28 15:32:19,508 [WARN] PackLoader:240 - Cannot read IP mode file for STMicroelectronics.FP-ATR-ASTRA1.2.0.2
2025-04-28 15:32:19,524 [WARN] PackLoader:240 - Cannot read IP mode file for STMicroelectronics.FP-ATR-SIGFOX1.3.2.0
2025-04-28 15:32:19,545 [WARN] PackLoader:240 - Cannot read IP mode file for STMicroelectronics.FP-SNS-STBOX1.2.0.0
2025-04-28 15:32:19,566 [WARN] PackLoader:240 - Cannot read IP mode file for STMicroelectronics.FP-SNS-FLIGHT1.5.1.0
2025-04-28 15:32:19,582 [WARN] PackLoader:240 - Cannot read IP mode file for STMicroelectronics.FP-SNS-MOTENV1.5.0.0
2025-04-28 15:32:19,596 [WARN] PackLoader:240 - Cannot read IP mode file for STMicroelectronics.FP-SNS-MOTENVWB1.1.4.0
2025-04-28 15:32:19,611 [WARN] PackLoader:240 - Cannot read IP mode file for STMicroelectronics.FP-SNS-SMARTAG2.1.2.0
2025-04-28 15:32:19,619 [WARN] PackLoader:240 - Cannot read IP mode file for STMicroelectronics.X-CUBE-AI.10.0.0
2025-04-28 15:32:19,633 [WARN] PackLoader:240 - Cannot read IP mode file for STMicroelectronics.X-CUBE-ALS.1.0.2
2025-04-28 15:32:19,648 [WARN] PackLoader:240 - Cannot read IP mode file for STMicroelectronics.X-CUBE-BLE1.7.1.0
2025-04-28 15:32:19,660 [WARN] PackLoader:240 - Cannot read IP mode file for STMicroelectronics.X-CUBE-BLE2.3.3.0
2025-04-28 15:32:19,664 [INFO] CheckServerUpdateThread:120 - End of CheckServer Thread
2025-04-28 15:32:19,682 [WARN] PackLoader:240 - Cannot read IP mode file for STMicroelectronics.X-CUBE-BLEMGR.4.0.0
2025-04-28 15:32:19,708 [WARN] PackLoader:240 - Cannot read IP mode file for STMicroelectronics.X-CUBE-DISPLAY.3.0.0
2025-04-28 15:32:19,726 [WARN] PackLoader:240 - Cannot read IP mode file for STMicroelectronics.X-CUBE-DPower.1.3.0
2025-04-28 15:32:19,737 [WARN] PackLoader:240 - Cannot read IP mode file for STMicroelectronics.X-CUBE-EEPRMA1.5.1.0
2025-04-28 15:32:19,751 [WARN] PackLoader:240 - Cannot read IP mode file for STMicroelectronics.X-CUBE-FREERTOS.1.3.0
2025-04-28 15:32:19,762 [WARN] PackLoader:240 - Cannot read IP mode file for STMicroelectronics.X-CUBE-GNSS1.7.0.1
2025-04-28 15:32:19,770 [WARN] PackLoader:240 - Cannot read IP mode file for STMicroelectronics.X-CUBE-ISPU.2.1.0
2025-04-28 15:32:19,786 [WARN] PackLoader:240 - Cannot read IP mode file for STMicroelectronics.X-CUBE-IPS.3.1.0
2025-04-28 15:32:19,889 [WARN] PackLoader:240 - Cannot read IP mode file for STMicroelectronics.X-CUBE-MEMS1.11.2.0
2025-04-28 15:32:20,155 [WARN] PackLoader:240 - Cannot read IP mode file for STMicroelectronics.X-CUBE-NFC4.3.0.0
2025-04-28 15:32:20,170 [WARN] PackLoader:240 - Cannot read IP mode file for STMicroelectronics.X-CUBE-NFC6.3.1.0
2025-04-28 15:32:20,178 [WARN] PackLoader:240 - Cannot read IP mode file for STMicroelectronics.X-CUBE-NFC7.1.0.1
2025-04-28 15:32:20,191 [WARN] PackLoader:240 - Cannot read IP mode file for STMicroelectronics.X-CUBE-NFC9.1.0.0
2025-04-28 15:32:20,202 [WARN] PackLoader:240 - Cannot read IP mode file for STMicroelectronics.X-CUBE-NFC10.1.0.0
2025-04-28 15:32:20,212 [WARN] PackLoader:240 - Cannot read IP mode file for STMicroelectronics.X-CUBE-SFXS2LP1.4.0.0
2025-04-28 15:32:20,237 [WARN] PackLoader:240 - Cannot read IP mode file for STMicroelectronics.X-CUBE-SAFEA1.1.2.2
2025-04-28 15:32:20,258 [WARN] PackLoader:240 - Cannot read IP mode file for STMicroelectronics.X-CUBE-SUBG2.5.0.0
2025-04-28 15:32:20,271 [WARN] PackLoader:240 - Cannot read IP mode file for STMicroelectronics.X-CUBE-SMBUS.2.1.0
2025-04-28 15:32:20,278 [WARN] PackLoader:240 - Cannot read IP mode file for STMicroelectronics.X-CUBE-TCPP.4.2.0
2025-04-28 15:32:20,296 [WARN] PackLoader:240 - Cannot read IP mode file for STMicroelectronics.X-CUBE-TOF1.3.4.3
2025-04-28 15:32:20,320 [WARN] PackLoader:240 - Cannot read IP mode file for STMicroelectronics.X-CUBE-TOUCHGFX.4.25.0
2025-04-28 15:32:20,331 [WARN] PackLoader:240 - Cannot read IP mode file for STMicroelectronics.X-CUBE-ALGOBUILD.1.4.0
2025-04-28 15:32:20,358 [WARN] PackLoader:240 - Cannot read IP mode file for STMicroelectronics.X-CUBE-AZRTOS-H7.3.3.0
2025-04-28 15:32:20,385 [WARN] PackLoader:240 - Cannot read IP mode file for STMicroelectronics.X-CUBE-AZRTOS-H7RS.1.1.0
2025-04-28 15:32:20,410 [WARN] PackLoader:240 - Cannot read IP mode file for STMicroelectronics.X-CUBE-AZRTOS-F4.1.1.0
2025-04-28 15:32:20,436 [WARN] PackLoader:240 - Cannot read IP mode file for STMicroelectronics.X-CUBE-AZRTOS-F7.1.1.0
2025-04-28 15:32:20,465 [WARN] ConditionMgr:438 - getConditionDescription Invalid condition id : LAN8742 Phy interface Condition cause : null
2025-04-28 15:32:20,466 [WARN] PackLoader:240 - Cannot read IP mode file for STMicroelectronics.X-CUBE-AZRTOS-L4.2.0.0
2025-04-28 15:32:20,468 [WARN] ConditionMgr:1044 - genDependencies : Invalid condition id : LAN8742 Phy interface Condition cause : null
2025-04-28 15:32:20,468 [WARN] ConditionMgr:1044 - genDependencies : Invalid condition id : LAN8742 Phy interface Condition cause : null
2025-04-28 15:32:20,470 [WARN] ConditionMgr:1044 - genDependencies : Invalid condition id : LAN8742 Phy interface Condition cause : null
2025-04-28 15:32:20,489 [WARN] PackLoader:240 - Cannot read IP mode file for STMicroelectronics.X-CUBE-AZRTOS-L5.2.0.0
2025-04-28 15:32:20,516 [WARN] PackLoader:240 - Cannot read IP mode file for STMicroelectronics.X-CUBE-AZRTOS-G0.1.1.0
2025-04-28 15:32:20,542 [WARN] PackLoader:240 - Cannot read IP mode file for STMicroelectronics.X-CUBE-AZRTOS-G4.2.0.0
2025-04-28 15:32:20,586 [WARN] ConditionMgr:438 - getConditionDescription Invalid condition id : UX DEVICE CLASS RTOS Condition cause : null
2025-04-28 15:32:20,586 [WARN] ConditionMgr:438 - getConditionDescription Invalid condition id : UX DEVICE CLASS RTOS Condition cause : null
2025-04-28 15:32:20,592 [WARN] PackLoader:240 - Cannot read IP mode file for STMicroelectronics.X-CUBE-AZRTOS-WB.2.0.0
2025-04-28 15:32:20,592 [WARN] ConditionMgr:1044 - genDependencies : Invalid condition id : UX DEVICE CLASS RTOS Condition cause : null
2025-04-28 15:32:20,592 [WARN] ConditionMgr:1044 - genDependencies : Invalid condition id : UX DEVICE CLASS RTOS Condition cause : null
2025-04-28 15:32:20,592 [WARN] ConditionMgr:1044 - genDependencies : Invalid condition id : UX DEVICE CLASS RTOS Condition cause : null
2025-04-28 15:32:20,594 [WARN] ConditionMgr:1044 - genDependencies : Invalid condition id : UX DEVICE CLASS RTOS Condition cause : null
2025-04-28 15:32:20,594 [WARN] ConditionMgr:1044 - genDependencies : Invalid condition id : UX DEVICE CLASS RTOS Condition cause : null
2025-04-28 15:32:20,613 [INFO] LogOutputStream:77 - [STDOUT_REDIRECT] 1 : Invalid condition id : UX_CORESTACK_Condition cause : null
2025-04-28 15:32:20,613 [INFO] LogOutputStream:77 - [STDOUT_REDIRECT] 1 : Invalid condition id : UX_CORESTACK_Condition cause : null
2025-04-28 15:32:20,619 [INFO] LogOutputStream:77 - [STDOUT_REDIRECT] 1 : Invalid condition id : UX_CORESTACK_Condition cause : null
2025-04-28 15:32:20,621 [INFO] LogOutputStream:77 - [STDOUT_REDIRECT] 1 : Invalid condition id : UX_CORESTACK_Condition cause : null
2025-04-28 15:32:20,623 [INFO] LogOutputStream:77 - [STDOUT_REDIRECT] 1 : Invalid condition id : UX_CORESTACK_Condition cause : null
2025-04-28 15:32:20,626 [WARN] PackLoader:240 - Cannot read IP mode file for STMicroelectronics.X-CUBE-AZRTOS-WL.2.0.0
2025-04-28 15:32:20,637 [WARN] PackLoader:240 - Cannot read IP mode file for STMicroelectronics.X-CUBE-WB05N.2.0.0
2025-04-28 15:32:20,647 [WARN] PackLoader:240 - Cannot read IP mode file for wolfSSL.I-CUBE-wolfSSL.5.7.6
2025-04-28 15:32:20,653 [WARN] PackLoader:240 - Cannot read IP mode file for wolfSSL.I-CUBE-wolfMQTT.1.19.2
2025-04-28 15:32:20,660 [WARN] PackLoader:240 - Cannot read IP mode file for wolfSSL.I-CUBE-wolfTPM.3.8.0
2025-04-28 15:32:20,668 [WARN] PackLoader:240 - Cannot read IP mode file for wolfSSL.I-CUBE-wolfSSH.1.4.20
2025-04-28 15:32:20,674 [WARN] PackLoader:240 - Cannot read IP mode file for RealThread.X-CUBE-RT-Thread_Nano.4.1.1
2025-04-28 15:32:20,727 [WARN] PackLoader:240 - Cannot read IP mode file for SEGGER.I-CUBE-embOS.1.3.1
2025-04-28 15:32:20,807 [WARN] PackLoader:240 - Cannot read IP mode file for portGmbH.I-Cube-SoM-uGOAL.1.1.0
2025-04-28 15:32:20,815 [WARN] PackLoader:240 - Cannot read IP mode file for emotas.I-CUBE-CANOPEN.1.3.0
2025-04-28 15:32:20,823 [WARN] PackLoader:240 - Cannot read IP mode file for WES.I-CUBE-Cesium.1.3.0
2025-04-28 15:32:20,834 [WARN] PackLoader:240 - Cannot read IP mode file for ITTIA_DB.I-CUBE-ITTIADB.8.9.0
2025-04-28 15:32:20,861 [WARN] PackLoader:240 - Cannot read IP mode file for Infineon.AIROC-Wi-Fi-Bluetooth-STM32.1.7.0
2025-04-28 15:32:20,872 [WARN] PackLoader:240 - Cannot read IP mode file for Cesanta.I-CUBE-Mongoose.7.13.0
2025-04-28 15:32:20,887 [WARN] PackLoader:240 - Cannot read IP mode file for EmbeddedOffice.I-CUBE-FS-RTOS.1.0.1
2025-04-28 15:32:20,894 [WARN] ConditionMgr:438 - getConditionDescription Invalid condition id : Cortex-A Device cause : null
2025-04-28 15:32:20,939 [WARN] ConditionMgr:1044 - genDependencies : Invalid condition id : Cortex-A Device cause : null
2025-04-28 15:32:20,939 [WARN] ConditionMgr:1044 - genDependencies : Invalid condition id : Cortex-A Device cause : null
2025-04-28 15:32:20,939 [WARN] ConditionMgr:1044 - genDependencies : Invalid condition id : Cortex-A Device cause : null
2025-04-28 15:32:20,946 [WARN] PackLoader:240 - Cannot read IP mode file for Avnet-IotConnect.X-CUBE-IoTC-DA16k-PMOD.1.0.0
2025-04-28 15:32:20,946 [INFO] PopulateThirdPartyThread:66 - Ending populate Thread
2025-04-28 15:32:20,953 [INFO] ThirdParty:1030 - CMSIS Pack Vendor :STMicroelectronics X-CUBE-AZRTOS-H7 3.3.0
2025-04-28 15:32:20,953 [INFO] ThirdParty:1030 - CMSIS Pack Vendor :STMicroelectronics X-CUBE-NFC9 1.0.0
2025-04-28 15:32:20,953 [INFO] ThirdParty:1030 - CMSIS Pack Vendor :STMicroelectronics FP-SNS-MOTENVWB1 1.4.0
2025-04-28 15:32:20,953 [INFO] ThirdParty:1030 - CMSIS Pack Vendor :STMicroelectronics X-CUBE-AZRTOS-F4 1.1.0
2025-04-28 15:32:20,953 [INFO] ThirdParty:1030 - CMSIS Pack Vendor :STMicroelectronics FP-ATR-ASTRA1 2.0.2
2025-04-28 15:32:20,953 [INFO] ThirdParty:1030 - CMSIS Pack Vendor :STMicroelectronics X-CUBE-BLE1 7.1.0
2025-04-28 15:32:20,953 [INFO] ThirdParty:1030 - CMSIS Pack Vendor :Avnet-IotConnect X-CUBE-IoTC-DA16k-PMOD 1.0.0
2025-04-28 15:32:20,953 [INFO] ThirdParty:1030 - CMSIS Pack Vendor :STMicroelectronics X-CUBE-SMBUS 2.1.0
2025-04-28 15:32:20,953 [INFO] ThirdParty:1030 - CMSIS Pack Vendor :wolfSSL I-CUBE-wolfMQTT 1.19.2
2025-04-28 15:32:20,953 [INFO] ThirdParty:1030 - CMSIS Pack Vendor :STMicroelectronics X-CUBE-ISPU 2.1.0
2025-04-28 15:32:20,953 [INFO] ThirdParty:1030 - CMSIS Pack Vendor :STMicroelectronics X-CUBE-AZRTOS-WB 2.0.0
2025-04-28 15:32:20,953 [INFO] ThirdParty:1030 - CMSIS Pack Vendor :STMicroelectronics X-CUBE-GNSS1 7.0.1
2025-04-28 15:32:20,953 [INFO] ThirdParty:1030 - CMSIS Pack Vendor :STMicroelectronics X-CUBE-TOUCHGFX 4.25.0
2025-04-28 15:32:20,953 [INFO] ThirdParty:1030 - CMSIS Pack Vendor :STMicroelectronics X-CUBE-AZRTOS-F7 1.1.0
2025-04-28 15:32:20,953 [INFO] ThirdParty:1030 - CMSIS Pack Vendor :STMicroelectronics X-CUBE-AZRTOS-L5 2.0.0
2025-04-28 15:32:20,953 [INFO] ThirdParty:1030 - CMSIS Pack Vendor :STMicroelectronics X-CUBE-NFC6 3.1.0
2025-04-28 15:32:20,953 [INFO] ThirdParty:1030 - CMSIS Pack Vendor :STMicroelectronics FP-SNS-STBOX1 2.0.0
2025-04-28 15:32:20,953 [INFO] ThirdParty:1030 - CMSIS Pack Vendor :STMicroelectronics X-CUBE-MEMS1 11.2.0
2025-04-28 15:32:20,953 [INFO] ThirdParty:1030 - CMSIS Pack Vendor :STMicroelectronics X-CUBE-AZRTOS-G0 1.1.0
2025-04-28 15:32:20,953 [INFO] ThirdParty:1030 - CMSIS Pack Vendor :STMicroelectronics X-CUBE-NFC4 3.0.0
2025-04-28 15:32:20,953 [INFO] ThirdParty:1030 - CMSIS Pack Vendor :STMicroelectronics X-CUBE-SAFEA1 1.2.2
2025-04-28 15:32:20,953 [INFO] ThirdParty:1030 - CMSIS Pack Vendor :STMicroelectronics X-CUBE-SUBG2 5.0.0
2025-04-28 15:32:20,953 [INFO] ThirdParty:1030 - CMSIS Pack Vendor :STMicroelectronics X-CUBE-AZRTOS-H7RS 1.1.0
2025-04-28 15:32:20,953 [INFO] ThirdParty:1030 - CMSIS Pack Vendor :EmbeddedOffice I-CUBE-FS-RTOS 1.0.1
2025-04-28 15:32:20,953 [INFO] ThirdParty:1030 - CMSIS Pack Vendor :Cesanta I-CUBE-Mongoose 7.13.0
2025-04-28 15:32:20,953 [INFO] ThirdParty:1030 - CMSIS Pack Vendor :Infineon AIROC-Wi-Fi-Bluetooth-STM32 1.7.0
2025-04-28 15:32:20,953 [INFO] ThirdParty:1030 - CMSIS Pack Vendor :STMicroelectronics X-CUBE-AZRTOS-G4 2.0.0
2025-04-28 15:32:20,953 [INFO] ThirdParty:1030 - CMSIS Pack Vendor :STMicroelectronics X-CUBE-WB05N 2.0.0
2025-04-28 15:32:20,953 [INFO] ThirdParty:1030 - CMSIS Pack Vendor :wolfSSL I-CUBE-wolfTPM 3.8.0
2025-04-28 15:32:20,953 [INFO] ThirdParty:1030 - CMSIS Pack Vendor :STMicroelectronics X-CUBE-DISPLAY 3.0.0
2025-04-28 15:32:20,953 [INFO] ThirdParty:1030 - CMSIS Pack Vendor :wolfSSL I-CUBE-wolfSSH 1.4.20
2025-04-28 15:32:20,953 [INFO] ThirdParty:1030 - CMSIS Pack Vendor :STMicroelectronics X-CUBE-TCPP 4.2.0
2025-04-28 15:32:20,953 [INFO] ThirdParty:1030 - CMSIS Pack Vendor :RealThread X-CUBE-RT-Thread_Nano 4.1.1
2025-04-28 15:32:20,953 [INFO] ThirdParty:1030 - CMSIS Pack Vendor :STMicroelectronics FP-ATR-SIGFOX1 3.2.0
2025-04-28 15:32:20,953 [INFO] ThirdParty:1030 - CMSIS Pack Vendor :STMicroelectronics X-CUBE-NFC10 1.0.0
2025-04-28 15:32:20,953 [INFO] ThirdParty:1030 - CMSIS Pack Vendor :STMicroelectronics X-CUBE-BLEMGR 4.0.0
2025-04-28 15:32:20,953 [INFO] ThirdParty:1030 - CMSIS Pack Vendor :STMicroelectronics X-CUBE-EEPRMA1 5.1.0
2025-04-28 15:32:20,953 [INFO] ThirdParty:1030 - CMSIS Pack Vendor :STMicroelectronics X-CUBE-ALS 1.0.2
2025-04-28 15:32:20,953 [INFO] ThirdParty:1030 - CMSIS Pack Vendor :STMicroelectronics X-CUBE-IPS 3.1.0
2025-04-28 15:32:20,953 [INFO] ThirdParty:1030 - CMSIS Pack Vendor :STMicroelectronics X-CUBE-FREERTOS 1.3.0
2025-04-28 15:32:20,953 [INFO] ThirdParty:1030 - CMSIS Pack Vendor :emotas I-CUBE-CANOPEN 1.3.0
2025-04-28 15:32:20,953 [INFO] ThirdParty:1030 - CMSIS Pack Vendor :STMicroelectronics X-CUBE-NFC7 1.0.1
2025-04-28 15:32:20,953 [INFO] ThirdParty:1030 - CMSIS Pack Vendor :wolfSSL I-CUBE-wolfSSL 5.7.6
2025-04-28 15:32:20,953 [INFO] ThirdParty:1030 - CMSIS Pack Vendor :ITTIA_DB I-CUBE-ITTIADB 8.9.0
2025-04-28 15:32:20,953 [INFO] ThirdParty:1030 - CMSIS Pack Vendor :portGmbH I-Cube-SoM-uGOAL 1.1.0
2025-04-28 15:32:20,953 [INFO] ThirdParty:1030 - CMSIS Pack Vendor :STMicroelectronics X-CUBE-AI 10.0.0
2025-04-28 15:32:20,953 [INFO] ThirdParty:1030 - CMSIS Pack Vendor :quantropi X-CUBE-qispace-sdk-base 2.0.0
2025-04-28 15:32:20,953 [INFO] ThirdParty:1030 - CMSIS Pack Vendor :STMicroelectronics FP-SNS-SMARTAG2 1.2.0
2025-04-28 15:32:20,953 [INFO] ThirdParty:1030 - CMSIS Pack Vendor :STMicroelectronics FP-SNS-FLIGHT1 5.1.0
2025-04-28 15:32:20,953 [INFO] ThirdParty:1030 - CMSIS Pack Vendor :STMicroelectronics X-CUBE-AZRTOS-WL 2.0.0
2025-04-28 15:32:20,953 [INFO] ThirdParty:1030 - CMSIS Pack Vendor :SEGGER I-CUBE-embOS 1.3.1
2025-04-28 15:32:20,953 [INFO] ThirdParty:1030 - CMSIS Pack Vendor :STMicroelectronics X-CUBE-DPower 1.3.0
2025-04-28 15:32:20,953 [INFO] ThirdParty:1030 - CMSIS Pack Vendor :STMicroelectronics X-CUBE-ALGOBUILD 1.4.0
2025-04-28 15:32:20,953 [INFO] ThirdParty:1030 - CMSIS Pack Vendor :STMicroelectronics FP-SNS-MOTENV1 5.0.0
2025-04-28 15:32:20,953 [INFO] ThirdParty:1030 - CMSIS Pack Vendor :STMicroelectronics X-CUBE-AZRTOS-L4 2.0.0
2025-04-28 15:32:20,953 [INFO] ThirdParty:1030 - CMSIS Pack Vendor :WES I-CUBE-Cesium 1.3.0
2025-04-28 15:32:20,953 [INFO] ThirdParty:1030 - CMSIS Pack Vendor :STMicroelectronics X-CUBE-SFXS2LP1 4.0.0
2025-04-28 15:32:20,953 [INFO] ThirdParty:1030 - CMSIS Pack Vendor :STMicroelectronics X-CUBE-BLE2 3.3.0
2025-04-28 15:32:20,953 [INFO] ThirdParty:1030 - CMSIS Pack Vendor :STMicroelectronics X-CUBE-TOF1 3.4.3
2025-04-28 15:32:20,958 [INFO] LoadServerUpdatesThread:375 - End of LoadServerUpdate Thread
2025-04-28 15:41:49,403 [ERROR] LogOutputStream:75 - [STDERR_REDIRECT] 
2025-04-28 15:41:49,403 [ERROR] LogOutputStream:75 - [STDERR_REDIRECT] 
