2025-05-09 09:43:19,042 [INFO] Activator:176 - 


2025-05-09 09:43:19,049 [INFO] Activator:177 - !SESSION log4j initialized
2025-05-09 09:43:26,462 [INFO] LogOutputStream:77 - [STDOUT_REDIRECT] 
2025-05-09 09:43:26,754 [ERROR] ConfigurationRetriever:142 - IOException on connection: sw-center.st.com
2025-05-09 09:43:26,755 [ERROR] ConfigurationRetriever:142 - IOException on connection: sw-center.st.com
2025-05-09 09:43:26,756 [ERROR] ConfigurationRetriever:142 - IOException on connection: sw-center.st.com
2025-05-09 09:43:27,535 [INFO] ApplicationProperties:184 - Using Application install path: C:\ST\STM32CubeIDE_1.18.1\STM32CubeIDE\plugins\com.st.stm32cube.common.mx_6.14.1.202504091515
2025-05-09 09:43:27,564 [INFO] DbMcusXml:78 - Set database path to: C:\ST\STM32CubeIDE_1.18.1\STM32CubeIDE\plugins\com.st.stm32cube.common.mx_6.14.1.202504091515\\db\/mcu/
2025-05-09 09:43:27,565 [INFO] ApiDb:274 - Set plugin database path to: C:\ST\STM32CubeIDE_1.18.1\STM32CubeIDE\plugins\com.st.stm32cube.common.mx_6.14.1.202504091515\\db\/plugins/boardmanager/
2025-05-09 09:43:27,565 [WARN] ApiDb:259 - Overriding images path with different value:  => C:\ST\STM32CubeIDE_1.18.1\STM32CubeIDE\plugins\com.st.stm32cube.common.mx_6.14.1.202504091515\\db\/plugins/mcufinder/images/
2025-05-09 09:43:27,576 [INFO] ApiDb:250 - Set database path to: C:\Users\dinhh\.stmcufinder\plugins\mcufinder//mcu/
2025-05-09 09:43:27,577 [INFO] DbMcusAds:125 - Set database path to: C:\Users\dinhh\.stmcufinder\plugins\mcufinder//mcu/
2025-05-09 09:43:27,579 [INFO] CrossReferenceDbSqlite:203 - Set database path to: C:\Users\dinhh\.stmcufinder\plugins\mcufinder//mcu/cs/
2025-05-09 09:43:27,694 [INFO] RulesReader:64 - Compatibility file has been processed (302 Rules)
2025-05-09 09:43:27,785 [INFO] DbMcusXml:78 - Set database path to: C:\ST\STM32CubeIDE_1.18.1\STM32CubeIDE\plugins\com.st.stm32cube.common.mx_6.14.1.202504091515\\db\/mcu/
2025-05-09 09:43:27,785 [INFO] ApiDb:274 - Set plugin database path to: C:\ST\STM32CubeIDE_1.18.1\STM32CubeIDE\plugins\com.st.stm32cube.common.mx_6.14.1.202504091515\\db\/plugins/boardmanager/
2025-05-09 09:43:27,785 [INFO] ApiDb:261 - Set plugin images path to: C:\ST\STM32CubeIDE_1.18.1\STM32CubeIDE\plugins\com.st.stm32cube.common.mx_6.14.1.202504091515\\db\/plugins/mcufinder/images/
2025-05-09 09:43:27,785 [WARN] DbFile:41 - Overriding database path with different value: C:\Users\dinhh\.stmcufinder\plugins\mcufinder/ => C:\Users\dinhh\.stmcufinder\plugins\mcufinder
2025-05-09 09:43:27,785 [INFO] ApiDb:250 - Set database path to: C:\Users\dinhh\.stmcufinder\plugins\mcufinder//mcu/
2025-05-09 09:43:27,786 [WARN] DbFile:41 - Overriding database path with different value: C:\Users\dinhh\.stmcufinder\plugins\mcufinder/ => C:\Users\dinhh\.stmcufinder\plugins\mcufinder
2025-05-09 09:43:27,786 [INFO] DbMcusAds:125 - Set database path to: C:\Users\dinhh\.stmcufinder\plugins\mcufinder//mcu/
2025-05-09 09:43:27,786 [WARN] DbFile:41 - Overriding database path with different value: C:\Users\dinhh\.stmcufinder\plugins\mcufinder/ => C:\Users\dinhh\.stmcufinder\plugins\mcufinder
2025-05-09 09:43:27,786 [WARN] DbFile:41 - Overriding database path with different value: C:\Users\dinhh\.stmcufinder\plugins\mcufinder/ => C:\Users\dinhh\.stmcufinder\plugins\mcufinder
2025-05-09 09:43:27,786 [INFO] CrossReferenceDbSqlite:203 - Set database path to: C:\Users\dinhh\.stmcufinder\plugins\mcufinder//mcu/cs/
2025-05-09 09:43:27,866 [INFO] MainPanel:272 - HeapMemory: 268435456
2025-05-09 09:43:27,980 [INFO] DbMcusXml:78 - Set database path to: C:\ST\STM32CubeIDE_1.18.1\STM32CubeIDE\plugins\com.st.stm32cube.common.mx_6.14.1.202504091515\\db\/mcu/
2025-05-09 09:43:27,980 [INFO] ApiDb:274 - Set plugin database path to: C:\ST\STM32CubeIDE_1.18.1\STM32CubeIDE\plugins\com.st.stm32cube.common.mx_6.14.1.202504091515\\db\/plugins/boardmanager/
2025-05-09 09:43:27,980 [INFO] ApiDb:261 - Set plugin images path to: C:\ST\STM32CubeIDE_1.18.1\STM32CubeIDE\plugins\com.st.stm32cube.common.mx_6.14.1.202504091515\\db\/plugins/mcufinder/images/
2025-05-09 09:43:27,980 [WARN] DbFile:41 - Overriding database path with different value: C:\Users\dinhh\.stmcufinder\plugins\mcufinder/ => C:\Users\dinhh\.stmcufinder\plugins\mcufinder
2025-05-09 09:43:27,980 [INFO] ApiDb:250 - Set database path to: C:\Users\dinhh\.stmcufinder\plugins\mcufinder//mcu/
2025-05-09 09:43:27,980 [WARN] DbFile:41 - Overriding database path with different value: C:\Users\dinhh\.stmcufinder\plugins\mcufinder/ => C:\Users\dinhh\.stmcufinder\plugins\mcufinder
2025-05-09 09:43:27,980 [INFO] DbMcusAds:125 - Set database path to: C:\Users\dinhh\.stmcufinder\plugins\mcufinder//mcu/
2025-05-09 09:43:27,980 [WARN] DbFile:41 - Overriding database path with different value: C:\Users\dinhh\.stmcufinder\plugins\mcufinder/ => C:\Users\dinhh\.stmcufinder\plugins\mcufinder
2025-05-09 09:43:27,980 [WARN] DbFile:41 - Overriding database path with different value: C:\Users\dinhh\.stmcufinder\plugins\mcufinder/ => C:\Users\dinhh\.stmcufinder\plugins\mcufinder
2025-05-09 09:43:27,981 [INFO] CrossReferenceDbSqlite:203 - Set database path to: C:\Users\dinhh\.stmcufinder\plugins\mcufinder//mcu/cs/
2025-05-09 09:43:28,000 [INFO] ApplicationProperties:184 - Using Application install path: C:\ST\STM32CubeIDE_1.18.1\STM32CubeIDE\plugins\com.st.stm32cube.common.mx_6.14.1.202504091515
2025-05-09 09:43:28,001 [INFO] PluginManage:196 - Search for loadable plugins [exclusion list=, ]
2025-05-09 09:43:28,003 [INFO] PluginManage:310 - Check plugin analytics
2025-05-09 09:43:28,183 [INFO] AnalyticsPlugin:253 - Accepted Software Licenses: STM32CubeMX.6.14.1
2025-05-09 09:43:28,185 [INFO] AnalyticsPlugin:255 - Accepted CMSIS Pack Licenses: 
2025-05-09 09:43:28,185 [INFO] AnalyticsPlugin:257 - Accepted Firmware Licenses: FW.F4.1.28.0
2025-05-09 09:43:28,187 [ERROR] ConfigurationRetriever:142 - IOException on connection: sw-center.st.com
2025-05-09 09:43:28,188 [ERROR] ConfigurationRetriever:142 - IOException on connection: sw-center.st.com
2025-05-09 09:43:28,188 [INFO] PluginManage:359 - Loaded plugin analytics (category:tool,tabindex:-1)
2025-05-09 09:43:28,189 [ERROR] ConfigurationRetriever:142 - IOException on connection: sw-center.st.com
2025-05-09 09:43:28,189 [INFO] PluginManage:310 - Check plugin cadmodel
2025-05-09 09:43:28,195 [INFO] CADModel:105 - Init CAD model plugin
2025-05-09 09:43:28,196 [INFO] PluginManage:359 - Loaded plugin cadmodel (category:power,tabindex:5)
2025-05-09 09:43:28,196 [INFO] PluginManage:310 - Check plugin clock
2025-05-09 09:43:28,205 [INFO] PluginManage:359 - Loaded plugin clock (category:base,tabindex:2)
2025-05-09 09:43:28,206 [INFO] PluginManage:310 - Check plugin ddr
2025-05-09 09:43:28,208 [INFO] PluginManage:359 - Loaded plugin ddr (category:tool,tabindex:6)
2025-05-09 09:43:28,208 [INFO] PluginManage:310 - Check plugin filemanager
2025-05-09 09:43:28,358 [INFO] PluginManage:359 - Loaded plugin filemanager (category:base,tabindex:10)
2025-05-09 09:43:28,358 [INFO] PluginManage:310 - Check plugin ipmanager
2025-05-09 09:43:28,365 [INFO] PluginManage:359 - Loaded plugin ipmanager (category:base,tabindex:5)
2025-05-09 09:43:28,365 [INFO] PluginManage:310 - Check plugin lpbam
2025-05-09 09:43:28,373 [INFO] PluginManage:359 - Loaded plugin lpbam (category:base,tabindex:0)
2025-05-09 09:43:28,407 [INFO] PluginManage:310 - Check plugin memorymap
2025-05-09 09:43:28,423 [INFO] PluginManage:359 - Loaded plugin memorymap (category:base,tabindex:4)
2025-05-09 09:43:28,423 [INFO] PluginManage:310 - Check plugin pinoutandconfiguration
2025-05-09 09:43:28,433 [INFO] PluginManage:359 - Loaded plugin pinoutandconfiguration (category:base,tabindex:1)
2025-05-09 09:43:28,433 [INFO] PluginManage:310 - Check plugin pinoutconfig
2025-05-09 09:43:28,534 [WARN] SupportedApi:132 - Cannot load RTOS API schema: s4s-elt-must-match.1: The content of 'definitions' must match (annotation?, (simpleType | complexType)?, (unique | key | keyref)*)). A problem was found starting at: attribute.
2025-05-09 09:43:28,668 [INFO] PluginManage:359 - Loaded plugin pinoutconfig (category:base,tabindex:0)
2025-05-09 09:43:28,668 [INFO] PluginManage:310 - Check plugin power
2025-05-09 09:43:28,679 [INFO] PluginManage:359 - Loaded plugin power (category:power,tabindex:4)
2025-05-09 09:43:28,679 [INFO] PluginManage:310 - Check plugin projectmanager
2025-05-09 09:43:28,695 [INFO] PluginManage:359 - Loaded plugin projectmanager (category:projectmanager,tabindex:4)
2025-05-09 09:43:28,695 [INFO] PluginManage:310 - Check plugin rif
2025-05-09 09:43:28,702 [INFO] PluginManage:359 - Loaded plugin rif (category:base,tabindex:3)
2025-05-09 09:43:28,702 [INFO] PluginManage:310 - Check plugin thirdparty
2025-05-09 09:43:28,838 [INFO] PluginManage:359 - Loaded plugin thirdparty (category:base,tabindex:-1)
2025-05-09 09:43:28,837 [WARN] IntegrityCheckThread:84 - waiting for thirdparty lock release [integrity check]
2025-05-09 09:43:28,838 [INFO] PluginManage:310 - Check plugin tools
2025-05-09 09:43:28,838 [INFO] IntegrityCheckThread:86 - entering critical section [integrity check]
2025-05-09 09:43:28,838 [INFO] ThirdPartyUpdaterWithRetryManager:70 - Updater plugin not ready yet. [1/15]
2025-05-09 09:43:28,841 [INFO] PluginManage:359 - Loaded plugin tools (category:base,tabindex:7)
2025-05-09 09:43:28,841 [INFO] PluginManage:310 - Check plugin tutovideos
2025-05-09 09:43:29,006 [INFO] PluginManage:359 - Loaded plugin tutovideos (category:base,tabindex:-1)
2025-05-09 09:43:29,006 [INFO] PluginManage:310 - Check plugin updater
2025-05-09 09:43:29,031 [INFO] PluginManage:359 - Loaded plugin updater (category:base,tabindex:12)
2025-05-09 09:43:29,032 [INFO] PluginManage:310 - Check plugin userauth
2025-05-09 09:43:29,036 [INFO] UserAuth:118 - Init User Auth plugin
2025-05-09 09:43:29,037 [INFO] PluginManage:359 - Loaded plugin userauth (category:base,tabindex:14)
2025-05-09 09:43:29,037 [INFO] PluginManage:283 - PluginManage : Loaded plugins [18]
2025-05-09 09:43:29,248 [INFO] PinOutPanel:1589 - setPackage(No Configuration,No Configuration)
2025-05-09 09:43:29,344 [INFO] CADModel:165 - CPN selected for project level
2025-05-09 09:43:29,344 [INFO] CADModel:114 - Register for checkConnection events
2025-05-09 09:43:29,380 [INFO] IPUIPlugin:80 - create IPUIPlugin
2025-05-09 09:43:29,380 [INFO] PluginManager:220 - loadIPPluginJar : add adc
2025-05-09 09:43:29,382 [INFO] IPUIPlugin:80 - create IPUIPlugin
2025-05-09 09:43:29,383 [INFO] PluginManager:220 - loadIPPluginJar : add aes
2025-05-09 09:43:29,385 [INFO] IPUIPlugin:80 - create IPUIPlugin
2025-05-09 09:43:29,385 [INFO] PluginManager:220 - loadIPPluginJar : add can
2025-05-09 09:43:29,387 [INFO] IPUIPlugin:80 - create IPUIPlugin
2025-05-09 09:43:29,387 [INFO] PluginManager:220 - loadIPPluginJar : add comp
2025-05-09 09:43:29,389 [INFO] IPUIPlugin:80 - create IPUIPlugin
2025-05-09 09:43:29,390 [INFO] PluginManager:220 - loadIPPluginJar : add cryp
2025-05-09 09:43:29,393 [INFO] IPUIPlugin:80 - create IPUIPlugin
2025-05-09 09:43:29,393 [INFO] PluginManager:220 - loadIPPluginJar : add ddr_ctrl_phy
2025-05-09 09:43:29,395 [INFO] IPUIPlugin:80 - create IPUIPlugin
2025-05-09 09:43:29,395 [INFO] PluginManager:220 - loadIPPluginJar : add dfsdm
2025-05-09 09:43:29,400 [INFO] IPUIPlugin:80 - create IPUIPlugin
2025-05-09 09:43:29,401 [INFO] PluginManager:220 - loadIPPluginJar : add dma
2025-05-09 09:43:29,404 [INFO] IPUIPlugin:80 - create IPUIPlugin
2025-05-09 09:43:29,404 [INFO] PluginManager:220 - loadIPPluginJar : add dma3
2025-05-09 09:43:29,406 [INFO] IPUIPlugin:80 - create IPUIPlugin
2025-05-09 09:43:29,406 [INFO] PluginManager:220 - loadIPPluginJar : add extmemmanager
2025-05-09 09:43:29,407 [INFO] IPUIPlugin:80 - create IPUIPlugin
2025-05-09 09:43:29,407 [INFO] PluginManager:220 - loadIPPluginJar : add fatfs
2025-05-09 09:43:29,413 [INFO] IPUIPlugin:80 - create IPUIPlugin
2025-05-09 09:43:29,413 [INFO] PluginManager:220 - loadIPPluginJar : add fmc
2025-05-09 09:43:29,419 [INFO] IPUIPlugin:80 - create IPUIPlugin
2025-05-09 09:43:29,419 [INFO] PluginManager:220 - loadIPPluginJar : add freertos
2025-05-09 09:43:29,421 [INFO] IPUIPlugin:80 - create IPUIPlugin
2025-05-09 09:43:29,421 [INFO] PluginManager:220 - loadIPPluginJar : add genericplugin
2025-05-09 09:43:29,423 [INFO] IPUIPlugin:80 - create IPUIPlugin
2025-05-09 09:43:29,423 [INFO] PluginManager:220 - loadIPPluginJar : add gfxmmu
2025-05-09 09:43:29,427 [INFO] IPUIPlugin:80 - create IPUIPlugin
2025-05-09 09:43:29,427 [INFO] PluginManager:220 - loadIPPluginJar : add gic
2025-05-09 09:43:29,431 [INFO] IPUIPlugin:80 - create IPUIPlugin
2025-05-09 09:43:29,431 [INFO] PluginManager:220 - loadIPPluginJar : add gpio
2025-05-09 09:43:29,433 [INFO] IPUIPlugin:80 - create IPUIPlugin
2025-05-09 09:43:29,433 [INFO] PluginManager:220 - loadIPPluginJar : add gtzc
2025-05-09 09:43:29,436 [INFO] IPUIPlugin:80 - create IPUIPlugin
2025-05-09 09:43:29,436 [INFO] PluginManager:220 - loadIPPluginJar : add hash
2025-05-09 09:43:29,439 [INFO] IPUIPlugin:80 - create IPUIPlugin
2025-05-09 09:43:29,439 [INFO] PluginManager:220 - loadIPPluginJar : add i2c
2025-05-09 09:43:29,442 [INFO] IPUIPlugin:80 - create IPUIPlugin
2025-05-09 09:43:29,442 [INFO] PluginManager:220 - loadIPPluginJar : add i2s
2025-05-09 09:43:29,444 [INFO] IPUIPlugin:80 - create IPUIPlugin
2025-05-09 09:43:29,444 [INFO] PluginManager:220 - loadIPPluginJar : add i3c
2025-05-09 09:43:29,447 [INFO] IPUIPlugin:80 - create IPUIPlugin
2025-05-09 09:43:29,447 [INFO] PluginManager:220 - loadIPPluginJar : add ipddr
2025-05-09 09:43:29,454 [INFO] IPUIPlugin:80 - create IPUIPlugin
2025-05-09 09:43:29,454 [INFO] PluginManager:220 - loadIPPluginJar : add linkedlist
2025-05-09 09:43:29,456 [INFO] IPUIPlugin:80 - create IPUIPlugin
2025-05-09 09:43:29,456 [INFO] PluginManager:220 - loadIPPluginJar : add lorawan
2025-05-09 09:43:29,458 [INFO] IPUIPlugin:80 - create IPUIPlugin
2025-05-09 09:43:29,458 [INFO] PluginManager:220 - loadIPPluginJar : add ltdc
2025-05-09 09:43:29,463 [INFO] IPUIPlugin:80 - create IPUIPlugin
2025-05-09 09:43:29,463 [INFO] PluginManager:220 - loadIPPluginJar : add mdma
2025-05-09 09:43:29,466 [INFO] IPUIPlugin:80 - create IPUIPlugin
2025-05-09 09:43:29,466 [INFO] PluginManager:220 - loadIPPluginJar : add nvic
2025-05-09 09:43:29,469 [INFO] IPUIPlugin:80 - create IPUIPlugin
2025-05-09 09:43:29,469 [INFO] PluginManager:220 - loadIPPluginJar : add opamp
2025-05-09 09:43:29,472 [INFO] IPUIPlugin:80 - create IPUIPlugin
2025-05-09 09:43:29,472 [INFO] PluginManager:220 - loadIPPluginJar : add openamp
2025-05-09 09:43:29,474 [INFO] IPUIPlugin:80 - create IPUIPlugin
2025-05-09 09:43:29,476 [INFO] PluginManager:220 - loadIPPluginJar : add pdm2pcm
2025-05-09 09:43:29,481 [INFO] IPUIPlugin:80 - create IPUIPlugin
2025-05-09 09:43:29,484 [INFO] PluginManager:220 - loadIPPluginJar : add plateformsettings
2025-05-09 09:43:29,486 [INFO] IPUIPlugin:80 - create IPUIPlugin
2025-05-09 09:43:29,486 [INFO] PluginManager:220 - loadIPPluginJar : add quadspi
2025-05-09 09:43:29,488 [INFO] IPUIPlugin:80 - create IPUIPlugin
2025-05-09 09:43:29,489 [INFO] PluginManager:220 - loadIPPluginJar : add radio
2025-05-09 09:43:29,493 [INFO] IPUIPlugin:80 - create IPUIPlugin
2025-05-09 09:43:29,493 [INFO] PluginManager:220 - loadIPPluginJar : add resmgrutility
2025-05-09 09:43:29,496 [INFO] IPUIPlugin:80 - create IPUIPlugin
2025-05-09 09:43:29,496 [INFO] PluginManager:220 - loadIPPluginJar : add sai
2025-05-09 09:43:29,498 [INFO] IPUIPlugin:80 - create IPUIPlugin
2025-05-09 09:43:29,498 [INFO] PluginManager:220 - loadIPPluginJar : add spi
2025-05-09 09:43:29,504 [INFO] IPUIPlugin:80 - create IPUIPlugin
2025-05-09 09:43:29,504 [INFO] PluginManager:220 - loadIPPluginJar : add stm32_wpan
2025-05-09 09:43:29,506 [INFO] IPUIPlugin:80 - create IPUIPlugin
2025-05-09 09:43:29,506 [INFO] PluginManager:220 - loadIPPluginJar : add tim
2025-05-09 09:43:29,509 [INFO] IPUIPlugin:80 - create IPUIPlugin
2025-05-09 09:43:29,510 [INFO] PluginManager:220 - loadIPPluginJar : add touchsensing
2025-05-09 09:43:29,512 [INFO] IPUIPlugin:80 - create IPUIPlugin
2025-05-09 09:43:29,512 [INFO] PluginManager:220 - loadIPPluginJar : add tracer_emb
2025-05-09 09:43:29,514 [INFO] IPUIPlugin:80 - create IPUIPlugin
2025-05-09 09:43:29,514 [INFO] PluginManager:220 - loadIPPluginJar : add ts
2025-05-09 09:43:29,515 [INFO] IPUIPlugin:80 - create IPUIPlugin
2025-05-09 09:43:29,516 [INFO] PluginManager:220 - loadIPPluginJar : add tsc
2025-05-09 09:43:29,517 [INFO] IPUIPlugin:80 - create IPUIPlugin
2025-05-09 09:43:29,517 [INFO] PluginManager:220 - loadIPPluginJar : add ucpd
2025-05-09 09:43:29,520 [INFO] IPUIPlugin:80 - create IPUIPlugin
2025-05-09 09:43:29,520 [INFO] PluginManager:220 - loadIPPluginJar : add usart
2025-05-09 09:43:29,523 [INFO] IPUIPlugin:80 - create IPUIPlugin
2025-05-09 09:43:29,523 [INFO] PluginManager:220 - loadIPPluginJar : add usbx
2025-05-09 09:43:29,655 [FATAL] Updater:351 - Updater called before beeing initialized
2025-05-09 09:43:29,692 [INFO] RulesReader:64 - Compatibility file has been processed (302 Rules)
2025-05-09 09:43:29,709 [INFO] RulesReader:64 - Compatibility file has been processed (302 Rules)
2025-05-09 09:43:29,723 [INFO] CADModel:165 - CPN selected for project level
2025-05-09 09:43:29,723 [INFO] CADModel:114 - Register for checkConnection events
2025-05-09 09:43:29,723 [FATAL] Updater:351 - Updater called before beeing initialized
2025-05-09 09:43:29,723 [ERROR] CADModel:125 - Updater not yet initialized, retry later 
2025-05-09 09:43:29,899 [FATAL] Updater:351 - Updater called before beeing initialized
2025-05-09 09:43:29,901 [INFO] CADModel:165 - CPN selected for project level
2025-05-09 09:43:29,901 [INFO] CADModel:114 - Register for checkConnection events
2025-05-09 09:43:29,901 [FATAL] Updater:351 - Updater called before beeing initialized
2025-05-09 09:43:29,901 [ERROR] CADModel:125 - Updater not yet initialized, retry later 
2025-05-09 09:43:29,904 [FATAL] Updater:351 - Updater called before beeing initialized
2025-05-09 09:43:30,046 [FATAL] Updater:351 - Updater called before beeing initialized
2025-05-09 09:43:30,050 [INFO] DbMcusAds:53 - JSON generation date=Wed May 07 16:07:55 ICT 2025 (1746608875484)
2025-05-09 09:43:30,051 [FATAL] Updater:351 - Updater called before beeing initialized
2025-05-09 09:43:30,086 [WARN] DetailPanel:346 - Failed to get advertising image, set to default
2025-05-09 09:43:30,318 [FATAL] Updater:351 - Updater called before beeing initialized
2025-05-09 09:43:30,320 [FATAL] Updater:351 - Updater called before beeing initialized
2025-05-09 09:43:30,320 [FATAL] Updater:351 - Updater called before beeing initialized
2025-05-09 09:43:30,320 [WARN] DetailPanel:346 - Failed to get advertising image, set to default
2025-05-09 09:43:30,321 [FATAL] Updater:351 - Updater called before beeing initialized
2025-05-09 09:43:30,366 [ERROR] Updater:1198 - MainUpdater not yet initialized. External WinMGr cannot be set.
2025-05-09 09:43:30,368 [INFO] Updater:1134 - Updater Version found : 6.14.1
2025-05-09 09:43:30,386 [INFO] ApplicationProperties:184 - Using Application install path: C:\ST\STM32CubeIDE_1.18.1\STM32CubeIDE\plugins\com.st.stm32cube.common.mx_6.14.1.202504091515
2025-05-09 09:43:31,840 [INFO] ThirdPartyUpdaterWithRetryManager:70 - Updater plugin not ready yet. [2/15]
2025-05-09 09:43:31,967 [ERROR] LogOutputStream:75 - [STDERR_REDIRECT] May 09, 2025 9:43:31 AM java.util.prefs.WindowsPreferences <init>
2025-05-09 09:43:31,969 [ERROR] LogOutputStream:75 - [STDERR_REDIRECT] WARNING: Could not open/create prefs root node Software\JavaSoft\Prefs at root 0xffffffff80000002. Windows RegCreateKeyEx(...) returned error code 5.
2025-05-09 09:43:31,969 [ERROR] LogOutputStream:75 - [STDERR_REDIRECT] 
2025-05-09 09:43:32,263 [INFO] MainUpdater:2872 - connection check result : 22
2025-05-09 09:43:32,264 [INFO] MainUpdater:289 - Updater Check For Update Now.
2025-05-09 09:43:32,264 [INFO] MicroXplorer:498 - Change Database Version : DB.6.0.141
2025-05-09 09:43:32,273 [INFO] McuFinderGlobals:63 - Set McuFinder mode to 2 (CubeIDE integrated)
2025-05-09 09:43:32,276 [INFO] UserAuth:484 - Internet connection configuration mode: 2
2025-05-09 09:43:32,289 [INFO] UserAuth:484 - Internet connection configuration mode: 2
2025-05-09 09:43:32,480 [INFO] CheckServerUpdateThread:120 - End of CheckServer Thread
2025-05-09 09:43:35,216 [WARN] PackLoader:240 - Cannot read IP mode file for STMicroelectronics.FP-SNS-MOTENVWB1.1.4.0
2025-05-09 09:43:35,228 [WARN] PackLoader:240 - Cannot read IP mode file for STMicroelectronics.FP-ATR-ASTRA1.2.0.2
2025-05-09 09:43:35,237 [WARN] PackLoader:240 - Cannot read IP mode file for STMicroelectronics.X-CUBE-SMBUS.2.1.0
2025-05-09 09:43:35,274 [WARN] PackLoader:240 - Cannot read IP mode file for STMicroelectronics.X-CUBE-AZRTOS-F7.1.1.0
2025-05-09 09:43:35,315 [WARN] PackLoader:240 - Cannot read IP mode file for Infineon.AIROC-Wi-Fi-Bluetooth-STM32.1.7.0
2025-05-09 09:43:35,354 [WARN] PackLoader:240 - Cannot read IP mode file for STMicroelectronics.X-CUBE-DISPLAY.3.0.0
2025-05-09 09:43:35,373 [WARN] PackLoader:240 - Cannot read IP mode file for STMicroelectronics.X-CUBE-NFC10.1.0.0
2025-05-09 09:43:35,391 [WARN] PackLoader:240 - Cannot read IP mode file for STMicroelectronics.X-CUBE-BLEMGR.4.0.0
2025-05-09 09:43:35,403 [WARN] PackLoader:240 - Cannot read IP mode file for emotas.I-CUBE-CANOPEN.1.3.0
2025-05-09 09:43:35,410 [WARN] ConditionMgr:438 - getConditionDescription Invalid condition id : Cortex-A Device cause : null
2025-05-09 09:43:35,426 [WARN] ConditionMgr:1044 - genDependencies : Invalid condition id : Cortex-A Device cause : null
2025-05-09 09:43:35,426 [WARN] ConditionMgr:1044 - genDependencies : Invalid condition id : Cortex-A Device cause : null
2025-05-09 09:43:35,426 [WARN] ConditionMgr:1044 - genDependencies : Invalid condition id : Cortex-A Device cause : null
2025-05-09 09:43:35,432 [WARN] PackLoader:240 - Cannot read IP mode file for STMicroelectronics.X-CUBE-AI.10.0.0
2025-05-09 09:43:35,438 [WARN] PackLoader:240 - Cannot read IP mode file for STMicroelectronics.FP-SNS-SMARTAG2.1.2.0
2025-05-09 09:43:35,444 [WARN] PackLoader:240 - Cannot read IP mode file for STMicroelectronics.FP-SNS-FLIGHT1.5.1.0
2025-05-09 09:43:35,456 [INFO] LogOutputStream:77 - [STDOUT_REDIRECT] 1 : Invalid condition id : UX_CORESTACK_Condition cause : null
2025-05-09 09:43:35,457 [INFO] LogOutputStream:77 - [STDOUT_REDIRECT] 1 : Invalid condition id : UX_CORESTACK_Condition cause : null
2025-05-09 09:43:35,459 [INFO] LogOutputStream:77 - [STDOUT_REDIRECT] 1 : Invalid condition id : UX_CORESTACK_Condition cause : null
2025-05-09 09:43:35,460 [INFO] LogOutputStream:77 - [STDOUT_REDIRECT] 1 : Invalid condition id : UX_CORESTACK_Condition cause : null
2025-05-09 09:43:35,461 [INFO] LogOutputStream:77 - [STDOUT_REDIRECT] 1 : Invalid condition id : UX_CORESTACK_Condition cause : null
2025-05-09 09:43:35,464 [WARN] PackLoader:240 - Cannot read IP mode file for STMicroelectronics.X-CUBE-AZRTOS-WL.2.0.0
2025-05-09 09:43:35,472 [WARN] PackLoader:240 - Cannot read IP mode file for STMicroelectronics.FP-SNS-MOTENV1.5.0.0
2025-05-09 09:43:35,483 [WARN] PackLoader:240 - Cannot read IP mode file for WES.I-CUBE-Cesium.1.3.0
2025-05-09 09:43:35,490 [WARN] PackLoader:240 - Cannot read IP mode file for STMicroelectronics.X-CUBE-BLE2.3.3.0
2025-05-09 09:43:35,497 [WARN] PackLoader:240 - Cannot read IP mode file for STMicroelectronics.X-CUBE-NFC9.1.0.0
2025-05-09 09:43:35,505 [WARN] PackLoader:240 - Cannot read IP mode file for STMicroelectronics.X-CUBE-BLE1.7.1.0
2025-05-09 09:43:35,511 [WARN] PackLoader:240 - Cannot read IP mode file for wolfSSL.I-CUBE-wolfMQTT.1.19.2
2025-05-09 09:43:35,586 [WARN] PackLoader:240 - Cannot read IP mode file for STMicroelectronics.X-CUBE-MEMS1.11.2.0
2025-05-09 09:43:35,727 [WARN] PackLoader:240 - Cannot read IP mode file for STMicroelectronics.X-CUBE-AZRTOS-G0.1.1.0
2025-05-09 09:43:35,737 [WARN] PackLoader:240 - Cannot read IP mode file for STMicroelectronics.X-CUBE-SAFEA1.1.2.2
2025-05-09 09:43:35,744 [WARN] PackLoader:240 - Cannot read IP mode file for STMicroelectronics.X-CUBE-NFC4.3.0.0
2025-05-09 09:43:35,765 [WARN] PackLoader:240 - Cannot read IP mode file for EmbeddedOffice.I-CUBE-FS-RTOS.1.0.1
2025-05-09 09:43:35,779 [WARN] PackLoader:240 - Cannot read IP mode file for STMicroelectronics.X-CUBE-WB05N.2.0.0
2025-05-09 09:43:35,787 [WARN] PackLoader:240 - Cannot read IP mode file for wolfSSL.I-CUBE-wolfTPM.3.8.0
2025-05-09 09:43:35,795 [WARN] PackLoader:240 - Cannot read IP mode file for STMicroelectronics.X-CUBE-TCPP.4.2.0
2025-05-09 09:43:35,803 [WARN] PackLoader:240 - Cannot read IP mode file for RealThread.X-CUBE-RT-Thread_Nano.4.1.1
2025-05-09 09:43:35,809 [WARN] PackLoader:240 - Cannot read IP mode file for STMicroelectronics.FP-ATR-SIGFOX1.3.2.0
2025-05-09 09:43:35,817 [WARN] PackLoader:240 - Cannot read IP mode file for STMicroelectronics.X-CUBE-EEPRMA1.5.1.0
2025-05-09 09:43:35,825 [WARN] PackLoader:240 - Cannot read IP mode file for wolfSSL.I-CUBE-wolfSSL.5.7.6
2025-05-09 09:43:35,834 [WARN] PackLoader:240 - Cannot read IP mode file for ITTIA_DB.I-CUBE-ITTIADB.8.9.0
2025-05-09 09:43:35,896 [WARN] PackLoader:240 - Cannot read IP mode file for SEGGER.I-CUBE-embOS.1.3.1
2025-05-09 09:43:35,940 [WARN] PackLoader:240 - Cannot read IP mode file for STMicroelectronics.X-CUBE-ALGOBUILD.1.4.0
2025-05-09 09:43:35,957 [WARN] PackLoader:240 - Cannot read IP mode file for STMicroelectronics.X-CUBE-AZRTOS-F4.1.1.0
2025-05-09 09:43:35,965 [WARN] PackLoader:240 - Cannot read IP mode file for Avnet-IotConnect.X-CUBE-IoTC-DA16k-PMOD.1.0.0
2025-05-09 09:43:35,970 [WARN] PackLoader:240 - Cannot read IP mode file for STMicroelectronics.X-CUBE-ISPU.2.1.0
2025-05-09 09:43:35,986 [WARN] PackLoader:240 - Cannot read IP mode file for STMicroelectronics.X-CUBE-AZRTOS-L5.2.0.0
2025-05-09 09:43:35,997 [WARN] PackLoader:240 - Cannot read IP mode file for STMicroelectronics.X-CUBE-NFC6.3.1.0
2025-05-09 09:43:36,008 [WARN] PackLoader:240 - Cannot read IP mode file for STMicroelectronics.X-CUBE-FREERTOS.1.3.1
2025-05-09 09:43:36,012 [WARN] PackLoader:240 - Cannot read IP mode file for STMicroelectronics.X-CUBE-FREERTOS.1.3.0
2025-05-09 09:43:36,018 [WARN] PackLoader:240 - Cannot read IP mode file for STMicroelectronics.X-CUBE-NFC7.1.0.1
2025-05-09 09:43:36,024 [WARN] PackLoader:240 - Cannot read IP mode file for STMicroelectronics.X-CUBE-DPower.1.3.0
2025-05-09 09:43:36,047 [WARN] ConditionMgr:438 - getConditionDescription Invalid condition id : LAN8742 Phy interface Condition cause : null
2025-05-09 09:43:36,048 [WARN] PackLoader:240 - Cannot read IP mode file for STMicroelectronics.X-CUBE-AZRTOS-L4.2.0.0
2025-05-09 09:43:36,049 [WARN] ConditionMgr:1044 - genDependencies : Invalid condition id : LAN8742 Phy interface Condition cause : null
2025-05-09 09:43:36,049 [WARN] ConditionMgr:1044 - genDependencies : Invalid condition id : LAN8742 Phy interface Condition cause : null
2025-05-09 09:43:36,049 [WARN] ConditionMgr:1044 - genDependencies : Invalid condition id : LAN8742 Phy interface Condition cause : null
2025-05-09 09:43:36,058 [WARN] PackLoader:240 - Cannot read IP mode file for STMicroelectronics.X-CUBE-SFXS2LP1.4.0.0
2025-05-09 09:43:36,076 [WARN] PackLoader:240 - Cannot read IP mode file for STMicroelectronics.X-CUBE-AZRTOS-H7.3.3.0
2025-05-09 09:43:36,090 [WARN] ConditionMgr:438 - getConditionDescription Invalid condition id : UX DEVICE CLASS RTOS Condition cause : null
2025-05-09 09:43:36,090 [WARN] ConditionMgr:438 - getConditionDescription Invalid condition id : UX DEVICE CLASS RTOS Condition cause : null
2025-05-09 09:43:36,093 [WARN] PackLoader:240 - Cannot read IP mode file for STMicroelectronics.X-CUBE-AZRTOS-WB.2.0.0
2025-05-09 09:43:36,094 [WARN] ConditionMgr:1044 - genDependencies : Invalid condition id : UX DEVICE CLASS RTOS Condition cause : null
2025-05-09 09:43:36,094 [WARN] ConditionMgr:1044 - genDependencies : Invalid condition id : UX DEVICE CLASS RTOS Condition cause : null
2025-05-09 09:43:36,094 [WARN] ConditionMgr:1044 - genDependencies : Invalid condition id : UX DEVICE CLASS RTOS Condition cause : null
2025-05-09 09:43:36,095 [WARN] ConditionMgr:1044 - genDependencies : Invalid condition id : UX DEVICE CLASS RTOS Condition cause : null
2025-05-09 09:43:36,095 [WARN] ConditionMgr:1044 - genDependencies : Invalid condition id : UX DEVICE CLASS RTOS Condition cause : null
2025-05-09 09:43:36,104 [WARN] PackLoader:240 - Cannot read IP mode file for STMicroelectronics.X-CUBE-GNSS1.7.0.1
2025-05-09 09:43:36,111 [WARN] PackLoader:240 - Cannot read IP mode file for STMicroelectronics.X-CUBE-TOUCHGFX.4.25.0
2025-05-09 09:43:36,120 [WARN] PackLoader:240 - Cannot read IP mode file for STMicroelectronics.FP-SNS-STBOX1.2.0.0
2025-05-09 09:43:36,135 [WARN] PackLoader:240 - Cannot read IP mode file for STMicroelectronics.X-CUBE-SUBG2.5.0.0
2025-05-09 09:43:36,162 [WARN] PackLoader:240 - Cannot read IP mode file for STMicroelectronics.X-CUBE-AZRTOS-H7RS.1.1.0
2025-05-09 09:43:36,171 [WARN] PackLoader:240 - Cannot read IP mode file for Cesanta.I-CUBE-Mongoose.7.13.0
2025-05-09 09:43:36,190 [WARN] PackLoader:240 - Cannot read IP mode file for STMicroelectronics.X-CUBE-AZRTOS-G4.2.0.0
2025-05-09 09:43:36,198 [WARN] PackLoader:240 - Cannot read IP mode file for wolfSSL.I-CUBE-wolfSSH.1.4.20
2025-05-09 09:43:36,204 [WARN] PackLoader:240 - Cannot read IP mode file for STMicroelectronics.X-CUBE-NFC7.2.0.0
2025-05-09 09:43:36,221 [WARN] PackLoader:240 - Cannot read IP mode file for STMicroelectronics.X-CUBE-IPS.3.1.0
2025-05-09 09:43:36,233 [WARN] PackLoader:240 - Cannot read IP mode file for STMicroelectronics.X-CUBE-ALS.1.0.2
2025-05-09 09:43:36,242 [WARN] PackLoader:240 - Cannot read IP mode file for portGmbH.I-Cube-SoM-uGOAL.1.1.0
2025-05-09 09:43:36,255 [WARN] PackLoader:240 - Cannot read IP mode file for STMicroelectronics.X-CUBE-TOF1.3.4.3
2025-05-09 09:43:36,264 [INFO] ThirdParty:978 - Integrity check success = true
2025-05-09 09:43:36,265 [INFO] IntegrityCheckThread:100 - exiting critical section [integrity check]
2025-05-09 09:43:36,265 [INFO] IntegrityCheckThread:103 - End integrity checks thread
2025-05-09 10:39:00,774 [ERROR] ConfigurationRetriever:142 - IOException on connection: Connect timed out
2025-05-09 12:29:02,324 [ERROR] LogOutputStream:75 - [STDERR_REDIRECT] 
